[ 2015-11-23T09:59:54+08:00 ] 127.0.0.1 /
INFO: [ app_init ] --START--
INFO: Run Behavior\BuildLiteBehavior [ RunTime:0.000082s ]
INFO: [ app_init ] --END-- [ RunTime:0.001659s ]
INFO: [ app_begin ] --START--
INFO: Run Behavior\ReadHtmlCacheBehavior [ RunTime:0.001923s ]
INFO: Run Behavior\CheckLangBehavior [ RunTime:0.009308s ]
INFO: [ app_begin ] --END-- [ RunTime:0.011849s ]
INFO: [ view_filter ] --START--
INFO: Run Behavior\WriteHtmlCacheBehavior [ RunTime:0.001601s ]
INFO: [ view_filter ] --END-- [ RunTime:0.001999s ]
INFO: [ app_end ] --START--
INFO: Run Behavior\ShowPageTraceBehavior [ RunTime:0.004801s ]
INFO: [ app_end ] --END-- [ RunTime:0.005238s ]

[ 2015-11-23T09:59:55+08:00 ] 127.0.0.1 /Public/img1/bg.png
INFO: [ app_init ] --START--
INFO: Run Behavior\BuildLiteBehavior [ RunTime:0.000053s ]
INFO: [ app_init ] --END-- [ RunTime:0.000981s ]

[ 2015-11-23T09:59:55+08:00 ] 127.0.0.1 /Public/img/blueBtn.png
INFO: [ app_init ] --START--
INFO: Run Behavior\BuildLiteBehavior [ RunTime:0.000051s ]
INFO: [ app_init ] --END-- [ RunTime:0.000932s ]

[ 2015-11-23T09:59:55+08:00 ] 127.0.0.1 /favicon.ico
INFO: [ app_init ] --START--
INFO: Run Behavior\BuildLiteBehavior [ RunTime:0.000039s ]
INFO: [ app_init ] --END-- [ RunTime:0.000631s ]

[ 2015-11-23T09:59:55+08:00 ] 127.0.0.1 /favicon.ico
INFO: [ app_init ] --START--
INFO: Run Behavior\BuildLiteBehavior [ RunTime:0.000047s ]
INFO: [ app_init ] --END-- [ RunTime:0.000642s ]

[ 2015-11-23T10:13:25+08:00 ] 127.0.0.1 /Home/Users/loginAdmin
INFO: [ app_init ] --START--
INFO: Run Behavior\BuildLiteBehavior [ RunTime:0.000051s ]
INFO: [ app_init ] --END-- [ RunTime:0.001159s ]
INFO: [ app_begin ] --START--
INFO: Run Behavior\ReadHtmlCacheBehavior [ RunTime:0.001422s ]
INFO: Run Behavior\CheckLangBehavior [ RunTime:0.005507s ]
INFO: [ app_begin ] --END-- [ RunTime:0.007419s ]
SQL: SHOW COLUMNS FROM `users` [ RunTime:0.0441s ]
SQL: SELECT * FROM `users` WHERE `username` = 'admin' LIMIT 1   [ RunTime:0.0103s ]

[ 2015-11-23T10:13:26+08:00 ] 127.0.0.1 /Admin/index.html
INFO: [ app_init ] --START--
INFO: Run Behavior\BuildLiteBehavior [ RunTime:0.000095s ]
INFO: [ app_init ] --END-- [ RunTime:0.002287s ]
INFO: [ app_begin ] --START--
INFO: Run Behavior\ReadHtmlCacheBehavior [ RunTime:0.001154s ]
INFO: Run Behavior\CheckLangBehavior [ RunTime:0.006019s ]
INFO: [ app_begin ] --END-- [ RunTime:0.007564s ]
INFO: [ view_filter ] --START--
INFO: Run Behavior\WriteHtmlCacheBehavior [ RunTime:0.000881s ]
INFO: [ view_filter ] --END-- [ RunTime:0.001178s ]
INFO: [ app_end ] --START--
INFO: Run Behavior\ShowPageTraceBehavior [ RunTime:0.001146s ]
INFO: [ app_end ] --END-- [ RunTime:0.001369s ]

[ 2015-11-23T10:13:28+08:00 ] 127.0.0.1 /Developers/index.html
INFO: [ app_init ] --START--
INFO: Run Behavior\BuildLiteBehavior [ RunTime:0.000030s ]
INFO: [ app_init ] --END-- [ RunTime:0.000517s ]
INFO: [ app_begin ] --START--
INFO: Run Behavior\ReadHtmlCacheBehavior [ RunTime:0.000590s ]
INFO: Run Behavior\CheckLangBehavior [ RunTime:0.002371s ]
INFO: [ app_begin ] --END-- [ RunTime:0.003193s ]
SQL: SHOW COLUMNS FROM `developers` [ RunTime:0.0297s ]
SQL: SELECT COUNT(D.id) AS tp_count FROM developers D LEFT JOIN users u ON D.user_id=u.id  WHERE `status` > 0 LIMIT 1   [ RunTime:0.0008s ]
NOTIC: [8] Undefined index: p E:\Wnmp\noobird\Application\Home\Controller\DevelopersController.class.php 第 36 行.
SQL: SELECT `company_name`,`company_license`,D.mobile,D.status,`contact`,D.created,`username`,D.user_id,D.id FROM developers D LEFT JOIN users u ON D.user_id=u.id  WHERE `status` > 0 ORDER BY `status` asc LIMIT 0,10   [ RunTime:0.0080s ]
INFO: [ view_filter ] --START--
INFO: Run Behavior\WriteHtmlCacheBehavior [ RunTime:0.001218s ]
INFO: [ view_filter ] --END-- [ RunTime:0.001524s ]
INFO: [ app_end ] --START--
INFO: Run Behavior\ShowPageTraceBehavior [ RunTime:0.002025s ]
INFO: [ app_end ] --END-- [ RunTime:0.002465s ]

[ 2015-11-23T10:13:29+08:00 ] 127.0.0.1 /Fees/index.html
INFO: [ app_init ] --START--
INFO: Run Behavior\BuildLiteBehavior [ RunTime:0.000046s ]
INFO: [ app_init ] --END-- [ RunTime:0.000664s ]
INFO: [ app_begin ] --START--
INFO: Run Behavior\ReadHtmlCacheBehavior [ RunTime:0.000631s ]
INFO: Run Behavior\CheckLangBehavior [ RunTime:0.002428s ]
INFO: [ app_begin ] --END-- [ RunTime:0.003276s ]
SQL: SHOW COLUMNS FROM `fees` [ RunTime:0.0142s ]
SQL: SELECT COUNT(id) AS tp_count FROM `fees` WHERE `status` > 0 LIMIT 1   [ RunTime:0.0003s ]
NOTIC: [8] Undefined index: p E:\Wnmp\noobird\Application\Home\Controller\CController.class.php 第 174 行.
SQL: SELECT * FROM `fees` WHERE `status` > 0 ORDER BY `id` asc LIMIT 0,10   [ RunTime:0.0004s ]
INFO: [ view_filter ] --START--
INFO: Run Behavior\WriteHtmlCacheBehavior [ RunTime:0.000424s ]
INFO: [ view_filter ] --END-- [ RunTime:0.000569s ]
INFO: [ app_end ] --START--
INFO: Run Behavior\ShowPageTraceBehavior [ RunTime:0.000666s ]
INFO: [ app_end ] --END-- [ RunTime:0.000805s ]

[ 2015-11-23T10:13:30+08:00 ] 127.0.0.1 /Developers/index.html
INFO: [ app_init ] --START--
INFO: Run Behavior\BuildLiteBehavior [ RunTime:0.000030s ]
INFO: [ app_init ] --END-- [ RunTime:0.000573s ]
INFO: [ app_begin ] --START--
INFO: Run Behavior\ReadHtmlCacheBehavior [ RunTime:0.000623s ]
INFO: Run Behavior\CheckLangBehavior [ RunTime:0.002381s ]
INFO: [ app_begin ] --END-- [ RunTime:0.003220s ]
SQL: SHOW COLUMNS FROM `developers` [ RunTime:0.0042s ]
SQL: SELECT COUNT(D.id) AS tp_count FROM developers D LEFT JOIN users u ON D.user_id=u.id  WHERE `status` > 0 LIMIT 1   [ RunTime:0.0002s ]
NOTIC: [8] Undefined index: p E:\Wnmp\noobird\Application\Home\Controller\DevelopersController.class.php 第 36 行.
SQL: SELECT `company_name`,`company_license`,D.mobile,D.status,`contact`,D.created,`username`,D.user_id,D.id FROM developers D LEFT JOIN users u ON D.user_id=u.id  WHERE `status` > 0 ORDER BY `status` asc LIMIT 0,10   [ RunTime:0.0002s ]
INFO: [ view_filter ] --START--
INFO: Run Behavior\WriteHtmlCacheBehavior [ RunTime:0.000558s ]
INFO: [ view_filter ] --END-- [ RunTime:0.000696s ]
INFO: [ app_end ] --START--
INFO: Run Behavior\ShowPageTraceBehavior [ RunTime:0.000813s ]
INFO: [ app_end ] --END-- [ RunTime:0.000952s ]

[ 2015-11-23T10:14:48+08:00 ] 127.0.0.1 /Developers/index/p/2.html
INFO: [ app_init ] --START--
INFO: Run Behavior\BuildLiteBehavior [ RunTime:0.000054s ]
INFO: [ app_init ] --END-- [ RunTime:0.001029s ]
INFO: [ app_begin ] --START--
INFO: Run Behavior\ReadHtmlCacheBehavior [ RunTime:0.001256s ]
INFO: Run Behavior\CheckLangBehavior [ RunTime:0.004455s ]
INFO: [ app_begin ] --END-- [ RunTime:0.006204s ]
SQL: SHOW COLUMNS FROM `developers` [ RunTime:0.0082s ]
SQL: SELECT COUNT(D.id) AS tp_count FROM developers D LEFT JOIN users u ON D.user_id=u.id  WHERE `status` > 0 LIMIT 1   [ RunTime:0.0003s ]
SQL: SELECT `company_name`,`company_license`,D.mobile,D.status,`contact`,D.created,`username`,D.user_id,D.id FROM developers D LEFT JOIN users u ON D.user_id=u.id  WHERE `status` > 0 ORDER BY `status` asc LIMIT 10,10   [ RunTime:0.0010s ]
INFO: [ view_filter ] --START--
INFO: Run Behavior\WriteHtmlCacheBehavior [ RunTime:0.001041s ]
INFO: [ view_filter ] --END-- [ RunTime:0.001330s ]
INFO: [ app_end ] --START--
INFO: Run Behavior\ShowPageTraceBehavior [ RunTime:0.001263s ]
INFO: [ app_end ] --END-- [ RunTime:0.001587s ]

[ 2015-11-23T12:04:18+08:00 ] 127.0.0.1 /Developers/index/p/2.html
INFO: [ app_init ] --START--
INFO: Run Behavior\BuildLiteBehavior [ RunTime:0.000030s ]
INFO: [ app_init ] --END-- [ RunTime:0.000640s ]
INFO: [ app_begin ] --START--
INFO: Run Behavior\ReadHtmlCacheBehavior [ RunTime:0.000648s ]
INFO: Run Behavior\CheckLangBehavior [ RunTime:0.003340s ]
INFO: [ app_begin ] --END-- [ RunTime:0.004196s ]
SQL: SHOW COLUMNS FROM `developers` [ RunTime:0.0057s ]
SQL: SELECT COUNT(D.id) AS tp_count FROM developers D LEFT JOIN users u ON D.user_id=u.id  WHERE `status` > 0 LIMIT 1   [ RunTime:0.0002s ]
SQL: SELECT `company_name`,`company_license`,D.mobile,D.status,`contact`,D.created,`username`,D.user_id,D.id FROM developers D LEFT JOIN users u ON D.user_id=u.id  WHERE `status` > 0 ORDER BY `status` asc LIMIT 10,10   [ RunTime:0.0002s ]
INFO: [ view_filter ] --START--
INFO: Run Behavior\WriteHtmlCacheBehavior [ RunTime:0.000447s ]
INFO: [ view_filter ] --END-- [ RunTime:0.000563s ]
INFO: [ app_end ] --START--
INFO: Run Behavior\ShowPageTraceBehavior [ RunTime:0.000784s ]
INFO: [ app_end ] --END-- [ RunTime:0.000953s ]

[ 2015-11-23T14:53:26+08:00 ] 127.0.0.1 /Developers/index/p/1.html
INFO: [ app_init ] --START--
INFO: Run Behavior\BuildLiteBehavior [ RunTime:0.000040s ]
INFO: [ app_init ] --END-- [ RunTime:0.000822s ]
INFO: [ app_begin ] --START--
INFO: Run Behavior\ReadHtmlCacheBehavior [ RunTime:0.000588s ]
INFO: Run Behavior\CheckLangBehavior [ RunTime:0.002537s ]
INFO: [ app_begin ] --END-- [ RunTime:0.003437s ]
SQL: SHOW COLUMNS FROM `developers` [ RunTime:0.0267s ]
SQL: SELECT COUNT(D.id) AS tp_count FROM developers D LEFT JOIN users u ON D.user_id=u.id  WHERE `status` > 0 LIMIT 1   [ RunTime:0.0230s ]
SQL: SELECT `company_name`,`company_license`,D.mobile,D.status,`contact`,D.created,`username`,D.user_id,D.id FROM developers D LEFT JOIN users u ON D.user_id=u.id  WHERE `status` > 0 ORDER BY `status` asc LIMIT 0,10   [ RunTime:0.0127s ]
INFO: [ view_filter ] --START--
INFO: Run Behavior\WriteHtmlCacheBehavior [ RunTime:0.000412s ]
INFO: [ view_filter ] --END-- [ RunTime:0.000542s ]
INFO: [ app_end ] --START--
INFO: Run Behavior\ShowPageTraceBehavior [ RunTime:0.000667s ]
INFO: [ app_end ] --END-- [ RunTime:0.000861s ]

[ 2015-11-23T14:53:27+08:00 ] 127.0.0.1 /Developers/index/p/2.html
INFO: [ app_init ] --START--
INFO: Run Behavior\BuildLiteBehavior [ RunTime:0.000037s ]
INFO: [ app_init ] --END-- [ RunTime:0.000675s ]
INFO: [ app_begin ] --START--
INFO: Run Behavior\ReadHtmlCacheBehavior [ RunTime:0.000908s ]
INFO: Run Behavior\CheckLangBehavior [ RunTime:0.003112s ]
INFO: [ app_begin ] --END-- [ RunTime:0.004308s ]
SQL: SHOW COLUMNS FROM `developers` [ RunTime:0.0048s ]
SQL: SELECT COUNT(D.id) AS tp_count FROM developers D LEFT JOIN users u ON D.user_id=u.id  WHERE `status` > 0 LIMIT 1   [ RunTime:0.0002s ]
SQL: SELECT `company_name`,`company_license`,D.mobile,D.status,`contact`,D.created,`username`,D.user_id,D.id FROM developers D LEFT JOIN users u ON D.user_id=u.id  WHERE `status` > 0 ORDER BY `status` asc LIMIT 10,10   [ RunTime:0.0005s ]
INFO: [ view_filter ] --START--
INFO: Run Behavior\WriteHtmlCacheBehavior [ RunTime:0.000447s ]
INFO: [ view_filter ] --END-- [ RunTime:0.000563s ]
INFO: [ app_end ] --START--
INFO: Run Behavior\ShowPageTraceBehavior [ RunTime:0.000675s ]
INFO: [ app_end ] --END-- [ RunTime:0.000804s ]

[ 2015-11-23T16:52:16+08:00 ] 127.0.0.1 /Developers/index/p/1.html
INFO: [ app_init ] --START--
INFO: Run Behavior\BuildLiteBehavior [ RunTime:0.000027s ]
INFO: [ app_init ] --END-- [ RunTime:0.000560s ]
INFO: [ app_begin ] --START--
INFO: Run Behavior\ReadHtmlCacheBehavior [ RunTime:0.000632s ]
INFO: Run Behavior\CheckLangBehavior [ RunTime:0.002732s ]
INFO: [ app_begin ] --END-- [ RunTime:0.003817s ]
SQL: SHOW COLUMNS FROM `developers` [ RunTime:0.0053s ]
SQL: SELECT COUNT(D.id) AS tp_count FROM developers D LEFT JOIN users u ON D.user_id=u.id  WHERE `status` > 0 LIMIT 1   [ RunTime:0.0002s ]
SQL: SELECT `company_name`,`company_license`,D.mobile,D.status,`contact`,D.created,`username`,D.user_id,D.id FROM developers D LEFT JOIN users u ON D.user_id=u.id  WHERE `status` > 0 ORDER BY `status` asc LIMIT 0,10   [ RunTime:0.0002s ]
INFO: [ view_filter ] --START--
INFO: Run Behavior\WriteHtmlCacheBehavior [ RunTime:0.000469s ]
INFO: [ view_filter ] --END-- [ RunTime:0.000585s ]
INFO: [ app_end ] --START--
INFO: Run Behavior\ShowPageTraceBehavior [ RunTime:0.000669s ]
INFO: [ app_end ] --END-- [ RunTime:0.000791s ]

[ 2015-11-23T16:52:25+08:00 ] 127.0.0.1 /Developers/index/p/2.html
INFO: [ app_init ] --START--
INFO: Run Behavior\BuildLiteBehavior [ RunTime:0.000031s ]
INFO: [ app_init ] --END-- [ RunTime:0.000645s ]
INFO: [ app_begin ] --START--
INFO: Run Behavior\ReadHtmlCacheBehavior [ RunTime:0.000730s ]
INFO: Run Behavior\CheckLangBehavior [ RunTime:0.002585s ]
INFO: [ app_begin ] --END-- [ RunTime:0.003535s ]
SQL: SHOW COLUMNS FROM `developers` [ RunTime:0.0049s ]
SQL: SELECT COUNT(D.id) AS tp_count FROM developers D LEFT JOIN users u ON D.user_id=u.id  WHERE `status` > 0 LIMIT 1   [ RunTime:0.0002s ]
SQL: SELECT `company_name`,`company_license`,D.mobile,D.status,`contact`,D.created,`username`,D.user_id,D.id FROM developers D LEFT JOIN users u ON D.user_id=u.id  WHERE `status` > 0 ORDER BY `status` asc LIMIT 10,10   [ RunTime:0.0003s ]
INFO: [ view_filter ] --START--
INFO: Run Behavior\WriteHtmlCacheBehavior [ RunTime:0.000417s ]
INFO: [ view_filter ] --END-- [ RunTime:0.000532s ]
INFO: [ app_end ] --START--
INFO: Run Behavior\ShowPageTraceBehavior [ RunTime:0.000923s ]
INFO: [ app_end ] --END-- [ RunTime:0.001058s ]

[ 2015-11-23T16:52:26+08:00 ] 127.0.0.1 /Developers/index/p/1.html
INFO: [ app_init ] --START--
INFO: Run Behavior\BuildLiteBehavior [ RunTime:0.000032s ]
INFO: [ app_init ] --END-- [ RunTime:0.000733s ]
INFO: [ app_begin ] --START--
INFO: Run Behavior\ReadHtmlCacheBehavior [ RunTime:0.000651s ]
INFO: Run Behavior\CheckLangBehavior [ RunTime:0.002678s ]
INFO: [ app_begin ] --END-- [ RunTime:0.003608s ]
SQL: SHOW COLUMNS FROM `developers` [ RunTime:0.0056s ]
SQL: SELECT COUNT(D.id) AS tp_count FROM developers D LEFT JOIN users u ON D.user_id=u.id  WHERE `status` > 0 LIMIT 1   [ RunTime:0.0002s ]
SQL: SELECT `company_name`,`company_license`,D.mobile,D.status,`contact`,D.created,`username`,D.user_id,D.id FROM developers D LEFT JOIN users u ON D.user_id=u.id  WHERE `status` > 0 ORDER BY `status` asc LIMIT 0,10   [ RunTime:0.0003s ]
INFO: [ view_filter ] --START--
INFO: Run Behavior\WriteHtmlCacheBehavior [ RunTime:0.000428s ]
INFO: [ view_filter ] --END-- [ RunTime:0.000548s ]
INFO: [ app_end ] --START--
INFO: Run Behavior\ShowPageTraceBehavior [ RunTime:0.000752s ]
INFO: [ app_end ] --END-- [ RunTime:0.000940s ]

