[ 2015-12-09T11:15:27+08:00 ] 127.0.0.1 /
INFO: [ app_init ] --START--
INFO: Run Behavior\BuildLiteBehavior [ RunTime:0.000027s ]
INFO: [ app_init ] --END-- [ RunTime:0.000633s ]
INFO: [ app_begin ] --START--
INFO: Run Behavior\ReadHtmlCacheBehavior [ RunTime:0.000706s ]
INFO: Run Behavior\CheckLangBehavior [ RunTime:0.002374s ]
INFO: [ app_begin ] --END-- [ RunTime:0.003266s ]
INFO: [ view_filter ] --START--
INFO: Run Behavior\WriteHtmlCacheBehavior [ RunTime:0.000562s ]
INFO: [ view_filter ] --END-- [ RunTime:0.000724s ]
INFO: [ app_end ] --START--
INFO: Run Behavior\ShowPageTraceBehavior [ RunTime:0.000900s ]
INFO: [ app_end ] --END-- [ RunTime:0.001024s ]

[ 2015-12-09T11:15:27+08:00 ] 127.0.0.1 /Public/img/blueBtn.png
INFO: [ app_init ] --START--
INFO: Run Behavior\BuildLiteBehavior [ RunTime:0.000037s ]
INFO: [ app_init ] --END-- [ RunTime:0.000757s ]

[ 2015-12-09T11:15:27+08:00 ] 127.0.0.1 /Public/img1/bg.png
INFO: [ app_init ] --START--
INFO: Run Behavior\BuildLiteBehavior [ RunTime:0.000034s ]
INFO: [ app_init ] --END-- [ RunTime:0.000704s ]

[ 2015-12-09T11:15:27+08:00 ] 127.0.0.1 /favicon.ico
INFO: [ app_init ] --START--
INFO: Run Behavior\BuildLiteBehavior [ RunTime:0.000028s ]
INFO: [ app_init ] --END-- [ RunTime:0.000535s ]

[ 2015-12-09T11:15:27+08:00 ] 127.0.0.1 /favicon.ico
INFO: [ app_init ] --START--
INFO: Run Behavior\BuildLiteBehavior [ RunTime:0.000058s ]
INFO: [ app_init ] --END-- [ RunTime:0.001148s ]

[ 2015-12-09T11:18:24+08:00 ] 127.0.0.1 /
INFO: [ app_init ] --START--
INFO: Run Behavior\BuildLiteBehavior [ RunTime:0.000027s ]
INFO: [ app_init ] --END-- [ RunTime:0.000573s ]
INFO: [ app_begin ] --START--
INFO: Run Behavior\ReadHtmlCacheBehavior [ RunTime:0.000651s ]
INFO: Run Behavior\CheckLangBehavior [ RunTime:0.002739s ]
INFO: [ app_begin ] --END-- [ RunTime:0.003585s ]
INFO: [ view_filter ] --START--
INFO: Run Behavior\WriteHtmlCacheBehavior [ RunTime:0.000476s ]
INFO: [ view_filter ] --END-- [ RunTime:0.000593s ]
INFO: [ app_end ] --START--
INFO: Run Behavior\ShowPageTraceBehavior [ RunTime:0.000777s ]
INFO: [ app_end ] --END-- [ RunTime:0.000902s ]

[ 2015-12-09T11:18:24+08:00 ] 127.0.0.1 /Public/img/blueBtn.png
INFO: [ app_init ] --START--
INFO: Run Behavior\BuildLiteBehavior [ RunTime:0.000027s ]
INFO: [ app_init ] --END-- [ RunTime:0.000508s ]

[ 2015-12-09T11:18:24+08:00 ] 127.0.0.1 /Public/img1/bg.png
INFO: [ app_init ] --START--
INFO: Run Behavior\BuildLiteBehavior [ RunTime:0.000047s ]
INFO: [ app_init ] --END-- [ RunTime:0.001083s ]

[ 2015-12-09T11:20:13+08:00 ] 192.168.1.160 /
INFO: [ app_init ] --START--
INFO: Run Behavior\BuildLiteBehavior [ RunTime:0.000031s ]
INFO: [ app_init ] --END-- [ RunTime:0.000572s ]
INFO: [ app_begin ] --START--
INFO: Run Behavior\ReadHtmlCacheBehavior [ RunTime:0.000758s ]
INFO: Run Behavior\CheckLangBehavior [ RunTime:0.004254s ]
INFO: [ app_begin ] --END-- [ RunTime:0.005294s ]
INFO: [ view_filter ] --START--
INFO: Run Behavior\WriteHtmlCacheBehavior [ RunTime:0.000652s ]
INFO: [ view_filter ] --END-- [ RunTime:0.000827s ]
INFO: [ app_end ] --START--
INFO: Run Behavior\ShowPageTraceBehavior [ RunTime:0.001013s ]
INFO: [ app_end ] --END-- [ RunTime:0.001261s ]

[ 2015-12-09T11:20:14+08:00 ] 192.168.1.160 /Public/img1/bg.png
INFO: [ app_init ] --START--
INFO: Run Behavior\BuildLiteBehavior [ RunTime:0.000028s ]
INFO: [ app_init ] --END-- [ RunTime:0.000498s ]

[ 2015-12-09T11:20:14+08:00 ] 192.168.1.160 /Public/img/blueBtn.png
INFO: [ app_init ] --START--
INFO: Run Behavior\BuildLiteBehavior [ RunTime:0.000027s ]
INFO: [ app_init ] --END-- [ RunTime:0.000496s ]

[ 2015-12-09T11:20:14+08:00 ] 192.168.1.160 /favicon.ico
INFO: [ app_init ] --START--
INFO: Run Behavior\BuildLiteBehavior [ RunTime:0.000028s ]
INFO: [ app_init ] --END-- [ RunTime:0.000576s ]

[ 2015-12-09T11:20:14+08:00 ] 192.168.1.160 /favicon.ico
INFO: [ app_init ] --START--
INFO: Run Behavior\BuildLiteBehavior [ RunTime:0.000026s ]
INFO: [ app_init ] --END-- [ RunTime:0.000549s ]

[ 2015-12-09T11:45:04+08:00 ] 192.168.1.55 /
INFO: [ app_init ] --START--
INFO: Run Behavior\BuildLiteBehavior [ RunTime:0.000080s ]
INFO: [ app_init ] --END-- [ RunTime:0.001240s ]
INFO: [ app_begin ] --START--
INFO: Run Behavior\ReadHtmlCacheBehavior [ RunTime:0.001262s ]
INFO: Run Behavior\CheckLangBehavior [ RunTime:0.004515s ]
INFO: [ app_begin ] --END-- [ RunTime:0.006136s ]
INFO: [ view_filter ] --START--
INFO: Run Behavior\WriteHtmlCacheBehavior [ RunTime:0.000771s ]
INFO: [ view_filter ] --END-- [ RunTime:0.001004s ]
INFO: [ app_end ] --START--
INFO: Run Behavior\ShowPageTraceBehavior [ RunTime:0.001182s ]
INFO: [ app_end ] --END-- [ RunTime:0.001393s ]

[ 2015-12-09T11:45:04+08:00 ] 192.168.1.55 /Public/img/blueBtn.png
INFO: [ app_init ] --START--
INFO: Run Behavior\BuildLiteBehavior [ RunTime:0.000035s ]
INFO: [ app_init ] --END-- [ RunTime:0.000629s ]

[ 2015-12-09T11:45:04+08:00 ] 192.168.1.55 /Public/img1/bg.png
INFO: [ app_init ] --START--
INFO: Run Behavior\BuildLiteBehavior [ RunTime:0.000035s ]
INFO: [ app_init ] --END-- [ RunTime:0.000736s ]

[ 2015-12-09T11:45:04+08:00 ] 192.168.1.55 /favicon.ico
INFO: [ app_init ] --START--
INFO: Run Behavior\BuildLiteBehavior [ RunTime:0.000029s ]
INFO: [ app_init ] --END-- [ RunTime:0.000629s ]

[ 2015-12-09T11:45:30+08:00 ] 192.168.1.55 /
INFO: [ app_init ] --START--
INFO: Run Behavior\BuildLiteBehavior [ RunTime:0.000033s ]
INFO: [ app_init ] --END-- [ RunTime:0.000648s ]
INFO: [ app_begin ] --START--
INFO: Run Behavior\ReadHtmlCacheBehavior [ RunTime:0.000686s ]
INFO: Run Behavior\CheckLangBehavior [ RunTime:0.002610s ]
INFO: [ app_begin ] --END-- [ RunTime:0.003525s ]
INFO: [ view_filter ] --START--
INFO: Run Behavior\WriteHtmlCacheBehavior [ RunTime:0.000465s ]
INFO: [ view_filter ] --END-- [ RunTime:0.000616s ]
INFO: [ app_end ] --START--
INFO: Run Behavior\ShowPageTraceBehavior [ RunTime:0.000687s ]
INFO: [ app_end ] --END-- [ RunTime:0.000833s ]

[ 2015-12-09T14:01:08+08:00 ] 127.0.0.1 /Home/Users/loginAdmin
INFO: [ app_init ] --START--
INFO: Run Behavior\BuildLiteBehavior [ RunTime:0.000034s ]
INFO: [ app_init ] --END-- [ RunTime:0.000652s ]
INFO: [ app_begin ] --START--
INFO: Run Behavior\ReadHtmlCacheBehavior [ RunTime:0.000894s ]
INFO: Run Behavior\CheckLangBehavior [ RunTime:0.002864s ]
INFO: [ app_begin ] --END-- [ RunTime:0.003982s ]
SQL: SHOW COLUMNS FROM `users` [ RunTime:0.0044s ]
SQL: SELECT * FROM `users` WHERE `username` = '' LIMIT 1   [ RunTime:0.0004s ]
INFO: [ view_filter ] --START--
INFO: Run Behavior\WriteHtmlCacheBehavior [ RunTime:0.000638s ]
INFO: [ view_filter ] --END-- [ RunTime:0.000785s ]

[ 2015-12-09T14:01:09+08:00 ] 127.0.0.1 /Public/img1/bg.png
INFO: [ app_init ] --START--
INFO: Run Behavior\BuildLiteBehavior [ RunTime:0.000028s ]
INFO: [ app_init ] --END-- [ RunTime:0.000556s ]

[ 2015-12-09T14:01:09+08:00 ] 127.0.0.1 /Public/img/blueBtn.png
INFO: [ app_init ] --START--
INFO: Run Behavior\BuildLiteBehavior [ RunTime:0.000031s ]
INFO: [ app_init ] --END-- [ RunTime:0.000629s ]

[ 2015-12-09T14:04:03+08:00 ] 127.0.0.1 /Home/Users/loginAdmin
INFO: [ app_init ] --START--
INFO: Run Behavior\BuildLiteBehavior [ RunTime:0.000030s ]
INFO: [ app_init ] --END-- [ RunTime:0.000693s ]
INFO: [ app_begin ] --START--
INFO: Run Behavior\ReadHtmlCacheBehavior [ RunTime:0.000946s ]
INFO: Run Behavior\CheckLangBehavior [ RunTime:0.002940s ]
INFO: [ app_begin ] --END-- [ RunTime:0.004137s ]
SQL: SHOW COLUMNS FROM `users` [ RunTime:0.0040s ]
SQL: SELECT * FROM `users` WHERE `username` = '' LIMIT 1   [ RunTime:0.0002s ]
INFO: [ view_filter ] --START--
INFO: Run Behavior\WriteHtmlCacheBehavior [ RunTime:0.000638s ]
INFO: [ view_filter ] --END-- [ RunTime:0.000767s ]

[ 2015-12-09T14:04:03+08:00 ] 127.0.0.1 /Public/img1/bg.png
INFO: [ app_init ] --START--
INFO: Run Behavior\BuildLiteBehavior [ RunTime:0.000044s ]
INFO: [ app_init ] --END-- [ RunTime:0.000726s ]

[ 2015-12-09T14:04:03+08:00 ] 127.0.0.1 /Public/img/blueBtn.png
INFO: [ app_init ] --START--
INFO: Run Behavior\BuildLiteBehavior [ RunTime:0.000027s ]
INFO: [ app_init ] --END-- [ RunTime:0.000546s ]

[ 2015-12-09T14:04:09+08:00 ] 127.0.0.1 /Public/img1/bg.png
INFO: [ app_init ] --START--
INFO: Run Behavior\BuildLiteBehavior [ RunTime:0.000028s ]
INFO: [ app_init ] --END-- [ RunTime:0.000618s ]

[ 2015-12-09T14:04:09+08:00 ] 127.0.0.1 /Public/img/blueBtn.png
INFO: [ app_init ] --START--
INFO: Run Behavior\BuildLiteBehavior [ RunTime:0.000027s ]
INFO: [ app_init ] --END-- [ RunTime:0.000521s ]

[ 2015-12-09T14:04:10+08:00 ] 127.0.0.1 /Public/img1/bg.png
INFO: [ app_init ] --START--
INFO: Run Behavior\BuildLiteBehavior [ RunTime:0.000028s ]
INFO: [ app_init ] --END-- [ RunTime:0.000547s ]

[ 2015-12-09T14:04:10+08:00 ] 127.0.0.1 /Public/img/blueBtn.png
INFO: [ app_init ] --START--
INFO: Run Behavior\BuildLiteBehavior [ RunTime:0.000026s ]
INFO: [ app_init ] --END-- [ RunTime:0.000540s ]

[ 2015-12-09T14:04:11+08:00 ] 127.0.0.1 /Public/img1/bg.png
INFO: [ app_init ] --START--
INFO: Run Behavior\BuildLiteBehavior [ RunTime:0.000077s ]
INFO: [ app_init ] --END-- [ RunTime:0.000981s ]

[ 2015-12-09T14:04:11+08:00 ] 127.0.0.1 /Public/img/blueBtn.png
INFO: [ app_init ] --START--
INFO: Run Behavior\BuildLiteBehavior [ RunTime:0.000028s ]
INFO: [ app_init ] --END-- [ RunTime:0.000585s ]

[ 2015-12-09T14:19:48+08:00 ] 127.0.0.1 /Home/Index/run
INFO: [ app_init ] --START--
INFO: Run Behavior\BuildLiteBehavior [ RunTime:0.000025s ]
INFO: [ app_init ] --END-- [ RunTime:0.000621s ]
INFO: [ app_begin ] --START--
INFO: Run Behavior\ReadHtmlCacheBehavior [ RunTime:0.000741s ]
INFO: Run Behavior\CheckLangBehavior [ RunTime:0.002892s ]
INFO: [ app_begin ] --END-- [ RunTime:0.003961s ]

[ 2015-12-09T14:19:48+08:00 ] 127.0.0.1 /Home/Users/loginAdmin.html
INFO: [ app_init ] --START--
INFO: Run Behavior\BuildLiteBehavior [ RunTime:0.000031s ]
INFO: [ app_init ] --END-- [ RunTime:0.000577s ]
INFO: [ app_begin ] --START--
INFO: Run Behavior\ReadHtmlCacheBehavior [ RunTime:0.000960s ]
INFO: Run Behavior\CheckLangBehavior [ RunTime:0.003865s ]
INFO: [ app_begin ] --END-- [ RunTime:0.005242s ]
INFO: [ view_filter ] --START--
INFO: Run Behavior\WriteHtmlCacheBehavior [ RunTime:0.000622s ]
INFO: [ view_filter ] --END-- [ RunTime:0.000761s ]
INFO: [ app_end ] --START--
INFO: Run Behavior\ShowPageTraceBehavior [ RunTime:0.000808s ]
INFO: [ app_end ] --END-- [ RunTime:0.000930s ]

[ 2015-12-09T14:20:10+08:00 ] 127.0.0.1 /Home/Index/run
INFO: [ app_init ] --START--
INFO: Run Behavior\BuildLiteBehavior [ RunTime:0.000043s ]
INFO: [ app_init ] --END-- [ RunTime:0.000682s ]
INFO: [ app_begin ] --START--
INFO: Run Behavior\ReadHtmlCacheBehavior [ RunTime:0.000850s ]
INFO: Run Behavior\CheckLangBehavior [ RunTime:0.003283s ]
INFO: [ app_begin ] --END-- [ RunTime:0.004367s ]

[ 2015-12-09T14:20:44+08:00 ] 127.0.0.1 /Home/Index/run
INFO: [ app_init ] --START--
INFO: Run Behavior\BuildLiteBehavior [ RunTime:0.000028s ]
INFO: [ app_init ] --END-- [ RunTime:0.000545s ]
INFO: [ app_begin ] --START--
INFO: Run Behavior\ReadHtmlCacheBehavior [ RunTime:0.000654s ]
INFO: Run Behavior\CheckLangBehavior [ RunTime:0.002531s ]
INFO: [ app_begin ] --END-- [ RunTime:0.003403s ]
ERR: 404: Not Found

[ 2015-12-09T14:21:05+08:00 ] 127.0.0.1 /Home/Index/run
INFO: [ app_init ] --START--
INFO: Run Behavior\BuildLiteBehavior [ RunTime:0.000036s ]
INFO: [ app_init ] --END-- [ RunTime:0.000776s ]
INFO: [ app_begin ] --START--
INFO: Run Behavior\ReadHtmlCacheBehavior [ RunTime:0.000953s ]
INFO: Run Behavior\CheckLangBehavior [ RunTime:0.004900s ]
INFO: [ app_begin ] --END-- [ RunTime:0.006263s ]

[ 2015-12-09T14:21:37+08:00 ] 127.0.0.1 /Home/Index/run
INFO: [ app_init ] --START--
INFO: Run Behavior\BuildLiteBehavior [ RunTime:0.000032s ]
INFO: [ app_init ] --END-- [ RunTime:0.000766s ]
INFO: [ app_begin ] --START--
INFO: Run Behavior\ReadHtmlCacheBehavior [ RunTime:0.000741s ]
INFO: Run Behavior\CheckLangBehavior [ RunTime:0.003594s ]
INFO: [ app_begin ] --END-- [ RunTime:0.004649s ]
ERR: 404: Not Found

[ 2015-12-09T14:23:17+08:00 ] 127.0.0.1 /Home/Index/run
INFO: [ app_init ] --START--
INFO: Run Behavior\BuildLiteBehavior [ RunTime:0.000031s ]
INFO: [ app_init ] --END-- [ RunTime:0.000603s ]
INFO: [ app_begin ] --START--
INFO: Run Behavior\ReadHtmlCacheBehavior [ RunTime:0.000858s ]
INFO: Run Behavior\CheckLangBehavior [ RunTime:0.004156s ]
INFO: [ app_begin ] --END-- [ RunTime:0.005314s ]
ERR: 404: Not Found

[ 2015-12-09T14:23:29+08:00 ] 127.0.0.1 /Home/Index/run
INFO: [ app_init ] --START--
INFO: Run Behavior\BuildLiteBehavior [ RunTime:0.000034s ]
INFO: [ app_init ] --END-- [ RunTime:0.000663s ]
INFO: [ app_begin ] --START--
INFO: Run Behavior\ReadHtmlCacheBehavior [ RunTime:0.001087s ]
INFO: Run Behavior\CheckLangBehavior [ RunTime:0.002683s ]
INFO: [ app_begin ] --END-- [ RunTime:0.004145s ]
INFO: [ app_end ] --START--
INFO: Run Behavior\ShowPageTraceBehavior [ RunTime:0.000770s ]
INFO: [ app_end ] --END-- [ RunTime:0.000896s ]

[ 2015-12-09T14:23:31+08:00 ] 127.0.0.1 /Home/Index/run
INFO: [ app_init ] --START--
INFO: Run Behavior\BuildLiteBehavior [ RunTime:0.000027s ]
INFO: [ app_init ] --END-- [ RunTime:0.000626s ]
INFO: [ app_begin ] --START--
INFO: Run Behavior\ReadHtmlCacheBehavior [ RunTime:0.000708s ]
INFO: Run Behavior\CheckLangBehavior [ RunTime:0.002435s ]
INFO: [ app_begin ] --END-- [ RunTime:0.003341s ]
INFO: [ app_end ] --START--
INFO: Run Behavior\ShowPageTraceBehavior [ RunTime:0.000722s ]
INFO: [ app_end ] --END-- [ RunTime:0.000879s ]

[ 2015-12-09T14:24:12+08:00 ] 127.0.0.1 /Home/Index/run
INFO: [ app_init ] --START--
INFO: Run Behavior\BuildLiteBehavior [ RunTime:0.000042s ]
INFO: [ app_init ] --END-- [ RunTime:0.000842s ]
INFO: [ app_begin ] --START--
INFO: Run Behavior\ReadHtmlCacheBehavior [ RunTime:0.001182s ]
INFO: Run Behavior\CheckLangBehavior [ RunTime:0.004069s ]
INFO: [ app_begin ] --END-- [ RunTime:0.005575s ]
INFO: [ app_end ] --START--
INFO: Run Behavior\ShowPageTraceBehavior [ RunTime:0.000799s ]
INFO: [ app_end ] --END-- [ RunTime:0.000924s ]

[ 2015-12-09T14:24:46+08:00 ] 127.0.0.1 /Home/Server/test
INFO: [ app_init ] --START--
INFO: Run Behavior\BuildLiteBehavior [ RunTime:0.000025s ]
INFO: [ app_init ] --END-- [ RunTime:0.000626s ]
INFO: [ app_begin ] --START--
INFO: Run Behavior\ReadHtmlCacheBehavior [ RunTime:0.000713s ]
INFO: Run Behavior\CheckLangBehavior [ RunTime:0.002424s ]
INFO: [ app_begin ] --END-- [ RunTime:0.003332s ]
INFO: [ app_end ] --START--
INFO: Run Behavior\ShowPageTraceBehavior [ RunTime:0.000914s ]
INFO: [ app_end ] --END-- [ RunTime:0.001058s ]

[ 2015-12-09T14:25:01+08:00 ] 127.0.0.1 /Home/Server/test
INFO: [ app_init ] --START--
INFO: Run Behavior\BuildLiteBehavior [ RunTime:0.000025s ]
INFO: [ app_init ] --END-- [ RunTime:0.000563s ]
INFO: [ app_begin ] --START--
INFO: Run Behavior\ReadHtmlCacheBehavior [ RunTime:0.000786s ]
INFO: Run Behavior\CheckLangBehavior [ RunTime:0.003019s ]
INFO: [ app_begin ] --END-- [ RunTime:0.004048s ]
INFO: [ app_end ] --START--
INFO: Run Behavior\ShowPageTraceBehavior [ RunTime:0.000781s ]
INFO: [ app_end ] --END-- [ RunTime:0.000926s ]

[ 2015-12-09T14:25:02+08:00 ] 127.0.0.1 /Home/Server/test
INFO: [ app_init ] --START--
INFO: Run Behavior\BuildLiteBehavior [ RunTime:0.000048s ]
INFO: [ app_init ] --END-- [ RunTime:0.001048s ]
INFO: [ app_begin ] --START--
INFO: Run Behavior\ReadHtmlCacheBehavior [ RunTime:0.001213s ]
INFO: Run Behavior\CheckLangBehavior [ RunTime:0.002541s ]
INFO: [ app_begin ] --END-- [ RunTime:0.004005s ]
INFO: [ app_end ] --START--
INFO: Run Behavior\ShowPageTraceBehavior [ RunTime:0.000708s ]
INFO: [ app_end ] --END-- [ RunTime:0.000862s ]

[ 2015-12-09T14:25:09+08:00 ] 127.0.0.1 /Home/Server/test
INFO: [ app_init ] --START--
INFO: Run Behavior\BuildLiteBehavior [ RunTime:0.000032s ]
INFO: [ app_init ] --END-- [ RunTime:0.000653s ]
INFO: [ app_begin ] --START--
INFO: Run Behavior\ReadHtmlCacheBehavior [ RunTime:0.000871s ]
INFO: Run Behavior\CheckLangBehavior [ RunTime:0.002803s ]
INFO: [ app_begin ] --END-- [ RunTime:0.003901s ]
INFO: [ app_end ] --START--
INFO: Run Behavior\ShowPageTraceBehavior [ RunTime:0.000993s ]
INFO: [ app_end ] --END-- [ RunTime:0.001246s ]

[ 2015-12-09T14:25:17+08:00 ] 127.0.0.1 /Home/Server/test
INFO: [ app_init ] --START--
INFO: Run Behavior\BuildLiteBehavior [ RunTime:0.000078s ]
INFO: [ app_init ] --END-- [ RunTime:0.001356s ]
INFO: [ app_begin ] --START--
INFO: Run Behavior\ReadHtmlCacheBehavior [ RunTime:0.000761s ]
INFO: Run Behavior\CheckLangBehavior [ RunTime:0.002466s ]
INFO: [ app_begin ] --END-- [ RunTime:0.003422s ]
INFO: [ app_end ] --START--
INFO: Run Behavior\ShowPageTraceBehavior [ RunTime:0.000734s ]
INFO: [ app_end ] --END-- [ RunTime:0.000883s ]

[ 2015-12-09T14:25:19+08:00 ] 127.0.0.1 /Home/Server/test
INFO: [ app_init ] --START--
INFO: Run Behavior\BuildLiteBehavior [ RunTime:0.000026s ]
INFO: [ app_init ] --END-- [ RunTime:0.000570s ]
INFO: [ app_begin ] --START--
INFO: Run Behavior\ReadHtmlCacheBehavior [ RunTime:0.001632s ]
INFO: Run Behavior\CheckLangBehavior [ RunTime:0.002773s ]
INFO: [ app_begin ] --END-- [ RunTime:0.004704s ]
INFO: [ app_end ] --START--
INFO: Run Behavior\ShowPageTraceBehavior [ RunTime:0.000865s ]
INFO: [ app_end ] --END-- [ RunTime:0.000994s ]

[ 2015-12-09T14:25:29+08:00 ] 127.0.0.1 /Home/Server/run
INFO: [ app_init ] --START--
INFO: Run Behavior\BuildLiteBehavior [ RunTime:0.000025s ]
INFO: [ app_init ] --END-- [ RunTime:0.000666s ]
INFO: [ app_begin ] --START--
INFO: Run Behavior\ReadHtmlCacheBehavior [ RunTime:0.000624s ]
INFO: Run Behavior\CheckLangBehavior [ RunTime:0.003265s ]
INFO: [ app_begin ] --END-- [ RunTime:0.004132s ]
INFO: [ app_end ] --START--
INFO: Run Behavior\ShowPageTraceBehavior [ RunTime:0.000760s ]
INFO: [ app_end ] --END-- [ RunTime:0.000897s ]

[ 2015-12-09T14:25:34+08:00 ] 127.0.0.1 /Home/Server
INFO: [ app_init ] --START--
INFO: Run Behavior\BuildLiteBehavior [ RunTime:0.000030s ]
INFO: [ app_init ] --END-- [ RunTime:0.000673s ]
INFO: [ app_begin ] --START--
INFO: Run Behavior\ReadHtmlCacheBehavior [ RunTime:0.000887s ]
INFO: Run Behavior\CheckLangBehavior [ RunTime:0.003392s ]
INFO: [ app_begin ] --END-- [ RunTime:0.004605s ]
INFO: [ app_end ] --START--
INFO: Run Behavior\ShowPageTraceBehavior [ RunTime:0.000813s ]
INFO: [ app_end ] --END-- [ RunTime:0.000949s ]

[ 2015-12-09T14:26:00+08:00 ] 127.0.0.1 /Home/Server
INFO: [ app_init ] --START--
INFO: Run Behavior\BuildLiteBehavior [ RunTime:0.000047s ]
INFO: [ app_init ] --END-- [ RunTime:0.001733s ]
INFO: [ app_begin ] --START--
INFO: Run Behavior\ReadHtmlCacheBehavior [ RunTime:0.001065s ]
INFO: Run Behavior\CheckLangBehavior [ RunTime:0.003647s ]
INFO: [ app_begin ] --END-- [ RunTime:0.004989s ]
INFO: [ app_end ] --START--
INFO: Run Behavior\ShowPageTraceBehavior [ RunTime:0.000801s ]
INFO: [ app_end ] --END-- [ RunTime:0.000930s ]

[ 2015-12-09T14:26:14+08:00 ] 127.0.0.1 /Home/Index/run
INFO: [ app_init ] --START--
INFO: Run Behavior\BuildLiteBehavior [ RunTime:0.000028s ]
INFO: [ app_init ] --END-- [ RunTime:0.000575s ]
INFO: [ app_begin ] --START--
INFO: Run Behavior\ReadHtmlCacheBehavior [ RunTime:0.000826s ]
INFO: Run Behavior\CheckLangBehavior [ RunTime:0.002983s ]
INFO: [ app_begin ] --END-- [ RunTime:0.004042s ]
INFO: [ app_end ] --START--
INFO: Run Behavior\ShowPageTraceBehavior [ RunTime:0.000807s ]
INFO: [ app_end ] --END-- [ RunTime:0.000965s ]

[ 2015-12-09T14:26:41+08:00 ] 127.0.0.1 /Home/Index/run
INFO: [ app_init ] --START--
INFO: Run Behavior\BuildLiteBehavior [ RunTime:0.000043s ]
INFO: [ app_init ] --END-- [ RunTime:0.001266s ]
INFO: [ app_begin ] --START--
INFO: Run Behavior\ReadHtmlCacheBehavior [ RunTime:0.001497s ]
INFO: Run Behavior\CheckLangBehavior [ RunTime:0.003015s ]
INFO: [ app_begin ] --END-- [ RunTime:0.004801s ]
INFO: [ app_end ] --START--
INFO: Run Behavior\ShowPageTraceBehavior [ RunTime:0.000885s ]
INFO: [ app_end ] --END-- [ RunTime:0.001028s ]

[ 2015-12-09T14:26:42+08:00 ] 127.0.0.1 /Home/Index/run
INFO: [ app_init ] --START--
INFO: Run Behavior\BuildLiteBehavior [ RunTime:0.000048s ]
INFO: [ app_init ] --END-- [ RunTime:0.001116s ]
INFO: [ app_begin ] --START--
INFO: Run Behavior\ReadHtmlCacheBehavior [ RunTime:0.001215s ]
INFO: Run Behavior\CheckLangBehavior [ RunTime:0.004196s ]
INFO: [ app_begin ] --END-- [ RunTime:0.005717s ]
INFO: [ app_end ] --START--
INFO: Run Behavior\ShowPageTraceBehavior [ RunTime:0.000779s ]
INFO: [ app_end ] --END-- [ RunTime:0.000903s ]

[ 2015-12-09T14:27:55+08:00 ] 127.0.0.1 /Home/Index/run
INFO: [ app_init ] --START--
INFO: Run Behavior\BuildLiteBehavior [ RunTime:0.000029s ]
INFO: [ app_init ] --END-- [ RunTime:0.000650s ]
INFO: [ app_begin ] --START--
INFO: Run Behavior\ReadHtmlCacheBehavior [ RunTime:0.000767s ]
INFO: Run Behavior\CheckLangBehavior [ RunTime:0.002419s ]
INFO: [ app_begin ] --END-- [ RunTime:0.003381s ]
ERR: 404: Not Found

[ 2015-12-09T14:29:13+08:00 ] 127.0.0.1 /Home/Index/run
INFO: [ app_init ] --START--
INFO: Run Behavior\BuildLiteBehavior [ RunTime:0.000036s ]
INFO: [ app_init ] --END-- [ RunTime:0.000700s ]
INFO: [ app_begin ] --START--
INFO: Run Behavior\ReadHtmlCacheBehavior [ RunTime:0.001011s ]
INFO: Run Behavior\CheckLangBehavior [ RunTime:0.003402s ]
INFO: [ app_begin ] --END-- [ RunTime:0.004775s ]
ERR: 404: Not Found

[ 2015-12-09T14:31:09+08:00 ] 127.0.0.1 /Home/Index/run
INFO: [ app_init ] --START--
INFO: Run Behavior\BuildLiteBehavior [ RunTime:0.000030s ]
INFO: [ app_init ] --END-- [ RunTime:0.000599s ]
INFO: [ app_begin ] --START--
INFO: Run Behavior\ReadHtmlCacheBehavior [ RunTime:0.001239s ]
INFO: Run Behavior\CheckLangBehavior [ RunTime:0.003115s ]
INFO: [ app_begin ] --END-- [ RunTime:0.004670s ]
INFO: [ app_end ] --START--
INFO: Run Behavior\ShowPageTraceBehavior [ RunTime:0.000871s ]
INFO: [ app_end ] --END-- [ RunTime:0.001027s ]

[ 2015-12-09T14:31:51+08:00 ] 127.0.0.1 /Home/Index/run
INFO: [ app_init ] --START--
INFO: Run Behavior\BuildLiteBehavior [ RunTime:0.000077s ]
INFO: [ app_init ] --END-- [ RunTime:0.001472s ]
INFO: [ app_begin ] --START--
INFO: Run Behavior\ReadHtmlCacheBehavior [ RunTime:0.001048s ]
INFO: Run Behavior\CheckLangBehavior [ RunTime:0.003893s ]
INFO: [ app_begin ] --END-- [ RunTime:0.005238s ]
INFO: [ app_end ] --START--
INFO: Run Behavior\ShowPageTraceBehavior [ RunTime:0.000836s ]
INFO: [ app_end ] --END-- [ RunTime:0.000979s ]

[ 2015-12-09T14:31:52+08:00 ] 127.0.0.1 /Home/Index/run
INFO: [ app_init ] --START--
INFO: Run Behavior\BuildLiteBehavior [ RunTime:0.000050s ]
INFO: [ app_init ] --END-- [ RunTime:0.000991s ]
INFO: [ app_begin ] --START--
INFO: Run Behavior\ReadHtmlCacheBehavior [ RunTime:0.001636s ]
INFO: Run Behavior\CheckLangBehavior [ RunTime:0.005059s ]
INFO: [ app_begin ] --END-- [ RunTime:0.007162s ]
INFO: [ app_end ] --START--
INFO: Run Behavior\ShowPageTraceBehavior [ RunTime:0.000783s ]
INFO: [ app_end ] --END-- [ RunTime:0.000908s ]

[ 2015-12-09T14:31:54+08:00 ] 127.0.0.1 /Home/Index/run
INFO: [ app_init ] --START--
INFO: Run Behavior\BuildLiteBehavior [ RunTime:0.000044s ]
INFO: [ app_init ] --END-- [ RunTime:0.000734s ]
INFO: [ app_begin ] --START--
INFO: Run Behavior\ReadHtmlCacheBehavior [ RunTime:0.001090s ]
INFO: Run Behavior\CheckLangBehavior [ RunTime:0.005791s ]
INFO: [ app_begin ] --END-- [ RunTime:0.007585s ]
INFO: [ app_end ] --START--
INFO: Run Behavior\ShowPageTraceBehavior [ RunTime:0.000931s ]
INFO: [ app_end ] --END-- [ RunTime:0.001097s ]

[ 2015-12-09T14:32:20+08:00 ] 127.0.0.1 /Home/Index/run
INFO: [ app_init ] --START--
INFO: Run Behavior\BuildLiteBehavior [ RunTime:0.000025s ]
INFO: [ app_init ] --END-- [ RunTime:0.000649s ]
INFO: [ app_begin ] --START--
INFO: Run Behavior\ReadHtmlCacheBehavior [ RunTime:0.000737s ]
INFO: Run Behavior\CheckLangBehavior [ RunTime:0.003492s ]
INFO: [ app_begin ] --END-- [ RunTime:0.004441s ]
ERR: 404: Not Found

[ 2015-12-09T14:35:25+08:00 ] 127.0.0.1 /Home/Server
INFO: [ app_init ] --START--
INFO: Run Behavior\BuildLiteBehavior [ RunTime:0.000026s ]
INFO: [ app_init ] --END-- [ RunTime:0.000617s ]
INFO: [ app_begin ] --START--
INFO: Run Behavior\ReadHtmlCacheBehavior [ RunTime:0.000773s ]
INFO: Run Behavior\CheckLangBehavior [ RunTime:0.002461s ]
INFO: [ app_begin ] --END-- [ RunTime:0.003422s ]
INFO: [ app_end ] --START--
INFO: Run Behavior\ShowPageTraceBehavior [ RunTime:0.001848s ]
INFO: [ app_end ] --END-- [ RunTime:0.002050s ]

[ 2015-12-09T14:35:25+08:00 ] 127.0.0.1 /Home/Index/run
INFO: [ app_init ] --START--
INFO: Run Behavior\BuildLiteBehavior [ RunTime:0.000039s ]
INFO: [ app_init ] --END-- [ RunTime:0.000903s ]
INFO: [ app_begin ] --START--
INFO: Run Behavior\ReadHtmlCacheBehavior [ RunTime:0.001224s ]
INFO: Run Behavior\CheckLangBehavior [ RunTime:0.002954s ]
INFO: [ app_begin ] --END-- [ RunTime:0.004433s ]
INFO: [ app_end ] --START--
INFO: Run Behavior\ShowPageTraceBehavior [ RunTime:0.001599s ]
INFO: [ app_end ] --END-- [ RunTime:0.001814s ]

[ 2015-12-09T14:35:27+08:00 ] 127.0.0.1 /Home/Server
INFO: [ app_init ] --START--
INFO: Run Behavior\BuildLiteBehavior [ RunTime:0.000027s ]
INFO: [ app_init ] --END-- [ RunTime:0.000656s ]
INFO: [ app_begin ] --START--
INFO: Run Behavior\ReadHtmlCacheBehavior [ RunTime:0.000778s ]
INFO: Run Behavior\CheckLangBehavior [ RunTime:0.002665s ]
INFO: [ app_begin ] --END-- [ RunTime:0.003650s ]
INFO: [ app_end ] --START--
INFO: Run Behavior\ShowPageTraceBehavior [ RunTime:0.000787s ]
INFO: [ app_end ] --END-- [ RunTime:0.000919s ]

[ 2015-12-09T14:35:27+08:00 ] 127.0.0.1 /Home/Index/run
INFO: [ app_init ] --START--
INFO: Run Behavior\BuildLiteBehavior [ RunTime:0.000047s ]
INFO: [ app_init ] --END-- [ RunTime:0.001061s ]
INFO: [ app_begin ] --START--
INFO: Run Behavior\ReadHtmlCacheBehavior [ RunTime:0.001346s ]
INFO: Run Behavior\CheckLangBehavior [ RunTime:0.003292s ]
INFO: [ app_begin ] --END-- [ RunTime:0.005044s ]
INFO: [ app_end ] --START--
INFO: Run Behavior\ShowPageTraceBehavior [ RunTime:0.000990s ]
INFO: [ app_end ] --END-- [ RunTime:0.001132s ]

[ 2015-12-09T14:35:43+08:00 ] 127.0.0.1 /Home/Server
INFO: [ app_init ] --START--
INFO: Run Behavior\BuildLiteBehavior [ RunTime:0.000038s ]
INFO: [ app_init ] --END-- [ RunTime:0.000564s ]
INFO: [ app_begin ] --START--
INFO: Run Behavior\ReadHtmlCacheBehavior [ RunTime:0.000736s ]
INFO: Run Behavior\CheckLangBehavior [ RunTime:0.002432s ]
INFO: [ app_begin ] --END-- [ RunTime:0.003354s ]
INFO: [ app_end ] --START--
INFO: Run Behavior\ShowPageTraceBehavior [ RunTime:0.000824s ]
INFO: [ app_end ] --END-- [ RunTime:0.000947s ]

[ 2015-12-09T14:35:43+08:00 ] 127.0.0.1 /Home/Index/run
INFO: [ app_init ] --START--
INFO: Run Behavior\BuildLiteBehavior [ RunTime:0.000038s ]
INFO: [ app_init ] --END-- [ RunTime:0.000875s ]
INFO: [ app_begin ] --START--
INFO: Run Behavior\ReadHtmlCacheBehavior [ RunTime:0.001657s ]
INFO: Run Behavior\CheckLangBehavior [ RunTime:0.003798s ]
INFO: [ app_begin ] --END-- [ RunTime:0.005842s ]
INFO: [ app_end ] --START--
INFO: Run Behavior\ShowPageTraceBehavior [ RunTime:0.000895s ]
INFO: [ app_end ] --END-- [ RunTime:0.001065s ]

[ 2015-12-09T14:35:45+08:00 ] 127.0.0.1 /Home/Server
INFO: [ app_init ] --START--
INFO: Run Behavior\BuildLiteBehavior [ RunTime:0.000026s ]
INFO: [ app_init ] --END-- [ RunTime:0.000574s ]
INFO: [ app_begin ] --START--
INFO: Run Behavior\ReadHtmlCacheBehavior [ RunTime:0.000738s ]
INFO: Run Behavior\CheckLangBehavior [ RunTime:0.002502s ]
INFO: [ app_begin ] --END-- [ RunTime:0.003449s ]
INFO: [ app_end ] --START--
INFO: Run Behavior\ShowPageTraceBehavior [ RunTime:0.000821s ]
INFO: [ app_end ] --END-- [ RunTime:0.000942s ]

[ 2015-12-09T14:35:45+08:00 ] 127.0.0.1 /Home/Index/run
INFO: [ app_init ] --START--
INFO: Run Behavior\BuildLiteBehavior [ RunTime:0.000041s ]
INFO: [ app_init ] --END-- [ RunTime:0.000999s ]
INFO: [ app_begin ] --START--
INFO: Run Behavior\ReadHtmlCacheBehavior [ RunTime:0.001164s ]
INFO: Run Behavior\CheckLangBehavior [ RunTime:0.003951s ]
INFO: [ app_begin ] --END-- [ RunTime:0.005416s ]
INFO: [ app_end ] --START--
INFO: Run Behavior\ShowPageTraceBehavior [ RunTime:0.000842s ]
INFO: [ app_end ] --END-- [ RunTime:0.000971s ]

[ 2015-12-09T14:35:50+08:00 ] 127.0.0.1 /Home/Server
INFO: [ app_init ] --START--
INFO: Run Behavior\BuildLiteBehavior [ RunTime:0.000038s ]
INFO: [ app_init ] --END-- [ RunTime:0.000603s ]
INFO: [ app_begin ] --START--
INFO: Run Behavior\ReadHtmlCacheBehavior [ RunTime:0.001113s ]
INFO: Run Behavior\CheckLangBehavior [ RunTime:0.002413s ]
INFO: [ app_begin ] --END-- [ RunTime:0.003807s ]
INFO: [ app_end ] --START--
INFO: Run Behavior\ShowPageTraceBehavior [ RunTime:0.000936s ]
INFO: [ app_end ] --END-- [ RunTime:0.001078s ]

[ 2015-12-09T14:35:50+08:00 ] 127.0.0.1 /Home/Index/run
INFO: [ app_init ] --START--
INFO: Run Behavior\BuildLiteBehavior [ RunTime:0.000080s ]
INFO: [ app_init ] --END-- [ RunTime:0.001947s ]
INFO: [ app_begin ] --START--
INFO: Run Behavior\ReadHtmlCacheBehavior [ RunTime:0.001335s ]
INFO: Run Behavior\CheckLangBehavior [ RunTime:0.005036s ]
INFO: [ app_begin ] --END-- [ RunTime:0.006766s ]
INFO: [ app_end ] --START--
INFO: Run Behavior\ShowPageTraceBehavior [ RunTime:0.000996s ]
INFO: [ app_end ] --END-- [ RunTime:0.001174s ]

[ 2015-12-09T14:35:58+08:00 ] 127.0.0.1 /Home/Server
INFO: [ app_init ] --START--
INFO: Run Behavior\BuildLiteBehavior [ RunTime:0.000052s ]
INFO: [ app_init ] --END-- [ RunTime:0.000936s ]
INFO: [ app_begin ] --START--
INFO: Run Behavior\ReadHtmlCacheBehavior [ RunTime:0.001101s ]
INFO: Run Behavior\CheckLangBehavior [ RunTime:0.003909s ]
INFO: [ app_begin ] --END-- [ RunTime:0.005343s ]
INFO: [ app_end ] --START--
INFO: Run Behavior\ShowPageTraceBehavior [ RunTime:0.000857s ]
INFO: [ app_end ] --END-- [ RunTime:0.001000s ]

[ 2015-12-09T14:35:58+08:00 ] 127.0.0.1 /Home/Index/run
INFO: [ app_init ] --START--
INFO: Run Behavior\BuildLiteBehavior [ RunTime:0.000029s ]
INFO: [ app_init ] --END-- [ RunTime:0.000803s ]
INFO: [ app_begin ] --START--
INFO: Run Behavior\ReadHtmlCacheBehavior [ RunTime:0.000723s ]
INFO: Run Behavior\CheckLangBehavior [ RunTime:0.002432s ]
INFO: [ app_begin ] --END-- [ RunTime:0.003358s ]
INFO: [ app_end ] --START--
INFO: Run Behavior\ShowPageTraceBehavior [ RunTime:0.001242s ]
INFO: [ app_end ] --END-- [ RunTime:0.001521s ]

[ 2015-12-09T14:36:38+08:00 ] 127.0.0.1 /Home/Server
INFO: [ app_init ] --START--
INFO: Run Behavior\BuildLiteBehavior [ RunTime:0.000031s ]
INFO: [ app_init ] --END-- [ RunTime:0.000622s ]
INFO: [ app_begin ] --START--
INFO: Run Behavior\ReadHtmlCacheBehavior [ RunTime:0.000716s ]
INFO: Run Behavior\CheckLangBehavior [ RunTime:0.002623s ]
INFO: [ app_begin ] --END-- [ RunTime:0.003548s ]
INFO: [ app_end ] --START--
INFO: Run Behavior\ShowPageTraceBehavior [ RunTime:0.000809s ]
INFO: [ app_end ] --END-- [ RunTime:0.000948s ]

[ 2015-12-09T14:36:38+08:00 ] 127.0.0.1 /Home/Index/run
INFO: [ app_init ] --START--
INFO: Run Behavior\BuildLiteBehavior [ RunTime:0.000033s ]
INFO: [ app_init ] --END-- [ RunTime:0.000680s ]
INFO: [ app_begin ] --START--
INFO: Run Behavior\ReadHtmlCacheBehavior [ RunTime:0.001148s ]
INFO: Run Behavior\CheckLangBehavior [ RunTime:0.003012s ]
INFO: [ app_begin ] --END-- [ RunTime:0.004448s ]
INFO: [ app_end ] --START--
INFO: Run Behavior\ShowPageTraceBehavior [ RunTime:0.000913s ]
INFO: [ app_end ] --END-- [ RunTime:0.001044s ]

[ 2015-12-09T14:36:48+08:00 ] 127.0.0.1 /Home/Server
INFO: [ app_init ] --START--
INFO: Run Behavior\BuildLiteBehavior [ RunTime:0.000028s ]
INFO: [ app_init ] --END-- [ RunTime:0.000629s ]
INFO: [ app_begin ] --START--
INFO: Run Behavior\ReadHtmlCacheBehavior [ RunTime:0.000773s ]
INFO: Run Behavior\CheckLangBehavior [ RunTime:0.002580s ]
INFO: [ app_begin ] --END-- [ RunTime:0.003560s ]
INFO: [ app_end ] --START--
INFO: Run Behavior\ShowPageTraceBehavior [ RunTime:0.000805s ]
INFO: [ app_end ] --END-- [ RunTime:0.000937s ]

[ 2015-12-09T14:36:48+08:00 ] 127.0.0.1 /Home/Index/run
INFO: [ app_init ] --START--
INFO: Run Behavior\BuildLiteBehavior [ RunTime:0.000046s ]
INFO: [ app_init ] --END-- [ RunTime:0.000921s ]
INFO: [ app_begin ] --START--
INFO: Run Behavior\ReadHtmlCacheBehavior [ RunTime:0.000755s ]
INFO: Run Behavior\CheckLangBehavior [ RunTime:0.002520s ]
INFO: [ app_begin ] --END-- [ RunTime:0.003506s ]
INFO: [ app_end ] --START--
INFO: Run Behavior\ShowPageTraceBehavior [ RunTime:0.001045s ]
INFO: [ app_end ] --END-- [ RunTime:0.001217s ]

[ 2015-12-09T14:37:10+08:00 ] 127.0.0.1 /Home/Server
INFO: [ app_init ] --START--
INFO: Run Behavior\BuildLiteBehavior [ RunTime:0.000030s ]
INFO: [ app_init ] --END-- [ RunTime:0.000622s ]
INFO: [ app_begin ] --START--
INFO: Run Behavior\ReadHtmlCacheBehavior [ RunTime:0.000780s ]
INFO: Run Behavior\CheckLangBehavior [ RunTime:0.002858s ]
INFO: [ app_begin ] --END-- [ RunTime:0.003873s ]
INFO: [ app_end ] --START--
INFO: Run Behavior\ShowPageTraceBehavior [ RunTime:0.000826s ]
INFO: [ app_end ] --END-- [ RunTime:0.000947s ]

[ 2015-12-09T14:37:10+08:00 ] 127.0.0.1 /Home/Index/run
INFO: [ app_init ] --START--
INFO: Run Behavior\BuildLiteBehavior [ RunTime:0.000030s ]
INFO: [ app_init ] --END-- [ RunTime:0.000687s ]
INFO: [ app_begin ] --START--
INFO: Run Behavior\ReadHtmlCacheBehavior [ RunTime:0.000795s ]
INFO: Run Behavior\CheckLangBehavior [ RunTime:0.003736s ]
INFO: [ app_begin ] --END-- [ RunTime:0.004766s ]
INFO: [ app_end ] --START--
INFO: Run Behavior\ShowPageTraceBehavior [ RunTime:0.000900s ]
INFO: [ app_end ] --END-- [ RunTime:0.001028s ]

[ 2015-12-09T14:49:16+08:00 ] 127.0.0.1 /Home/Server
INFO: [ app_init ] --START--
INFO: Run Behavior\BuildLiteBehavior [ RunTime:0.000027s ]
INFO: [ app_init ] --END-- [ RunTime:0.000597s ]
INFO: [ app_begin ] --START--
INFO: Run Behavior\ReadHtmlCacheBehavior [ RunTime:0.000821s ]
INFO: Run Behavior\CheckLangBehavior [ RunTime:0.002385s ]
INFO: [ app_begin ] --END-- [ RunTime:0.003391s ]
INFO: [ app_end ] --START--
INFO: Run Behavior\ShowPageTraceBehavior [ RunTime:0.000852s ]
INFO: [ app_end ] --END-- [ RunTime:0.000981s ]

[ 2015-12-09T14:49:16+08:00 ] 127.0.0.1 /Home/Index/run
INFO: [ app_init ] --START--
INFO: Run Behavior\BuildLiteBehavior [ RunTime:0.000035s ]
INFO: [ app_init ] --END-- [ RunTime:0.000795s ]
INFO: [ app_begin ] --START--
INFO: Run Behavior\ReadHtmlCacheBehavior [ RunTime:0.001039s ]
INFO: Run Behavior\CheckLangBehavior [ RunTime:0.003235s ]
INFO: [ app_begin ] --END-- [ RunTime:0.004535s ]
INFO: [ app_end ] --START--
INFO: Run Behavior\ShowPageTraceBehavior [ RunTime:0.000900s ]
INFO: [ app_end ] --END-- [ RunTime:0.001025s ]

[ 2015-12-09T14:49:53+08:00 ] 127.0.0.1 /Home/Server
INFO: [ app_init ] --START--
INFO: Run Behavior\BuildLiteBehavior [ RunTime:0.000033s ]
INFO: [ app_init ] --END-- [ RunTime:0.000681s ]
INFO: [ app_begin ] --START--
INFO: Run Behavior\ReadHtmlCacheBehavior [ RunTime:0.000820s ]
INFO: Run Behavior\CheckLangBehavior [ RunTime:0.002623s ]
INFO: [ app_begin ] --END-- [ RunTime:0.003647s ]
SQL: SHOW COLUMNS FROM `users` [ RunTime:0.0042s ]
INFO: [ app_end ] --START--
INFO: Run Behavior\ShowPageTraceBehavior [ RunTime:0.000857s ]
INFO: [ app_end ] --END-- [ RunTime:0.001033s ]

[ 2015-12-09T14:49:53+08:00 ] 127.0.0.1 /Home/Index/run
INFO: [ app_init ] --START--
INFO: Run Behavior\BuildLiteBehavior [ RunTime:0.000034s ]
INFO: [ app_init ] --END-- [ RunTime:0.000766s ]
INFO: [ app_begin ] --START--
INFO: Run Behavior\ReadHtmlCacheBehavior [ RunTime:0.000919s ]
INFO: Run Behavior\CheckLangBehavior [ RunTime:0.003057s ]
INFO: [ app_begin ] --END-- [ RunTime:0.004210s ]
ERR: SQLSTATE[HY000]: General error: property queryString is read only

[ 2015-12-09T14:50:21+08:00 ] 127.0.0.1 /Home/Server
INFO: [ app_init ] --START--
INFO: Run Behavior\BuildLiteBehavior [ RunTime:0.000030s ]
INFO: [ app_init ] --END-- [ RunTime:0.000672s ]
INFO: [ app_begin ] --START--
INFO: Run Behavior\ReadHtmlCacheBehavior [ RunTime:0.000837s ]
INFO: Run Behavior\CheckLangBehavior [ RunTime:0.002492s ]
INFO: [ app_begin ] --END-- [ RunTime:0.003543s ]
SQL: SHOW COLUMNS FROM `users` [ RunTime:0.0038s ]
INFO: [ app_end ] --START--
INFO: Run Behavior\ShowPageTraceBehavior [ RunTime:0.000848s ]
INFO: [ app_end ] --END-- [ RunTime:0.000983s ]

[ 2015-12-09T14:50:21+08:00 ] 127.0.0.1 /Home/Index/run
INFO: [ app_init ] --START--
INFO: Run Behavior\BuildLiteBehavior [ RunTime:0.000026s ]
INFO: [ app_init ] --END-- [ RunTime:0.000550s ]
INFO: [ app_begin ] --START--
INFO: Run Behavior\ReadHtmlCacheBehavior [ RunTime:0.000802s ]
INFO: Run Behavior\CheckLangBehavior [ RunTime:0.002693s ]
INFO: [ app_begin ] --END-- [ RunTime:0.003712s ]
SQL: SHOW COLUMNS FROM `users` [ RunTime:0.0042s ]
ERR: SQLSTATE[HY000]: General error: property queryString is read only

[ 2015-12-09T14:50:43+08:00 ] 127.0.0.1 /Home/Server
INFO: [ app_init ] --START--
INFO: Run Behavior\BuildLiteBehavior [ RunTime:0.000025s ]
INFO: [ app_init ] --END-- [ RunTime:0.000540s ]
INFO: [ app_begin ] --START--
INFO: Run Behavior\ReadHtmlCacheBehavior [ RunTime:0.000772s ]
INFO: Run Behavior\CheckLangBehavior [ RunTime:0.003133s ]
INFO: [ app_begin ] --END-- [ RunTime:0.004110s ]
INFO: [ app_end ] --START--
INFO: Run Behavior\ShowPageTraceBehavior [ RunTime:0.000789s ]
INFO: [ app_end ] --END-- [ RunTime:0.000911s ]

[ 2015-12-09T14:50:43+08:00 ] 127.0.0.1 /Home/Index/run
INFO: [ app_init ] --START--
INFO: Run Behavior\BuildLiteBehavior [ RunTime:0.000025s ]
INFO: [ app_init ] --END-- [ RunTime:0.000617s ]
INFO: [ app_begin ] --START--
INFO: Run Behavior\ReadHtmlCacheBehavior [ RunTime:0.000784s ]
INFO: Run Behavior\CheckLangBehavior [ RunTime:0.002525s ]
INFO: [ app_begin ] --END-- [ RunTime:0.003494s ]
INFO: [ app_end ] --START--
INFO: Run Behavior\ShowPageTraceBehavior [ RunTime:0.000903s ]
INFO: [ app_end ] --END-- [ RunTime:0.001027s ]

[ 2015-12-09T14:51:02+08:00 ] 127.0.0.1 /Home/Server
INFO: [ app_init ] --START--
INFO: Run Behavior\BuildLiteBehavior [ RunTime:0.000026s ]
INFO: [ app_init ] --END-- [ RunTime:0.000564s ]
INFO: [ app_begin ] --START--
INFO: Run Behavior\ReadHtmlCacheBehavior [ RunTime:0.000884s ]
INFO: Run Behavior\CheckLangBehavior [ RunTime:0.002987s ]
INFO: [ app_begin ] --END-- [ RunTime:0.004078s ]
INFO: [ app_end ] --START--
INFO: Run Behavior\ShowPageTraceBehavior [ RunTime:0.000823s ]
INFO: [ app_end ] --END-- [ RunTime:0.000946s ]

[ 2015-12-09T14:51:02+08:00 ] 127.0.0.1 /Home/Index/run
INFO: [ app_init ] --START--
INFO: Run Behavior\BuildLiteBehavior [ RunTime:0.000099s ]
INFO: [ app_init ] --END-- [ RunTime:0.001360s ]
INFO: [ app_begin ] --START--
INFO: Run Behavior\ReadHtmlCacheBehavior [ RunTime:0.001169s ]
INFO: Run Behavior\CheckLangBehavior [ RunTime:0.003725s ]
INFO: [ app_begin ] --END-- [ RunTime:0.005193s ]
INFO: [ app_end ] --START--
INFO: Run Behavior\ShowPageTraceBehavior [ RunTime:0.001065s ]
INFO: [ app_end ] --END-- [ RunTime:0.001233s ]

[ 2015-12-09T14:51:16+08:00 ] 127.0.0.1 /Home/Server
INFO: [ app_init ] --START--
INFO: Run Behavior\BuildLiteBehavior [ RunTime:0.000027s ]
INFO: [ app_init ] --END-- [ RunTime:0.000509s ]
INFO: [ app_begin ] --START--
INFO: Run Behavior\ReadHtmlCacheBehavior [ RunTime:0.000759s ]
INFO: Run Behavior\CheckLangBehavior [ RunTime:0.003596s ]
INFO: [ app_begin ] --END-- [ RunTime:0.004631s ]
INFO: [ app_end ] --START--
INFO: Run Behavior\ShowPageTraceBehavior [ RunTime:0.000905s ]
INFO: [ app_end ] --END-- [ RunTime:0.001031s ]

[ 2015-12-09T14:51:16+08:00 ] 127.0.0.1 /Home/Index/run
INFO: [ app_init ] --START--
INFO: Run Behavior\BuildLiteBehavior [ RunTime:0.000028s ]
INFO: [ app_init ] --END-- [ RunTime:0.000566s ]
INFO: [ app_begin ] --START--
INFO: Run Behavior\ReadHtmlCacheBehavior [ RunTime:0.000832s ]
INFO: Run Behavior\CheckLangBehavior [ RunTime:0.002743s ]
INFO: [ app_begin ] --END-- [ RunTime:0.003812s ]
INFO: [ app_end ] --START--
INFO: Run Behavior\ShowPageTraceBehavior [ RunTime:0.001356s ]
INFO: [ app_end ] --END-- [ RunTime:0.001567s ]

[ 2015-12-09T14:51:42+08:00 ] 127.0.0.1 /Home/Server
INFO: [ app_init ] --START--
INFO: Run Behavior\BuildLiteBehavior [ RunTime:0.000026s ]
INFO: [ app_init ] --END-- [ RunTime:0.000580s ]
INFO: [ app_begin ] --START--
INFO: Run Behavior\ReadHtmlCacheBehavior [ RunTime:0.000766s ]
INFO: Run Behavior\CheckLangBehavior [ RunTime:0.002385s ]
INFO: [ app_begin ] --END-- [ RunTime:0.003338s ]
INFO: [ app_end ] --START--
INFO: Run Behavior\ShowPageTraceBehavior [ RunTime:0.000879s ]
INFO: [ app_end ] --END-- [ RunTime:0.001006s ]

[ 2015-12-09T14:51:42+08:00 ] 127.0.0.1 /Home/Index/run
INFO: [ app_init ] --START--
INFO: Run Behavior\BuildLiteBehavior [ RunTime:0.000037s ]
INFO: [ app_init ] --END-- [ RunTime:0.001037s ]
INFO: [ app_begin ] --START--
INFO: Run Behavior\ReadHtmlCacheBehavior [ RunTime:0.000846s ]
INFO: Run Behavior\CheckLangBehavior [ RunTime:0.002745s ]
INFO: [ app_begin ] --END-- [ RunTime:0.003815s ]
ERR: SQLSTATE[42S02]: Base table or view not found: 1146 Table 'newnoobird.user' doesn't exist
file: E:\Wnmp\noobird\ThinkPHP\Library\Think\Db\Driver.class.php
line: 169
trace: #0 E:\Wnmp\noobird\ThinkPHP\Library\Think\Db\Driver.class.php(169): PDOStatement->execute()
#1 E:\Wnmp\noobird\ThinkPHP\Library\Think\Db\Driver\Mysql.class.php(56): Think\Db\Driver->query('SHOW COLUMNS FR...')
#2 E:\Wnmp\noobird\ThinkPHP\Library\Think\Model.class.php(134): Think\Db\Driver\Mysql->getFields('user')
#3 E:\Wnmp\noobird\ThinkPHP\Library\Think\Model.class.php(122): Think\Model->flush()
#4 E:\Wnmp\noobird\ThinkPHP\Library\Think\Model.class.php(1434): Think\Model->_checkTableInfo()
#5 E:\Wnmp\noobird\ThinkPHP\Library\Think\Model.class.php(97): Think\Model->db(0, '', true)
#6 E:\Wnmp\noobird\ThinkPHP\Common\functions.php(621): Think\Model->__construct('User', '', '')
#7 E:\Wnmp\noobird\Application\Home\Controller\ServerController.class.php(19): M('User')
#8 [internal function]: Home\Controller\ServerController->test()
#9 E:\Wnmp\noobird\ThinkPHP\Library\Vendor\Hprose\HproseHttpServer.php(185): call_user_func_array(Array, Array)
#10 E:\Wnmp\noobird\ThinkPHP\Library\Vendor\Hprose\HproseHttpServer.php(461): HproseHttpServer->doInvoke()
#11 E:\Wnmp\noobird\ThinkPHP\Library\Vendor\Hprose\HproseHttpServer.php(480): HproseHttpServer->handle()
#12 E:\Wnmp\noobird\ThinkPHP\Library\Think\Controller\HproseController.class.php(50): HproseHttpServer->start()
#13 E:\Wnmp\noobird\ThinkPHP\Common\functions.php(681): Think\Controller\HproseController->__construct()
#14 E:\Wnmp\noobird\ThinkPHP\Library\Think\App.class.php(89): controller('Server', '')
#15 E:\Wnmp\noobird\ThinkPHP\Library\Think\App.class.php(202): Think\App::exec()
#16 E:\Wnmp\noobird\ThinkPHP\Library\Think\Think.class.php(120): Think\App::run()
#17 E:\Wnmp\noobird\ThinkPHP\ThinkPHP.php(97): Think\Think::start()
#18 E:\Wnmp\noobird\index.php(27): require('E:\\Wnmp\\noobird...')
#19 {main}

[ 2015-12-09T14:52:24+08:00 ] 127.0.0.1 /Home/Server
INFO: [ app_init ] --START--
INFO: Run Behavior\BuildLiteBehavior [ RunTime:0.000026s ]
INFO: [ app_init ] --END-- [ RunTime:0.000593s ]
INFO: [ app_begin ] --START--
INFO: Run Behavior\ReadHtmlCacheBehavior [ RunTime:0.000763s ]
INFO: Run Behavior\CheckLangBehavior [ RunTime:0.003352s ]
INFO: [ app_begin ] --END-- [ RunTime:0.004310s ]
INFO: [ app_end ] --START--
INFO: Run Behavior\ShowPageTraceBehavior [ RunTime:0.000879s ]
INFO: [ app_end ] --END-- [ RunTime:0.001012s ]

[ 2015-12-09T14:52:25+08:00 ] 127.0.0.1 /Home/Index/run
INFO: [ app_init ] --START--
INFO: Run Behavior\BuildLiteBehavior [ RunTime:0.000043s ]
INFO: [ app_init ] --END-- [ RunTime:0.001115s ]
INFO: [ app_begin ] --START--
INFO: Run Behavior\ReadHtmlCacheBehavior [ RunTime:0.001269s ]
INFO: Run Behavior\CheckLangBehavior [ RunTime:0.003935s ]
INFO: [ app_begin ] --END-- [ RunTime:0.005534s ]
ERR: SQLSTATE[42S02]: Base table or view not found: 1146 Table 'newnoobird.user' doesn't exist
file: E:\Wnmp\noobird\ThinkPHP\Library\Think\Db\Driver.class.php
line: 169
trace: #0 E:\Wnmp\noobird\ThinkPHP\Library\Think\Db\Driver.class.php(169): PDOStatement->execute()
#1 E:\Wnmp\noobird\ThinkPHP\Library\Think\Db\Driver\Mysql.class.php(56): Think\Db\Driver->query('SHOW COLUMNS FR...')
#2 E:\Wnmp\noobird\ThinkPHP\Library\Think\Model.class.php(134): Think\Db\Driver\Mysql->getFields('user')
#3 E:\Wnmp\noobird\ThinkPHP\Library\Think\Model.class.php(122): Think\Model->flush()
#4 E:\Wnmp\noobird\ThinkPHP\Library\Think\Model.class.php(1434): Think\Model->_checkTableInfo()
#5 E:\Wnmp\noobird\ThinkPHP\Library\Think\Model.class.php(97): Think\Model->db(0, '', true)
#6 E:\Wnmp\noobird\ThinkPHP\Common\functions.php(621): Think\Model->__construct('User', '', '')
#7 E:\Wnmp\noobird\Application\Home\Controller\ServerController.class.php(19): M('User')
#8 [internal function]: Home\Controller\ServerController->test()
#9 E:\Wnmp\noobird\ThinkPHP\Library\Vendor\Hprose\HproseHttpServer.php(185): call_user_func_array(Array, Array)
#10 E:\Wnmp\noobird\ThinkPHP\Library\Vendor\Hprose\HproseHttpServer.php(461): HproseHttpServer->doInvoke()
#11 E:\Wnmp\noobird\ThinkPHP\Library\Vendor\Hprose\HproseHttpServer.php(480): HproseHttpServer->handle()
#12 E:\Wnmp\noobird\ThinkPHP\Library\Think\Controller\HproseController.class.php(50): HproseHttpServer->start()
#13 E:\Wnmp\noobird\ThinkPHP\Common\functions.php(681): Think\Controller\HproseController->__construct()
#14 E:\Wnmp\noobird\ThinkPHP\Library\Think\App.class.php(89): controller('Server', '')
#15 E:\Wnmp\noobird\ThinkPHP\Library\Think\App.class.php(202): Think\App::exec()
#16 E:\Wnmp\noobird\ThinkPHP\Library\Think\Think.class.php(120): Think\App::run()
#17 E:\Wnmp\noobird\ThinkPHP\ThinkPHP.php(97): Think\Think::start()
#18 E:\Wnmp\noobird\index.php(27): require('E:\\Wnmp\\noobird...')
#19 {main}

[ 2015-12-09T14:52:33+08:00 ] 127.0.0.1 /Home/Server
INFO: [ app_init ] --START--
INFO: Run Behavior\BuildLiteBehavior [ RunTime:0.000026s ]
INFO: [ app_init ] --END-- [ RunTime:0.000584s ]
INFO: [ app_begin ] --START--
INFO: Run Behavior\ReadHtmlCacheBehavior [ RunTime:0.000740s ]
INFO: Run Behavior\CheckLangBehavior [ RunTime:0.002432s ]
INFO: [ app_begin ] --END-- [ RunTime:0.003359s ]
INFO: [ app_end ] --START--
INFO: Run Behavior\ShowPageTraceBehavior [ RunTime:0.000877s ]
INFO: [ app_end ] --END-- [ RunTime:0.001002s ]

[ 2015-12-09T14:52:33+08:00 ] 127.0.0.1 /Home/Index/run
INFO: [ app_init ] --START--
INFO: Run Behavior\BuildLiteBehavior [ RunTime:0.000036s ]
INFO: [ app_init ] --END-- [ RunTime:0.000802s ]
INFO: [ app_begin ] --START--
INFO: Run Behavior\ReadHtmlCacheBehavior [ RunTime:0.002876s ]
INFO: Run Behavior\CheckLangBehavior [ RunTime:0.003783s ]
INFO: [ app_begin ] --END-- [ RunTime:0.006969s ]
ERR: SQLSTATE[42S02]: Base table or view not found: 1146 Table 'newnoobird.user' doesn't exist
file: E:\Wnmp\noobird\ThinkPHP\Library\Think\Db\Driver.class.php
line: 169
trace: #0 E:\Wnmp\noobird\ThinkPHP\Library\Think\Db\Driver.class.php(169): PDOStatement->execute()
#1 E:\Wnmp\noobird\ThinkPHP\Library\Think\Db\Driver\Mysql.class.php(56): Think\Db\Driver->query('SHOW COLUMNS FR...')
#2 E:\Wnmp\noobird\ThinkPHP\Library\Think\Model.class.php(134): Think\Db\Driver\Mysql->getFields('user')
#3 E:\Wnmp\noobird\ThinkPHP\Library\Think\Model.class.php(122): Think\Model->flush()
#4 E:\Wnmp\noobird\ThinkPHP\Library\Think\Model.class.php(1434): Think\Model->_checkTableInfo()
#5 E:\Wnmp\noobird\ThinkPHP\Library\Think\Model.class.php(97): Think\Model->db(0, '', true)
#6 E:\Wnmp\noobird\ThinkPHP\Common\functions.php(621): Think\Model->__construct('User', '', '')
#7 E:\Wnmp\noobird\Application\Home\Controller\ServerController.class.php(19): M('User')
#8 [internal function]: Home\Controller\ServerController->test()
#9 E:\Wnmp\noobird\ThinkPHP\Library\Vendor\Hprose\HproseHttpServer.php(185): call_user_func_array(Array, Array)
#10 E:\Wnmp\noobird\ThinkPHP\Library\Vendor\Hprose\HproseHttpServer.php(461): HproseHttpServer->doInvoke()
#11 E:\Wnmp\noobird\ThinkPHP\Library\Vendor\Hprose\HproseHttpServer.php(480): HproseHttpServer->handle()
#12 E:\Wnmp\noobird\ThinkPHP\Library\Think\Controller\HproseController.class.php(50): HproseHttpServer->start()
#13 E:\Wnmp\noobird\ThinkPHP\Common\functions.php(681): Think\Controller\HproseController->__construct()
#14 E:\Wnmp\noobird\ThinkPHP\Library\Think\App.class.php(89): controller('Server', '')
#15 E:\Wnmp\noobird\ThinkPHP\Library\Think\App.class.php(202): Think\App::exec()
#16 E:\Wnmp\noobird\ThinkPHP\Library\Think\Think.class.php(120): Think\App::run()
#17 E:\Wnmp\noobird\ThinkPHP\ThinkPHP.php(97): Think\Think::start()
#18 E:\Wnmp\noobird\index.php(27): require('E:\\Wnmp\\noobird...')
#19 {main}

[ 2015-12-09T14:53:09+08:00 ] 127.0.0.1 /Home/Server
INFO: [ app_init ] --START--
INFO: Run Behavior\BuildLiteBehavior [ RunTime:0.000025s ]
INFO: [ app_init ] --END-- [ RunTime:0.000620s ]
INFO: [ app_begin ] --START--
INFO: Run Behavior\ReadHtmlCacheBehavior [ RunTime:0.000746s ]
INFO: Run Behavior\CheckLangBehavior [ RunTime:0.002619s ]
INFO: [ app_begin ] --END-- [ RunTime:0.003597s ]
INFO: [ app_end ] --START--
INFO: Run Behavior\ShowPageTraceBehavior [ RunTime:0.001649s ]
INFO: [ app_end ] --END-- [ RunTime:0.001966s ]

[ 2015-12-09T14:53:09+08:00 ] 127.0.0.1 /Home/Index/run
INFO: [ app_init ] --START--
INFO: Run Behavior\BuildLiteBehavior [ RunTime:0.000049s ]
INFO: [ app_init ] --END-- [ RunTime:0.001015s ]
INFO: [ app_begin ] --START--
INFO: Run Behavior\ReadHtmlCacheBehavior [ RunTime:0.000805s ]
INFO: Run Behavior\CheckLangBehavior [ RunTime:0.002741s ]
INFO: [ app_begin ] --END-- [ RunTime:0.003781s ]
INFO: [ app_end ] --START--
INFO: Run Behavior\ShowPageTraceBehavior [ RunTime:0.000949s ]
INFO: [ app_end ] --END-- [ RunTime:0.001161s ]

[ 2015-12-09T14:53:11+08:00 ] 127.0.0.1 /Home/Server
INFO: [ app_init ] --START--
INFO: Run Behavior\BuildLiteBehavior [ RunTime:0.000047s ]
INFO: [ app_init ] --END-- [ RunTime:0.001054s ]
INFO: [ app_begin ] --START--
INFO: Run Behavior\ReadHtmlCacheBehavior [ RunTime:0.001374s ]
INFO: Run Behavior\CheckLangBehavior [ RunTime:0.004835s ]
INFO: [ app_begin ] --END-- [ RunTime:0.006568s ]
INFO: [ app_end ] --START--
INFO: Run Behavior\ShowPageTraceBehavior [ RunTime:0.001504s ]
INFO: [ app_end ] --END-- [ RunTime:0.001745s ]

[ 2015-12-09T14:53:11+08:00 ] 127.0.0.1 /Home/Index/run
INFO: [ app_init ] --START--
INFO: Run Behavior\BuildLiteBehavior [ RunTime:0.000046s ]
INFO: [ app_init ] --END-- [ RunTime:0.000989s ]
INFO: [ app_begin ] --START--
INFO: Run Behavior\ReadHtmlCacheBehavior [ RunTime:0.001321s ]
INFO: Run Behavior\CheckLangBehavior [ RunTime:0.005771s ]
INFO: [ app_begin ] --END-- [ RunTime:0.007455s ]
INFO: [ app_end ] --START--
INFO: Run Behavior\ShowPageTraceBehavior [ RunTime:0.000883s ]
INFO: [ app_end ] --END-- [ RunTime:0.001012s ]

[ 2015-12-09T14:53:43+08:00 ] 127.0.0.1 /Home/Index/index
INFO: [ app_init ] --START--
INFO: Run Behavior\BuildLiteBehavior [ RunTime:0.000026s ]
INFO: [ app_init ] --END-- [ RunTime:0.000603s ]
INFO: [ app_begin ] --START--
INFO: Run Behavior\ReadHtmlCacheBehavior [ RunTime:0.000799s ]
INFO: Run Behavior\CheckLangBehavior [ RunTime:0.002382s ]
INFO: [ app_begin ] --END-- [ RunTime:0.003364s ]
SQL: SHOW COLUMNS FROM `users` [ RunTime:0.0048s ]
INFO: [ app_end ] --START--
INFO: Run Behavior\ShowPageTraceBehavior [ RunTime:0.000899s ]
INFO: [ app_end ] --END-- [ RunTime:0.001050s ]

[ 2015-12-09T14:53:53+08:00 ] 127.0.0.1 /Home/Server
INFO: [ app_init ] --START--
INFO: Run Behavior\BuildLiteBehavior [ RunTime:0.000045s ]
INFO: [ app_init ] --END-- [ RunTime:0.000674s ]
INFO: [ app_begin ] --START--
INFO: Run Behavior\ReadHtmlCacheBehavior [ RunTime:0.000822s ]
INFO: Run Behavior\CheckLangBehavior [ RunTime:0.002440s ]
INFO: [ app_begin ] --END-- [ RunTime:0.003474s ]
INFO: [ app_end ] --START--
INFO: Run Behavior\ShowPageTraceBehavior [ RunTime:0.000861s ]
INFO: [ app_end ] --END-- [ RunTime:0.001008s ]

[ 2015-12-09T14:53:53+08:00 ] 127.0.0.1 /Home/Index/run
INFO: [ app_init ] --START--
INFO: Run Behavior\BuildLiteBehavior [ RunTime:0.000030s ]
INFO: [ app_init ] --END-- [ RunTime:0.000630s ]
INFO: [ app_begin ] --START--
INFO: Run Behavior\ReadHtmlCacheBehavior [ RunTime:0.000988s ]
INFO: Run Behavior\CheckLangBehavior [ RunTime:0.003169s ]
INFO: [ app_begin ] --END-- [ RunTime:0.004396s ]
INFO: [ app_end ] --START--
INFO: Run Behavior\ShowPageTraceBehavior [ RunTime:0.001281s ]
INFO: [ app_end ] --END-- [ RunTime:0.001425s ]

[ 2015-12-09T14:54:15+08:00 ] 127.0.0.1 /Home/Server
INFO: [ app_init ] --START--
INFO: Run Behavior\BuildLiteBehavior [ RunTime:0.000025s ]
INFO: [ app_init ] --END-- [ RunTime:0.000605s ]
INFO: [ app_begin ] --START--
INFO: Run Behavior\ReadHtmlCacheBehavior [ RunTime:0.000891s ]
INFO: Run Behavior\CheckLangBehavior [ RunTime:0.002629s ]
INFO: [ app_begin ] --END-- [ RunTime:0.003834s ]
SQL: SHOW COLUMNS FROM `users` [ RunTime:0.0042s ]
INFO: [ app_end ] --START--
INFO: Run Behavior\ShowPageTraceBehavior [ RunTime:0.000848s ]
INFO: [ app_end ] --END-- [ RunTime:0.000988s ]

[ 2015-12-09T14:54:15+08:00 ] 127.0.0.1 /Home/Index/run
INFO: [ app_init ] --START--
INFO: Run Behavior\BuildLiteBehavior [ RunTime:0.000072s ]
INFO: [ app_init ] --END-- [ RunTime:0.000984s ]
INFO: [ app_begin ] --START--
INFO: Run Behavior\ReadHtmlCacheBehavior [ RunTime:0.000874s ]
INFO: Run Behavior\CheckLangBehavior [ RunTime:0.002957s ]
INFO: [ app_begin ] --END-- [ RunTime:0.004057s ]
ERR: SQLSTATE[HY000]: General error: property queryString is read only

[ 2015-12-09T14:55:25+08:00 ] 127.0.0.1 /Home/Index/index
INFO: [ app_init ] --START--
INFO: Run Behavior\BuildLiteBehavior [ RunTime:0.000031s ]
INFO: [ app_init ] --END-- [ RunTime:0.000858s ]
INFO: [ app_begin ] --START--
INFO: Run Behavior\ReadHtmlCacheBehavior [ RunTime:0.001425s ]
INFO: Run Behavior\CheckLangBehavior [ RunTime:0.003688s ]
INFO: [ app_begin ] --END-- [ RunTime:0.005475s ]
SQL: SHOW COLUMNS FROM `fees` [ RunTime:0.0061s ]
SQL: SELECT * FROM `fees` LIMIT 1   [ RunTime:0.0004s ]
INFO: [ app_end ] --START--
INFO: Run Behavior\ShowPageTraceBehavior [ RunTime:0.000925s ]
INFO: [ app_end ] --END-- [ RunTime:0.001078s ]

[ 2015-12-09T14:55:54+08:00 ] 127.0.0.1 /Home/Server
INFO: [ app_init ] --START--
INFO: Run Behavior\BuildLiteBehavior [ RunTime:0.000033s ]
INFO: [ app_init ] --END-- [ RunTime:0.000773s ]
INFO: [ app_begin ] --START--
INFO: Run Behavior\ReadHtmlCacheBehavior [ RunTime:0.001011s ]
INFO: Run Behavior\CheckLangBehavior [ RunTime:0.003011s ]
INFO: [ app_begin ] --END-- [ RunTime:0.004408s ]
SQL: SHOW COLUMNS FROM `fees` [ RunTime:0.0049s ]
SQL: SELECT * FROM `fees` LIMIT 1   [ RunTime:0.0003s ]
INFO: [ app_end ] --START--
INFO: Run Behavior\ShowPageTraceBehavior [ RunTime:0.001354s ]
INFO: [ app_end ] --END-- [ RunTime:0.001569s ]

[ 2015-12-09T14:55:54+08:00 ] 127.0.0.1 /Home/Index/run
INFO: [ app_init ] --START--
INFO: Run Behavior\BuildLiteBehavior [ RunTime:0.000040s ]
INFO: [ app_init ] --END-- [ RunTime:0.000699s ]
INFO: [ app_begin ] --START--
INFO: Run Behavior\ReadHtmlCacheBehavior [ RunTime:0.000831s ]
INFO: Run Behavior\CheckLangBehavior [ RunTime:0.002678s ]
INFO: [ app_begin ] --END-- [ RunTime:0.003744s ]
INFO: [ app_end ] --START--
INFO: Run Behavior\ShowPageTraceBehavior [ RunTime:0.001040s ]
INFO: [ app_end ] --END-- [ RunTime:0.001261s ]

[ 2015-12-09T14:55:56+08:00 ] 127.0.0.1 /Home/Server
INFO: [ app_init ] --START--
INFO: Run Behavior\BuildLiteBehavior [ RunTime:0.000032s ]
INFO: [ app_init ] --END-- [ RunTime:0.000701s ]
INFO: [ app_begin ] --START--
INFO: Run Behavior\ReadHtmlCacheBehavior [ RunTime:0.000843s ]
INFO: Run Behavior\CheckLangBehavior [ RunTime:0.002753s ]
INFO: [ app_begin ] --END-- [ RunTime:0.003825s ]
SQL: SHOW COLUMNS FROM `fees` [ RunTime:0.0053s ]
SQL: SELECT * FROM `fees` LIMIT 1   [ RunTime:0.0003s ]
INFO: [ app_end ] --START--
INFO: Run Behavior\ShowPageTraceBehavior [ RunTime:0.000879s ]
INFO: [ app_end ] --END-- [ RunTime:0.001038s ]

[ 2015-12-09T14:55:56+08:00 ] 127.0.0.1 /Home/Index/run
INFO: [ app_init ] --START--
INFO: Run Behavior\BuildLiteBehavior [ RunTime:0.000030s ]
INFO: [ app_init ] --END-- [ RunTime:0.000664s ]
INFO: [ app_begin ] --START--
INFO: Run Behavior\ReadHtmlCacheBehavior [ RunTime:0.000879s ]
INFO: Run Behavior\CheckLangBehavior [ RunTime:0.002864s ]
INFO: [ app_begin ] --END-- [ RunTime:0.003965s ]
INFO: [ app_end ] --START--
INFO: Run Behavior\ShowPageTraceBehavior [ RunTime:0.000898s ]
INFO: [ app_end ] --END-- [ RunTime:0.001028s ]

[ 2015-12-09T14:56:22+08:00 ] 127.0.0.1 /Home/Server
INFO: [ app_init ] --START--
INFO: Run Behavior\BuildLiteBehavior [ RunTime:0.000059s ]
INFO: [ app_init ] --END-- [ RunTime:0.000944s ]
INFO: [ app_begin ] --START--
INFO: Run Behavior\ReadHtmlCacheBehavior [ RunTime:0.000718s ]
INFO: Run Behavior\CheckLangBehavior [ RunTime:0.002419s ]
INFO: [ app_begin ] --END-- [ RunTime:0.003330s ]
SQL: SHOW COLUMNS FROM `users` [ RunTime:0.0043s ]
SQL: SELECT * FROM `users` LIMIT 1   [ RunTime:0.0003s ]
INFO: [ app_end ] --START--
INFO: Run Behavior\ShowPageTraceBehavior [ RunTime:0.000862s ]
INFO: [ app_end ] --END-- [ RunTime:0.000992s ]

[ 2015-12-09T14:56:22+08:00 ] 127.0.0.1 /Home/Index/run
INFO: [ app_init ] --START--
INFO: Run Behavior\BuildLiteBehavior [ RunTime:0.000025s ]
INFO: [ app_init ] --END-- [ RunTime:0.000573s ]
INFO: [ app_begin ] --START--
INFO: Run Behavior\ReadHtmlCacheBehavior [ RunTime:0.000805s ]
INFO: Run Behavior\CheckLangBehavior [ RunTime:0.003628s ]
INFO: [ app_begin ] --END-- [ RunTime:0.004648s ]
INFO: [ app_end ] --START--
INFO: Run Behavior\ShowPageTraceBehavior [ RunTime:0.000922s ]
INFO: [ app_end ] --END-- [ RunTime:0.001050s ]

[ 2015-12-09T14:57:06+08:00 ] 127.0.0.1 /Home/Server
INFO: [ app_init ] --START--
INFO: Run Behavior\BuildLiteBehavior [ RunTime:0.000025s ]
INFO: [ app_init ] --END-- [ RunTime:0.000635s ]
INFO: [ app_begin ] --START--
INFO: Run Behavior\ReadHtmlCacheBehavior [ RunTime:0.000812s ]
INFO: Run Behavior\CheckLangBehavior [ RunTime:0.002467s ]
INFO: [ app_begin ] --END-- [ RunTime:0.003552s ]
SQL: SHOW COLUMNS FROM `users` [ RunTime:0.0041s ]
SQL: SELECT * FROM `users` LIMIT 1   [ RunTime:0.0003s ]
INFO: [ app_end ] --START--
INFO: Run Behavior\ShowPageTraceBehavior [ RunTime:0.000918s ]
INFO: [ app_end ] --END-- [ RunTime:0.001077s ]

[ 2015-12-09T14:57:06+08:00 ] 127.0.0.1 /Home/Index/run
INFO: [ app_init ] --START--
INFO: Run Behavior\BuildLiteBehavior [ RunTime:0.000030s ]
INFO: [ app_init ] --END-- [ RunTime:0.000693s ]
INFO: [ app_begin ] --START--
INFO: Run Behavior\ReadHtmlCacheBehavior [ RunTime:0.000877s ]
INFO: Run Behavior\CheckLangBehavior [ RunTime:0.002931s ]
INFO: [ app_begin ] --END-- [ RunTime:0.004073s ]
INFO: [ app_end ] --START--
INFO: Run Behavior\ShowPageTraceBehavior [ RunTime:0.000841s ]
INFO: [ app_end ] --END-- [ RunTime:0.000995s ]

[ 2015-12-09T14:57:34+08:00 ] 127.0.0.1 /Home/Server
INFO: [ app_init ] --START--
INFO: Run Behavior\BuildLiteBehavior [ RunTime:0.000029s ]
INFO: [ app_init ] --END-- [ RunTime:0.000675s ]
INFO: [ app_begin ] --START--
INFO: Run Behavior\ReadHtmlCacheBehavior [ RunTime:0.000802s ]
INFO: Run Behavior\CheckLangBehavior [ RunTime:0.002565s ]
INFO: [ app_begin ] --END-- [ RunTime:0.003588s ]
SQL: SHOW COLUMNS FROM `users` [ RunTime:0.0042s ]
SQL: SELECT * FROM `users` LIMIT 1   [ RunTime:0.0003s ]
INFO: [ app_end ] --START--
INFO: Run Behavior\ShowPageTraceBehavior [ RunTime:0.000835s ]
INFO: [ app_end ] --END-- [ RunTime:0.000957s ]

[ 2015-12-09T14:57:34+08:00 ] 127.0.0.1 /Home/Index/run
INFO: [ app_init ] --START--
INFO: Run Behavior\BuildLiteBehavior [ RunTime:0.000075s ]
INFO: [ app_init ] --END-- [ RunTime:0.001745s ]
INFO: [ app_begin ] --START--
INFO: Run Behavior\ReadHtmlCacheBehavior [ RunTime:0.001917s ]
INFO: Run Behavior\CheckLangBehavior [ RunTime:0.004472s ]
INFO: [ app_begin ] --END-- [ RunTime:0.006987s ]
INFO: [ app_end ] --START--
INFO: Run Behavior\ShowPageTraceBehavior [ RunTime:0.000923s ]
INFO: [ app_end ] --END-- [ RunTime:0.001054s ]

[ 2015-12-09T14:57:44+08:00 ] 127.0.0.1 /Home/Server
INFO: [ app_init ] --START--
INFO: Run Behavior\BuildLiteBehavior [ RunTime:0.000027s ]
INFO: [ app_init ] --END-- [ RunTime:0.000593s ]
INFO: [ app_begin ] --START--
INFO: Run Behavior\ReadHtmlCacheBehavior [ RunTime:0.000705s ]
INFO: Run Behavior\CheckLangBehavior [ RunTime:0.002805s ]
INFO: [ app_begin ] --END-- [ RunTime:0.003724s ]
SQL: SHOW COLUMNS FROM `users` [ RunTime:0.0048s ]
SQL: SELECT * FROM `users` LIMIT 1   [ RunTime:0.0009s ]
INFO: [ app_end ] --START--
INFO: Run Behavior\ShowPageTraceBehavior [ RunTime:0.000934s ]
INFO: [ app_end ] --END-- [ RunTime:0.001059s ]

[ 2015-12-09T14:57:45+08:00 ] 127.0.0.1 /Home/Index/run
INFO: [ app_init ] --START--
INFO: Run Behavior\BuildLiteBehavior [ RunTime:0.000039s ]
INFO: [ app_init ] --END-- [ RunTime:0.000791s ]
INFO: [ app_begin ] --START--
INFO: Run Behavior\ReadHtmlCacheBehavior [ RunTime:0.001070s ]
INFO: Run Behavior\CheckLangBehavior [ RunTime:0.003525s ]
INFO: [ app_begin ] --END-- [ RunTime:0.004904s ]
INFO: [ app_end ] --START--
INFO: Run Behavior\ShowPageTraceBehavior [ RunTime:0.000891s ]
INFO: [ app_end ] --END-- [ RunTime:0.001017s ]

[ 2015-12-09T14:58:01+08:00 ] 127.0.0.1 /Home/Server
INFO: [ app_init ] --START--
INFO: Run Behavior\BuildLiteBehavior [ RunTime:0.000026s ]
INFO: [ app_init ] --END-- [ RunTime:0.000584s ]
INFO: [ app_begin ] --START--
INFO: Run Behavior\ReadHtmlCacheBehavior [ RunTime:0.000666s ]
INFO: Run Behavior\CheckLangBehavior [ RunTime:0.002438s ]
INFO: [ app_begin ] --END-- [ RunTime:0.003297s ]
SQL: SHOW COLUMNS FROM `users` [ RunTime:0.0042s ]
SQL: SELECT * FROM `users`  [ RunTime:0.1575s ]

[ 2015-12-09T14:58:01+08:00 ] 127.0.0.1 /Home/Index/run
INFO: [ app_init ] --START--
INFO: Run Behavior\BuildLiteBehavior [ RunTime:0.000026s ]
INFO: [ app_init ] --END-- [ RunTime:0.000562s ]
INFO: [ app_begin ] --START--
INFO: Run Behavior\ReadHtmlCacheBehavior [ RunTime:0.000710s ]
INFO: Run Behavior\CheckLangBehavior [ RunTime:0.002426s ]
INFO: [ app_begin ] --END-- [ RunTime:0.003321s ]
ERR: Tag 'RAEz' expected, but '<' found in stream

[ 2015-12-09T14:58:40+08:00 ] 127.0.0.1 /Home/Server
INFO: [ app_init ] --START--
INFO: Run Behavior\BuildLiteBehavior [ RunTime:0.000034s ]
INFO: [ app_init ] --END-- [ RunTime:0.000624s ]
INFO: [ app_begin ] --START--
INFO: Run Behavior\ReadHtmlCacheBehavior [ RunTime:0.000914s ]
INFO: Run Behavior\CheckLangBehavior [ RunTime:0.002889s ]
INFO: [ app_begin ] --END-- [ RunTime:0.004127s ]
SQL: SHOW COLUMNS FROM `users` [ RunTime:0.0561s ]
SQL: SELECT * FROM `users`  [ RunTime:0.0714s ]
INFO: [ app_end ] --START--
INFO: Run Behavior\ShowPageTraceBehavior [ RunTime:0.000939s ]
INFO: [ app_end ] --END-- [ RunTime:0.001066s ]

[ 2015-12-09T14:58:53+08:00 ] 127.0.0.1 /Home/Index/run
INFO: [ app_init ] --START--
INFO: Run Behavior\BuildLiteBehavior [ RunTime:0.000029s ]
INFO: [ app_init ] --END-- [ RunTime:0.000553s ]
INFO: [ app_begin ] --START--
INFO: Run Behavior\ReadHtmlCacheBehavior [ RunTime:0.000968s ]
INFO: Run Behavior\CheckLangBehavior [ RunTime:0.003908s ]
INFO: [ app_begin ] --END-- [ RunTime:0.005150s ]

[ 2015-12-09T14:59:26+08:00 ] 192.168.1.160 /
INFO: [ app_init ] --START--
INFO: Run Behavior\BuildLiteBehavior [ RunTime:0.000029s ]
INFO: [ app_init ] --END-- [ RunTime:0.000590s ]
INFO: [ app_begin ] --START--
INFO: Run Behavior\ReadHtmlCacheBehavior [ RunTime:0.000826s ]
INFO: Run Behavior\CheckLangBehavior [ RunTime:0.002887s ]
INFO: [ app_begin ] --END-- [ RunTime:0.003925s ]
INFO: [ view_filter ] --START--
INFO: Run Behavior\WriteHtmlCacheBehavior [ RunTime:0.000526s ]
INFO: [ view_filter ] --END-- [ RunTime:0.000665s ]
INFO: [ app_end ] --START--
INFO: Run Behavior\ShowPageTraceBehavior [ RunTime:0.000659s ]
INFO: [ app_end ] --END-- [ RunTime:0.000776s ]

[ 2015-12-09T14:59:29+08:00 ] 127.0.0.1 /Home/Server
INFO: [ app_init ] --START--
INFO: Run Behavior\BuildLiteBehavior [ RunTime:0.000028s ]
INFO: [ app_init ] --END-- [ RunTime:0.000513s ]
INFO: [ app_begin ] --START--
INFO: Run Behavior\ReadHtmlCacheBehavior [ RunTime:0.000919s ]
INFO: Run Behavior\CheckLangBehavior [ RunTime:0.003017s ]
INFO: [ app_begin ] --END-- [ RunTime:0.004278s ]
SQL: SHOW COLUMNS FROM `users` [ RunTime:0.0592s ]
SQL: SELECT * FROM `users` LIMIT 1   [ RunTime:0.0075s ]
INFO: [ app_end ] --START--
INFO: Run Behavior\ShowPageTraceBehavior [ RunTime:0.000673s ]
INFO: [ app_end ] --END-- [ RunTime:0.000795s ]

[ 2015-12-09T14:59:29+08:00 ] 127.0.0.1 /Home/Index/run
INFO: [ app_init ] --START--
INFO: Run Behavior\BuildLiteBehavior [ RunTime:0.000072s ]
INFO: [ app_init ] --END-- [ RunTime:0.002262s ]
INFO: [ app_begin ] --START--
INFO: Run Behavior\ReadHtmlCacheBehavior [ RunTime:0.000788s ]
INFO: Run Behavior\CheckLangBehavior [ RunTime:0.003187s ]
INFO: [ app_begin ] --END-- [ RunTime:0.004272s ]
INFO: [ app_end ] --START--
INFO: Run Behavior\ShowPageTraceBehavior [ RunTime:0.000759s ]
INFO: [ app_end ] --END-- [ RunTime:0.000902s ]

[ 2015-12-09T15:00:23+08:00 ] 127.0.0.1 /Home/Server
INFO: [ app_init ] --START--
INFO: Run Behavior\BuildLiteBehavior [ RunTime:0.000025s ]
INFO: [ app_init ] --END-- [ RunTime:0.000493s ]
INFO: [ app_begin ] --START--
INFO: Run Behavior\ReadHtmlCacheBehavior [ RunTime:0.000627s ]
INFO: Run Behavior\CheckLangBehavior [ RunTime:0.003654s ]
INFO: [ app_begin ] --END-- [ RunTime:0.004601s ]
SQL: SHOW COLUMNS FROM `users` [ RunTime:0.0043s ]
SQL: SELECT * FROM `users` WHERE `id` < 5  [ RunTime:0.0005s ]
INFO: [ app_end ] --START--
INFO: Run Behavior\ShowPageTraceBehavior [ RunTime:0.000731s ]
INFO: [ app_end ] --END-- [ RunTime:0.000921s ]

[ 2015-12-09T15:00:23+08:00 ] 127.0.0.1 /Home/Index/run
INFO: [ app_init ] --START--
INFO: Run Behavior\BuildLiteBehavior [ RunTime:0.000036s ]
INFO: [ app_init ] --END-- [ RunTime:0.000660s ]
INFO: [ app_begin ] --START--
INFO: Run Behavior\ReadHtmlCacheBehavior [ RunTime:0.000663s ]
INFO: Run Behavior\CheckLangBehavior [ RunTime:0.004867s ]
INFO: [ app_begin ] --END-- [ RunTime:0.005877s ]
INFO: [ app_end ] --START--
INFO: Run Behavior\ShowPageTraceBehavior [ RunTime:0.000652s ]
INFO: [ app_end ] --END-- [ RunTime:0.000797s ]

[ 2015-12-09T15:01:03+08:00 ] 127.0.0.1 /Home/Server
INFO: [ app_init ] --START--
INFO: Run Behavior\BuildLiteBehavior [ RunTime:0.000028s ]
INFO: [ app_init ] --END-- [ RunTime:0.000598s ]
INFO: [ app_begin ] --START--
INFO: Run Behavior\ReadHtmlCacheBehavior [ RunTime:0.000589s ]
INFO: Run Behavior\CheckLangBehavior [ RunTime:0.002127s ]
INFO: [ app_begin ] --END-- [ RunTime:0.002901s ]
SQL: SHOW COLUMNS FROM `users` [ RunTime:0.0041s ]
SQL: SELECT * FROM `users` WHERE `id` < 5  [ RunTime:0.0003s ]
INFO: [ app_end ] --START--
INFO: Run Behavior\ShowPageTraceBehavior [ RunTime:0.000664s ]
INFO: [ app_end ] --END-- [ RunTime:0.000790s ]

[ 2015-12-09T15:01:03+08:00 ] 127.0.0.1 /Home/Index/run
INFO: [ app_init ] --START--
INFO: Run Behavior\BuildLiteBehavior [ RunTime:0.000030s ]
INFO: [ app_init ] --END-- [ RunTime:0.000613s ]
INFO: [ app_begin ] --START--
INFO: Run Behavior\ReadHtmlCacheBehavior [ RunTime:0.000617s ]
INFO: Run Behavior\CheckLangBehavior [ RunTime:0.002207s ]
INFO: [ app_begin ] --END-- [ RunTime:0.003007s ]
INFO: [ app_end ] --START--
INFO: Run Behavior\ShowPageTraceBehavior [ RunTime:0.000681s ]
INFO: [ app_end ] --END-- [ RunTime:0.000832s ]

[ 2015-12-09T15:01:12+08:00 ] 127.0.0.1 /Home/Server
INFO: [ app_init ] --START--
INFO: Run Behavior\BuildLiteBehavior [ RunTime:0.000025s ]
INFO: [ app_init ] --END-- [ RunTime:0.000557s ]
INFO: [ app_begin ] --START--
INFO: Run Behavior\ReadHtmlCacheBehavior [ RunTime:0.000504s ]
INFO: Run Behavior\CheckLangBehavior [ RunTime:0.002099s ]
INFO: [ app_begin ] --END-- [ RunTime:0.002801s ]
SQL: SHOW COLUMNS FROM `users` [ RunTime:0.0041s ]
SQL: SELECT * FROM `users` WHERE `id` < 5  [ RunTime:0.0003s ]
INFO: [ app_end ] --START--
INFO: Run Behavior\ShowPageTraceBehavior [ RunTime:0.000656s ]
INFO: [ app_end ] --END-- [ RunTime:0.000793s ]

[ 2015-12-09T15:01:12+08:00 ] 127.0.0.1 /Home/Index/run
INFO: [ app_init ] --START--
INFO: Run Behavior\BuildLiteBehavior [ RunTime:0.000034s ]
INFO: [ app_init ] --END-- [ RunTime:0.000525s ]
INFO: [ app_begin ] --START--
INFO: Run Behavior\ReadHtmlCacheBehavior [ RunTime:0.000602s ]
INFO: Run Behavior\CheckLangBehavior [ RunTime:0.002351s ]
INFO: [ app_begin ] --END-- [ RunTime:0.003135s ]
ERR: SQLSTATE[HY000]: General error: property queryString is read only

[ 2015-12-09T15:01:22+08:00 ] 127.0.0.1 /Home/Server
INFO: [ app_init ] --START--
INFO: Run Behavior\BuildLiteBehavior [ RunTime:0.000025s ]
INFO: [ app_init ] --END-- [ RunTime:0.000569s ]
INFO: [ app_begin ] --START--
INFO: Run Behavior\ReadHtmlCacheBehavior [ RunTime:0.000587s ]
INFO: Run Behavior\CheckLangBehavior [ RunTime:0.002067s ]
INFO: [ app_begin ] --END-- [ RunTime:0.002909s ]
SQL: SHOW COLUMNS FROM `users` [ RunTime:0.0042s ]
SQL: SELECT * FROM `users` WHERE `id` < 5  [ RunTime:0.0003s ]
INFO: [ app_end ] --START--
INFO: Run Behavior\ShowPageTraceBehavior [ RunTime:0.000644s ]
INFO: [ app_end ] --END-- [ RunTime:0.000765s ]

[ 2015-12-09T15:01:22+08:00 ] 127.0.0.1 /Home/Index/run
INFO: [ app_init ] --START--
INFO: Run Behavior\BuildLiteBehavior [ RunTime:0.000037s ]
INFO: [ app_init ] --END-- [ RunTime:0.000717s ]
INFO: [ app_begin ] --START--
INFO: Run Behavior\ReadHtmlCacheBehavior [ RunTime:0.000681s ]
INFO: Run Behavior\CheckLangBehavior [ RunTime:0.002509s ]
INFO: [ app_begin ] --END-- [ RunTime:0.003436s ]
INFO: [ app_end ] --START--
INFO: Run Behavior\ShowPageTraceBehavior [ RunTime:0.000671s ]
INFO: [ app_end ] --END-- [ RunTime:0.000837s ]

[ 2015-12-09T15:01:33+08:00 ] 127.0.0.1 /Home/Server
INFO: [ app_init ] --START--
INFO: Run Behavior\BuildLiteBehavior [ RunTime:0.000029s ]
INFO: [ app_init ] --END-- [ RunTime:0.000605s ]
INFO: [ app_begin ] --START--
INFO: Run Behavior\ReadHtmlCacheBehavior [ RunTime:0.000617s ]
INFO: Run Behavior\CheckLangBehavior [ RunTime:0.002281s ]
INFO: [ app_begin ] --END-- [ RunTime:0.003127s ]
SQL: SHOW COLUMNS FROM `users` [ RunTime:0.0051s ]
SQL: SELECT * FROM `users` WHERE `id` < 5  [ RunTime:0.0003s ]
INFO: [ app_end ] --START--
INFO: Run Behavior\ShowPageTraceBehavior [ RunTime:0.000713s ]
INFO: [ app_end ] --END-- [ RunTime:0.000841s ]

[ 2015-12-09T15:01:33+08:00 ] 127.0.0.1 /Home/Index/run
INFO: [ app_init ] --START--
INFO: Run Behavior\BuildLiteBehavior [ RunTime:0.000026s ]
INFO: [ app_init ] --END-- [ RunTime:0.000631s ]
INFO: [ app_begin ] --START--
INFO: Run Behavior\ReadHtmlCacheBehavior [ RunTime:0.000695s ]
INFO: Run Behavior\CheckLangBehavior [ RunTime:0.002450s ]
INFO: [ app_begin ] --END-- [ RunTime:0.003362s ]
INFO: [ app_end ] --START--
INFO: Run Behavior\ShowPageTraceBehavior [ RunTime:0.000793s ]
INFO: [ app_end ] --END-- [ RunTime:0.000928s ]

[ 2015-12-09T15:01:36+08:00 ] 127.0.0.1 /Home/Server
INFO: [ app_init ] --START--
INFO: Run Behavior\BuildLiteBehavior [ RunTime:0.000028s ]
INFO: [ app_init ] --END-- [ RunTime:0.000518s ]
INFO: [ app_begin ] --START--
INFO: Run Behavior\ReadHtmlCacheBehavior [ RunTime:0.000492s ]
INFO: Run Behavior\CheckLangBehavior [ RunTime:0.002132s ]
INFO: [ app_begin ] --END-- [ RunTime:0.002812s ]
SQL: SHOW COLUMNS FROM `users` [ RunTime:0.0043s ]
SQL: SELECT * FROM `users` WHERE `id` < 5  [ RunTime:0.0003s ]
INFO: [ app_end ] --START--
INFO: Run Behavior\ShowPageTraceBehavior [ RunTime:0.000680s ]
INFO: [ app_end ] --END-- [ RunTime:0.000799s ]

[ 2015-12-09T15:01:36+08:00 ] 127.0.0.1 /Home/Index/run
INFO: [ app_init ] --START--
INFO: Run Behavior\BuildLiteBehavior [ RunTime:0.000031s ]
INFO: [ app_init ] --END-- [ RunTime:0.000651s ]
INFO: [ app_begin ] --START--
INFO: Run Behavior\ReadHtmlCacheBehavior [ RunTime:0.000644s ]
INFO: Run Behavior\CheckLangBehavior [ RunTime:0.003358s ]
INFO: [ app_begin ] --END-- [ RunTime:0.004238s ]
INFO: [ app_end ] --START--
INFO: Run Behavior\ShowPageTraceBehavior [ RunTime:0.000717s ]
INFO: [ app_end ] --END-- [ RunTime:0.000849s ]

[ 2015-12-09T15:01:52+08:00 ] 127.0.0.1 /Home/Server
INFO: [ app_init ] --START--
INFO: Run Behavior\BuildLiteBehavior [ RunTime:0.000027s ]
INFO: [ app_init ] --END-- [ RunTime:0.000530s ]
INFO: [ app_begin ] --START--
INFO: Run Behavior\ReadHtmlCacheBehavior [ RunTime:0.000614s ]
INFO: Run Behavior\CheckLangBehavior [ RunTime:0.002091s ]
INFO: [ app_begin ] --END-- [ RunTime:0.002893s ]
SQL: SHOW COLUMNS FROM `users` [ RunTime:0.0060s ]
SQL: SELECT * FROM `users` WHERE `id` < 5  [ RunTime:0.0003s ]
INFO: [ app_end ] --START--
INFO: Run Behavior\ShowPageTraceBehavior [ RunTime:0.000697s ]
INFO: [ app_end ] --END-- [ RunTime:0.000824s ]

[ 2015-12-09T15:01:52+08:00 ] 127.0.0.1 /Home/Index/run
INFO: [ app_init ] --START--
INFO: Run Behavior\BuildLiteBehavior [ RunTime:0.000051s ]
INFO: [ app_init ] --END-- [ RunTime:0.001058s ]
INFO: [ app_begin ] --START--
INFO: Run Behavior\ReadHtmlCacheBehavior [ RunTime:0.001113s ]
INFO: Run Behavior\CheckLangBehavior [ RunTime:0.004207s ]
INFO: [ app_begin ] --END-- [ RunTime:0.005700s ]
INFO: [ app_end ] --START--
INFO: Run Behavior\ShowPageTraceBehavior [ RunTime:0.000692s ]
INFO: [ app_end ] --END-- [ RunTime:0.000821s ]

[ 2015-12-09T15:01:54+08:00 ] 127.0.0.1 /Home/Server
INFO: [ app_init ] --START--
INFO: Run Behavior\BuildLiteBehavior [ RunTime:0.000026s ]
INFO: [ app_init ] --END-- [ RunTime:0.000594s ]
INFO: [ app_begin ] --START--
INFO: Run Behavior\ReadHtmlCacheBehavior [ RunTime:0.000596s ]
INFO: Run Behavior\CheckLangBehavior [ RunTime:0.002077s ]
INFO: [ app_begin ] --END-- [ RunTime:0.002863s ]
SQL: SHOW COLUMNS FROM `users` [ RunTime:0.0042s ]
SQL: SELECT * FROM `users` WHERE `id` < 5  [ RunTime:0.0003s ]
INFO: [ app_end ] --START--
INFO: Run Behavior\ShowPageTraceBehavior [ RunTime:0.000697s ]
INFO: [ app_end ] --END-- [ RunTime:0.000820s ]

[ 2015-12-09T15:01:54+08:00 ] 127.0.0.1 /Home/Index/run
INFO: [ app_init ] --START--
INFO: Run Behavior\BuildLiteBehavior [ RunTime:0.000038s ]
INFO: [ app_init ] --END-- [ RunTime:0.000775s ]
INFO: [ app_begin ] --START--
INFO: Run Behavior\ReadHtmlCacheBehavior [ RunTime:0.000784s ]
INFO: Run Behavior\CheckLangBehavior [ RunTime:0.003013s ]
INFO: [ app_begin ] --END-- [ RunTime:0.004076s ]
INFO: [ app_end ] --START--
INFO: Run Behavior\ShowPageTraceBehavior [ RunTime:0.000645s ]
INFO: [ app_end ] --END-- [ RunTime:0.000776s ]

[ 2015-12-09T15:01:55+08:00 ] 127.0.0.1 /Home/Server
INFO: [ app_init ] --START--
INFO: Run Behavior\BuildLiteBehavior [ RunTime:0.000027s ]
INFO: [ app_init ] --END-- [ RunTime:0.000498s ]
INFO: [ app_begin ] --START--
INFO: Run Behavior\ReadHtmlCacheBehavior [ RunTime:0.000828s ]
INFO: Run Behavior\CheckLangBehavior [ RunTime:0.002278s ]
INFO: [ app_begin ] --END-- [ RunTime:0.003380s ]
SQL: SHOW COLUMNS FROM `users` [ RunTime:0.0059s ]
SQL: SELECT * FROM `users` WHERE `id` < 5  [ RunTime:0.0003s ]
INFO: [ app_end ] --START--
INFO: Run Behavior\ShowPageTraceBehavior [ RunTime:0.000969s ]
INFO: [ app_end ] --END-- [ RunTime:0.001216s ]

[ 2015-12-09T15:01:55+08:00 ] 127.0.0.1 /Home/Index/run
INFO: [ app_init ] --START--
INFO: Run Behavior\BuildLiteBehavior [ RunTime:0.000055s ]
INFO: [ app_init ] --END-- [ RunTime:0.000787s ]
INFO: [ app_begin ] --START--
INFO: Run Behavior\ReadHtmlCacheBehavior [ RunTime:0.000793s ]
INFO: Run Behavior\CheckLangBehavior [ RunTime:0.003097s ]
INFO: [ app_begin ] --END-- [ RunTime:0.004186s ]
INFO: [ app_end ] --START--
INFO: Run Behavior\ShowPageTraceBehavior [ RunTime:0.000655s ]
INFO: [ app_end ] --END-- [ RunTime:0.000801s ]

[ 2015-12-09T15:02:22+08:00 ] 127.0.0.1 /Home/Server
INFO: [ app_init ] --START--
INFO: Run Behavior\BuildLiteBehavior [ RunTime:0.000024s ]
INFO: [ app_init ] --END-- [ RunTime:0.000566s ]
INFO: [ app_begin ] --START--
INFO: Run Behavior\ReadHtmlCacheBehavior [ RunTime:0.000584s ]
INFO: Run Behavior\CheckLangBehavior [ RunTime:0.002104s ]
INFO: [ app_begin ] --END-- [ RunTime:0.002895s ]
SQL: SHOW COLUMNS FROM `users` [ RunTime:0.0044s ]
SQL: SELECT * FROM `users` WHERE `id` < 5  [ RunTime:0.0003s ]
INFO: [ app_end ] --START--
INFO: Run Behavior\ShowPageTraceBehavior [ RunTime:0.000666s ]
INFO: [ app_end ] --END-- [ RunTime:0.000833s ]

[ 2015-12-09T15:02:22+08:00 ] 127.0.0.1 /Home/Index/run
INFO: [ app_init ] --START--
INFO: Run Behavior\BuildLiteBehavior [ RunTime:0.000031s ]
INFO: [ app_init ] --END-- [ RunTime:0.000755s ]
INFO: [ app_begin ] --START--
INFO: Run Behavior\ReadHtmlCacheBehavior [ RunTime:0.000571s ]
INFO: Run Behavior\CheckLangBehavior [ RunTime:0.004092s ]
INFO: [ app_begin ] --END-- [ RunTime:0.004921s ]
INFO: [ app_end ] --START--
INFO: Run Behavior\ShowPageTraceBehavior [ RunTime:0.000659s ]
INFO: [ app_end ] --END-- [ RunTime:0.000798s ]

[ 2015-12-09T15:02:34+08:00 ] 127.0.0.1 /Home/Server
INFO: [ app_init ] --START--
INFO: Run Behavior\BuildLiteBehavior [ RunTime:0.000029s ]
INFO: [ app_init ] --END-- [ RunTime:0.000581s ]
INFO: [ app_begin ] --START--
INFO: Run Behavior\ReadHtmlCacheBehavior [ RunTime:0.000568s ]
INFO: Run Behavior\CheckLangBehavior [ RunTime:0.002559s ]
INFO: [ app_begin ] --END-- [ RunTime:0.003339s ]
SQL: SHOW COLUMNS FROM `users` [ RunTime:0.0050s ]
SQL: SELECT * FROM `users` WHERE `id` < 5  [ RunTime:0.0003s ]
INFO: [ app_end ] --START--
INFO: Run Behavior\ShowPageTraceBehavior [ RunTime:0.000681s ]
INFO: [ app_end ] --END-- [ RunTime:0.000804s ]

[ 2015-12-09T15:02:34+08:00 ] 127.0.0.1 /Home/Index/run
INFO: [ app_init ] --START--
INFO: Run Behavior\BuildLiteBehavior [ RunTime:0.000100s ]
INFO: [ app_init ] --END-- [ RunTime:0.001269s ]
INFO: [ app_begin ] --START--
INFO: Run Behavior\ReadHtmlCacheBehavior [ RunTime:0.000727s ]
INFO: Run Behavior\CheckLangBehavior [ RunTime:0.002608s ]
INFO: [ app_begin ] --END-- [ RunTime:0.003573s ]
INFO: [ app_end ] --START--
INFO: Run Behavior\ShowPageTraceBehavior [ RunTime:0.000659s ]
INFO: [ app_end ] --END-- [ RunTime:0.000822s ]

[ 2015-12-09T15:02:57+08:00 ] 127.0.0.1 /Home/Server
INFO: [ app_init ] --START--
INFO: Run Behavior\BuildLiteBehavior [ RunTime:0.000048s ]
INFO: [ app_init ] --END-- [ RunTime:0.000818s ]
INFO: [ app_begin ] --START--
INFO: Run Behavior\ReadHtmlCacheBehavior [ RunTime:0.000684s ]
INFO: Run Behavior\CheckLangBehavior [ RunTime:0.002117s ]
INFO: [ app_begin ] --END-- [ RunTime:0.003041s ]
SQL: SHOW COLUMNS FROM `users` [ RunTime:0.0056s ]
SQL: SELECT * FROM `users` WHERE `id` < 5  [ RunTime:0.0003s ]
INFO: [ app_end ] --START--
INFO: Run Behavior\ShowPageTraceBehavior [ RunTime:0.000671s ]
INFO: [ app_end ] --END-- [ RunTime:0.000796s ]

[ 2015-12-09T15:02:57+08:00 ] 127.0.0.1 /Home/Index/run
INFO: [ app_init ] --START--
INFO: Run Behavior\BuildLiteBehavior [ RunTime:0.000046s ]
INFO: [ app_init ] --END-- [ RunTime:0.000944s ]
INFO: [ app_begin ] --START--
INFO: Run Behavior\ReadHtmlCacheBehavior [ RunTime:0.001521s ]
INFO: Run Behavior\CheckLangBehavior [ RunTime:0.007190s ]
INFO: [ app_begin ] --END-- [ RunTime:0.009352s ]
INFO: [ app_end ] --START--
INFO: Run Behavior\ShowPageTraceBehavior [ RunTime:0.000694s ]
INFO: [ app_end ] --END-- [ RunTime:0.000834s ]

[ 2015-12-09T15:03:32+08:00 ] 127.0.0.1 /Home/Index/index
INFO: [ app_init ] --START--
INFO: Run Behavior\BuildLiteBehavior [ RunTime:0.000029s ]
INFO: [ app_init ] --END-- [ RunTime:0.000541s ]
INFO: [ app_begin ] --START--
INFO: Run Behavior\ReadHtmlCacheBehavior [ RunTime:0.000732s ]
INFO: Run Behavior\CheckLangBehavior [ RunTime:0.002341s ]
INFO: [ app_begin ] --END-- [ RunTime:0.003336s ]
SQL: SHOW COLUMNS FROM `fees` [ RunTime:0.0060s ]
SQL: SELECT * FROM `fees` LIMIT 1   [ RunTime:0.0004s ]
INFO: [ app_end ] --START--
INFO: Run Behavior\ShowPageTraceBehavior [ RunTime:0.000846s ]
INFO: [ app_end ] --END-- [ RunTime:0.001039s ]

[ 2015-12-09T15:04:04+08:00 ] 127.0.0.1 /Home/Index/index
INFO: [ app_init ] --START--
INFO: Run Behavior\BuildLiteBehavior [ RunTime:0.000150s ]
INFO: [ app_init ] --END-- [ RunTime:0.001834s ]
INFO: [ app_begin ] --START--
INFO: Run Behavior\ReadHtmlCacheBehavior [ RunTime:0.000764s ]
INFO: Run Behavior\CheckLangBehavior [ RunTime:0.002653s ]
INFO: [ app_begin ] --END-- [ RunTime:0.003646s ]
SQL: SHOW COLUMNS FROM `users` [ RunTime:0.0050s ]
SQL: SELECT * FROM `users` WHERE `id` < 5  [ RunTime:0.0003s ]
INFO: [ app_end ] --START--
INFO: Run Behavior\ShowPageTraceBehavior [ RunTime:0.000777s ]
INFO: [ app_end ] --END-- [ RunTime:0.000901s ]

[ 2015-12-09T15:04:32+08:00 ] 127.0.0.1 /Home/Index/index
INFO: [ app_init ] --START--
INFO: Run Behavior\BuildLiteBehavior [ RunTime:0.000050s ]
INFO: [ app_init ] --END-- [ RunTime:0.001071s ]
INFO: [ app_begin ] --START--
INFO: Run Behavior\ReadHtmlCacheBehavior [ RunTime:0.000695s ]
INFO: Run Behavior\CheckLangBehavior [ RunTime:0.002652s ]
INFO: [ app_begin ] --END-- [ RunTime:0.003574s ]
SQL: SHOW COLUMNS FROM `users` [ RunTime:0.0048s ]
SQL: SELECT * FROM `users` WHERE `id` < 5  [ RunTime:0.0004s ]
INFO: [ app_end ] --START--
INFO: Run Behavior\ShowPageTraceBehavior [ RunTime:0.001094s ]
INFO: [ app_end ] --END-- [ RunTime:0.001294s ]

[ 2015-12-09T15:04:36+08:00 ] 127.0.0.1 /Home/Server
INFO: [ app_init ] --START--
INFO: Run Behavior\BuildLiteBehavior [ RunTime:0.000048s ]
INFO: [ app_init ] --END-- [ RunTime:0.000624s ]
INFO: [ app_begin ] --START--
INFO: Run Behavior\ReadHtmlCacheBehavior [ RunTime:0.000732s ]
INFO: Run Behavior\CheckLangBehavior [ RunTime:0.002685s ]
INFO: [ app_begin ] --END-- [ RunTime:0.003778s ]
SQL: SHOW COLUMNS FROM `users` [ RunTime:0.0054s ]
SQL: SELECT * FROM `users` WHERE `id` < 5  [ RunTime:0.0003s ]
INFO: [ app_end ] --START--
INFO: Run Behavior\ShowPageTraceBehavior [ RunTime:0.000789s ]
INFO: [ app_end ] --END-- [ RunTime:0.000971s ]

[ 2015-12-09T15:04:36+08:00 ] 127.0.0.1 /Home/Index/run
INFO: [ app_init ] --START--
INFO: Run Behavior\BuildLiteBehavior [ RunTime:0.000029s ]
INFO: [ app_init ] --END-- [ RunTime:0.000635s ]
INFO: [ app_begin ] --START--
INFO: Run Behavior\ReadHtmlCacheBehavior [ RunTime:0.000595s ]
INFO: Run Behavior\CheckLangBehavior [ RunTime:0.002698s ]
INFO: [ app_begin ] --END-- [ RunTime:0.003572s ]
INFO: [ app_end ] --START--
INFO: Run Behavior\ShowPageTraceBehavior [ RunTime:0.000911s ]
INFO: [ app_end ] --END-- [ RunTime:0.001155s ]

[ 2015-12-09T15:04:38+08:00 ] 127.0.0.1 /Home/Server
INFO: [ app_init ] --START--
INFO: Run Behavior\BuildLiteBehavior [ RunTime:0.000027s ]
INFO: [ app_init ] --END-- [ RunTime:0.000556s ]
INFO: [ app_begin ] --START--
INFO: Run Behavior\ReadHtmlCacheBehavior [ RunTime:0.000572s ]
INFO: Run Behavior\CheckLangBehavior [ RunTime:0.002053s ]
INFO: [ app_begin ] --END-- [ RunTime:0.002822s ]
SQL: SHOW COLUMNS FROM `users` [ RunTime:0.0044s ]
SQL: SELECT * FROM `users` WHERE `id` < 5  [ RunTime:0.0003s ]
INFO: [ app_end ] --START--
INFO: Run Behavior\ShowPageTraceBehavior [ RunTime:0.000701s ]
INFO: [ app_end ] --END-- [ RunTime:0.000829s ]

[ 2015-12-09T15:04:38+08:00 ] 127.0.0.1 /Home/Index/run
INFO: [ app_init ] --START--
INFO: Run Behavior\BuildLiteBehavior [ RunTime:0.000033s ]
INFO: [ app_init ] --END-- [ RunTime:0.000734s ]
INFO: [ app_begin ] --START--
INFO: Run Behavior\ReadHtmlCacheBehavior [ RunTime:0.000672s ]
INFO: Run Behavior\CheckLangBehavior [ RunTime:0.002503s ]
INFO: [ app_begin ] --END-- [ RunTime:0.003398s ]
INFO: [ app_end ] --START--
INFO: Run Behavior\ShowPageTraceBehavior [ RunTime:0.000701s ]
INFO: [ app_end ] --END-- [ RunTime:0.000830s ]

[ 2015-12-09T15:05:57+08:00 ] 127.0.0.1 /Home/Server
INFO: [ app_init ] --START--
INFO: Run Behavior\BuildLiteBehavior [ RunTime:0.000043s ]
INFO: [ app_init ] --END-- [ RunTime:0.000780s ]
INFO: [ app_begin ] --START--
INFO: Run Behavior\ReadHtmlCacheBehavior [ RunTime:0.000675s ]
INFO: Run Behavior\CheckLangBehavior [ RunTime:0.002082s ]
INFO: [ app_begin ] --END-- [ RunTime:0.003072s ]
SQL: SHOW COLUMNS FROM `users` [ RunTime:0.0152s ]
SQL: SELECT * FROM `users` WHERE `id` < 5  [ RunTime:0.0002s ]
INFO: [ app_end ] --START--
INFO: Run Behavior\ShowPageTraceBehavior [ RunTime:0.000698s ]
INFO: [ app_end ] --END-- [ RunTime:0.000851s ]

[ 2015-12-09T15:05:57+08:00 ] 127.0.0.1 /Home/Index/run
INFO: [ app_init ] --START--
INFO: Run Behavior\BuildLiteBehavior [ RunTime:0.000030s ]
INFO: [ app_init ] --END-- [ RunTime:0.000574s ]
INFO: [ app_begin ] --START--
INFO: Run Behavior\ReadHtmlCacheBehavior [ RunTime:0.000729s ]
INFO: Run Behavior\CheckLangBehavior [ RunTime:0.002167s ]
INFO: [ app_begin ] --END-- [ RunTime:0.003129s ]
INFO: [ app_end ] --START--
INFO: Run Behavior\ShowPageTraceBehavior [ RunTime:0.000676s ]
INFO: [ app_end ] --END-- [ RunTime:0.000823s ]

[ 2015-12-09T15:06:07+08:00 ] 127.0.0.1 /Home/Server
INFO: [ app_init ] --START--
INFO: Run Behavior\BuildLiteBehavior [ RunTime:0.000026s ]
INFO: [ app_init ] --END-- [ RunTime:0.000569s ]
INFO: [ app_begin ] --START--
INFO: Run Behavior\ReadHtmlCacheBehavior [ RunTime:0.000580s ]
INFO: Run Behavior\CheckLangBehavior [ RunTime:0.002128s ]
INFO: [ app_begin ] --END-- [ RunTime:0.002895s ]
SQL: SHOW COLUMNS FROM `users` [ RunTime:0.0049s ]
SQL: SELECT * FROM `users` WHERE `id` < 5  [ RunTime:0.0003s ]
INFO: [ app_end ] --START--
INFO: Run Behavior\ShowPageTraceBehavior [ RunTime:0.000669s ]
INFO: [ app_end ] --END-- [ RunTime:0.000792s ]

[ 2015-12-09T15:06:07+08:00 ] 127.0.0.1 /Home/Index/run
INFO: [ app_init ] --START--
INFO: Run Behavior\BuildLiteBehavior [ RunTime:0.000031s ]
INFO: [ app_init ] --END-- [ RunTime:0.000599s ]
INFO: [ app_begin ] --START--
INFO: Run Behavior\ReadHtmlCacheBehavior [ RunTime:0.000676s ]
INFO: Run Behavior\CheckLangBehavior [ RunTime:0.002578s ]
INFO: [ app_begin ] --END-- [ RunTime:0.003477s ]
ERR: Warning: spl_object_hash() expects parameter 1 to be object, integer given in E:\Wnmp\noobird\ThinkPHP\Library\Vendor\Hprose\HproseWriter.php on line 259

[ 2015-12-09T15:13:24+08:00 ] 127.0.0.1 /Home/Server
INFO: [ app_init ] --START--
INFO: Run Behavior\BuildLiteBehavior [ RunTime:0.000024s ]
INFO: [ app_init ] --END-- [ RunTime:0.000590s ]
INFO: [ app_begin ] --START--
INFO: Run Behavior\ReadHtmlCacheBehavior [ RunTime:0.000661s ]
INFO: Run Behavior\CheckLangBehavior [ RunTime:0.002174s ]
INFO: [ app_begin ] --END-- [ RunTime:0.003076s ]
SQL: SHOW COLUMNS FROM `users` [ RunTime:0.0042s ]
SQL: SELECT * FROM `users` WHERE `id` < 5  [ RunTime:0.0003s ]
INFO: [ app_end ] --START--
INFO: Run Behavior\ShowPageTraceBehavior [ RunTime:0.000809s ]
INFO: [ app_end ] --END-- [ RunTime:0.000936s ]

[ 2015-12-09T15:13:24+08:00 ] 127.0.0.1 /Home/Index/run
INFO: [ app_init ] --START--
INFO: Run Behavior\BuildLiteBehavior [ RunTime:0.000032s ]
INFO: [ app_init ] --END-- [ RunTime:0.000640s ]
INFO: [ app_begin ] --START--
INFO: Run Behavior\ReadHtmlCacheBehavior [ RunTime:0.001484s ]
INFO: Run Behavior\CheckLangBehavior [ RunTime:0.003315s ]
INFO: [ app_begin ] --END-- [ RunTime:0.005198s ]
INFO: [ app_end ] --START--
INFO: Run Behavior\ShowPageTraceBehavior [ RunTime:0.000828s ]
INFO: [ app_end ] --END-- [ RunTime:0.000994s ]

[ 2015-12-09T15:14:07+08:00 ] 192.168.1.160 /Home/Users/loginAdmin
INFO: [ app_init ] --START--
INFO: Run Behavior\BuildLiteBehavior [ RunTime:0.000052s ]
INFO: [ app_init ] --END-- [ RunTime:0.000773s ]
INFO: [ app_begin ] --START--
INFO: Run Behavior\ReadHtmlCacheBehavior [ RunTime:0.000688s ]
INFO: Run Behavior\CheckLangBehavior [ RunTime:0.002418s ]
INFO: [ app_begin ] --END-- [ RunTime:0.003351s ]
SQL: SHOW COLUMNS FROM `users` [ RunTime:0.0042s ]
SQL: SELECT * FROM `users` WHERE `username` = '' LIMIT 1   [ RunTime:0.0307s ]
INFO: [ view_filter ] --START--
INFO: Run Behavior\WriteHtmlCacheBehavior [ RunTime:0.000522s ]
INFO: [ view_filter ] --END-- [ RunTime:0.000660s ]

[ 2015-12-09T15:32:51+08:00 ] 127.0.0.1 /Home/Server
INFO: [ app_init ] --START--
INFO: Run Behavior\BuildLiteBehavior [ RunTime:0.000026s ]
INFO: [ app_init ] --END-- [ RunTime:0.000587s ]
INFO: [ app_begin ] --START--
INFO: Run Behavior\ReadHtmlCacheBehavior [ RunTime:0.000639s ]
INFO: Run Behavior\CheckLangBehavior [ RunTime:0.002242s ]
INFO: [ app_begin ] --END-- [ RunTime:0.003089s ]
SQL: SHOW COLUMNS FROM `users` [ RunTime:0.0047s ]
SQL: SELECT * FROM `users` WHERE `id` < 5  [ RunTime:0.0003s ]
INFO: [ app_end ] --START--
INFO: Run Behavior\ShowPageTraceBehavior [ RunTime:0.000736s ]
INFO: [ app_end ] --END-- [ RunTime:0.000874s ]

[ 2015-12-09T15:32:51+08:00 ] 127.0.0.1 /Home/Index/run
INFO: [ app_init ] --START--
INFO: Run Behavior\BuildLiteBehavior [ RunTime:0.000025s ]
INFO: [ app_init ] --END-- [ RunTime:0.000570s ]
INFO: [ app_begin ] --START--
INFO: Run Behavior\ReadHtmlCacheBehavior [ RunTime:0.000727s ]
INFO: Run Behavior\CheckLangBehavior [ RunTime:0.002624s ]
INFO: [ app_begin ] --END-- [ RunTime:0.003629s ]
INFO: [ app_end ] --START--
INFO: Run Behavior\ShowPageTraceBehavior [ RunTime:0.000756s ]
INFO: [ app_end ] --END-- [ RunTime:0.000883s ]

