[ 2015-12-01T16:51:46+08:00 ] 127.0.0.1 /
INFO: [ app_init ] --START--
INFO: Run Behavior\BuildLiteBehavior [ RunTime:0.000034s ]
INFO: [ app_init ] --END-- [ RunTime:0.000976s ]
INFO: [ app_begin ] --START--
INFO: Run Behavior\ReadHtmlCacheBehavior [ RunTime:0.006397s ]
INFO: Run Behavior\CheckLangBehavior [ RunTime:0.023254s ]
INFO: [ app_begin ] --END-- [ RunTime:0.029969s ]
INFO: [ view_filter ] --START--
INFO: Run Behavior\WriteHtmlCacheBehavior [ RunTime:0.000729s ]
INFO: [ view_filter ] --END-- [ RunTime:0.000869s ]
INFO: [ app_end ] --START--
INFO: Run Behavior\ShowPageTraceBehavior [ RunTime:0.005983s ]
INFO: [ app_end ] --END-- [ RunTime:0.006128s ]

[ 2015-12-01T16:51:46+08:00 ] 127.0.0.1 /Public/img/blueBtn.png
INFO: [ app_init ] --START--
INFO: Run Behavior\BuildLiteBehavior [ RunTime:0.000035s ]
INFO: [ app_init ] --END-- [ RunTime:0.000652s ]

[ 2015-12-01T16:51:46+08:00 ] 127.0.0.1 /Public/img1/bg.png
INFO: [ app_init ] --START--
INFO: Run Behavior\BuildLiteBehavior [ RunTime:0.000042s ]
INFO: [ app_init ] --END-- [ RunTime:0.001424s ]

[ 2015-12-01T16:51:46+08:00 ] 127.0.0.1 /favicon.ico
INFO: [ app_init ] --START--
INFO: Run Behavior\BuildLiteBehavior [ RunTime:0.000116s ]
INFO: [ app_init ] --END-- [ RunTime:0.002042s ]

[ 2015-12-01T16:51:46+08:00 ] 127.0.0.1 /favicon.ico
INFO: [ app_init ] --START--
INFO: Run Behavior\BuildLiteBehavior [ RunTime:0.000027s ]
INFO: [ app_init ] --END-- [ RunTime:0.000477s ]

[ 2015-12-01T16:53:50+08:00 ] 127.0.0.1 /yershop/install.php/Install/step1.html
INFO: [ app_init ] --START--
INFO: Run Behavior\BuildLiteBehavior [ RunTime:0.000030s ]
INFO: [ app_init ] --END-- [ RunTime:0.000661s ]
INFO: [ app_begin ] --START--
INFO: Run Behavior\ReadHtmlCacheBehavior [ RunTime:0.000855s ]
INFO: Run Behavior\CheckLangBehavior [ RunTime:0.002438s ]
INFO: [ app_begin ] --END-- [ RunTime:0.003540s ]

[ 2015-12-01T16:54:19+08:00 ] 127.0.0.1 /yershop/install.php/Install/step1.html
INFO: [ app_init ] --START--
INFO: Run Behavior\BuildLiteBehavior [ RunTime:0.000061s ]
INFO: [ app_init ] --END-- [ RunTime:0.002092s ]
INFO: [ app_begin ] --START--
INFO: Run Behavior\ReadHtmlCacheBehavior [ RunTime:0.000873s ]
INFO: Run Behavior\CheckLangBehavior [ RunTime:0.010435s ]
INFO: [ app_begin ] --END-- [ RunTime:0.011761s ]

