[ 2015-11-12T10:37:07+08:00 ] 127.0.0.1 /
INFO: [ app_init ] --START--
INFO: Run Behavior\BuildLiteBehavior [ RunTime:0.000058s ]
INFO: [ app_init ] --END-- [ RunTime:0.001751s ]
INFO: [ app_begin ] --START--
INFO: Run Behavior\ReadHtmlCacheBehavior [ RunTime:0.013473s ]
INFO: Run Behavior\CheckLangBehavior [ RunTime:0.025618s ]
INFO: [ app_begin ] --END-- [ RunTime:0.039550s ]
INFO: [ view_filter ] --START--
INFO: Run Behavior\WriteHtmlCacheBehavior [ RunTime:0.002441s ]
INFO: [ view_filter ] --END-- [ RunTime:0.002769s ]
INFO: [ app_end ] --START--
INFO: Run Behavior\ShowPageTraceBehavior [ RunTime:0.012617s ]
INFO: [ app_end ] --END-- [ RunTime:0.012922s ]

[ 2015-11-12T10:37:07+08:00 ] 127.0.0.1 /Public/img1/bg.png
INFO: [ app_init ] --START--
INFO: Run Behavior\BuildLiteBehavior [ RunTime:0.000027s ]
INFO: [ app_init ] --END-- [ RunTime:0.000595s ]

[ 2015-11-12T10:37:07+08:00 ] 127.0.0.1 /Public/img/blueBtn.png
INFO: [ app_init ] --START--
INFO: Run Behavior\BuildLiteBehavior [ RunTime:0.000026s ]
INFO: [ app_init ] --END-- [ RunTime:0.000628s ]

[ 2015-11-12T10:37:07+08:00 ] 127.0.0.1 /favicon.ico
INFO: [ app_init ] --START--
INFO: Run Behavior\BuildLiteBehavior [ RunTime:0.000027s ]
INFO: [ app_init ] --END-- [ RunTime:0.000649s ]

[ 2015-11-12T10:37:07+08:00 ] 127.0.0.1 /favicon.ico
INFO: [ app_init ] --START--
INFO: Run Behavior\BuildLiteBehavior [ RunTime:0.000026s ]
INFO: [ app_init ] --END-- [ RunTime:0.000684s ]

[ 2015-11-12T10:37:11+08:00 ] 127.0.0.1 /Home/Users/loginAdmin
INFO: [ app_init ] --START--
INFO: Run Behavior\BuildLiteBehavior [ RunTime:0.000030s ]
INFO: [ app_init ] --END-- [ RunTime:0.000720s ]
INFO: [ app_begin ] --START--
INFO: Run Behavior\ReadHtmlCacheBehavior [ RunTime:0.001114s ]
INFO: Run Behavior\CheckLangBehavior [ RunTime:0.003266s ]
INFO: [ app_begin ] --END-- [ RunTime:0.004623s ]
SQL: SHOW COLUMNS FROM `users` [ RunTime:0.1104s ]
SQL: SELECT * FROM `users` WHERE `username` = 'admin' LIMIT 1   [ RunTime:0.0013s ]
INFO: [ view_filter ] --START--
INFO: Run Behavior\WriteHtmlCacheBehavior [ RunTime:0.001555s ]
INFO: [ view_filter ] --END-- [ RunTime:0.001811s ]

[ 2015-11-12T10:37:11+08:00 ] 127.0.0.1 /Public/img/blueBtn.png
INFO: [ app_init ] --START--
INFO: Run Behavior\BuildLiteBehavior [ RunTime:0.000047s ]
INFO: [ app_init ] --END-- [ RunTime:0.000712s ]

[ 2015-11-12T10:37:11+08:00 ] 127.0.0.1 /Public/img1/bg.png
INFO: [ app_init ] --START--
INFO: Run Behavior\BuildLiteBehavior [ RunTime:0.000039s ]
INFO: [ app_init ] --END-- [ RunTime:0.000752s ]

[ 2015-11-12T10:37:16+08:00 ] 127.0.0.1 /Home/Users/loginAdmin
INFO: [ app_init ] --START--
INFO: Run Behavior\BuildLiteBehavior [ RunTime:0.000048s ]
INFO: [ app_init ] --END-- [ RunTime:0.001015s ]
INFO: [ app_begin ] --START--
INFO: Run Behavior\ReadHtmlCacheBehavior [ RunTime:0.001158s ]
INFO: Run Behavior\CheckLangBehavior [ RunTime:0.003013s ]
INFO: [ app_begin ] --END-- [ RunTime:0.004366s ]
SQL: SHOW COLUMNS FROM `users` [ RunTime:0.0037s ]
SQL: SELECT * FROM `users` WHERE `username` = 'admin' LIMIT 1   [ RunTime:0.0004s ]

[ 2015-11-12T10:37:16+08:00 ] 127.0.0.1 /Admin/index.html
INFO: [ app_init ] --START--
INFO: Run Behavior\BuildLiteBehavior [ RunTime:0.000050s ]
INFO: [ app_init ] --END-- [ RunTime:0.000769s ]
INFO: [ app_begin ] --START--
INFO: Run Behavior\ReadHtmlCacheBehavior [ RunTime:0.001107s ]
INFO: Run Behavior\CheckLangBehavior [ RunTime:0.003532s ]
INFO: [ app_begin ] --END-- [ RunTime:0.004913s ]
INFO: [ view_filter ] --START--
INFO: Run Behavior\WriteHtmlCacheBehavior [ RunTime:0.000998s ]
INFO: [ view_filter ] --END-- [ RunTime:0.001127s ]
INFO: [ app_end ] --START--
INFO: Run Behavior\ShowPageTraceBehavior [ RunTime:0.001004s ]
INFO: [ app_end ] --END-- [ RunTime:0.001113s ]

[ 2015-11-12T10:37:18+08:00 ] 127.0.0.1 /Developers/index.html
INFO: [ app_init ] --START--
INFO: Run Behavior\BuildLiteBehavior [ RunTime:0.000029s ]
INFO: [ app_init ] --END-- [ RunTime:0.000740s ]
INFO: [ app_begin ] --START--
INFO: Run Behavior\ReadHtmlCacheBehavior [ RunTime:0.001442s ]
INFO: Run Behavior\CheckLangBehavior [ RunTime:0.003540s ]
INFO: [ app_begin ] --END-- [ RunTime:0.005248s ]
SQL: SHOW COLUMNS FROM `developers` [ RunTime:0.0309s ]
SQL: SELECT COUNT(D.id) AS tp_count FROM developers D LEFT JOIN users u ON D.user_id=u.id  WHERE `status` > 0 LIMIT 1   [ RunTime:0.0004s ]
NOTIC: [8] Undefined index: p E:\Wnmp\noobird\Application\Home\Controller\DevelopersController.class.php 第 36 行.
SQL: SELECT `company_name`,`company_license`,D.mobile,D.status,`contact`,D.created,`username`,D.user_id,D.id FROM developers D LEFT JOIN users u ON D.user_id=u.id  WHERE `status` > 0 ORDER BY `status` asc LIMIT 0,10   [ RunTime:0.0083s ]
INFO: [ view_filter ] --START--
INFO: Run Behavior\WriteHtmlCacheBehavior [ RunTime:0.003160s ]
INFO: [ view_filter ] --END-- [ RunTime:0.003583s ]
INFO: [ app_end ] --START--
INFO: Run Behavior\ShowPageTraceBehavior [ RunTime:0.003480s ]
INFO: [ app_end ] --END-- [ RunTime:0.003858s ]

[ 2015-11-12T10:37:19+08:00 ] 127.0.0.1 /Fees/index.html
INFO: [ app_init ] --START--
INFO: Run Behavior\BuildLiteBehavior [ RunTime:0.000031s ]
INFO: [ app_init ] --END-- [ RunTime:0.000700s ]
INFO: [ app_begin ] --START--
INFO: Run Behavior\ReadHtmlCacheBehavior [ RunTime:0.001478s ]
INFO: Run Behavior\CheckLangBehavior [ RunTime:0.004074s ]
INFO: [ app_begin ] --END-- [ RunTime:0.005872s ]
SQL: SHOW COLUMNS FROM `fees` [ RunTime:0.0236s ]
SQL: SELECT COUNT(id) AS tp_count FROM `fees` WHERE `status` > 0 LIMIT 1   [ RunTime:0.0005s ]
NOTIC: [8] Undefined index: p E:\Wnmp\noobird\Application\Home\Controller\CController.class.php 第 174 行.
SQL: SELECT * FROM `fees` WHERE `status` > 0 ORDER BY `id` asc LIMIT 0,10   [ RunTime:0.0004s ]
INFO: [ view_filter ] --START--
INFO: Run Behavior\WriteHtmlCacheBehavior [ RunTime:0.000872s ]
INFO: [ view_filter ] --END-- [ RunTime:0.000997s ]
INFO: [ app_end ] --START--
INFO: Run Behavior\ShowPageTraceBehavior [ RunTime:0.001092s ]
INFO: [ app_end ] --END-- [ RunTime:0.001224s ]

[ 2015-11-12T10:37:20+08:00 ] 127.0.0.1 /Developers/index.html
INFO: [ app_init ] --START--
INFO: Run Behavior\BuildLiteBehavior [ RunTime:0.000031s ]
INFO: [ app_init ] --END-- [ RunTime:0.000713s ]
INFO: [ app_begin ] --START--
INFO: Run Behavior\ReadHtmlCacheBehavior [ RunTime:0.001283s ]
INFO: Run Behavior\CheckLangBehavior [ RunTime:0.003418s ]
INFO: [ app_begin ] --END-- [ RunTime:0.004924s ]
SQL: SHOW COLUMNS FROM `developers` [ RunTime:0.0046s ]
SQL: SELECT COUNT(D.id) AS tp_count FROM developers D LEFT JOIN users u ON D.user_id=u.id  WHERE `status` > 0 LIMIT 1   [ RunTime:0.0002s ]
NOTIC: [8] Undefined index: p E:\Wnmp\noobird\Application\Home\Controller\DevelopersController.class.php 第 36 行.
SQL: SELECT `company_name`,`company_license`,D.mobile,D.status,`contact`,D.created,`username`,D.user_id,D.id FROM developers D LEFT JOIN users u ON D.user_id=u.id  WHERE `status` > 0 ORDER BY `status` asc LIMIT 0,10   [ RunTime:0.0003s ]
INFO: [ view_filter ] --START--
INFO: Run Behavior\WriteHtmlCacheBehavior [ RunTime:0.000957s ]
INFO: [ view_filter ] --END-- [ RunTime:0.001093s ]
INFO: [ app_end ] --START--
INFO: Run Behavior\ShowPageTraceBehavior [ RunTime:0.001168s ]
INFO: [ app_end ] --END-- [ RunTime:0.001292s ]

[ 2015-11-12T10:37:21+08:00 ] 127.0.0.1 /Home/Iaps/index
INFO: [ app_init ] --START--
INFO: Run Behavior\BuildLiteBehavior [ RunTime:0.000034s ]
INFO: [ app_init ] --END-- [ RunTime:0.001140s ]
INFO: [ app_begin ] --START--
INFO: Run Behavior\ReadHtmlCacheBehavior [ RunTime:0.001269s ]
INFO: Run Behavior\CheckLangBehavior [ RunTime:0.003408s ]
INFO: [ app_begin ] --END-- [ RunTime:0.004987s ]
NOTIC: [2048] Declaration of Home\Controller\IapsController::_filter() should be compatible with Home\Controller\CController::_filter($alias = '') E:\Wnmp\noobird\Application\Home\Controller\IapsController.class.php 第 13 行.
SQL: SHOW COLUMNS FROM `iaps` [ RunTime:0.0140s ]
SQL: SELECT COUNT(I.id) AS tp_count FROM iaps I 
            LEFT JOIN applications A ON I.application_id=A.id
            LEFT JOIN developers D ON I.user_id=D.user_id
            LEFT JOIN users u ON I.user_id=u.id
          LIMIT 1   [ RunTime:0.0236s ]
NOTIC: [8] Undefined index: p E:\Wnmp\noobird\Application\Home\Controller\IapsController.class.php 第 45 行.
SQL: SELECT I.id,I.name,A.status,I.iap_key,I.pay_code,I.created,I.status,`application_id`,`app_id`,A.name AS app_name,D.company_name,u.username FROM iaps I 
            LEFT JOIN applications A ON I.application_id=A.id
            LEFT JOIN developers D ON I.user_id=D.user_id
            LEFT JOIN users u ON I.user_id=u.id
          ORDER BY A.status asc LIMIT 0,10   [ RunTime:0.0103s ]
SQL: SHOW COLUMNS FROM `developers` [ RunTime:0.0048s ]
SQL: SELECT D.user_id,`username`,`company_name` FROM developers D INNER JOIN users u ON D.user_id=u.id   [ RunTime:0.0004s ]
NOTIC: [8] Undefined index: user_id E:\Wnmp\noobird\Application\Home\View\Iaps\index.php 第 23 行.
NOTIC: [8] Undefined index: user_id E:\Wnmp\noobird\Application\Home\View\Iaps\index.php 第 23 行.
NOTIC: [8] Undefined index: user_id E:\Wnmp\noobird\Application\Home\View\Iaps\index.php 第 23 行.
NOTIC: [8] Undefined index: user_id E:\Wnmp\noobird\Application\Home\View\Iaps\index.php 第 23 行.
NOTIC: [8] Undefined index: user_id E:\Wnmp\noobird\Application\Home\View\Iaps\index.php 第 23 行.
NOTIC: [8] Undefined index: user_id E:\Wnmp\noobird\Application\Home\View\Iaps\index.php 第 23 行.
NOTIC: [8] Undefined index: user_id E:\Wnmp\noobird\Application\Home\View\Iaps\index.php 第 23 行.
NOTIC: [8] Undefined index: user_id E:\Wnmp\noobird\Application\Home\View\Iaps\index.php 第 23 行.
NOTIC: [8] Undefined index: user_id E:\Wnmp\noobird\Application\Home\View\Iaps\index.php 第 23 行.
NOTIC: [8] Undefined index: user_id E:\Wnmp\noobird\Application\Home\View\Iaps\index.php 第 23 行.
NOTIC: [8] Undefined index: user_id E:\Wnmp\noobird\Application\Home\View\Iaps\index.php 第 23 行.
NOTIC: [8] Undefined index: user_id E:\Wnmp\noobird\Application\Home\View\Iaps\index.php 第 23 行.
NOTIC: [8] Undefined index: user_id E:\Wnmp\noobird\Application\Home\View\Iaps\index.php 第 23 行.
INFO: [ view_filter ] --START--
INFO: Run Behavior\WriteHtmlCacheBehavior [ RunTime:0.000952s ]
INFO: [ view_filter ] --END-- [ RunTime:0.001085s ]
INFO: [ app_end ] --START--
INFO: Run Behavior\ShowPageTraceBehavior [ RunTime:0.001196s ]
INFO: [ app_end ] --END-- [ RunTime:0.001343s ]

[ 2015-11-12T10:37:22+08:00 ] 127.0.0.1 /Home/Statistics/index
INFO: [ app_init ] --START--
INFO: Run Behavior\BuildLiteBehavior [ RunTime:0.000030s ]
INFO: [ app_init ] --END-- [ RunTime:0.000761s ]
INFO: [ app_begin ] --START--
INFO: Run Behavior\ReadHtmlCacheBehavior [ RunTime:0.001301s ]
INFO: Run Behavior\CheckLangBehavior [ RunTime:0.003438s ]
INFO: [ app_begin ] --END-- [ RunTime:0.004972s ]
SQL: SHOW COLUMNS FROM `statistics` [ RunTime:0.0316s ]
SQL: SELECT COUNT(S.id) AS tp_count FROM statistics S 
            LEFT JOIN developers D ON S.user_id=D.user_id
            LEFT JOIN users u ON S.user_id=u.id
          WHERE S.status = 1 GROUP BY S.user_id LIMIT 1   [ RunTime:0.0006s ]
NOTIC: [8] Undefined index: p E:\Wnmp\noobird\Application\Home\Controller\StatisticsController.class.php 第 40 行.
SQL: SELECT SUM(fee) as total,u.username,D.company_name,S.user_id,S.status FROM statistics S 
            LEFT JOIN developers D ON S.user_id=D.user_id
            LEFT JOIN users u ON S.user_id=u.id
          WHERE S.status = 1 GROUP BY S.user_id ORDER BY `total` desc LIMIT 0,10   [ RunTime:0.0009s ]
NOTIC: [8] Undefined index: start E:\Wnmp\noobird\Application\Home\View\Statistics\index.php 第 20 行.
NOTIC: [8] Undefined index: end E:\Wnmp\noobird\Application\Home\View\Statistics\index.php 第 22 行.
INFO: [ view_filter ] --START--
INFO: Run Behavior\WriteHtmlCacheBehavior [ RunTime:0.001080s ]
INFO: [ view_filter ] --END-- [ RunTime:0.001230s ]
INFO: [ app_end ] --START--
INFO: Run Behavior\ShowPageTraceBehavior [ RunTime:0.001332s ]
INFO: [ app_end ] --END-- [ RunTime:0.001472s ]

[ 2015-11-12T10:37:22+08:00 ] 127.0.0.1 /Public/img/icon-calendar.png
INFO: [ app_init ] --START--
INFO: Run Behavior\BuildLiteBehavior [ RunTime:0.000046s ]
INFO: [ app_init ] --END-- [ RunTime:0.001003s ]

[ 2015-11-12T10:37:22+08:00 ] 127.0.0.1 /Public/img/calendar_arrows.png
INFO: [ app_init ] --START--
INFO: Run Behavior\BuildLiteBehavior [ RunTime:0.000047s ]
INFO: [ app_init ] --END-- [ RunTime:0.000983s ]

[ 2015-11-12T10:37:23+08:00 ] 127.0.0.1 /Home/Statistics/statDetail
INFO: [ app_init ] --START--
INFO: Run Behavior\BuildLiteBehavior [ RunTime:0.000025s ]
INFO: [ app_init ] --END-- [ RunTime:0.000699s ]
INFO: [ app_begin ] --START--
INFO: Run Behavior\ReadHtmlCacheBehavior [ RunTime:0.001182s ]
INFO: Run Behavior\CheckLangBehavior [ RunTime:0.004373s ]
INFO: [ app_begin ] --END-- [ RunTime:0.005829s ]
SQL: SHOW COLUMNS FROM `statistics` [ RunTime:0.0045s ]
SQL: SELECT COUNT(S.id) AS tp_count FROM statistics S 
            LEFT JOIN users u ON S.user_id=u.id
            LEFT JOIN applications A ON S.application_id=A.id
            LEFT JOIN developers D ON S.user_id=D.user_id
            LEFT JOIN iaps I ON S.iap_id=I.id
          WHERE S.status > 0 LIMIT 1   [ RunTime:0.0007s ]
NOTIC: [8] Undefined index: p E:\Wnmp\noobird\Application\Home\Controller\StatisticsController.class.php 第 88 行.
SQL: SELECT S.mobile,S.application_id,S.created,S.fee,S.status,S.client_status,S.operator,A.name,D.company_name,u.username,A.app_id,S.user_id,I.name as iap_name,I.iap_key FROM statistics S 
            LEFT JOIN users u ON S.user_id=u.id
            LEFT JOIN applications A ON S.application_id=A.id
            LEFT JOIN developers D ON S.user_id=D.user_id
            LEFT JOIN iaps I ON S.iap_id=I.id
          WHERE S.status > 0 ORDER BY `created` desc LIMIT 0,10   [ RunTime:0.0009s ]
SQL: SHOW COLUMNS FROM `developers` [ RunTime:0.0038s ]
SQL: SELECT D.user_id,`username`,`company_name` FROM developers D INNER JOIN users u ON D.user_id=u.id   [ RunTime:0.0002s ]
SQL: SHOW COLUMNS FROM `applications` [ RunTime:0.0042s ]
SQL: SELECT `id`,`name` FROM `applications`  [ RunTime:0.0004s ]
NOTIC: [8] Undefined index: userId E:\Wnmp\noobird\Application\Home\View\Statistics\statDetail.php 第 23 行.
NOTIC: [8] Undefined index: userId E:\Wnmp\noobird\Application\Home\View\Statistics\statDetail.php 第 23 行.
NOTIC: [8] Undefined index: userId E:\Wnmp\noobird\Application\Home\View\Statistics\statDetail.php 第 23 行.
NOTIC: [8] Undefined index: userId E:\Wnmp\noobird\Application\Home\View\Statistics\statDetail.php 第 23 行.
NOTIC: [8] Undefined index: userId E:\Wnmp\noobird\Application\Home\View\Statistics\statDetail.php 第 23 行.
NOTIC: [8] Undefined index: userId E:\Wnmp\noobird\Application\Home\View\Statistics\statDetail.php 第 23 行.
NOTIC: [8] Undefined index: userId E:\Wnmp\noobird\Application\Home\View\Statistics\statDetail.php 第 23 行.
NOTIC: [8] Undefined index: userId E:\Wnmp\noobird\Application\Home\View\Statistics\statDetail.php 第 23 行.
NOTIC: [8] Undefined index: userId E:\Wnmp\noobird\Application\Home\View\Statistics\statDetail.php 第 23 行.
NOTIC: [8] Undefined index: userId E:\Wnmp\noobird\Application\Home\View\Statistics\statDetail.php 第 23 行.
NOTIC: [8] Undefined index: userId E:\Wnmp\noobird\Application\Home\View\Statistics\statDetail.php 第 23 行.
NOTIC: [8] Undefined index: userId E:\Wnmp\noobird\Application\Home\View\Statistics\statDetail.php 第 23 行.
NOTIC: [8] Undefined index: userId E:\Wnmp\noobird\Application\Home\View\Statistics\statDetail.php 第 23 行.
NOTIC: [8] Undefined index: appId E:\Wnmp\noobird\Application\Home\View\Statistics\statDetail.php 第 31 行.
NOTIC: [8] Undefined index: appId E:\Wnmp\noobird\Application\Home\View\Statistics\statDetail.php 第 31 行.
NOTIC: [8] Undefined index: appId E:\Wnmp\noobird\Application\Home\View\Statistics\statDetail.php 第 31 行.
NOTIC: [8] Undefined index: appId E:\Wnmp\noobird\Application\Home\View\Statistics\statDetail.php 第 31 行.
NOTIC: [8] Undefined index: appId E:\Wnmp\noobird\Application\Home\View\Statistics\statDetail.php 第 31 行.
NOTIC: [8] Undefined index: appId E:\Wnmp\noobird\Application\Home\View\Statistics\statDetail.php 第 31 行.
NOTIC: [8] Undefined index: appId E:\Wnmp\noobird\Application\Home\View\Statistics\statDetail.php 第 31 行.
NOTIC: [8] Undefined index: appId E:\Wnmp\noobird\Application\Home\View\Statistics\statDetail.php 第 31 行.
NOTIC: [8] Undefined index: appId E:\Wnmp\noobird\Application\Home\View\Statistics\statDetail.php 第 31 行.
NOTIC: [8] Undefined index: appId E:\Wnmp\noobird\Application\Home\View\Statistics\statDetail.php 第 31 行.
NOTIC: [8] Undefined index: appId E:\Wnmp\noobird\Application\Home\View\Statistics\statDetail.php 第 31 行.
NOTIC: [8] Undefined index: appId E:\Wnmp\noobird\Application\Home\View\Statistics\statDetail.php 第 31 行.
NOTIC: [8] Undefined index: appId E:\Wnmp\noobird\Application\Home\View\Statistics\statDetail.php 第 31 行.
NOTIC: [8] Undefined index: appId E:\Wnmp\noobird\Application\Home\View\Statistics\statDetail.php 第 31 行.
NOTIC: [8] Undefined index: appId E:\Wnmp\noobird\Application\Home\View\Statistics\statDetail.php 第 31 行.
NOTIC: [8] Undefined index: appId E:\Wnmp\noobird\Application\Home\View\Statistics\statDetail.php 第 31 行.
NOTIC: [8] Undefined index: appId E:\Wnmp\noobird\Application\Home\View\Statistics\statDetail.php 第 31 行.
NOTIC: [8] Undefined index: appId E:\Wnmp\noobird\Application\Home\View\Statistics\statDetail.php 第 31 行.
NOTIC: [8] Undefined index: appId E:\Wnmp\noobird\Application\Home\View\Statistics\statDetail.php 第 31 行.
NOTIC: [8] Undefined index: appId E:\Wnmp\noobird\Application\Home\View\Statistics\statDetail.php 第 31 行.
NOTIC: [8] Undefined index: appId E:\Wnmp\noobird\Application\Home\View\Statistics\statDetail.php 第 31 行.
NOTIC: [8] Undefined index: appId E:\Wnmp\noobird\Application\Home\View\Statistics\statDetail.php 第 31 行.
NOTIC: [8] Undefined index: appId E:\Wnmp\noobird\Application\Home\View\Statistics\statDetail.php 第 31 行.
NOTIC: [8] Undefined index: appId E:\Wnmp\noobird\Application\Home\View\Statistics\statDetail.php 第 31 行.
NOTIC: [8] Undefined index: start E:\Wnmp\noobird\Application\Home\View\Statistics\statDetail.php 第 35 行.
NOTIC: [8] Undefined index: end E:\Wnmp\noobird\Application\Home\View\Statistics\statDetail.php 第 37 行.
INFO: [ view_filter ] --START--
INFO: Run Behavior\WriteHtmlCacheBehavior [ RunTime:0.000929s ]
INFO: [ view_filter ] --END-- [ RunTime:0.001073s ]
INFO: [ app_end ] --START--
INFO: Run Behavior\ShowPageTraceBehavior [ RunTime:0.001128s ]
INFO: [ app_end ] --END-- [ RunTime:0.001254s ]

[ 2015-11-12T10:37:23+08:00 ] 127.0.0.1 /Public/img/icon-calendar.png
INFO: [ app_init ] --START--
INFO: Run Behavior\BuildLiteBehavior [ RunTime:0.000027s ]
INFO: [ app_init ] --END-- [ RunTime:0.000619s ]

[ 2015-11-12T10:37:23+08:00 ] 127.0.0.1 /Public/img/calendar_arrows.png
INFO: [ app_init ] --START--
INFO: Run Behavior\BuildLiteBehavior [ RunTime:0.000027s ]
INFO: [ app_init ] --END-- [ RunTime:0.000616s ]

[ 2015-11-12T10:37:23+08:00 ] 127.0.0.1 /Fees/index.html
INFO: [ app_init ] --START--
INFO: Run Behavior\BuildLiteBehavior [ RunTime:0.000032s ]
INFO: [ app_init ] --END-- [ RunTime:0.000806s ]
INFO: [ app_begin ] --START--
INFO: Run Behavior\ReadHtmlCacheBehavior [ RunTime:0.001270s ]
INFO: Run Behavior\CheckLangBehavior [ RunTime:0.003890s ]
INFO: [ app_begin ] --END-- [ RunTime:0.005384s ]
SQL: SHOW COLUMNS FROM `fees` [ RunTime:0.0038s ]
SQL: SELECT COUNT(id) AS tp_count FROM `fees` WHERE `status` > 0 LIMIT 1   [ RunTime:0.0002s ]
NOTIC: [8] Undefined index: p E:\Wnmp\noobird\Application\Home\Controller\CController.class.php 第 174 行.
SQL: SELECT * FROM `fees` WHERE `status` > 0 ORDER BY `id` asc LIMIT 0,10   [ RunTime:0.0003s ]
INFO: [ view_filter ] --START--
INFO: Run Behavior\WriteHtmlCacheBehavior [ RunTime:0.000981s ]
INFO: [ view_filter ] --END-- [ RunTime:0.001114s ]
INFO: [ app_end ] --START--
INFO: Run Behavior\ShowPageTraceBehavior [ RunTime:0.001194s ]
INFO: [ app_end ] --END-- [ RunTime:0.001357s ]

[ 2015-11-12T10:37:24+08:00 ] 127.0.0.1 /Home/Mncs/manage
INFO: [ app_init ] --START--
INFO: Run Behavior\BuildLiteBehavior [ RunTime:0.000030s ]
INFO: [ app_init ] --END-- [ RunTime:0.000721s ]
INFO: [ app_begin ] --START--
INFO: Run Behavior\ReadHtmlCacheBehavior [ RunTime:0.002387s ]
INFO: Run Behavior\CheckLangBehavior [ RunTime:0.003756s ]
INFO: [ app_begin ] --END-- [ RunTime:0.006438s ]
SQL: SHOW COLUMNS FROM `mncs` [ RunTime:0.0426s ]
SQL: SELECT COUNT(id) AS tp_count FROM `mncs` LIMIT 1   [ RunTime:0.0003s ]
NOTIC: [8] Undefined index: p E:\Wnmp\noobird\Application\Home\Controller\CController.class.php 第 174 行.
SQL: SELECT * FROM `mncs` ORDER BY `id` asc LIMIT 0,10   [ RunTime:0.0005s ]
INFO: [ view_filter ] --START--
INFO: Run Behavior\WriteHtmlCacheBehavior [ RunTime:0.000809s ]
INFO: [ view_filter ] --END-- [ RunTime:0.000925s ]
INFO: [ app_end ] --START--
INFO: Run Behavior\ShowPageTraceBehavior [ RunTime:0.000964s ]
INFO: [ app_end ] --END-- [ RunTime:0.001072s ]

[ 2015-11-12T10:37:25+08:00 ] 127.0.0.1 /Home/Telcos/manage
INFO: [ app_init ] --START--
INFO: Run Behavior\BuildLiteBehavior [ RunTime:0.000030s ]
INFO: [ app_init ] --END-- [ RunTime:0.000748s ]
INFO: [ app_begin ] --START--
INFO: Run Behavior\ReadHtmlCacheBehavior [ RunTime:0.001342s ]
INFO: Run Behavior\CheckLangBehavior [ RunTime:0.003930s ]
INFO: [ app_begin ] --END-- [ RunTime:0.005509s ]
SQL: SHOW COLUMNS FROM `telcos` [ RunTime:0.0277s ]
SQL: SELECT COUNT(id) AS tp_count FROM `telcos` LIMIT 1   [ RunTime:0.0005s ]
NOTIC: [8] Undefined index: p E:\Wnmp\noobird\Application\Home\Controller\CController.class.php 第 174 行.
SQL: SELECT * FROM `telcos` ORDER BY `id` asc LIMIT 0,10   [ RunTime:0.0005s ]
INFO: [ view_filter ] --START--
INFO: Run Behavior\WriteHtmlCacheBehavior [ RunTime:0.001406s ]
INFO: [ view_filter ] --END-- [ RunTime:0.001671s ]
INFO: [ app_end ] --START--
INFO: Run Behavior\ShowPageTraceBehavior [ RunTime:0.001341s ]
INFO: [ app_end ] --END-- [ RunTime:0.001479s ]

[ 2015-11-12T10:37:25+08:00 ] 127.0.0.1 /Home/PayCode/manage
INFO: [ app_init ] --START--
INFO: Run Behavior\BuildLiteBehavior [ RunTime:0.000042s ]
INFO: [ app_init ] --END-- [ RunTime:0.001208s ]
INFO: [ app_begin ] --START--
INFO: Run Behavior\ReadHtmlCacheBehavior [ RunTime:0.001103s ]
INFO: Run Behavior\CheckLangBehavior [ RunTime:0.003250s ]
INFO: [ app_begin ] --END-- [ RunTime:0.004575s ]
SQL: SHOW COLUMNS FROM `pay_code` [ RunTime:0.0164s ]
SQL: SELECT COUNT(id) AS tp_count FROM `pay_code` WHERE `status` > 0 LIMIT 1   [ RunTime:0.0003s ]
NOTIC: [8] Undefined index: p E:\Wnmp\noobird\Application\Home\Controller\CController.class.php 第 174 行.
SQL: SELECT * FROM `pay_code` WHERE `status` > 0 ORDER BY `id` asc LIMIT 0,10   [ RunTime:0.0006s ]
INFO: [ view_filter ] --START--
INFO: Run Behavior\WriteHtmlCacheBehavior [ RunTime:0.001100s ]
INFO: [ view_filter ] --END-- [ RunTime:0.001278s ]
INFO: [ app_end ] --START--
INFO: Run Behavior\ShowPageTraceBehavior [ RunTime:0.001236s ]
INFO: [ app_end ] --END-- [ RunTime:0.001473s ]

[ 2015-11-12T10:37:25+08:00 ] 127.0.0.1 /Home/Fees/manage
INFO: [ app_init ] --START--
INFO: Run Behavior\BuildLiteBehavior [ RunTime:0.000031s ]
INFO: [ app_init ] --END-- [ RunTime:0.000698s ]
INFO: [ app_begin ] --START--
INFO: Run Behavior\ReadHtmlCacheBehavior [ RunTime:0.001335s ]
INFO: Run Behavior\CheckLangBehavior [ RunTime:0.003408s ]
INFO: [ app_begin ] --END-- [ RunTime:0.004973s ]
SQL: SHOW COLUMNS FROM `fees` [ RunTime:0.0038s ]
SQL: SELECT COUNT(id) AS tp_count FROM `fees` WHERE `status` > 0 LIMIT 1   [ RunTime:0.0002s ]
NOTIC: [8] Undefined index: p E:\Wnmp\noobird\Application\Home\Controller\CController.class.php 第 174 行.
SQL: SELECT * FROM `fees` WHERE `status` > 0 ORDER BY `id` asc LIMIT 0,10   [ RunTime:0.0002s ]
INFO: [ view_filter ] --START--
INFO: Run Behavior\WriteHtmlCacheBehavior [ RunTime:0.000966s ]
INFO: [ view_filter ] --END-- [ RunTime:0.001091s ]
INFO: [ app_end ] --START--
INFO: Run Behavior\ShowPageTraceBehavior [ RunTime:0.001091s ]
INFO: [ app_end ] --END-- [ RunTime:0.001208s ]

[ 2015-11-12T13:46:16+08:00 ] 127.0.0.1 /
INFO: [ app_init ] --START--
INFO: Run Behavior\BuildLiteBehavior [ RunTime:0.000033s ]
INFO: [ app_init ] --END-- [ RunTime:0.000788s ]
INFO: [ app_begin ] --START--
INFO: Run Behavior\ReadHtmlCacheBehavior [ RunTime:0.001331s ]
INFO: Run Behavior\CheckLangBehavior [ RunTime:0.003670s ]
INFO: [ app_begin ] --END-- [ RunTime:0.005244s ]
INFO: [ view_filter ] --START--
INFO: Run Behavior\WriteHtmlCacheBehavior [ RunTime:0.001483s ]
INFO: [ view_filter ] --END-- [ RunTime:0.001688s ]
INFO: [ app_end ] --START--
INFO: Run Behavior\ShowPageTraceBehavior [ RunTime:0.001657s ]
INFO: [ app_end ] --END-- [ RunTime:0.001776s ]

[ 2015-11-12T13:46:16+08:00 ] 127.0.0.1 /Public/img1/bg.png
INFO: [ app_init ] --START--
INFO: Run Behavior\BuildLiteBehavior [ RunTime:0.000099s ]
INFO: [ app_init ] --END-- [ RunTime:0.001037s ]

[ 2015-11-12T13:46:16+08:00 ] 127.0.0.1 /Public/img/blueBtn.png
INFO: [ app_init ] --START--
INFO: Run Behavior\BuildLiteBehavior [ RunTime:0.000026s ]
INFO: [ app_init ] --END-- [ RunTime:0.000635s ]

[ 2015-11-12T13:55:04+08:00 ] 127.0.0.1 /index.php/UserAction/checkMsg/
INFO: [ app_init ] --START--
INFO: Run Behavior\BuildLiteBehavior [ RunTime:0.000071s ]
INFO: [ app_init ] --END-- [ RunTime:0.001209s ]
INFO: [ app_begin ] --START--
INFO: Run Behavior\ReadHtmlCacheBehavior [ RunTime:0.001229s ]
INFO: Run Behavior\CheckLangBehavior [ RunTime:0.004590s ]
INFO: [ app_begin ] --END-- [ RunTime:0.006238s ]

[ 2015-11-12T13:56:04+08:00 ] 127.0.0.1 /index.php/UserAction/checkMsg/
INFO: [ app_init ] --START--
INFO: Run Behavior\BuildLiteBehavior [ RunTime:0.000038s ]
INFO: [ app_init ] --END-- [ RunTime:0.000825s ]
INFO: [ app_begin ] --START--
INFO: Run Behavior\ReadHtmlCacheBehavior [ RunTime:0.001134s ]
INFO: Run Behavior\CheckLangBehavior [ RunTime:0.003860s ]
INFO: [ app_begin ] --END-- [ RunTime:0.005245s ]

[ 2015-11-12T13:57:04+08:00 ] 127.0.0.1 /index.php/UserAction/checkMsg/
INFO: [ app_init ] --START--
INFO: Run Behavior\BuildLiteBehavior [ RunTime:0.000043s ]
INFO: [ app_init ] --END-- [ RunTime:0.000953s ]
INFO: [ app_begin ] --START--
INFO: Run Behavior\ReadHtmlCacheBehavior [ RunTime:0.001361s ]
INFO: Run Behavior\CheckLangBehavior [ RunTime:0.004508s ]
INFO: [ app_begin ] --END-- [ RunTime:0.006159s ]

[ 2015-11-12T13:58:04+08:00 ] 127.0.0.1 /index.php/UserAction/checkMsg/
INFO: [ app_init ] --START--
INFO: Run Behavior\BuildLiteBehavior [ RunTime:0.000040s ]
INFO: [ app_init ] --END-- [ RunTime:0.000762s ]
INFO: [ app_begin ] --START--
INFO: Run Behavior\ReadHtmlCacheBehavior [ RunTime:0.001277s ]
INFO: Run Behavior\CheckLangBehavior [ RunTime:0.003688s ]
INFO: [ app_begin ] --END-- [ RunTime:0.005270s ]

[ 2015-11-12T13:59:04+08:00 ] 127.0.0.1 /index.php/UserAction/checkMsg/
INFO: [ app_init ] --START--
INFO: Run Behavior\BuildLiteBehavior [ RunTime:0.000029s ]
INFO: [ app_init ] --END-- [ RunTime:0.000655s ]
INFO: [ app_begin ] --START--
INFO: Run Behavior\ReadHtmlCacheBehavior [ RunTime:0.000619s ]
INFO: Run Behavior\CheckLangBehavior [ RunTime:0.002305s ]
INFO: [ app_begin ] --END-- [ RunTime:0.003086s ]

[ 2015-11-12T14:00:04+08:00 ] 127.0.0.1 /index.php/UserAction/checkMsg/
INFO: [ app_init ] --START--
INFO: Run Behavior\BuildLiteBehavior [ RunTime:0.000049s ]
INFO: [ app_init ] --END-- [ RunTime:0.001062s ]
INFO: [ app_begin ] --START--
INFO: Run Behavior\ReadHtmlCacheBehavior [ RunTime:0.000844s ]
INFO: Run Behavior\CheckLangBehavior [ RunTime:0.003407s ]
INFO: [ app_begin ] --END-- [ RunTime:0.004522s ]

[ 2015-11-12T14:01:04+08:00 ] 127.0.0.1 /index.php/UserAction/checkMsg/
INFO: [ app_init ] --START--
INFO: Run Behavior\BuildLiteBehavior [ RunTime:0.000062s ]
INFO: [ app_init ] --END-- [ RunTime:0.000989s ]
INFO: [ app_begin ] --START--
INFO: Run Behavior\ReadHtmlCacheBehavior [ RunTime:0.001054s ]
INFO: Run Behavior\CheckLangBehavior [ RunTime:0.004168s ]
INFO: [ app_begin ] --END-- [ RunTime:0.005593s ]

[ 2015-11-12T14:02:04+08:00 ] 127.0.0.1 /index.php/UserAction/checkMsg/
INFO: [ app_init ] --START--
INFO: Run Behavior\BuildLiteBehavior [ RunTime:0.000077s ]
INFO: [ app_init ] --END-- [ RunTime:0.001147s ]
INFO: [ app_begin ] --START--
INFO: Run Behavior\ReadHtmlCacheBehavior [ RunTime:0.001085s ]
INFO: Run Behavior\CheckLangBehavior [ RunTime:0.004336s ]
INFO: [ app_begin ] --END-- [ RunTime:0.005729s ]

[ 2015-11-12T14:03:04+08:00 ] 127.0.0.1 /index.php/UserAction/checkMsg/
INFO: [ app_init ] --START--
INFO: Run Behavior\BuildLiteBehavior [ RunTime:0.000040s ]
INFO: [ app_init ] --END-- [ RunTime:0.000866s ]
INFO: [ app_begin ] --START--
INFO: Run Behavior\ReadHtmlCacheBehavior [ RunTime:0.001019s ]
INFO: Run Behavior\CheckLangBehavior [ RunTime:0.003528s ]
INFO: [ app_begin ] --END-- [ RunTime:0.004807s ]

[ 2015-11-12T14:04:04+08:00 ] 127.0.0.1 /index.php/UserAction/checkMsg/
INFO: [ app_init ] --START--
INFO: Run Behavior\BuildLiteBehavior [ RunTime:0.000039s ]
INFO: [ app_init ] --END-- [ RunTime:0.000779s ]
INFO: [ app_begin ] --START--
INFO: Run Behavior\ReadHtmlCacheBehavior [ RunTime:0.000827s ]
INFO: Run Behavior\CheckLangBehavior [ RunTime:0.003399s ]
INFO: [ app_begin ] --END-- [ RunTime:0.004484s ]

[ 2015-11-12T14:05:04+08:00 ] 127.0.0.1 /index.php/UserAction/checkMsg/
INFO: [ app_init ] --START--
INFO: Run Behavior\BuildLiteBehavior [ RunTime:0.000043s ]
INFO: [ app_init ] --END-- [ RunTime:0.000820s ]
INFO: [ app_begin ] --START--
INFO: Run Behavior\ReadHtmlCacheBehavior [ RunTime:0.000898s ]
INFO: Run Behavior\CheckLangBehavior [ RunTime:0.003572s ]
INFO: [ app_begin ] --END-- [ RunTime:0.004764s ]

[ 2015-11-12T14:06:04+08:00 ] 127.0.0.1 /index.php/UserAction/checkMsg/
INFO: [ app_init ] --START--
INFO: Run Behavior\BuildLiteBehavior [ RunTime:0.000048s ]
INFO: [ app_init ] --END-- [ RunTime:0.001034s ]
INFO: [ app_begin ] --START--
INFO: Run Behavior\ReadHtmlCacheBehavior [ RunTime:0.001092s ]
INFO: Run Behavior\CheckLangBehavior [ RunTime:0.003203s ]
INFO: [ app_begin ] --END-- [ RunTime:0.004579s ]

[ 2015-11-12T14:07:04+08:00 ] 127.0.0.1 /index.php/UserAction/checkMsg/
INFO: [ app_init ] --START--
INFO: Run Behavior\BuildLiteBehavior [ RunTime:0.000045s ]
INFO: [ app_init ] --END-- [ RunTime:0.000997s ]
INFO: [ app_begin ] --START--
INFO: Run Behavior\ReadHtmlCacheBehavior [ RunTime:0.001118s ]
INFO: Run Behavior\CheckLangBehavior [ RunTime:0.003121s ]
INFO: [ app_begin ] --END-- [ RunTime:0.004493s ]

[ 2015-11-12T14:08:04+08:00 ] 127.0.0.1 /index.php/UserAction/checkMsg/
INFO: [ app_init ] --START--
INFO: Run Behavior\BuildLiteBehavior [ RunTime:0.000040s ]
INFO: [ app_init ] --END-- [ RunTime:0.000799s ]
INFO: [ app_begin ] --START--
INFO: Run Behavior\ReadHtmlCacheBehavior [ RunTime:0.000787s ]
INFO: Run Behavior\CheckLangBehavior [ RunTime:0.003180s ]
INFO: [ app_begin ] --END-- [ RunTime:0.004221s ]

[ 2015-11-12T14:09:04+08:00 ] 127.0.0.1 /index.php/UserAction/checkMsg/
INFO: [ app_init ] --START--
INFO: Run Behavior\BuildLiteBehavior [ RunTime:0.000052s ]
INFO: [ app_init ] --END-- [ RunTime:0.001086s ]
INFO: [ app_begin ] --START--
INFO: Run Behavior\ReadHtmlCacheBehavior [ RunTime:0.001029s ]
INFO: Run Behavior\CheckLangBehavior [ RunTime:0.006546s ]
INFO: [ app_begin ] --END-- [ RunTime:0.008010s ]

[ 2015-11-12T14:10:04+08:00 ] 127.0.0.1 /index.php/UserAction/checkMsg/
INFO: [ app_init ] --START--
INFO: Run Behavior\BuildLiteBehavior [ RunTime:0.000045s ]
INFO: [ app_init ] --END-- [ RunTime:0.000965s ]
INFO: [ app_begin ] --START--
INFO: Run Behavior\ReadHtmlCacheBehavior [ RunTime:0.001115s ]
INFO: Run Behavior\CheckLangBehavior [ RunTime:0.004465s ]
INFO: [ app_begin ] --END-- [ RunTime:0.005891s ]

[ 2015-11-12T14:11:04+08:00 ] 127.0.0.1 /index.php/UserAction/checkMsg/
INFO: [ app_init ] --START--
INFO: Run Behavior\BuildLiteBehavior [ RunTime:0.000046s ]
INFO: [ app_init ] --END-- [ RunTime:0.000999s ]
INFO: [ app_begin ] --START--
INFO: Run Behavior\ReadHtmlCacheBehavior [ RunTime:0.001109s ]
INFO: Run Behavior\CheckLangBehavior [ RunTime:0.004466s ]
INFO: [ app_begin ] --END-- [ RunTime:0.005880s ]

[ 2015-11-12T14:12:04+08:00 ] 127.0.0.1 /index.php/UserAction/checkMsg/
INFO: [ app_init ] --START--
INFO: Run Behavior\BuildLiteBehavior [ RunTime:0.000049s ]
INFO: [ app_init ] --END-- [ RunTime:0.000879s ]
INFO: [ app_begin ] --START--
INFO: Run Behavior\ReadHtmlCacheBehavior [ RunTime:0.000904s ]
INFO: Run Behavior\CheckLangBehavior [ RunTime:0.002403s ]
INFO: [ app_begin ] --END-- [ RunTime:0.003565s ]

[ 2015-11-12T14:13:04+08:00 ] 127.0.0.1 /index.php/UserAction/checkMsg/
INFO: [ app_init ] --START--
INFO: Run Behavior\BuildLiteBehavior [ RunTime:0.000040s ]
INFO: [ app_init ] --END-- [ RunTime:0.000749s ]
INFO: [ app_begin ] --START--
INFO: Run Behavior\ReadHtmlCacheBehavior [ RunTime:0.000729s ]
INFO: Run Behavior\CheckLangBehavior [ RunTime:0.003837s ]
INFO: [ app_begin ] --END-- [ RunTime:0.004822s ]

[ 2015-11-12T14:14:04+08:00 ] 127.0.0.1 /index.php/UserAction/checkMsg/
INFO: [ app_init ] --START--
INFO: Run Behavior\BuildLiteBehavior [ RunTime:0.000038s ]
INFO: [ app_init ] --END-- [ RunTime:0.000817s ]
INFO: [ app_begin ] --START--
INFO: Run Behavior\ReadHtmlCacheBehavior [ RunTime:0.001088s ]
INFO: Run Behavior\CheckLangBehavior [ RunTime:0.003684s ]
INFO: [ app_begin ] --END-- [ RunTime:0.005028s ]

[ 2015-11-12T14:15:04+08:00 ] 127.0.0.1 /index.php/UserAction/checkMsg/
INFO: [ app_init ] --START--
INFO: Run Behavior\BuildLiteBehavior [ RunTime:0.000027s ]
INFO: [ app_init ] --END-- [ RunTime:0.000537s ]
INFO: [ app_begin ] --START--
INFO: Run Behavior\ReadHtmlCacheBehavior [ RunTime:0.000612s ]
INFO: Run Behavior\CheckLangBehavior [ RunTime:0.002269s ]
INFO: [ app_begin ] --END-- [ RunTime:0.003057s ]

[ 2015-11-12T14:16:04+08:00 ] 127.0.0.1 /index.php/UserAction/checkMsg/
INFO: [ app_init ] --START--
INFO: Run Behavior\BuildLiteBehavior [ RunTime:0.000033s ]
INFO: [ app_init ] --END-- [ RunTime:0.000673s ]
INFO: [ app_begin ] --START--
INFO: Run Behavior\ReadHtmlCacheBehavior [ RunTime:0.000725s ]
INFO: Run Behavior\CheckLangBehavior [ RunTime:0.002871s ]
INFO: [ app_begin ] --END-- [ RunTime:0.003816s ]

[ 2015-11-12T14:17:04+08:00 ] 127.0.0.1 /index.php/UserAction/checkMsg/
INFO: [ app_init ] --START--
INFO: Run Behavior\BuildLiteBehavior [ RunTime:0.000078s ]
INFO: [ app_init ] --END-- [ RunTime:0.001794s ]
INFO: [ app_begin ] --START--
INFO: Run Behavior\ReadHtmlCacheBehavior [ RunTime:0.002064s ]
INFO: Run Behavior\CheckLangBehavior [ RunTime:0.007691s ]
INFO: [ app_begin ] --END-- [ RunTime:0.010351s ]

[ 2015-11-12T14:18:04+08:00 ] 127.0.0.1 /index.php/UserAction/checkMsg/
INFO: [ app_init ] --START--
INFO: Run Behavior\BuildLiteBehavior [ RunTime:0.000030s ]
INFO: [ app_init ] --END-- [ RunTime:0.000707s ]
INFO: [ app_begin ] --START--
INFO: Run Behavior\ReadHtmlCacheBehavior [ RunTime:0.000970s ]
INFO: Run Behavior\CheckLangBehavior [ RunTime:0.003087s ]
INFO: [ app_begin ] --END-- [ RunTime:0.004257s ]

[ 2015-11-12T14:19:04+08:00 ] 127.0.0.1 /index.php/UserAction/checkMsg/
INFO: [ app_init ] --START--
INFO: Run Behavior\BuildLiteBehavior [ RunTime:0.000040s ]
INFO: [ app_init ] --END-- [ RunTime:0.000855s ]
INFO: [ app_begin ] --START--
INFO: Run Behavior\ReadHtmlCacheBehavior [ RunTime:0.000870s ]
INFO: Run Behavior\CheckLangBehavior [ RunTime:0.002592s ]
INFO: [ app_begin ] --END-- [ RunTime:0.003698s ]

[ 2015-11-12T14:20:04+08:00 ] 127.0.0.1 /index.php/UserAction/checkMsg/
INFO: [ app_init ] --START--
INFO: Run Behavior\BuildLiteBehavior [ RunTime:0.000040s ]
INFO: [ app_init ] --END-- [ RunTime:0.000844s ]
INFO: [ app_begin ] --START--
INFO: Run Behavior\ReadHtmlCacheBehavior [ RunTime:0.001245s ]
INFO: Run Behavior\CheckLangBehavior [ RunTime:0.004422s ]
INFO: [ app_begin ] --END-- [ RunTime:0.005942s ]

[ 2015-11-12T14:21:04+08:00 ] 127.0.0.1 /index.php/UserAction/checkMsg/
INFO: [ app_init ] --START--
INFO: Run Behavior\BuildLiteBehavior [ RunTime:0.000048s ]
INFO: [ app_init ] --END-- [ RunTime:0.000828s ]
INFO: [ app_begin ] --START--
INFO: Run Behavior\ReadHtmlCacheBehavior [ RunTime:0.000671s ]
INFO: Run Behavior\CheckLangBehavior [ RunTime:0.002170s ]
INFO: [ app_begin ] --END-- [ RunTime:0.003001s ]

[ 2015-11-12T14:22:04+08:00 ] 127.0.0.1 /index.php/UserAction/checkMsg/
INFO: [ app_init ] --START--
INFO: Run Behavior\BuildLiteBehavior [ RunTime:0.000078s ]
INFO: [ app_init ] --END-- [ RunTime:0.001645s ]
INFO: [ app_begin ] --START--
INFO: Run Behavior\ReadHtmlCacheBehavior [ RunTime:0.001032s ]
INFO: Run Behavior\CheckLangBehavior [ RunTime:0.003460s ]
INFO: [ app_begin ] --END-- [ RunTime:0.004730s ]

[ 2015-11-12T14:23:04+08:00 ] 127.0.0.1 /index.php/UserAction/checkMsg/
INFO: [ app_init ] --START--
INFO: Run Behavior\BuildLiteBehavior [ RunTime:0.000045s ]
INFO: [ app_init ] --END-- [ RunTime:0.000903s ]
INFO: [ app_begin ] --START--
INFO: Run Behavior\ReadHtmlCacheBehavior [ RunTime:0.000932s ]
INFO: Run Behavior\CheckLangBehavior [ RunTime:0.003925s ]
INFO: [ app_begin ] --END-- [ RunTime:0.005148s ]

[ 2015-11-12T14:24:04+08:00 ] 127.0.0.1 /index.php/UserAction/checkMsg/
INFO: [ app_init ] --START--
INFO: Run Behavior\BuildLiteBehavior [ RunTime:0.000037s ]
INFO: [ app_init ] --END-- [ RunTime:0.000830s ]
INFO: [ app_begin ] --START--
INFO: Run Behavior\ReadHtmlCacheBehavior [ RunTime:0.001035s ]
INFO: Run Behavior\CheckLangBehavior [ RunTime:0.003641s ]
INFO: [ app_begin ] --END-- [ RunTime:0.004912s ]

[ 2015-11-12T14:25:04+08:00 ] 127.0.0.1 /index.php/UserAction/checkMsg/
INFO: [ app_init ] --START--
INFO: Run Behavior\BuildLiteBehavior [ RunTime:0.000064s ]
INFO: [ app_init ] --END-- [ RunTime:0.001121s ]
INFO: [ app_begin ] --START--
INFO: Run Behavior\ReadHtmlCacheBehavior [ RunTime:0.001171s ]
INFO: Run Behavior\CheckLangBehavior [ RunTime:0.003422s ]
INFO: [ app_begin ] --END-- [ RunTime:0.004927s ]

[ 2015-11-12T14:26:04+08:00 ] 127.0.0.1 /index.php/UserAction/checkMsg/
INFO: [ app_init ] --START--
INFO: Run Behavior\BuildLiteBehavior [ RunTime:0.000046s ]
INFO: [ app_init ] --END-- [ RunTime:0.000969s ]
INFO: [ app_begin ] --START--
INFO: Run Behavior\ReadHtmlCacheBehavior [ RunTime:0.001591s ]
INFO: Run Behavior\CheckLangBehavior [ RunTime:0.004715s ]
INFO: [ app_begin ] --END-- [ RunTime:0.006656s ]

[ 2015-11-12T14:27:04+08:00 ] 127.0.0.1 /index.php/UserAction/checkMsg/
INFO: [ app_init ] --START--
INFO: Run Behavior\BuildLiteBehavior [ RunTime:0.000050s ]
INFO: [ app_init ] --END-- [ RunTime:0.001033s ]
INFO: [ app_begin ] --START--
INFO: Run Behavior\ReadHtmlCacheBehavior [ RunTime:0.001065s ]
INFO: Run Behavior\CheckLangBehavior [ RunTime:0.004220s ]
INFO: [ app_begin ] --END-- [ RunTime:0.005614s ]

[ 2015-11-12T14:28:04+08:00 ] 127.0.0.1 /index.php/UserAction/checkMsg/
INFO: [ app_init ] --START--
INFO: Run Behavior\BuildLiteBehavior [ RunTime:0.000071s ]
INFO: [ app_init ] --END-- [ RunTime:0.001553s ]
INFO: [ app_begin ] --START--
INFO: Run Behavior\ReadHtmlCacheBehavior [ RunTime:0.001124s ]
INFO: Run Behavior\CheckLangBehavior [ RunTime:0.003669s ]
INFO: [ app_begin ] --END-- [ RunTime:0.005105s ]

[ 2015-11-12T14:29:04+08:00 ] 127.0.0.1 /index.php/UserAction/checkMsg/
INFO: [ app_init ] --START--
INFO: Run Behavior\BuildLiteBehavior [ RunTime:0.000071s ]
INFO: [ app_init ] --END-- [ RunTime:0.001031s ]
INFO: [ app_begin ] --START--
INFO: Run Behavior\ReadHtmlCacheBehavior [ RunTime:0.000889s ]
INFO: Run Behavior\CheckLangBehavior [ RunTime:0.003713s ]
INFO: [ app_begin ] --END-- [ RunTime:0.004877s ]

[ 2015-11-12T14:30:04+08:00 ] 127.0.0.1 /index.php/UserAction/checkMsg/
INFO: [ app_init ] --START--
INFO: Run Behavior\BuildLiteBehavior [ RunTime:0.000036s ]
INFO: [ app_init ] --END-- [ RunTime:0.000792s ]
INFO: [ app_begin ] --START--
INFO: Run Behavior\ReadHtmlCacheBehavior [ RunTime:0.001016s ]
INFO: Run Behavior\CheckLangBehavior [ RunTime:0.004554s ]
INFO: [ app_begin ] --END-- [ RunTime:0.005867s ]

[ 2015-11-12T14:31:04+08:00 ] 127.0.0.1 /index.php/UserAction/checkMsg/
INFO: [ app_init ] --START--
INFO: Run Behavior\BuildLiteBehavior [ RunTime:0.000048s ]
INFO: [ app_init ] --END-- [ RunTime:0.001021s ]
INFO: [ app_begin ] --START--
INFO: Run Behavior\ReadHtmlCacheBehavior [ RunTime:0.001006s ]
INFO: Run Behavior\CheckLangBehavior [ RunTime:0.004093s ]
INFO: [ app_begin ] --END-- [ RunTime:0.005424s ]

[ 2015-11-12T14:32:04+08:00 ] 127.0.0.1 /index.php/UserAction/checkMsg/
INFO: [ app_init ] --START--
INFO: Run Behavior\BuildLiteBehavior [ RunTime:0.000030s ]
INFO: [ app_init ] --END-- [ RunTime:0.000851s ]
INFO: [ app_begin ] --START--
INFO: Run Behavior\ReadHtmlCacheBehavior [ RunTime:0.001108s ]
INFO: Run Behavior\CheckLangBehavior [ RunTime:0.002759s ]
INFO: [ app_begin ] --END-- [ RunTime:0.004104s ]

[ 2015-11-12T14:33:04+08:00 ] 127.0.0.1 /index.php/UserAction/checkMsg/
INFO: [ app_init ] --START--
INFO: Run Behavior\BuildLiteBehavior [ RunTime:0.000044s ]
INFO: [ app_init ] --END-- [ RunTime:0.000825s ]
INFO: [ app_begin ] --START--
INFO: Run Behavior\ReadHtmlCacheBehavior [ RunTime:0.000957s ]
INFO: Run Behavior\CheckLangBehavior [ RunTime:0.005014s ]
INFO: [ app_begin ] --END-- [ RunTime:0.006333s ]

[ 2015-11-12T14:34:04+08:00 ] 127.0.0.1 /index.php/UserAction/checkMsg/
INFO: [ app_init ] --START--
INFO: Run Behavior\BuildLiteBehavior [ RunTime:0.000026s ]
INFO: [ app_init ] --END-- [ RunTime:0.000572s ]
INFO: [ app_begin ] --START--
INFO: Run Behavior\ReadHtmlCacheBehavior [ RunTime:0.000869s ]
INFO: Run Behavior\CheckLangBehavior [ RunTime:0.002948s ]
INFO: [ app_begin ] --END-- [ RunTime:0.004007s ]

[ 2015-11-12T14:35:04+08:00 ] 127.0.0.1 /index.php/UserAction/checkMsg/
INFO: [ app_init ] --START--
INFO: Run Behavior\BuildLiteBehavior [ RunTime:0.000034s ]
INFO: [ app_init ] --END-- [ RunTime:0.000694s ]
INFO: [ app_begin ] --START--
INFO: Run Behavior\ReadHtmlCacheBehavior [ RunTime:0.000685s ]
INFO: Run Behavior\CheckLangBehavior [ RunTime:0.002927s ]
INFO: [ app_begin ] --END-- [ RunTime:0.003834s ]

[ 2015-11-12T14:36:04+08:00 ] 127.0.0.1 /index.php/UserAction/checkMsg/
INFO: [ app_init ] --START--
INFO: Run Behavior\BuildLiteBehavior [ RunTime:0.000038s ]
INFO: [ app_init ] --END-- [ RunTime:0.000819s ]
INFO: [ app_begin ] --START--
INFO: Run Behavior\ReadHtmlCacheBehavior [ RunTime:0.001734s ]
INFO: Run Behavior\CheckLangBehavior [ RunTime:0.003808s ]
INFO: [ app_begin ] --END-- [ RunTime:0.005820s ]

[ 2015-11-12T14:37:04+08:00 ] 127.0.0.1 /index.php/UserAction/checkMsg/
INFO: [ app_init ] --START--
INFO: Run Behavior\BuildLiteBehavior [ RunTime:0.000040s ]
INFO: [ app_init ] --END-- [ RunTime:0.000870s ]
INFO: [ app_begin ] --START--
INFO: Run Behavior\ReadHtmlCacheBehavior [ RunTime:0.000921s ]
INFO: Run Behavior\CheckLangBehavior [ RunTime:0.003508s ]
INFO: [ app_begin ] --END-- [ RunTime:0.004663s ]

[ 2015-11-12T14:38:04+08:00 ] 127.0.0.1 /index.php/UserAction/checkMsg/
INFO: [ app_init ] --START--
INFO: Run Behavior\BuildLiteBehavior [ RunTime:0.000033s ]
INFO: [ app_init ] --END-- [ RunTime:0.000689s ]
INFO: [ app_begin ] --START--
INFO: Run Behavior\ReadHtmlCacheBehavior [ RunTime:0.000872s ]
INFO: Run Behavior\CheckLangBehavior [ RunTime:0.003159s ]
INFO: [ app_begin ] --END-- [ RunTime:0.004236s ]

[ 2015-11-12T14:39:04+08:00 ] 127.0.0.1 /index.php/UserAction/checkMsg/
INFO: [ app_init ] --START--
INFO: Run Behavior\BuildLiteBehavior [ RunTime:0.000024s ]
INFO: [ app_init ] --END-- [ RunTime:0.000473s ]
INFO: [ app_begin ] --START--
INFO: Run Behavior\ReadHtmlCacheBehavior [ RunTime:0.000813s ]
INFO: Run Behavior\CheckLangBehavior [ RunTime:0.002556s ]
INFO: [ app_begin ] --END-- [ RunTime:0.003593s ]

[ 2015-11-12T14:40:04+08:00 ] 127.0.0.1 /index.php/UserAction/checkMsg/
INFO: [ app_init ] --START--
INFO: Run Behavior\BuildLiteBehavior [ RunTime:0.000054s ]
INFO: [ app_init ] --END-- [ RunTime:0.000965s ]
INFO: [ app_begin ] --START--
INFO: Run Behavior\ReadHtmlCacheBehavior [ RunTime:0.003160s ]
INFO: Run Behavior\CheckLangBehavior [ RunTime:0.005680s ]
INFO: [ app_begin ] --END-- [ RunTime:0.009216s ]

[ 2015-11-12T14:41:04+08:00 ] 127.0.0.1 /index.php/UserAction/checkMsg/
INFO: [ app_init ] --START--
INFO: Run Behavior\BuildLiteBehavior [ RunTime:0.000028s ]
INFO: [ app_init ] --END-- [ RunTime:0.000526s ]
INFO: [ app_begin ] --START--
INFO: Run Behavior\ReadHtmlCacheBehavior [ RunTime:0.000751s ]
INFO: Run Behavior\CheckLangBehavior [ RunTime:0.002775s ]
INFO: [ app_begin ] --END-- [ RunTime:0.003749s ]

[ 2015-11-12T14:42:04+08:00 ] 127.0.0.1 /index.php/UserAction/checkMsg/
INFO: [ app_init ] --START--
INFO: Run Behavior\BuildLiteBehavior [ RunTime:0.000044s ]
INFO: [ app_init ] --END-- [ RunTime:0.000899s ]
INFO: [ app_begin ] --START--
INFO: Run Behavior\ReadHtmlCacheBehavior [ RunTime:0.001276s ]
INFO: Run Behavior\CheckLangBehavior [ RunTime:0.004401s ]
INFO: [ app_begin ] --END-- [ RunTime:0.005959s ]

[ 2015-11-12T14:43:04+08:00 ] 127.0.0.1 /index.php/UserAction/checkMsg/
INFO: [ app_init ] --START--
INFO: Run Behavior\BuildLiteBehavior [ RunTime:0.000028s ]
INFO: [ app_init ] --END-- [ RunTime:0.000611s ]
INFO: [ app_begin ] --START--
INFO: Run Behavior\ReadHtmlCacheBehavior [ RunTime:0.000592s ]
INFO: Run Behavior\CheckLangBehavior [ RunTime:0.003112s ]
INFO: [ app_begin ] --END-- [ RunTime:0.003995s ]

[ 2015-11-12T14:44:04+08:00 ] 127.0.0.1 /index.php/UserAction/checkMsg/
INFO: [ app_init ] --START--
INFO: Run Behavior\BuildLiteBehavior [ RunTime:0.000032s ]
INFO: [ app_init ] --END-- [ RunTime:0.000760s ]
INFO: [ app_begin ] --START--
INFO: Run Behavior\ReadHtmlCacheBehavior [ RunTime:0.000932s ]
INFO: Run Behavior\CheckLangBehavior [ RunTime:0.003951s ]
INFO: [ app_begin ] --END-- [ RunTime:0.005108s ]

[ 2015-11-12T14:45:04+08:00 ] 127.0.0.1 /index.php/UserAction/checkMsg/
INFO: [ app_init ] --START--
INFO: Run Behavior\BuildLiteBehavior [ RunTime:0.000027s ]
INFO: [ app_init ] --END-- [ RunTime:0.000482s ]
INFO: [ app_begin ] --START--
INFO: Run Behavior\ReadHtmlCacheBehavior [ RunTime:0.000547s ]
INFO: Run Behavior\CheckLangBehavior [ RunTime:0.002245s ]
INFO: [ app_begin ] --END-- [ RunTime:0.002966s ]

[ 2015-11-12T14:46:04+08:00 ] 127.0.0.1 /index.php/UserAction/checkMsg/
INFO: [ app_init ] --START--
INFO: Run Behavior\BuildLiteBehavior [ RunTime:0.000026s ]
INFO: [ app_init ] --END-- [ RunTime:0.000589s ]
INFO: [ app_begin ] --START--
INFO: Run Behavior\ReadHtmlCacheBehavior [ RunTime:0.000712s ]
INFO: Run Behavior\CheckLangBehavior [ RunTime:0.003245s ]
INFO: [ app_begin ] --END-- [ RunTime:0.004135s ]

[ 2015-11-12T14:47:04+08:00 ] 127.0.0.1 /index.php/UserAction/checkMsg/
INFO: [ app_init ] --START--
INFO: Run Behavior\BuildLiteBehavior [ RunTime:0.000036s ]
INFO: [ app_init ] --END-- [ RunTime:0.000746s ]
INFO: [ app_begin ] --START--
INFO: Run Behavior\ReadHtmlCacheBehavior [ RunTime:0.000731s ]
INFO: Run Behavior\CheckLangBehavior [ RunTime:0.003129s ]
INFO: [ app_begin ] --END-- [ RunTime:0.004099s ]

[ 2015-11-12T14:48:04+08:00 ] 127.0.0.1 /index.php/UserAction/checkMsg/
INFO: [ app_init ] --START--
INFO: Run Behavior\BuildLiteBehavior [ RunTime:0.000063s ]
INFO: [ app_init ] --END-- [ RunTime:0.001922s ]
INFO: [ app_begin ] --START--
INFO: Run Behavior\ReadHtmlCacheBehavior [ RunTime:0.001066s ]
INFO: Run Behavior\CheckLangBehavior [ RunTime:0.004227s ]
INFO: [ app_begin ] --END-- [ RunTime:0.005644s ]

[ 2015-11-12T14:49:04+08:00 ] 127.0.0.1 /index.php/UserAction/checkMsg/
INFO: [ app_init ] --START--
INFO: Run Behavior\BuildLiteBehavior [ RunTime:0.000032s ]
INFO: [ app_init ] --END-- [ RunTime:0.000756s ]
INFO: [ app_begin ] --START--
INFO: Run Behavior\ReadHtmlCacheBehavior [ RunTime:0.000747s ]
INFO: Run Behavior\CheckLangBehavior [ RunTime:0.002624s ]
INFO: [ app_begin ] --END-- [ RunTime:0.003566s ]

[ 2015-11-12T14:50:04+08:00 ] 127.0.0.1 /index.php/UserAction/checkMsg/
INFO: [ app_init ] --START--
INFO: Run Behavior\BuildLiteBehavior [ RunTime:0.000049s ]
INFO: [ app_init ] --END-- [ RunTime:0.001032s ]
INFO: [ app_begin ] --START--
INFO: Run Behavior\ReadHtmlCacheBehavior [ RunTime:0.001547s ]
INFO: Run Behavior\CheckLangBehavior [ RunTime:0.004857s ]
INFO: [ app_begin ] --END-- [ RunTime:0.006775s ]

[ 2015-11-12T14:51:04+08:00 ] 127.0.0.1 /index.php/UserAction/checkMsg/
INFO: [ app_init ] --START--
INFO: Run Behavior\BuildLiteBehavior [ RunTime:0.000215s ]
INFO: [ app_init ] --END-- [ RunTime:0.002199s ]
INFO: [ app_begin ] --START--
INFO: Run Behavior\ReadHtmlCacheBehavior [ RunTime:0.002124s ]
INFO: Run Behavior\CheckLangBehavior [ RunTime:0.003343s ]
INFO: [ app_begin ] --END-- [ RunTime:0.005995s ]

[ 2015-11-12T14:52:04+08:00 ] 127.0.0.1 /index.php/UserAction/checkMsg/
INFO: [ app_init ] --START--
INFO: Run Behavior\BuildLiteBehavior [ RunTime:0.000031s ]
INFO: [ app_init ] --END-- [ RunTime:0.000637s ]
INFO: [ app_begin ] --START--
INFO: Run Behavior\ReadHtmlCacheBehavior [ RunTime:0.000778s ]
INFO: Run Behavior\CheckLangBehavior [ RunTime:0.002400s ]
INFO: [ app_begin ] --END-- [ RunTime:0.003362s ]

[ 2015-11-12T14:53:04+08:00 ] 127.0.0.1 /index.php/UserAction/checkMsg/
INFO: [ app_init ] --START--
INFO: Run Behavior\BuildLiteBehavior [ RunTime:0.000057s ]
INFO: [ app_init ] --END-- [ RunTime:0.000961s ]
INFO: [ app_begin ] --START--
INFO: Run Behavior\ReadHtmlCacheBehavior [ RunTime:0.001041s ]
INFO: Run Behavior\CheckLangBehavior [ RunTime:0.004131s ]
INFO: [ app_begin ] --END-- [ RunTime:0.005495s ]

[ 2015-11-12T14:54:04+08:00 ] 127.0.0.1 /index.php/UserAction/checkMsg/
INFO: [ app_init ] --START--
INFO: Run Behavior\BuildLiteBehavior [ RunTime:0.000029s ]
INFO: [ app_init ] --END-- [ RunTime:0.000550s ]
INFO: [ app_begin ] --START--
INFO: Run Behavior\ReadHtmlCacheBehavior [ RunTime:0.000831s ]
INFO: Run Behavior\CheckLangBehavior [ RunTime:0.003426s ]
INFO: [ app_begin ] --END-- [ RunTime:0.004424s ]

[ 2015-11-12T14:54:09+08:00 ] 127.0.0.1 /Fees/index.html
INFO: [ app_init ] --START--
INFO: Run Behavior\BuildLiteBehavior [ RunTime:0.000029s ]
INFO: [ app_init ] --END-- [ RunTime:0.000582s ]
INFO: [ app_begin ] --START--
INFO: Run Behavior\ReadHtmlCacheBehavior [ RunTime:0.000626s ]
INFO: Run Behavior\CheckLangBehavior [ RunTime:0.002419s ]
INFO: [ app_begin ] --END-- [ RunTime:0.003265s ]
SQL: SHOW COLUMNS FROM `fees` [ RunTime:0.0384s ]
SQL: SELECT COUNT(id) AS tp_count FROM `fees` WHERE `status` > 0 LIMIT 1   [ RunTime:0.0004s ]
NOTIC: [8] Undefined index: p E:\Wnmp\noobird\Application\Home\Controller\CController.class.php 第 174 行.
SQL: SELECT * FROM `fees` WHERE `status` > 0 ORDER BY `id` asc LIMIT 0,10   [ RunTime:0.0004s ]
INFO: [ view_filter ] --START--
INFO: Run Behavior\WriteHtmlCacheBehavior [ RunTime:0.000519s ]
INFO: [ view_filter ] --END-- [ RunTime:0.000635s ]
INFO: [ app_end ] --START--
INFO: Run Behavior\ShowPageTraceBehavior [ RunTime:0.000728s ]
INFO: [ app_end ] --END-- [ RunTime:0.000845s ]

[ 2015-11-12T14:54:10+08:00 ] 127.0.0.1 /Admin/index.html
INFO: [ app_init ] --START--
INFO: Run Behavior\BuildLiteBehavior [ RunTime:0.000053s ]
INFO: [ app_init ] --END-- [ RunTime:0.001035s ]
INFO: [ app_begin ] --START--
INFO: Run Behavior\ReadHtmlCacheBehavior [ RunTime:0.000960s ]
INFO: Run Behavior\CheckLangBehavior [ RunTime:0.003191s ]
INFO: [ app_begin ] --END-- [ RunTime:0.004433s ]
INFO: [ view_filter ] --START--
INFO: Run Behavior\WriteHtmlCacheBehavior [ RunTime:0.000755s ]
INFO: [ view_filter ] --END-- [ RunTime:0.000912s ]
INFO: [ app_end ] --START--
INFO: Run Behavior\ShowPageTraceBehavior [ RunTime:0.000940s ]
INFO: [ app_end ] --END-- [ RunTime:0.001061s ]

[ 2015-11-12T14:54:12+08:00 ] 127.0.0.1 /Admin/index.html
INFO: [ app_init ] --START--
INFO: Run Behavior\BuildLiteBehavior [ RunTime:0.000031s ]
INFO: [ app_init ] --END-- [ RunTime:0.000538s ]
INFO: [ app_begin ] --START--
INFO: Run Behavior\ReadHtmlCacheBehavior [ RunTime:0.000614s ]
INFO: Run Behavior\CheckLangBehavior [ RunTime:0.002300s ]
INFO: [ app_begin ] --END-- [ RunTime:0.003148s ]
INFO: [ view_filter ] --START--
INFO: Run Behavior\WriteHtmlCacheBehavior [ RunTime:0.000674s ]
INFO: [ view_filter ] --END-- [ RunTime:0.000835s ]
INFO: [ app_end ] --START--
INFO: Run Behavior\ShowPageTraceBehavior [ RunTime:0.000669s ]
INFO: [ app_end ] --END-- [ RunTime:0.000788s ]

[ 2015-11-12T14:54:13+08:00 ] 127.0.0.1 /Admin/index.html
INFO: [ app_init ] --START--
INFO: Run Behavior\BuildLiteBehavior [ RunTime:0.000030s ]
INFO: [ app_init ] --END-- [ RunTime:0.000634s ]
INFO: [ app_begin ] --START--
INFO: Run Behavior\ReadHtmlCacheBehavior [ RunTime:0.000924s ]
INFO: Run Behavior\CheckLangBehavior [ RunTime:0.002950s ]
INFO: [ app_begin ] --END-- [ RunTime:0.004111s ]
INFO: [ view_filter ] --START--
INFO: Run Behavior\WriteHtmlCacheBehavior [ RunTime:0.000614s ]
INFO: [ view_filter ] --END-- [ RunTime:0.000737s ]
INFO: [ app_end ] --START--
INFO: Run Behavior\ShowPageTraceBehavior [ RunTime:0.000747s ]
INFO: [ app_end ] --END-- [ RunTime:0.000869s ]

[ 2015-11-12T14:54:15+08:00 ] 127.0.0.1 /Admin/index.html
INFO: [ app_init ] --START--
INFO: Run Behavior\BuildLiteBehavior [ RunTime:0.000042s ]
INFO: [ app_init ] --END-- [ RunTime:0.000533s ]
INFO: [ app_begin ] --START--
INFO: Run Behavior\ReadHtmlCacheBehavior [ RunTime:0.000474s ]
INFO: Run Behavior\CheckLangBehavior [ RunTime:0.003490s ]
INFO: [ app_begin ] --END-- [ RunTime:0.004305s ]
INFO: [ view_filter ] --START--
INFO: Run Behavior\WriteHtmlCacheBehavior [ RunTime:0.000399s ]
INFO: [ view_filter ] --END-- [ RunTime:0.000519s ]
INFO: [ app_end ] --START--
INFO: Run Behavior\ShowPageTraceBehavior [ RunTime:0.000599s ]
INFO: [ app_end ] --END-- [ RunTime:0.000711s ]

[ 2015-11-12T14:54:16+08:00 ] 127.0.0.1 /Admin/index.html
INFO: [ app_init ] --START--
INFO: Run Behavior\BuildLiteBehavior [ RunTime:0.000031s ]
INFO: [ app_init ] --END-- [ RunTime:0.000566s ]
INFO: [ app_begin ] --START--
INFO: Run Behavior\ReadHtmlCacheBehavior [ RunTime:0.000884s ]
INFO: Run Behavior\CheckLangBehavior [ RunTime:0.002710s ]
INFO: [ app_begin ] --END-- [ RunTime:0.003820s ]
INFO: [ view_filter ] --START--
INFO: Run Behavior\WriteHtmlCacheBehavior [ RunTime:0.000634s ]
INFO: [ view_filter ] --END-- [ RunTime:0.000761s ]
INFO: [ app_end ] --START--
INFO: Run Behavior\ShowPageTraceBehavior [ RunTime:0.000827s ]
INFO: [ app_end ] --END-- [ RunTime:0.000945s ]

[ 2015-11-12T14:54:17+08:00 ] 127.0.0.1 /Admin/index.html
INFO: [ app_init ] --START--
INFO: Run Behavior\BuildLiteBehavior [ RunTime:0.000030s ]
INFO: [ app_init ] --END-- [ RunTime:0.000555s ]
INFO: [ app_begin ] --START--
INFO: Run Behavior\ReadHtmlCacheBehavior [ RunTime:0.000579s ]
INFO: Run Behavior\CheckLangBehavior [ RunTime:0.002082s ]
INFO: [ app_begin ] --END-- [ RunTime:0.002855s ]
INFO: [ view_filter ] --START--
INFO: Run Behavior\WriteHtmlCacheBehavior [ RunTime:0.000410s ]
INFO: [ view_filter ] --END-- [ RunTime:0.000529s ]
INFO: [ app_end ] --START--
INFO: Run Behavior\ShowPageTraceBehavior [ RunTime:0.000599s ]
INFO: [ app_end ] --END-- [ RunTime:0.000707s ]

[ 2015-11-12T14:55:04+08:00 ] 127.0.0.1 /index.php/UserAction/checkMsg/
INFO: [ app_init ] --START--
INFO: Run Behavior\BuildLiteBehavior [ RunTime:0.000040s ]
INFO: [ app_init ] --END-- [ RunTime:0.000872s ]
INFO: [ app_begin ] --START--
INFO: Run Behavior\ReadHtmlCacheBehavior [ RunTime:0.001165s ]
INFO: Run Behavior\CheckLangBehavior [ RunTime:0.003861s ]
INFO: [ app_begin ] --END-- [ RunTime:0.005286s ]

[ 2015-11-12T14:56:04+08:00 ] 127.0.0.1 /index.php/UserAction/checkMsg/
INFO: [ app_init ] --START--
INFO: Run Behavior\BuildLiteBehavior [ RunTime:0.000068s ]
INFO: [ app_init ] --END-- [ RunTime:0.001126s ]
INFO: [ app_begin ] --START--
INFO: Run Behavior\ReadHtmlCacheBehavior [ RunTime:0.000976s ]
INFO: Run Behavior\CheckLangBehavior [ RunTime:0.003954s ]
INFO: [ app_begin ] --END-- [ RunTime:0.005202s ]

[ 2015-11-12T14:57:04+08:00 ] 127.0.0.1 /index.php/UserAction/checkMsg/
INFO: [ app_init ] --START--
INFO: Run Behavior\BuildLiteBehavior [ RunTime:0.000026s ]
INFO: [ app_init ] --END-- [ RunTime:0.000574s ]
INFO: [ app_begin ] --START--
INFO: Run Behavior\ReadHtmlCacheBehavior [ RunTime:0.000780s ]
INFO: Run Behavior\CheckLangBehavior [ RunTime:0.003522s ]
INFO: [ app_begin ] --END-- [ RunTime:0.004500s ]

[ 2015-11-12T14:58:04+08:00 ] 127.0.0.1 /index.php/UserAction/checkMsg/
INFO: [ app_init ] --START--
INFO: Run Behavior\BuildLiteBehavior [ RunTime:0.000077s ]
INFO: [ app_init ] --END-- [ RunTime:0.001117s ]
INFO: [ app_begin ] --START--
INFO: Run Behavior\ReadHtmlCacheBehavior [ RunTime:0.000900s ]
INFO: Run Behavior\CheckLangBehavior [ RunTime:0.003516s ]
INFO: [ app_begin ] --END-- [ RunTime:0.004699s ]

[ 2015-11-12T14:59:04+08:00 ] 127.0.0.1 /index.php/UserAction/checkMsg/
INFO: [ app_init ] --START--
INFO: Run Behavior\BuildLiteBehavior [ RunTime:0.000064s ]
INFO: [ app_init ] --END-- [ RunTime:0.001030s ]
INFO: [ app_begin ] --START--
INFO: Run Behavior\ReadHtmlCacheBehavior [ RunTime:0.001395s ]
INFO: Run Behavior\CheckLangBehavior [ RunTime:0.005222s ]
INFO: [ app_begin ] --END-- [ RunTime:0.006945s ]

[ 2015-11-12T15:00:04+08:00 ] 127.0.0.1 /index.php/UserAction/checkMsg/
INFO: [ app_init ] --START--
INFO: Run Behavior\BuildLiteBehavior [ RunTime:0.000038s ]
INFO: [ app_init ] --END-- [ RunTime:0.000759s ]
INFO: [ app_begin ] --START--
INFO: Run Behavior\ReadHtmlCacheBehavior [ RunTime:0.000974s ]
INFO: Run Behavior\CheckLangBehavior [ RunTime:0.003738s ]
INFO: [ app_begin ] --END-- [ RunTime:0.004961s ]

[ 2015-11-12T15:01:04+08:00 ] 127.0.0.1 /index.php/UserAction/checkMsg/
INFO: [ app_init ] --START--
INFO: Run Behavior\BuildLiteBehavior [ RunTime:0.000035s ]
INFO: [ app_init ] --END-- [ RunTime:0.000779s ]
INFO: [ app_begin ] --START--
INFO: Run Behavior\ReadHtmlCacheBehavior [ RunTime:0.001055s ]
INFO: Run Behavior\CheckLangBehavior [ RunTime:0.003316s ]
INFO: [ app_begin ] --END-- [ RunTime:0.004600s ]

[ 2015-11-12T15:02:04+08:00 ] 127.0.0.1 /index.php/UserAction/checkMsg/
INFO: [ app_init ] --START--
INFO: Run Behavior\BuildLiteBehavior [ RunTime:0.000029s ]
INFO: [ app_init ] --END-- [ RunTime:0.000582s ]
INFO: [ app_begin ] --START--
INFO: Run Behavior\ReadHtmlCacheBehavior [ RunTime:0.000529s ]
INFO: Run Behavior\CheckLangBehavior [ RunTime:0.002317s ]
INFO: [ app_begin ] --END-- [ RunTime:0.003037s ]

[ 2015-11-12T15:03:04+08:00 ] 127.0.0.1 /index.php/UserAction/checkMsg/
INFO: [ app_init ] --START--
INFO: Run Behavior\BuildLiteBehavior [ RunTime:0.000113s ]
INFO: [ app_init ] --END-- [ RunTime:0.001826s ]
INFO: [ app_begin ] --START--
INFO: Run Behavior\ReadHtmlCacheBehavior [ RunTime:0.001162s ]
INFO: Run Behavior\CheckLangBehavior [ RunTime:0.003895s ]
INFO: [ app_begin ] --END-- [ RunTime:0.005314s ]

[ 2015-11-12T15:04:04+08:00 ] 127.0.0.1 /index.php/UserAction/checkMsg/
INFO: [ app_init ] --START--
INFO: Run Behavior\BuildLiteBehavior [ RunTime:0.000077s ]
INFO: [ app_init ] --END-- [ RunTime:0.001797s ]
INFO: [ app_begin ] --START--
INFO: Run Behavior\ReadHtmlCacheBehavior [ RunTime:0.001974s ]
INFO: Run Behavior\CheckLangBehavior [ RunTime:0.005662s ]
INFO: [ app_begin ] --END-- [ RunTime:0.008150s ]

[ 2015-11-12T15:05:04+08:00 ] 127.0.0.1 /index.php/UserAction/checkMsg/
INFO: [ app_init ] --START--
INFO: Run Behavior\BuildLiteBehavior [ RunTime:0.000026s ]
INFO: [ app_init ] --END-- [ RunTime:0.000488s ]
INFO: [ app_begin ] --START--
INFO: Run Behavior\ReadHtmlCacheBehavior [ RunTime:0.000887s ]
INFO: Run Behavior\CheckLangBehavior [ RunTime:0.002786s ]
INFO: [ app_begin ] --END-- [ RunTime:0.003886s ]

[ 2015-11-12T15:06:04+08:00 ] 127.0.0.1 /index.php/UserAction/checkMsg/
INFO: [ app_init ] --START--
INFO: Run Behavior\BuildLiteBehavior [ RunTime:0.000044s ]
INFO: [ app_init ] --END-- [ RunTime:0.000903s ]
INFO: [ app_begin ] --START--
INFO: Run Behavior\ReadHtmlCacheBehavior [ RunTime:0.000610s ]
INFO: Run Behavior\CheckLangBehavior [ RunTime:0.002063s ]
INFO: [ app_begin ] --END-- [ RunTime:0.002841s ]

[ 2015-11-12T15:07:04+08:00 ] 127.0.0.1 /index.php/UserAction/checkMsg/
INFO: [ app_init ] --START--
INFO: Run Behavior\BuildLiteBehavior [ RunTime:0.000043s ]
INFO: [ app_init ] --END-- [ RunTime:0.000947s ]
INFO: [ app_begin ] --START--
INFO: Run Behavior\ReadHtmlCacheBehavior [ RunTime:0.001220s ]
INFO: Run Behavior\CheckLangBehavior [ RunTime:0.004319s ]
INFO: [ app_begin ] --END-- [ RunTime:0.005835s ]

[ 2015-11-12T15:08:04+08:00 ] 127.0.0.1 /index.php/UserAction/checkMsg/
INFO: [ app_init ] --START--
INFO: Run Behavior\BuildLiteBehavior [ RunTime:0.000041s ]
INFO: [ app_init ] --END-- [ RunTime:0.000944s ]
INFO: [ app_begin ] --START--
INFO: Run Behavior\ReadHtmlCacheBehavior [ RunTime:0.000963s ]
INFO: Run Behavior\CheckLangBehavior [ RunTime:0.003418s ]
INFO: [ app_begin ] --END-- [ RunTime:0.004644s ]

[ 2015-11-12T15:09:04+08:00 ] 127.0.0.1 /index.php/UserAction/checkMsg/
INFO: [ app_init ] --START--
INFO: Run Behavior\BuildLiteBehavior [ RunTime:0.000025s ]
INFO: [ app_init ] --END-- [ RunTime:0.000612s ]
INFO: [ app_begin ] --START--
INFO: Run Behavior\ReadHtmlCacheBehavior [ RunTime:0.000778s ]
INFO: Run Behavior\CheckLangBehavior [ RunTime:0.002590s ]
INFO: [ app_begin ] --END-- [ RunTime:0.003528s ]

[ 2015-11-12T15:10:04+08:00 ] 127.0.0.1 /index.php/UserAction/checkMsg/
INFO: [ app_init ] --START--
INFO: Run Behavior\BuildLiteBehavior [ RunTime:0.000035s ]
INFO: [ app_init ] --END-- [ RunTime:0.000711s ]
INFO: [ app_begin ] --START--
INFO: Run Behavior\ReadHtmlCacheBehavior [ RunTime:0.000770s ]
INFO: Run Behavior\CheckLangBehavior [ RunTime:0.003004s ]
INFO: [ app_begin ] --END-- [ RunTime:0.004010s ]

[ 2015-11-12T15:11:04+08:00 ] 127.0.0.1 /index.php/UserAction/checkMsg/
INFO: [ app_init ] --START--
INFO: Run Behavior\BuildLiteBehavior [ RunTime:0.000038s ]
INFO: [ app_init ] --END-- [ RunTime:0.000741s ]
INFO: [ app_begin ] --START--
INFO: Run Behavior\ReadHtmlCacheBehavior [ RunTime:0.001217s ]
INFO: Run Behavior\CheckLangBehavior [ RunTime:0.004192s ]
INFO: [ app_begin ] --END-- [ RunTime:0.005723s ]

[ 2015-11-12T15:12:04+08:00 ] 127.0.0.1 /index.php/UserAction/checkMsg/
INFO: [ app_init ] --START--
INFO: Run Behavior\BuildLiteBehavior [ RunTime:0.000077s ]
INFO: [ app_init ] --END-- [ RunTime:0.001711s ]
INFO: [ app_begin ] --START--
INFO: Run Behavior\ReadHtmlCacheBehavior [ RunTime:0.001882s ]
INFO: Run Behavior\CheckLangBehavior [ RunTime:0.007870s ]
INFO: [ app_begin ] --END-- [ RunTime:0.010353s ]

[ 2015-11-12T15:13:04+08:00 ] 127.0.0.1 /index.php/UserAction/checkMsg/
INFO: [ app_init ] --START--
INFO: Run Behavior\BuildLiteBehavior [ RunTime:0.000035s ]
INFO: [ app_init ] --END-- [ RunTime:0.000518s ]
INFO: [ app_begin ] --START--
INFO: Run Behavior\ReadHtmlCacheBehavior [ RunTime:0.001227s ]
INFO: Run Behavior\CheckLangBehavior [ RunTime:0.003840s ]
INFO: [ app_begin ] --END-- [ RunTime:0.005340s ]

[ 2015-11-12T15:14:04+08:00 ] 127.0.0.1 /index.php/UserAction/checkMsg/
INFO: [ app_init ] --START--
INFO: Run Behavior\BuildLiteBehavior [ RunTime:0.000043s ]
INFO: [ app_init ] --END-- [ RunTime:0.000828s ]
INFO: [ app_begin ] --START--
INFO: Run Behavior\ReadHtmlCacheBehavior [ RunTime:0.000909s ]
INFO: Run Behavior\CheckLangBehavior [ RunTime:0.003476s ]
INFO: [ app_begin ] --END-- [ RunTime:0.004663s ]

[ 2015-11-12T15:15:04+08:00 ] 127.0.0.1 /index.php/UserAction/checkMsg/
INFO: [ app_init ] --START--
INFO: Run Behavior\BuildLiteBehavior [ RunTime:0.000041s ]
INFO: [ app_init ] --END-- [ RunTime:0.000866s ]
INFO: [ app_begin ] --START--
INFO: Run Behavior\ReadHtmlCacheBehavior [ RunTime:0.001754s ]
INFO: Run Behavior\CheckLangBehavior [ RunTime:0.004061s ]
INFO: [ app_begin ] --END-- [ RunTime:0.006075s ]

[ 2015-11-12T15:16:04+08:00 ] 127.0.0.1 /index.php/UserAction/checkMsg/
INFO: [ app_init ] --START--
INFO: Run Behavior\BuildLiteBehavior [ RunTime:0.000036s ]
INFO: [ app_init ] --END-- [ RunTime:0.000788s ]
INFO: [ app_begin ] --START--
INFO: Run Behavior\ReadHtmlCacheBehavior [ RunTime:0.001024s ]
INFO: Run Behavior\CheckLangBehavior [ RunTime:0.003342s ]
INFO: [ app_begin ] --END-- [ RunTime:0.004616s ]

[ 2015-11-12T15:17:04+08:00 ] 127.0.0.1 /index.php/UserAction/checkMsg/
INFO: [ app_init ] --START--
INFO: Run Behavior\BuildLiteBehavior [ RunTime:0.000030s ]
INFO: [ app_init ] --END-- [ RunTime:0.000669s ]
INFO: [ app_begin ] --START--
INFO: Run Behavior\ReadHtmlCacheBehavior [ RunTime:0.000936s ]
INFO: Run Behavior\CheckLangBehavior [ RunTime:0.003076s ]
INFO: [ app_begin ] --END-- [ RunTime:0.004213s ]

[ 2015-11-12T15:18:04+08:00 ] 127.0.0.1 /index.php/UserAction/checkMsg/
INFO: [ app_init ] --START--
INFO: Run Behavior\BuildLiteBehavior [ RunTime:0.000077s ]
INFO: [ app_init ] --END-- [ RunTime:0.001414s ]
INFO: [ app_begin ] --START--
INFO: Run Behavior\ReadHtmlCacheBehavior [ RunTime:0.003164s ]
INFO: Run Behavior\CheckLangBehavior [ RunTime:0.008053s ]
INFO: [ app_begin ] --END-- [ RunTime:0.011831s ]

[ 2015-11-12T15:19:04+08:00 ] 127.0.0.1 /index.php/UserAction/checkMsg/
INFO: [ app_init ] --START--
INFO: Run Behavior\BuildLiteBehavior [ RunTime:0.000026s ]
INFO: [ app_init ] --END-- [ RunTime:0.000584s ]
INFO: [ app_begin ] --START--
INFO: Run Behavior\ReadHtmlCacheBehavior [ RunTime:0.000732s ]
INFO: Run Behavior\CheckLangBehavior [ RunTime:0.002404s ]
INFO: [ app_begin ] --END-- [ RunTime:0.003298s ]

[ 2015-11-12T15:20:04+08:00 ] 127.0.0.1 /index.php/UserAction/checkMsg/
INFO: [ app_init ] --START--
INFO: Run Behavior\BuildLiteBehavior [ RunTime:0.000034s ]
INFO: [ app_init ] --END-- [ RunTime:0.000719s ]
INFO: [ app_begin ] --START--
INFO: Run Behavior\ReadHtmlCacheBehavior [ RunTime:0.001180s ]
INFO: Run Behavior\CheckLangBehavior [ RunTime:0.003679s ]
INFO: [ app_begin ] --END-- [ RunTime:0.005214s ]

[ 2015-11-12T15:21:04+08:00 ] 127.0.0.1 /index.php/UserAction/checkMsg/
INFO: [ app_init ] --START--
INFO: Run Behavior\BuildLiteBehavior [ RunTime:0.000054s ]
INFO: [ app_init ] --END-- [ RunTime:0.000882s ]
INFO: [ app_begin ] --START--
INFO: Run Behavior\ReadHtmlCacheBehavior [ RunTime:0.000841s ]
INFO: Run Behavior\CheckLangBehavior [ RunTime:0.002865s ]
INFO: [ app_begin ] --END-- [ RunTime:0.003880s ]

[ 2015-11-12T15:22:04+08:00 ] 127.0.0.1 /index.php/UserAction/checkMsg/
INFO: [ app_init ] --START--
INFO: Run Behavior\BuildLiteBehavior [ RunTime:0.000048s ]
INFO: [ app_init ] --END-- [ RunTime:0.000953s ]
INFO: [ app_begin ] --START--
INFO: Run Behavior\ReadHtmlCacheBehavior [ RunTime:0.001018s ]
INFO: Run Behavior\CheckLangBehavior [ RunTime:0.004803s ]
INFO: [ app_begin ] --END-- [ RunTime:0.006196s ]

[ 2015-11-12T15:23:04+08:00 ] 127.0.0.1 /index.php/UserAction/checkMsg/
INFO: [ app_init ] --START--
INFO: Run Behavior\BuildLiteBehavior [ RunTime:0.000030s ]
INFO: [ app_init ] --END-- [ RunTime:0.000636s ]
INFO: [ app_begin ] --START--
INFO: Run Behavior\ReadHtmlCacheBehavior [ RunTime:0.000787s ]
INFO: Run Behavior\CheckLangBehavior [ RunTime:0.002868s ]
INFO: [ app_begin ] --END-- [ RunTime:0.003864s ]

[ 2015-11-12T15:24:04+08:00 ] 127.0.0.1 /index.php/UserAction/checkMsg/
INFO: [ app_init ] --START--
INFO: Run Behavior\BuildLiteBehavior [ RunTime:0.000056s ]
INFO: [ app_init ] --END-- [ RunTime:0.000914s ]
INFO: [ app_begin ] --START--
INFO: Run Behavior\ReadHtmlCacheBehavior [ RunTime:0.001339s ]
INFO: Run Behavior\CheckLangBehavior [ RunTime:0.003315s ]
INFO: [ app_begin ] --END-- [ RunTime:0.004987s ]

[ 2015-11-12T15:25:04+08:00 ] 127.0.0.1 /index.php/UserAction/checkMsg/
INFO: [ app_init ] --START--
INFO: Run Behavior\BuildLiteBehavior [ RunTime:0.000045s ]
INFO: [ app_init ] --END-- [ RunTime:0.000963s ]
INFO: [ app_begin ] --START--
INFO: Run Behavior\ReadHtmlCacheBehavior [ RunTime:0.001359s ]
INFO: Run Behavior\CheckLangBehavior [ RunTime:0.004490s ]
INFO: [ app_begin ] --END-- [ RunTime:0.006109s ]

[ 2015-11-12T15:26:04+08:00 ] 127.0.0.1 /index.php/UserAction/checkMsg/
INFO: [ app_init ] --START--
INFO: Run Behavior\BuildLiteBehavior [ RunTime:0.000046s ]
INFO: [ app_init ] --END-- [ RunTime:0.000804s ]
INFO: [ app_begin ] --START--
INFO: Run Behavior\ReadHtmlCacheBehavior [ RunTime:0.001011s ]
INFO: Run Behavior\CheckLangBehavior [ RunTime:0.004215s ]
INFO: [ app_begin ] --END-- [ RunTime:0.005612s ]

[ 2015-11-12T15:27:04+08:00 ] 127.0.0.1 /index.php/UserAction/checkMsg/
INFO: [ app_init ] --START--
INFO: Run Behavior\BuildLiteBehavior [ RunTime:0.000038s ]
INFO: [ app_init ] --END-- [ RunTime:0.000794s ]
INFO: [ app_begin ] --START--
INFO: Run Behavior\ReadHtmlCacheBehavior [ RunTime:0.001086s ]
INFO: Run Behavior\CheckLangBehavior [ RunTime:0.004035s ]
INFO: [ app_begin ] --END-- [ RunTime:0.005438s ]

[ 2015-11-12T15:28:04+08:00 ] 127.0.0.1 /index.php/UserAction/checkMsg/
INFO: [ app_init ] --START--
INFO: Run Behavior\BuildLiteBehavior [ RunTime:0.000040s ]
INFO: [ app_init ] --END-- [ RunTime:0.000832s ]
INFO: [ app_begin ] --START--
INFO: Run Behavior\ReadHtmlCacheBehavior [ RunTime:0.000912s ]
INFO: Run Behavior\CheckLangBehavior [ RunTime:0.003439s ]
INFO: [ app_begin ] --END-- [ RunTime:0.004619s ]

[ 2015-11-12T15:29:04+08:00 ] 127.0.0.1 /index.php/UserAction/checkMsg/
INFO: [ app_init ] --START--
INFO: Run Behavior\BuildLiteBehavior [ RunTime:0.000050s ]
INFO: [ app_init ] --END-- [ RunTime:0.000977s ]
INFO: [ app_begin ] --START--
INFO: Run Behavior\ReadHtmlCacheBehavior [ RunTime:0.001458s ]
INFO: Run Behavior\CheckLangBehavior [ RunTime:0.005027s ]
INFO: [ app_begin ] --END-- [ RunTime:0.006820s ]

[ 2015-11-12T15:30:04+08:00 ] 127.0.0.1 /index.php/UserAction/checkMsg/
INFO: [ app_init ] --START--
INFO: Run Behavior\BuildLiteBehavior [ RunTime:0.000047s ]
INFO: [ app_init ] --END-- [ RunTime:0.000895s ]
INFO: [ app_begin ] --START--
INFO: Run Behavior\ReadHtmlCacheBehavior [ RunTime:0.000851s ]
INFO: Run Behavior\CheckLangBehavior [ RunTime:0.003648s ]
INFO: [ app_begin ] --END-- [ RunTime:0.004851s ]

[ 2015-11-12T15:31:04+08:00 ] 127.0.0.1 /index.php/UserAction/checkMsg/
INFO: [ app_init ] --START--
INFO: Run Behavior\BuildLiteBehavior [ RunTime:0.000028s ]
INFO: [ app_init ] --END-- [ RunTime:0.000658s ]
INFO: [ app_begin ] --START--
INFO: Run Behavior\ReadHtmlCacheBehavior [ RunTime:0.000956s ]
INFO: Run Behavior\CheckLangBehavior [ RunTime:0.002504s ]
INFO: [ app_begin ] --END-- [ RunTime:0.003637s ]

[ 2015-11-12T15:32:04+08:00 ] 127.0.0.1 /index.php/UserAction/checkMsg/
INFO: [ app_init ] --START--
INFO: Run Behavior\BuildLiteBehavior [ RunTime:0.000039s ]
INFO: [ app_init ] --END-- [ RunTime:0.000851s ]
INFO: [ app_begin ] --START--
INFO: Run Behavior\ReadHtmlCacheBehavior [ RunTime:0.000880s ]
INFO: Run Behavior\CheckLangBehavior [ RunTime:0.003288s ]
INFO: [ app_begin ] --END-- [ RunTime:0.004414s ]

[ 2015-11-12T15:33:04+08:00 ] 127.0.0.1 /index.php/UserAction/checkMsg/
INFO: [ app_init ] --START--
INFO: Run Behavior\BuildLiteBehavior [ RunTime:0.000043s ]
INFO: [ app_init ] --END-- [ RunTime:0.000906s ]
INFO: [ app_begin ] --START--
INFO: Run Behavior\ReadHtmlCacheBehavior [ RunTime:0.001300s ]
INFO: Run Behavior\CheckLangBehavior [ RunTime:0.004253s ]
INFO: [ app_begin ] --END-- [ RunTime:0.005838s ]

[ 2015-11-12T15:34:04+08:00 ] 127.0.0.1 /index.php/UserAction/checkMsg/
INFO: [ app_init ] --START--
INFO: Run Behavior\BuildLiteBehavior [ RunTime:0.000038s ]
INFO: [ app_init ] --END-- [ RunTime:0.000734s ]
INFO: [ app_begin ] --START--
INFO: Run Behavior\ReadHtmlCacheBehavior [ RunTime:0.000913s ]
INFO: Run Behavior\CheckLangBehavior [ RunTime:0.003225s ]
INFO: [ app_begin ] --END-- [ RunTime:0.004391s ]

[ 2015-11-12T15:35:04+08:00 ] 127.0.0.1 /index.php/UserAction/checkMsg/
INFO: [ app_init ] --START--
INFO: Run Behavior\BuildLiteBehavior [ RunTime:0.000138s ]
INFO: [ app_init ] --END-- [ RunTime:0.001901s ]
INFO: [ app_begin ] --START--
INFO: Run Behavior\ReadHtmlCacheBehavior [ RunTime:0.002967s ]
INFO: Run Behavior\CheckLangBehavior [ RunTime:0.009659s ]
INFO: [ app_begin ] --END-- [ RunTime:0.013300s ]

[ 2015-11-12T15:36:04+08:00 ] 127.0.0.1 /index.php/UserAction/checkMsg/
INFO: [ app_init ] --START--
INFO: Run Behavior\BuildLiteBehavior [ RunTime:0.000082s ]
INFO: [ app_init ] --END-- [ RunTime:0.001446s ]
INFO: [ app_begin ] --START--
INFO: Run Behavior\ReadHtmlCacheBehavior [ RunTime:0.001370s ]
INFO: Run Behavior\CheckLangBehavior [ RunTime:0.004030s ]
INFO: [ app_begin ] --END-- [ RunTime:0.005780s ]

[ 2015-11-12T15:37:04+08:00 ] 127.0.0.1 /index.php/UserAction/checkMsg/
INFO: [ app_init ] --START--
INFO: Run Behavior\BuildLiteBehavior [ RunTime:0.000038s ]
INFO: [ app_init ] --END-- [ RunTime:0.000823s ]
INFO: [ app_begin ] --START--
INFO: Run Behavior\ReadHtmlCacheBehavior [ RunTime:0.001215s ]
INFO: Run Behavior\CheckLangBehavior [ RunTime:0.004025s ]
INFO: [ app_begin ] --END-- [ RunTime:0.005566s ]

[ 2015-11-12T15:38:04+08:00 ] 127.0.0.1 /index.php/UserAction/checkMsg/
INFO: [ app_init ] --START--
INFO: Run Behavior\BuildLiteBehavior [ RunTime:0.000078s ]
INFO: [ app_init ] --END-- [ RunTime:0.001426s ]
INFO: [ app_begin ] --START--
INFO: Run Behavior\ReadHtmlCacheBehavior [ RunTime:0.000890s ]
INFO: Run Behavior\CheckLangBehavior [ RunTime:0.003490s ]
INFO: [ app_begin ] --END-- [ RunTime:0.004657s ]

[ 2015-11-12T15:39:04+08:00 ] 127.0.0.1 /index.php/UserAction/checkMsg/
INFO: [ app_init ] --START--
INFO: Run Behavior\BuildLiteBehavior [ RunTime:0.000028s ]
INFO: [ app_init ] --END-- [ RunTime:0.000584s ]
INFO: [ app_begin ] --START--
INFO: Run Behavior\ReadHtmlCacheBehavior [ RunTime:0.000731s ]
INFO: Run Behavior\CheckLangBehavior [ RunTime:0.003415s ]
INFO: [ app_begin ] --END-- [ RunTime:0.004365s ]

[ 2015-11-12T15:40:04+08:00 ] 127.0.0.1 /index.php/UserAction/checkMsg/
INFO: [ app_init ] --START--
INFO: Run Behavior\BuildLiteBehavior [ RunTime:0.000049s ]
INFO: [ app_init ] --END-- [ RunTime:0.001016s ]
INFO: [ app_begin ] --START--
INFO: Run Behavior\ReadHtmlCacheBehavior [ RunTime:0.001214s ]
INFO: Run Behavior\CheckLangBehavior [ RunTime:0.004340s ]
INFO: [ app_begin ] --END-- [ RunTime:0.005890s ]

[ 2015-11-12T15:41:04+08:00 ] 127.0.0.1 /index.php/UserAction/checkMsg/
INFO: [ app_init ] --START--
INFO: Run Behavior\BuildLiteBehavior [ RunTime:0.000025s ]
INFO: [ app_init ] --END-- [ RunTime:0.000559s ]
INFO: [ app_begin ] --START--
INFO: Run Behavior\ReadHtmlCacheBehavior [ RunTime:0.000772s ]
INFO: Run Behavior\CheckLangBehavior [ RunTime:0.002526s ]
INFO: [ app_begin ] --END-- [ RunTime:0.003457s ]

[ 2015-11-12T15:42:04+08:00 ] 127.0.0.1 /index.php/UserAction/checkMsg/
INFO: [ app_init ] --START--
INFO: Run Behavior\BuildLiteBehavior [ RunTime:0.000044s ]
INFO: [ app_init ] --END-- [ RunTime:0.000893s ]
INFO: [ app_begin ] --START--
INFO: Run Behavior\ReadHtmlCacheBehavior [ RunTime:0.000880s ]
INFO: Run Behavior\CheckLangBehavior [ RunTime:0.003761s ]
INFO: [ app_begin ] --END-- [ RunTime:0.004940s ]

[ 2015-11-12T15:43:04+08:00 ] 127.0.0.1 /index.php/UserAction/checkMsg/
INFO: [ app_init ] --START--
INFO: Run Behavior\BuildLiteBehavior [ RunTime:0.000049s ]
INFO: [ app_init ] --END-- [ RunTime:0.001079s ]
INFO: [ app_begin ] --START--
INFO: Run Behavior\ReadHtmlCacheBehavior [ RunTime:0.001462s ]
INFO: Run Behavior\CheckLangBehavior [ RunTime:0.004641s ]
INFO: [ app_begin ] --END-- [ RunTime:0.006387s ]

[ 2015-11-12T15:44:04+08:00 ] 127.0.0.1 /index.php/UserAction/checkMsg/
INFO: [ app_init ] --START--
INFO: Run Behavior\BuildLiteBehavior [ RunTime:0.000038s ]
INFO: [ app_init ] --END-- [ RunTime:0.000864s ]
INFO: [ app_begin ] --START--
INFO: Run Behavior\ReadHtmlCacheBehavior [ RunTime:0.000944s ]
INFO: Run Behavior\CheckLangBehavior [ RunTime:0.003405s ]
INFO: [ app_begin ] --END-- [ RunTime:0.004624s ]

[ 2015-11-12T15:45:04+08:00 ] 127.0.0.1 /index.php/UserAction/checkMsg/
INFO: [ app_init ] --START--
INFO: Run Behavior\BuildLiteBehavior [ RunTime:0.000049s ]
INFO: [ app_init ] --END-- [ RunTime:0.001043s ]
INFO: [ app_begin ] --START--
INFO: Run Behavior\ReadHtmlCacheBehavior [ RunTime:0.001370s ]
INFO: Run Behavior\CheckLangBehavior [ RunTime:0.006392s ]
INFO: [ app_begin ] --END-- [ RunTime:0.008147s ]

[ 2015-11-12T15:46:04+08:00 ] 127.0.0.1 /index.php/UserAction/checkMsg/
INFO: [ app_init ] --START--
INFO: Run Behavior\BuildLiteBehavior [ RunTime:0.000048s ]
INFO: [ app_init ] --END-- [ RunTime:0.000936s ]
INFO: [ app_begin ] --START--
INFO: Run Behavior\ReadHtmlCacheBehavior [ RunTime:0.001047s ]
INFO: Run Behavior\CheckLangBehavior [ RunTime:0.004094s ]
INFO: [ app_begin ] --END-- [ RunTime:0.005459s ]

[ 2015-11-12T15:47:04+08:00 ] 127.0.0.1 /index.php/UserAction/checkMsg/
INFO: [ app_init ] --START--
INFO: Run Behavior\BuildLiteBehavior [ RunTime:0.000049s ]
INFO: [ app_init ] --END-- [ RunTime:0.001035s ]
INFO: [ app_begin ] --START--
INFO: Run Behavior\ReadHtmlCacheBehavior [ RunTime:0.001351s ]
INFO: Run Behavior\CheckLangBehavior [ RunTime:0.005362s ]
INFO: [ app_begin ] --END-- [ RunTime:0.007049s ]

[ 2015-11-12T15:48:04+08:00 ] 127.0.0.1 /index.php/UserAction/checkMsg/
INFO: [ app_init ] --START--
INFO: Run Behavior\BuildLiteBehavior [ RunTime:0.000024s ]
INFO: [ app_init ] --END-- [ RunTime:0.000569s ]
INFO: [ app_begin ] --START--
INFO: Run Behavior\ReadHtmlCacheBehavior [ RunTime:0.000657s ]
INFO: Run Behavior\CheckLangBehavior [ RunTime:0.002550s ]
INFO: [ app_begin ] --END-- [ RunTime:0.003401s ]

[ 2015-11-12T15:49:04+08:00 ] 127.0.0.1 /index.php/UserAction/checkMsg/
INFO: [ app_init ] --START--
INFO: Run Behavior\BuildLiteBehavior [ RunTime:0.000053s ]
INFO: [ app_init ] --END-- [ RunTime:0.001130s ]
INFO: [ app_begin ] --START--
INFO: Run Behavior\ReadHtmlCacheBehavior [ RunTime:0.001632s ]
INFO: Run Behavior\CheckLangBehavior [ RunTime:0.005527s ]
INFO: [ app_begin ] --END-- [ RunTime:0.007513s ]

[ 2015-11-12T15:50:04+08:00 ] 127.0.0.1 /index.php/UserAction/checkMsg/
INFO: [ app_init ] --START--
INFO: Run Behavior\BuildLiteBehavior [ RunTime:0.000050s ]
INFO: [ app_init ] --END-- [ RunTime:0.000961s ]
INFO: [ app_begin ] --START--
INFO: Run Behavior\ReadHtmlCacheBehavior [ RunTime:0.000973s ]
INFO: Run Behavior\CheckLangBehavior [ RunTime:0.004051s ]
INFO: [ app_begin ] --END-- [ RunTime:0.005343s ]

[ 2015-11-12T15:51:04+08:00 ] 127.0.0.1 /index.php/UserAction/checkMsg/
INFO: [ app_init ] --START--
INFO: Run Behavior\BuildLiteBehavior [ RunTime:0.000042s ]
INFO: [ app_init ] --END-- [ RunTime:0.000823s ]
INFO: [ app_begin ] --START--
INFO: Run Behavior\ReadHtmlCacheBehavior [ RunTime:0.001241s ]
INFO: Run Behavior\CheckLangBehavior [ RunTime:0.003946s ]
INFO: [ app_begin ] --END-- [ RunTime:0.005463s ]

[ 2015-11-12T15:52:04+08:00 ] 127.0.0.1 /index.php/UserAction/checkMsg/
INFO: [ app_init ] --START--
INFO: Run Behavior\BuildLiteBehavior [ RunTime:0.000055s ]
INFO: [ app_init ] --END-- [ RunTime:0.001198s ]
INFO: [ app_begin ] --START--
INFO: Run Behavior\ReadHtmlCacheBehavior [ RunTime:0.001193s ]
INFO: Run Behavior\CheckLangBehavior [ RunTime:0.004270s ]
INFO: [ app_begin ] --END-- [ RunTime:0.005783s ]

[ 2015-11-12T15:53:04+08:00 ] 127.0.0.1 /index.php/UserAction/checkMsg/
INFO: [ app_init ] --START--
INFO: Run Behavior\BuildLiteBehavior [ RunTime:0.000078s ]
INFO: [ app_init ] --END-- [ RunTime:0.001646s ]
INFO: [ app_begin ] --START--
INFO: Run Behavior\ReadHtmlCacheBehavior [ RunTime:0.001280s ]
INFO: Run Behavior\CheckLangBehavior [ RunTime:0.003868s ]
INFO: [ app_begin ] --END-- [ RunTime:0.005450s ]

[ 2015-11-12T15:54:04+08:00 ] 127.0.0.1 /index.php/UserAction/checkMsg/
INFO: [ app_init ] --START--
INFO: Run Behavior\BuildLiteBehavior [ RunTime:0.000043s ]
INFO: [ app_init ] --END-- [ RunTime:0.000836s ]
INFO: [ app_begin ] --START--
INFO: Run Behavior\ReadHtmlCacheBehavior [ RunTime:0.000909s ]
INFO: Run Behavior\CheckLangBehavior [ RunTime:0.003588s ]
INFO: [ app_begin ] --END-- [ RunTime:0.004793s ]

[ 2015-11-12T15:55:04+08:00 ] 127.0.0.1 /index.php/UserAction/checkMsg/
INFO: [ app_init ] --START--
INFO: Run Behavior\BuildLiteBehavior [ RunTime:0.000026s ]
INFO: [ app_init ] --END-- [ RunTime:0.000563s ]
INFO: [ app_begin ] --START--
INFO: Run Behavior\ReadHtmlCacheBehavior [ RunTime:0.001081s ]
INFO: Run Behavior\CheckLangBehavior [ RunTime:0.002530s ]
INFO: [ app_begin ] --END-- [ RunTime:0.003913s ]

[ 2015-11-12T15:56:04+08:00 ] 127.0.0.1 /index.php/UserAction/checkMsg/
INFO: [ app_init ] --START--
INFO: Run Behavior\BuildLiteBehavior [ RunTime:0.000033s ]
INFO: [ app_init ] --END-- [ RunTime:0.000676s ]
INFO: [ app_begin ] --START--
INFO: Run Behavior\ReadHtmlCacheBehavior [ RunTime:0.000768s ]
INFO: Run Behavior\CheckLangBehavior [ RunTime:0.002744s ]
INFO: [ app_begin ] --END-- [ RunTime:0.003752s ]

[ 2015-11-12T15:57:04+08:00 ] 127.0.0.1 /index.php/UserAction/checkMsg/
INFO: [ app_init ] --START--
INFO: Run Behavior\BuildLiteBehavior [ RunTime:0.000025s ]
INFO: [ app_init ] --END-- [ RunTime:0.000585s ]
INFO: [ app_begin ] --START--
INFO: Run Behavior\ReadHtmlCacheBehavior [ RunTime:0.000868s ]
INFO: Run Behavior\CheckLangBehavior [ RunTime:0.002840s ]
INFO: [ app_begin ] --END-- [ RunTime:0.003878s ]

[ 2015-11-12T15:58:04+08:00 ] 127.0.0.1 /index.php/UserAction/checkMsg/
INFO: [ app_init ] --START--
INFO: Run Behavior\BuildLiteBehavior [ RunTime:0.000077s ]
INFO: [ app_init ] --END-- [ RunTime:0.001124s ]
INFO: [ app_begin ] --START--
INFO: Run Behavior\ReadHtmlCacheBehavior [ RunTime:0.000992s ]
INFO: Run Behavior\CheckLangBehavior [ RunTime:0.002284s ]
INFO: [ app_begin ] --END-- [ RunTime:0.003520s ]

[ 2015-11-12T15:59:04+08:00 ] 127.0.0.1 /index.php/UserAction/checkMsg/
INFO: [ app_init ] --START--
INFO: Run Behavior\BuildLiteBehavior [ RunTime:0.000039s ]
INFO: [ app_init ] --END-- [ RunTime:0.000825s ]
INFO: [ app_begin ] --START--
INFO: Run Behavior\ReadHtmlCacheBehavior [ RunTime:0.001152s ]
INFO: Run Behavior\CheckLangBehavior [ RunTime:0.003888s ]
INFO: [ app_begin ] --END-- [ RunTime:0.005288s ]

[ 2015-11-12T16:00:04+08:00 ] 127.0.0.1 /index.php/UserAction/checkMsg/
INFO: [ app_init ] --START--
INFO: Run Behavior\BuildLiteBehavior [ RunTime:0.000035s ]
INFO: [ app_init ] --END-- [ RunTime:0.000720s ]
INFO: [ app_begin ] --START--
INFO: Run Behavior\ReadHtmlCacheBehavior [ RunTime:0.000860s ]
INFO: Run Behavior\CheckLangBehavior [ RunTime:0.003027s ]
INFO: [ app_begin ] --END-- [ RunTime:0.004117s ]

[ 2015-11-12T16:01:04+08:00 ] 127.0.0.1 /index.php/UserAction/checkMsg/
INFO: [ app_init ] --START--
INFO: Run Behavior\BuildLiteBehavior [ RunTime:0.000028s ]
INFO: [ app_init ] --END-- [ RunTime:0.000602s ]
INFO: [ app_begin ] --START--
INFO: Run Behavior\ReadHtmlCacheBehavior [ RunTime:0.000946s ]
INFO: Run Behavior\CheckLangBehavior [ RunTime:0.002705s ]
INFO: [ app_begin ] --END-- [ RunTime:0.003849s ]

[ 2015-11-12T16:02:04+08:00 ] 127.0.0.1 /index.php/UserAction/checkMsg/
INFO: [ app_init ] --START--
INFO: Run Behavior\BuildLiteBehavior [ RunTime:0.000035s ]
INFO: [ app_init ] --END-- [ RunTime:0.000623s ]
INFO: [ app_begin ] --START--
INFO: Run Behavior\ReadHtmlCacheBehavior [ RunTime:0.000674s ]
INFO: Run Behavior\CheckLangBehavior [ RunTime:0.002903s ]
INFO: [ app_begin ] --END-- [ RunTime:0.003806s ]

[ 2015-11-12T16:03:04+08:00 ] 127.0.0.1 /index.php/UserAction/checkMsg/
INFO: [ app_init ] --START--
INFO: Run Behavior\BuildLiteBehavior [ RunTime:0.000032s ]
INFO: [ app_init ] --END-- [ RunTime:0.000585s ]
INFO: [ app_begin ] --START--
INFO: Run Behavior\ReadHtmlCacheBehavior [ RunTime:0.000911s ]
INFO: Run Behavior\CheckLangBehavior [ RunTime:0.003030s ]
INFO: [ app_begin ] --END-- [ RunTime:0.004140s ]

[ 2015-11-12T16:04:04+08:00 ] 127.0.0.1 /index.php/UserAction/checkMsg/
INFO: [ app_init ] --START--
INFO: Run Behavior\BuildLiteBehavior [ RunTime:0.000041s ]
INFO: [ app_init ] --END-- [ RunTime:0.000855s ]
INFO: [ app_begin ] --START--
INFO: Run Behavior\ReadHtmlCacheBehavior [ RunTime:0.001514s ]
INFO: Run Behavior\CheckLangBehavior [ RunTime:0.004492s ]
INFO: [ app_begin ] --END-- [ RunTime:0.006425s ]

[ 2015-11-12T16:05:04+08:00 ] 127.0.0.1 /index.php/UserAction/checkMsg/
INFO: [ app_init ] --START--
INFO: Run Behavior\BuildLiteBehavior [ RunTime:0.000031s ]
INFO: [ app_init ] --END-- [ RunTime:0.000660s ]
INFO: [ app_begin ] --START--
INFO: Run Behavior\ReadHtmlCacheBehavior [ RunTime:0.000883s ]
INFO: Run Behavior\CheckLangBehavior [ RunTime:0.002891s ]
INFO: [ app_begin ] --END-- [ RunTime:0.003962s ]

[ 2015-11-12T16:06:04+08:00 ] 127.0.0.1 /index.php/UserAction/checkMsg/
INFO: [ app_init ] --START--
INFO: Run Behavior\BuildLiteBehavior [ RunTime:0.000045s ]
INFO: [ app_init ] --END-- [ RunTime:0.000917s ]
INFO: [ app_begin ] --START--
INFO: Run Behavior\ReadHtmlCacheBehavior [ RunTime:0.001028s ]
INFO: Run Behavior\CheckLangBehavior [ RunTime:0.004240s ]
INFO: [ app_begin ] --END-- [ RunTime:0.005641s ]

[ 2015-11-12T16:07:04+08:00 ] 127.0.0.1 /index.php/UserAction/checkMsg/
INFO: [ app_init ] --START--
INFO: Run Behavior\BuildLiteBehavior [ RunTime:0.000069s ]
INFO: [ app_init ] --END-- [ RunTime:0.001231s ]
INFO: [ app_begin ] --START--
INFO: Run Behavior\ReadHtmlCacheBehavior [ RunTime:0.000841s ]
INFO: Run Behavior\CheckLangBehavior [ RunTime:0.002594s ]
INFO: [ app_begin ] --END-- [ RunTime:0.003633s ]

[ 2015-11-12T16:08:04+08:00 ] 127.0.0.1 /index.php/UserAction/checkMsg/
INFO: [ app_init ] --START--
INFO: Run Behavior\BuildLiteBehavior [ RunTime:0.000025s ]
INFO: [ app_init ] --END-- [ RunTime:0.000578s ]
INFO: [ app_begin ] --START--
INFO: Run Behavior\ReadHtmlCacheBehavior [ RunTime:0.000666s ]
INFO: Run Behavior\CheckLangBehavior [ RunTime:0.002235s ]
INFO: [ app_begin ] --END-- [ RunTime:0.003073s ]

[ 2015-11-12T16:09:04+08:00 ] 127.0.0.1 /index.php/UserAction/checkMsg/
INFO: [ app_init ] --START--
INFO: Run Behavior\BuildLiteBehavior [ RunTime:0.000025s ]
INFO: [ app_init ] --END-- [ RunTime:0.000586s ]
INFO: [ app_begin ] --START--
INFO: Run Behavior\ReadHtmlCacheBehavior [ RunTime:0.000988s ]
INFO: Run Behavior\CheckLangBehavior [ RunTime:0.002773s ]
INFO: [ app_begin ] --END-- [ RunTime:0.003940s ]

[ 2015-11-12T16:10:04+08:00 ] 127.0.0.1 /index.php/UserAction/checkMsg/
INFO: [ app_init ] --START--
INFO: Run Behavior\BuildLiteBehavior [ RunTime:0.000027s ]
INFO: [ app_init ] --END-- [ RunTime:0.000567s ]
INFO: [ app_begin ] --START--
INFO: Run Behavior\ReadHtmlCacheBehavior [ RunTime:0.000507s ]
INFO: Run Behavior\CheckLangBehavior [ RunTime:0.003470s ]
INFO: [ app_begin ] --END-- [ RunTime:0.004148s ]

[ 2015-11-12T16:10:57+08:00 ] 127.0.0.1 /tet
INFO: [ app_init ] --START--
INFO: Run Behavior\BuildLiteBehavior [ RunTime:0.000033s ]
INFO: [ app_init ] --END-- [ RunTime:0.000812s ]
INFO: [ app_begin ] --START--
INFO: Run Behavior\ReadHtmlCacheBehavior [ RunTime:0.000800s ]
INFO: Run Behavior\CheckLangBehavior [ RunTime:0.003677s ]
INFO: [ app_begin ] --END-- [ RunTime:0.004803s ]

[ 2015-11-12T16:11:04+08:00 ] 127.0.0.1 /index.php/UserAction/checkMsg/
INFO: [ app_init ] --START--
INFO: Run Behavior\BuildLiteBehavior [ RunTime:0.000047s ]
INFO: [ app_init ] --END-- [ RunTime:0.000782s ]
INFO: [ app_begin ] --START--
INFO: Run Behavior\ReadHtmlCacheBehavior [ RunTime:0.000595s ]
INFO: Run Behavior\CheckLangBehavior [ RunTime:0.002081s ]
INFO: [ app_begin ] --END-- [ RunTime:0.002835s ]

[ 2015-11-12T16:12:04+08:00 ] 127.0.0.1 /index.php/UserAction/checkMsg/
INFO: [ app_init ] --START--
INFO: Run Behavior\BuildLiteBehavior [ RunTime:0.000045s ]
INFO: [ app_init ] --END-- [ RunTime:0.001248s ]
INFO: [ app_begin ] --START--
INFO: Run Behavior\ReadHtmlCacheBehavior [ RunTime:0.001655s ]
INFO: Run Behavior\CheckLangBehavior [ RunTime:0.004899s ]
INFO: [ app_begin ] --END-- [ RunTime:0.006835s ]

[ 2015-11-12T16:13:04+08:00 ] 127.0.0.1 /index.php/UserAction/checkMsg/
INFO: [ app_init ] --START--
INFO: Run Behavior\BuildLiteBehavior [ RunTime:0.000053s ]
INFO: [ app_init ] --END-- [ RunTime:0.001405s ]
INFO: [ app_begin ] --START--
INFO: Run Behavior\ReadHtmlCacheBehavior [ RunTime:0.002038s ]
INFO: Run Behavior\CheckLangBehavior [ RunTime:0.002919s ]
INFO: [ app_begin ] --END-- [ RunTime:0.005190s ]

[ 2015-11-12T16:14:04+08:00 ] 127.0.0.1 /index.php/UserAction/checkMsg/
INFO: [ app_init ] --START--
INFO: Run Behavior\BuildLiteBehavior [ RunTime:0.000142s ]
INFO: [ app_init ] --END-- [ RunTime:0.004271s ]
INFO: [ app_begin ] --START--
INFO: Run Behavior\ReadHtmlCacheBehavior [ RunTime:0.002153s ]
INFO: Run Behavior\CheckLangBehavior [ RunTime:0.004260s ]
INFO: [ app_begin ] --END-- [ RunTime:0.006852s ]

[ 2015-11-12T16:15:04+08:00 ] 127.0.0.1 /index.php/UserAction/checkMsg/
INFO: [ app_init ] --START--
INFO: Run Behavior\BuildLiteBehavior [ RunTime:0.000043s ]
INFO: [ app_init ] --END-- [ RunTime:0.000980s ]
INFO: [ app_begin ] --START--
INFO: Run Behavior\ReadHtmlCacheBehavior [ RunTime:0.001585s ]
INFO: Run Behavior\CheckLangBehavior [ RunTime:0.004949s ]
INFO: [ app_begin ] --END-- [ RunTime:0.006907s ]

[ 2015-11-12T16:16:04+08:00 ] 127.0.0.1 /index.php/UserAction/checkMsg/
INFO: [ app_init ] --START--
INFO: Run Behavior\BuildLiteBehavior [ RunTime:0.000052s ]
INFO: [ app_init ] --END-- [ RunTime:0.001162s ]
INFO: [ app_begin ] --START--
INFO: Run Behavior\ReadHtmlCacheBehavior [ RunTime:0.001658s ]
INFO: Run Behavior\CheckLangBehavior [ RunTime:0.004932s ]
INFO: [ app_begin ] --END-- [ RunTime:0.006932s ]

[ 2015-11-12T16:17:04+08:00 ] 127.0.0.1 /index.php/UserAction/checkMsg/
INFO: [ app_init ] --START--
INFO: Run Behavior\BuildLiteBehavior [ RunTime:0.000072s ]
INFO: [ app_init ] --END-- [ RunTime:0.001155s ]
INFO: [ app_begin ] --START--
INFO: Run Behavior\ReadHtmlCacheBehavior [ RunTime:0.000895s ]
INFO: Run Behavior\CheckLangBehavior [ RunTime:0.002560s ]
INFO: [ app_begin ] --END-- [ RunTime:0.003629s ]

[ 2015-11-12T16:19:20+08:00 ] 127.0.0.1 /index.php/UserAction/checkMsg/
INFO: [ app_init ] --START--
INFO: Run Behavior\BuildLiteBehavior [ RunTime:0.000113s ]
INFO: [ app_init ] --END-- [ RunTime:0.001191s ]
INFO: [ app_begin ] --START--
INFO: Run Behavior\ReadHtmlCacheBehavior [ RunTime:0.000887s ]
INFO: Run Behavior\CheckLangBehavior [ RunTime:0.002929s ]
INFO: [ app_begin ] --END-- [ RunTime:0.004009s ]

[ 2015-11-12T16:20:20+08:00 ] 127.0.0.1 /index.php/UserAction/checkMsg/
INFO: [ app_init ] --START--
INFO: Run Behavior\BuildLiteBehavior [ RunTime:0.000035s ]
INFO: [ app_init ] --END-- [ RunTime:0.000798s ]
INFO: [ app_begin ] --START--
INFO: Run Behavior\ReadHtmlCacheBehavior [ RunTime:0.001111s ]
INFO: Run Behavior\CheckLangBehavior [ RunTime:0.003488s ]
INFO: [ app_begin ] --END-- [ RunTime:0.004840s ]

[ 2015-11-12T16:21:20+08:00 ] 127.0.0.1 /index.php/UserAction/checkMsg/
INFO: [ app_init ] --START--
INFO: Run Behavior\BuildLiteBehavior [ RunTime:0.000026s ]
INFO: [ app_init ] --END-- [ RunTime:0.000717s ]
INFO: [ app_begin ] --START--
INFO: Run Behavior\ReadHtmlCacheBehavior [ RunTime:0.000835s ]
INFO: Run Behavior\CheckLangBehavior [ RunTime:0.002567s ]
INFO: [ app_begin ] --END-- [ RunTime:0.003596s ]

[ 2015-11-12T16:22:20+08:00 ] 127.0.0.1 /index.php/UserAction/checkMsg/
INFO: [ app_init ] --START--
INFO: Run Behavior\BuildLiteBehavior [ RunTime:0.000046s ]
INFO: [ app_init ] --END-- [ RunTime:0.000935s ]
INFO: [ app_begin ] --START--
INFO: Run Behavior\ReadHtmlCacheBehavior [ RunTime:0.001563s ]
INFO: Run Behavior\CheckLangBehavior [ RunTime:0.004878s ]
INFO: [ app_begin ] --END-- [ RunTime:0.006841s ]

[ 2015-11-12T16:23:20+08:00 ] 127.0.0.1 /index.php/UserAction/checkMsg/
INFO: [ app_init ] --START--
INFO: Run Behavior\BuildLiteBehavior [ RunTime:0.000041s ]
INFO: [ app_init ] --END-- [ RunTime:0.000932s ]
INFO: [ app_begin ] --START--
INFO: Run Behavior\ReadHtmlCacheBehavior [ RunTime:0.001442s ]
INFO: Run Behavior\CheckLangBehavior [ RunTime:0.003500s ]
INFO: [ app_begin ] --END-- [ RunTime:0.005272s ]

[ 2015-11-12T16:24:20+08:00 ] 127.0.0.1 /index.php/UserAction/checkMsg/
INFO: [ app_init ] --START--
INFO: Run Behavior\BuildLiteBehavior [ RunTime:0.000028s ]
INFO: [ app_init ] --END-- [ RunTime:0.000565s ]
INFO: [ app_begin ] --START--
INFO: Run Behavior\ReadHtmlCacheBehavior [ RunTime:0.001330s ]
INFO: Run Behavior\CheckLangBehavior [ RunTime:0.002629s ]
INFO: [ app_begin ] --END-- [ RunTime:0.004193s ]

[ 2015-11-12T16:25:20+08:00 ] 127.0.0.1 /index.php/UserAction/checkMsg/
INFO: [ app_init ] --START--
INFO: Run Behavior\BuildLiteBehavior [ RunTime:0.000040s ]
INFO: [ app_init ] --END-- [ RunTime:0.000910s ]
INFO: [ app_begin ] --START--
INFO: Run Behavior\ReadHtmlCacheBehavior [ RunTime:0.001309s ]
INFO: Run Behavior\CheckLangBehavior [ RunTime:0.004653s ]
INFO: [ app_begin ] --END-- [ RunTime:0.006249s ]

[ 2015-11-12T16:26:20+08:00 ] 127.0.0.1 /index.php/UserAction/checkMsg/
INFO: [ app_init ] --START--
INFO: Run Behavior\BuildLiteBehavior [ RunTime:0.000040s ]
INFO: [ app_init ] --END-- [ RunTime:0.000890s ]
INFO: [ app_begin ] --START--
INFO: Run Behavior\ReadHtmlCacheBehavior [ RunTime:0.001248s ]
INFO: Run Behavior\CheckLangBehavior [ RunTime:0.004090s ]
INFO: [ app_begin ] --END-- [ RunTime:0.005594s ]

[ 2015-11-12T16:27:20+08:00 ] 127.0.0.1 /index.php/UserAction/checkMsg/
INFO: [ app_init ] --START--
INFO: Run Behavior\BuildLiteBehavior [ RunTime:0.000081s ]
INFO: [ app_init ] --END-- [ RunTime:0.001725s ]
INFO: [ app_begin ] --START--
INFO: Run Behavior\ReadHtmlCacheBehavior [ RunTime:0.002305s ]
INFO: Run Behavior\CheckLangBehavior [ RunTime:0.007156s ]
INFO: [ app_begin ] --END-- [ RunTime:0.009895s ]

[ 2015-11-12T16:28:20+08:00 ] 127.0.0.1 /index.php/UserAction/checkMsg/
INFO: [ app_init ] --START--
INFO: Run Behavior\BuildLiteBehavior [ RunTime:0.000047s ]
INFO: [ app_init ] --END-- [ RunTime:0.001138s ]
INFO: [ app_begin ] --START--
INFO: Run Behavior\ReadHtmlCacheBehavior [ RunTime:0.001472s ]
INFO: Run Behavior\CheckLangBehavior [ RunTime:0.004684s ]
INFO: [ app_begin ] --END-- [ RunTime:0.006451s ]

[ 2015-11-12T16:29:20+08:00 ] 127.0.0.1 /index.php/UserAction/checkMsg/
INFO: [ app_init ] --START--
INFO: Run Behavior\BuildLiteBehavior [ RunTime:0.000026s ]
INFO: [ app_init ] --END-- [ RunTime:0.000657s ]
INFO: [ app_begin ] --START--
INFO: Run Behavior\ReadHtmlCacheBehavior [ RunTime:0.000783s ]
INFO: Run Behavior\CheckLangBehavior [ RunTime:0.002941s ]
INFO: [ app_begin ] --END-- [ RunTime:0.003895s ]

