[ 2015-10-19T16:31:43+08:00 ] 127.0.0.1 /Fees/index.html
INFO: [ app_init ] --START--
INFO: Run Behavior\BuildLiteBehavior [ RunTime:0.000027s ]
INFO: [ app_init ] --END-- [ RunTime:0.001074s ]
INFO: [ app_begin ] --START--
INFO: Run Behavior\ReadHtmlCacheBehavior [ RunTime:0.001532s ]
INFO: [ app_begin ] --END-- [ RunTime:0.001653s ]
SQL: SHOW COLUMNS FROM `fees` [ RunTime:0.0835s ]
SQL: SELECT COUNT(id) AS tp_count FROM `fees` WHERE `status` > 0 LIMIT 1   [ RunTime:0.0011s ]
NOTIC: [8] Undefined index: p C:\Wnmp\noobird\Application\Home\Controller\CController.class.php 第 163 行.
SQL: SELECT * FROM `fees` WHERE `status` > 0 ORDER BY `id` asc LIMIT 0,10   [ RunTime:0.0011s ]
INFO: [ view_filter ] --START--
INFO: Run Behavior\WriteHtmlCacheBehavior [ RunTime:0.001022s ]
INFO: [ view_filter ] --END-- [ RunTime:0.001219s ]
INFO: [ app_end ] --START--
INFO: Run Behavior\ShowPageTraceBehavior [ RunTime:0.001658s ]
INFO: [ app_end ] --END-- [ RunTime:0.001812s ]

[ 2015-10-19T16:31:43+08:00 ] 127.0.0.1 /Public/fancybox/jquery.fancybox.css
INFO: [ app_init ] --START--
INFO: Run Behavior\BuildLiteBehavior [ RunTime:0.000024s ]
INFO: [ app_init ] --END-- [ RunTime:0.000881s ]
INFO: [ app_begin ] --START--
INFO: Run Behavior\ReadHtmlCacheBehavior [ RunTime:0.002010s ]
INFO: [ app_begin ] --END-- [ RunTime:0.002213s ]
ERR: Think\Controller:_initialize方法不存在！

[ 2015-10-19T16:31:43+08:00 ] 127.0.0.1 /Public/fancybox/jquery.fancybox.js
INFO: [ app_init ] --START--
INFO: Run Behavior\BuildLiteBehavior [ RunTime:0.000055s ]
INFO: [ app_init ] --END-- [ RunTime:0.001043s ]
INFO: [ app_begin ] --START--
INFO: Run Behavior\ReadHtmlCacheBehavior [ RunTime:0.003022s ]
INFO: [ app_begin ] --END-- [ RunTime:0.003152s ]
ERR: Think\Controller:_initialize方法不存在！

[ 2015-10-19T16:31:45+08:00 ] 127.0.0.1 /Developers/index.html
INFO: [ app_init ] --START--
INFO: Run Behavior\BuildLiteBehavior [ RunTime:0.000029s ]
INFO: [ app_init ] --END-- [ RunTime:0.000947s ]
INFO: [ app_begin ] --START--
INFO: Run Behavior\ReadHtmlCacheBehavior [ RunTime:0.001369s ]
INFO: [ app_begin ] --END-- [ RunTime:0.001498s ]
SQL: SHOW COLUMNS FROM `developers` [ RunTime:0.0077s ]
SQL: SELECT COUNT(A.id) AS tp_count FROM developers A LEFT JOIN users u ON A.user_id=u.id  WHERE `status` > 0 LIMIT 1   [ RunTime:0.0013s ]
NOTIC: [8] Undefined index: p C:\Wnmp\noobird\Application\Home\Controller\DevelopersController.class.php 第 36 行.
SQL: SELECT `company_name`,`company_license`,A.mobile,A.status,`contact`,A.created,`username`,A.user_id,A.id FROM developers A LEFT JOIN users u ON A.user_id=u.id  WHERE `status` > 0 ORDER BY `status` asc LIMIT 0,10   [ RunTime:0.0020s ]
INFO: [ view_filter ] --START--
INFO: Run Behavior\WriteHtmlCacheBehavior [ RunTime:0.000849s ]
INFO: [ view_filter ] --END-- [ RunTime:0.000948s ]
INFO: [ app_end ] --START--
INFO: Run Behavior\ShowPageTraceBehavior [ RunTime:0.001723s ]
INFO: [ app_end ] --END-- [ RunTime:0.001865s ]

[ 2015-10-19T16:31:45+08:00 ] 127.0.0.1 /Public/fancybox/jquery.fancybox.css
INFO: [ app_init ] --START--
INFO: Run Behavior\BuildLiteBehavior [ RunTime:0.000026s ]
INFO: [ app_init ] --END-- [ RunTime:0.000930s ]
INFO: [ app_begin ] --START--
INFO: Run Behavior\ReadHtmlCacheBehavior [ RunTime:0.001454s ]
INFO: [ app_begin ] --END-- [ RunTime:0.001588s ]
ERR: Think\Controller:_initialize方法不存在！

[ 2015-10-19T16:31:45+08:00 ] 127.0.0.1 /Public/fancybox/jquery.fancybox.js
INFO: [ app_init ] --START--
INFO: Run Behavior\BuildLiteBehavior [ RunTime:0.000029s ]
INFO: [ app_init ] --END-- [ RunTime:0.001018s ]
INFO: [ app_begin ] --START--
INFO: Run Behavior\ReadHtmlCacheBehavior [ RunTime:0.017958s ]
INFO: [ app_begin ] --END-- [ RunTime:0.018103s ]
ERR: Think\Controller:_initialize方法不存在！

[ 2015-10-19T16:31:46+08:00 ] 127.0.0.1 /Fees/index.html
INFO: [ app_init ] --START--
INFO: Run Behavior\BuildLiteBehavior [ RunTime:0.000030s ]
INFO: [ app_init ] --END-- [ RunTime:0.001022s ]
INFO: [ app_begin ] --START--
INFO: Run Behavior\ReadHtmlCacheBehavior [ RunTime:0.001450s ]
INFO: [ app_begin ] --END-- [ RunTime:0.001592s ]
SQL: SHOW COLUMNS FROM `fees` [ RunTime:0.0074s ]
SQL: SELECT COUNT(id) AS tp_count FROM `fees` WHERE `status` > 0 LIMIT 1   [ RunTime:0.0005s ]
NOTIC: [8] Undefined index: p C:\Wnmp\noobird\Application\Home\Controller\CController.class.php 第 163 行.
SQL: SELECT * FROM `fees` WHERE `status` > 0 ORDER BY `id` asc LIMIT 0,10   [ RunTime:0.0006s ]
INFO: [ view_filter ] --START--
INFO: Run Behavior\WriteHtmlCacheBehavior [ RunTime:0.000969s ]
INFO: [ view_filter ] --END-- [ RunTime:0.001099s ]
INFO: [ app_end ] --START--
INFO: Run Behavior\ShowPageTraceBehavior [ RunTime:0.001545s ]
INFO: [ app_end ] --END-- [ RunTime:0.001708s ]

[ 2015-10-19T16:31:46+08:00 ] 127.0.0.1 /Public/fancybox/jquery.fancybox.js
INFO: [ app_init ] --START--
INFO: Run Behavior\BuildLiteBehavior [ RunTime:0.000025s ]
INFO: [ app_init ] --END-- [ RunTime:0.000877s ]
INFO: [ app_begin ] --START--
INFO: Run Behavior\ReadHtmlCacheBehavior [ RunTime:0.001347s ]
INFO: [ app_begin ] --END-- [ RunTime:0.001469s ]
ERR: Think\Controller:_initialize方法不存在！

[ 2015-10-19T16:31:46+08:00 ] 127.0.0.1 /Public/fancybox/jquery.fancybox.css
INFO: [ app_init ] --START--
INFO: Run Behavior\BuildLiteBehavior [ RunTime:0.000026s ]
INFO: [ app_init ] --END-- [ RunTime:0.000931s ]
INFO: [ app_begin ] --START--
INFO: Run Behavior\ReadHtmlCacheBehavior [ RunTime:0.002808s ]
INFO: [ app_begin ] --END-- [ RunTime:0.002938s ]
ERR: Think\Controller:_initialize方法不存在！

[ 2015-10-19T16:31:47+08:00 ] 127.0.0.1 /Public/fancybox/jquery.fancybox.js
INFO: [ app_init ] --START--
INFO: Run Behavior\BuildLiteBehavior [ RunTime:0.000026s ]
INFO: [ app_init ] --END-- [ RunTime:0.001029s ]
INFO: [ app_begin ] --START--
INFO: Run Behavior\ReadHtmlCacheBehavior [ RunTime:0.003478s ]
INFO: [ app_begin ] --END-- [ RunTime:0.003617s ]
ERR: Think\Controller:_initialize方法不存在！

[ 2015-10-19T16:31:47+08:00 ] 127.0.0.1 /Developers/index.html
INFO: [ app_init ] --START--
INFO: Run Behavior\BuildLiteBehavior [ RunTime:0.000017s ]
INFO: [ app_init ] --END-- [ RunTime:0.000738s ]
INFO: [ app_begin ] --START--
INFO: Run Behavior\ReadHtmlCacheBehavior [ RunTime:0.000957s ]
INFO: [ app_begin ] --END-- [ RunTime:0.001070s ]
SQL: SHOW COLUMNS FROM `developers` [ RunTime:0.0049s ]
SQL: SELECT COUNT(A.id) AS tp_count FROM developers A LEFT JOIN users u ON A.user_id=u.id  WHERE `status` > 0 LIMIT 1   [ RunTime:0.0003s ]
NOTIC: [8] Undefined index: p C:\Wnmp\noobird\Application\Home\Controller\DevelopersController.class.php 第 36 行.
SQL: SELECT `company_name`,`company_license`,A.mobile,A.status,`contact`,A.created,`username`,A.user_id,A.id FROM developers A LEFT JOIN users u ON A.user_id=u.id  WHERE `status` > 0 ORDER BY `status` asc LIMIT 0,10   [ RunTime:0.0004s ]
INFO: [ view_filter ] --START--
INFO: Run Behavior\WriteHtmlCacheBehavior [ RunTime:0.000733s ]
INFO: [ view_filter ] --END-- [ RunTime:0.000816s ]
INFO: [ app_end ] --START--
INFO: Run Behavior\ShowPageTraceBehavior [ RunTime:0.001603s ]
INFO: [ app_end ] --END-- [ RunTime:0.001762s ]

[ 2015-10-19T16:31:47+08:00 ] 127.0.0.1 /Public/fancybox/jquery.fancybox.css
INFO: [ app_init ] --START--
INFO: Run Behavior\BuildLiteBehavior [ RunTime:0.000027s ]
INFO: [ app_init ] --END-- [ RunTime:0.000933s ]
INFO: [ app_begin ] --START--
INFO: Run Behavior\ReadHtmlCacheBehavior [ RunTime:0.008780s ]
INFO: [ app_begin ] --END-- [ RunTime:0.008902s ]
ERR: Think\Controller:_initialize方法不存在！

[ 2015-10-19T16:31:47+08:00 ] 127.0.0.1 /Public/fancybox/jquery.fancybox.js
INFO: [ app_init ] --START--
INFO: Run Behavior\BuildLiteBehavior [ RunTime:0.000026s ]
INFO: [ app_init ] --END-- [ RunTime:0.000922s ]
INFO: [ app_begin ] --START--
INFO: Run Behavior\ReadHtmlCacheBehavior [ RunTime:0.003902s ]
INFO: [ app_begin ] --END-- [ RunTime:0.004018s ]
ERR: Think\Controller:_initialize方法不存在！

[ 2015-10-19T16:31:48+08:00 ] 127.0.0.1 /Public/fancybox/jquery.fancybox.js
INFO: [ app_init ] --START--
INFO: Run Behavior\BuildLiteBehavior [ RunTime:0.000017s ]
INFO: [ app_init ] --END-- [ RunTime:0.000588s ]
INFO: [ app_begin ] --START--
INFO: Run Behavior\ReadHtmlCacheBehavior [ RunTime:0.001141s ]
INFO: [ app_begin ] --END-- [ RunTime:0.001239s ]
ERR: Think\Controller:_initialize方法不存在！

[ 2015-10-19T16:31:50+08:00 ] 127.0.0.1 /Home/Applications/index
INFO: [ app_init ] --START--
INFO: Run Behavior\BuildLiteBehavior [ RunTime:0.000016s ]
INFO: [ app_init ] --END-- [ RunTime:0.000630s ]
INFO: [ app_begin ] --START--
INFO: Run Behavior\ReadHtmlCacheBehavior [ RunTime:0.000851s ]
INFO: [ app_begin ] --END-- [ RunTime:0.000934s ]
SQL: SHOW COLUMNS FROM `applications` [ RunTime:0.0093s ]
SQL: SELECT COUNT(A.id) AS tp_count FROM applications A LEFT JOIN users u ON A.user_id=u.id  WHERE `status` > 0 LIMIT 1   [ RunTime:0.0006s ]
SQL: SHOW COLUMNS FROM `developers` [ RunTime:0.0047s ]
SQL: SELECT D.user_id,`username`,`company_name` FROM developers D INNER JOIN users u ON D.user_id=u.id   [ RunTime:0.0006s ]
NOTIC: [8] Undefined index: p C:\Wnmp\noobird\Application\Home\Controller\ApplicationsController.class.php 第 37 行.
SQL: SELECT A.id,A.name,A.status,`app_key`,`app_id`,`username`,A.user_id,A.created FROM applications A LEFT JOIN users u ON A.user_id=u.id  WHERE `status` > 0 ORDER BY `status` asc LIMIT 0,10   [ RunTime:0.0021s ]
SQL: SELECT `company_name` FROM `developers` WHERE `user_id` = 1 LIMIT 1   [ RunTime:0.0005s ]
SQL: SELECT `company_name` FROM `developers` WHERE `user_id` = 57 LIMIT 1   [ RunTime:0.0004s ]
SQL: SELECT `company_name` FROM `developers` WHERE `user_id` = 57 LIMIT 1   [ RunTime:0.0003s ]
SQL: SELECT `company_name` FROM `developers` WHERE `user_id` = 57 LIMIT 1   [ RunTime:0.0003s ]
SQL: SELECT `company_name` FROM `developers` WHERE `user_id` = 57 LIMIT 1   [ RunTime:0.0003s ]
SQL: SELECT `company_name` FROM `developers` WHERE `user_id` = 57 LIMIT 1   [ RunTime:0.0003s ]
SQL: SELECT `company_name` FROM `developers` WHERE `user_id` = 5 LIMIT 1   [ RunTime:0.0004s ]
SQL: SELECT `company_name` FROM `developers` WHERE `user_id` = 54 LIMIT 1   [ RunTime:0.0004s ]
SQL: SELECT `company_name` FROM `developers` WHERE `user_id` = 54 LIMIT 1   [ RunTime:0.0003s ]
SQL: SELECT `company_name` FROM `developers` WHERE `user_id` = 9720 LIMIT 1   [ RunTime:0.0004s ]
NOTIC: [8] Undefined index: user_id C:\Wnmp\noobird\Application\Home\View\Applications\index.php 第 23 行.
NOTIC: [8] Undefined index: user_id C:\Wnmp\noobird\Application\Home\View\Applications\index.php 第 23 行.
NOTIC: [8] Undefined index: user_id C:\Wnmp\noobird\Application\Home\View\Applications\index.php 第 23 行.
NOTIC: [8] Undefined index: user_id C:\Wnmp\noobird\Application\Home\View\Applications\index.php 第 23 行.
NOTIC: [8] Undefined index: user_id C:\Wnmp\noobird\Application\Home\View\Applications\index.php 第 23 行.
NOTIC: [8] Undefined index: user_id C:\Wnmp\noobird\Application\Home\View\Applications\index.php 第 23 行.
NOTIC: [8] Undefined index: user_id C:\Wnmp\noobird\Application\Home\View\Applications\index.php 第 23 行.
NOTIC: [8] Undefined index: user_id C:\Wnmp\noobird\Application\Home\View\Applications\index.php 第 23 行.
NOTIC: [8] Undefined index: user_id C:\Wnmp\noobird\Application\Home\View\Applications\index.php 第 23 行.
NOTIC: [8] Undefined index: user_id C:\Wnmp\noobird\Application\Home\View\Applications\index.php 第 23 行.
NOTIC: [8] Undefined index: user_id C:\Wnmp\noobird\Application\Home\View\Applications\index.php 第 23 行.
NOTIC: [8] Undefined index: user_id C:\Wnmp\noobird\Application\Home\View\Applications\index.php 第 23 行.
INFO: [ view_filter ] --START--
INFO: Run Behavior\WriteHtmlCacheBehavior [ RunTime:0.000601s ]
INFO: [ view_filter ] --END-- [ RunTime:0.000658s ]
INFO: [ app_end ] --START--
INFO: Run Behavior\ShowPageTraceBehavior [ RunTime:0.000981s ]
INFO: [ app_end ] --END-- [ RunTime:0.001055s ]

[ 2015-10-19T16:31:50+08:00 ] 127.0.0.1 /Public/fancybox/jquery.fancybox.css
INFO: [ app_init ] --START--
INFO: Run Behavior\BuildLiteBehavior [ RunTime:0.000024s ]
INFO: [ app_init ] --END-- [ RunTime:0.000845s ]
INFO: [ app_begin ] --START--
INFO: Run Behavior\ReadHtmlCacheBehavior [ RunTime:0.001651s ]
INFO: [ app_begin ] --END-- [ RunTime:0.001808s ]
ERR: Think\Controller:_initialize方法不存在！

[ 2015-10-19T16:31:50+08:00 ] 127.0.0.1 /Public/fancybox/jquery.fancybox.js
INFO: [ app_init ] --START--
INFO: Run Behavior\BuildLiteBehavior [ RunTime:0.000028s ]
INFO: [ app_init ] --END-- [ RunTime:0.000943s ]
INFO: [ app_begin ] --START--
INFO: Run Behavior\ReadHtmlCacheBehavior [ RunTime:0.000974s ]
INFO: [ app_begin ] --END-- [ RunTime:0.001053s ]
ERR: Think\Controller:_initialize方法不存在！

[ 2015-10-19T16:31:52+08:00 ] 127.0.0.1 /Home/Iaps/index
INFO: [ app_init ] --START--
INFO: Run Behavior\BuildLiteBehavior [ RunTime:0.000018s ]
INFO: [ app_init ] --END-- [ RunTime:0.000720s ]
INFO: [ app_begin ] --START--
INFO: Run Behavior\ReadHtmlCacheBehavior [ RunTime:0.000926s ]
INFO: [ app_begin ] --END-- [ RunTime:0.001039s ]
NOTIC: [2048] Declaration of Home\Controller\IapsController::_filter() should be compatible with Home\Controller\CController::_filter($alias = '') C:\Wnmp\noobird\Application\Home\Controller\IapsController.class.php 第 13 行.
SQL: SHOW COLUMNS FROM `iaps` [ RunTime:0.0088s ]
SQL: SELECT COUNT(I.id) AS tp_count FROM iaps I 
            LEFT JOIN applications A ON I.application_id=A.id
            LEFT JOIN developers D ON I.user_id=D.user_id
            LEFT JOIN users u ON I.user_id=u.id
          LIMIT 1   [ RunTime:0.0006s ]
NOTIC: [8] Undefined index: p C:\Wnmp\noobird\Application\Home\Controller\IapsController.class.php 第 45 行.
SQL: SELECT I.id,I.name,A.status,I.iap_key,I.pay_code,I.created,I.status,`application_id`,`app_id`,A.name AS app_name,D.company_name,u.username FROM iaps I 
            LEFT JOIN applications A ON I.application_id=A.id
            LEFT JOIN developers D ON I.user_id=D.user_id
            LEFT JOIN users u ON I.user_id=u.id
          ORDER BY A.status asc LIMIT 0,10   [ RunTime:0.0019s ]
SQL: SHOW COLUMNS FROM `developers` [ RunTime:0.0057s ]
SQL: SELECT D.user_id,`username`,`company_name` FROM developers D INNER JOIN users u ON D.user_id=u.id   [ RunTime:0.0004s ]
NOTIC: [8] Undefined index: user_id C:\Wnmp\noobird\Application\Home\View\Iaps\index.php 第 23 行.
NOTIC: [8] Undefined index: user_id C:\Wnmp\noobird\Application\Home\View\Iaps\index.php 第 23 行.
NOTIC: [8] Undefined index: user_id C:\Wnmp\noobird\Application\Home\View\Iaps\index.php 第 23 行.
NOTIC: [8] Undefined index: user_id C:\Wnmp\noobird\Application\Home\View\Iaps\index.php 第 23 行.
NOTIC: [8] Undefined index: user_id C:\Wnmp\noobird\Application\Home\View\Iaps\index.php 第 23 行.
NOTIC: [8] Undefined index: user_id C:\Wnmp\noobird\Application\Home\View\Iaps\index.php 第 23 行.
NOTIC: [8] Undefined index: user_id C:\Wnmp\noobird\Application\Home\View\Iaps\index.php 第 23 行.
NOTIC: [8] Undefined index: user_id C:\Wnmp\noobird\Application\Home\View\Iaps\index.php 第 23 行.
NOTIC: [8] Undefined index: user_id C:\Wnmp\noobird\Application\Home\View\Iaps\index.php 第 23 行.
NOTIC: [8] Undefined index: user_id C:\Wnmp\noobird\Application\Home\View\Iaps\index.php 第 23 行.
NOTIC: [8] Undefined index: user_id C:\Wnmp\noobird\Application\Home\View\Iaps\index.php 第 23 行.
NOTIC: [8] Undefined index: user_id C:\Wnmp\noobird\Application\Home\View\Iaps\index.php 第 23 行.
INFO: [ view_filter ] --START--
INFO: Run Behavior\WriteHtmlCacheBehavior [ RunTime:0.000571s ]
INFO: [ view_filter ] --END-- [ RunTime:0.000627s ]
INFO: [ app_end ] --START--
INFO: Run Behavior\ShowPageTraceBehavior [ RunTime:0.000984s ]
INFO: [ app_end ] --END-- [ RunTime:0.001071s ]

[ 2015-10-19T16:31:52+08:00 ] 127.0.0.1 /Public/fancybox/jquery.fancybox.css
INFO: [ app_init ] --START--
INFO: Run Behavior\BuildLiteBehavior [ RunTime:0.000029s ]
INFO: [ app_init ] --END-- [ RunTime:0.001026s ]
INFO: [ app_begin ] --START--
INFO: Run Behavior\ReadHtmlCacheBehavior [ RunTime:0.001260s ]
INFO: [ app_begin ] --END-- [ RunTime:0.001474s ]
ERR: Think\Controller:_initialize方法不存在！

[ 2015-10-19T16:31:52+08:00 ] 127.0.0.1 /Public/fancybox/jquery.fancybox.js
INFO: [ app_init ] --START--
INFO: Run Behavior\BuildLiteBehavior [ RunTime:0.000017s ]
INFO: [ app_init ] --END-- [ RunTime:0.000676s ]
INFO: [ app_begin ] --START--
INFO: Run Behavior\ReadHtmlCacheBehavior [ RunTime:0.000823s ]
INFO: [ app_begin ] --END-- [ RunTime:0.000904s ]
ERR: Think\Controller:_initialize方法不存在！

[ 2015-10-19T16:31:52+08:00 ] 127.0.0.1 /Public/fancybox/jquery.fancybox.js
INFO: [ app_init ] --START--
INFO: Run Behavior\BuildLiteBehavior [ RunTime:0.000026s ]
INFO: [ app_init ] --END-- [ RunTime:0.000907s ]
INFO: [ app_begin ] --START--
INFO: Run Behavior\ReadHtmlCacheBehavior [ RunTime:0.000821s ]
INFO: [ app_begin ] --END-- [ RunTime:0.000892s ]
ERR: Think\Controller:_initialize方法不存在！

[ 2015-10-19T16:33:01+08:00 ] 127.0.0.1 /index.php/UserAction/checkMsg/
INFO: [ app_init ] --START--
INFO: Run Behavior\BuildLiteBehavior [ RunTime:0.000019s ]
INFO: [ app_init ] --END-- [ RunTime:0.000679s ]
INFO: [ app_begin ] --START--
INFO: Run Behavior\ReadHtmlCacheBehavior [ RunTime:0.000985s ]
INFO: [ app_begin ] --END-- [ RunTime:0.001114s ]
ERR: Think\Controller:_initialize方法不存在！

[ 2015-10-19T16:34:54+08:00 ] 127.0.0.1 /index.php/UserAction/checkMsg/
INFO: [ app_init ] --START--
INFO: Run Behavior\BuildLiteBehavior [ RunTime:0.000017s ]
INFO: [ app_init ] --END-- [ RunTime:0.000618s ]
INFO: [ app_begin ] --START--
INFO: Run Behavior\ReadHtmlCacheBehavior [ RunTime:0.000795s ]
INFO: [ app_begin ] --END-- [ RunTime:0.000867s ]
ERR: Think\Controller:_initialize方法不存在！

[ 2015-10-19T16:35:54+08:00 ] 127.0.0.1 /index.php/UserAction/checkMsg/
INFO: [ app_init ] --START--
INFO: Run Behavior\BuildLiteBehavior [ RunTime:0.000028s ]
INFO: [ app_init ] --END-- [ RunTime:0.001198s ]
INFO: [ app_begin ] --START--
INFO: Run Behavior\ReadHtmlCacheBehavior [ RunTime:0.002481s ]
INFO: [ app_begin ] --END-- [ RunTime:0.002800s ]
ERR: Think\Controller:_initialize方法不存在！

[ 2015-10-19T16:36:54+08:00 ] 127.0.0.1 /index.php/UserAction/checkMsg/
INFO: [ app_init ] --START--
INFO: Run Behavior\BuildLiteBehavior [ RunTime:0.000028s ]
INFO: [ app_init ] --END-- [ RunTime:0.000961s ]
INFO: [ app_begin ] --START--
INFO: Run Behavior\ReadHtmlCacheBehavior [ RunTime:0.001429s ]
INFO: [ app_begin ] --END-- [ RunTime:0.001561s ]
ERR: Think\Controller:_initialize方法不存在！

[ 2015-10-19T16:37:54+08:00 ] 127.0.0.1 /index.php/UserAction/checkMsg/
INFO: [ app_init ] --START--
INFO: Run Behavior\BuildLiteBehavior [ RunTime:0.000020s ]
INFO: [ app_init ] --END-- [ RunTime:0.000745s ]
INFO: [ app_begin ] --START--
INFO: Run Behavior\ReadHtmlCacheBehavior [ RunTime:0.001116s ]
INFO: [ app_begin ] --END-- [ RunTime:0.001197s ]
ERR: Think\Controller:_initialize方法不存在！

[ 2015-10-19T16:38:54+08:00 ] 127.0.0.1 /index.php/UserAction/checkMsg/
INFO: [ app_init ] --START--
INFO: Run Behavior\BuildLiteBehavior [ RunTime:0.000025s ]
INFO: [ app_init ] --END-- [ RunTime:0.000906s ]
INFO: [ app_begin ] --START--
INFO: Run Behavior\ReadHtmlCacheBehavior [ RunTime:0.000839s ]
INFO: [ app_begin ] --END-- [ RunTime:0.000913s ]
ERR: Think\Controller:_initialize方法不存在！

[ 2015-10-19T16:39:54+08:00 ] 127.0.0.1 /index.php/UserAction/checkMsg/
INFO: [ app_init ] --START--
INFO: Run Behavior\BuildLiteBehavior [ RunTime:0.000017s ]
INFO: [ app_init ] --END-- [ RunTime:0.000617s ]
INFO: [ app_begin ] --START--
INFO: Run Behavior\ReadHtmlCacheBehavior [ RunTime:0.000922s ]
INFO: [ app_begin ] --END-- [ RunTime:0.001011s ]
ERR: Think\Controller:_initialize方法不存在！

[ 2015-10-19T16:40:54+08:00 ] 127.0.0.1 /index.php/UserAction/checkMsg/
INFO: [ app_init ] --START--
INFO: Run Behavior\BuildLiteBehavior [ RunTime:0.000018s ]
INFO: [ app_init ] --END-- [ RunTime:0.000575s ]
INFO: [ app_begin ] --START--
INFO: Run Behavior\ReadHtmlCacheBehavior [ RunTime:0.000810s ]
INFO: [ app_begin ] --END-- [ RunTime:0.000872s ]
ERR: Think\Controller:_initialize方法不存在！

[ 2015-10-19T16:41:54+08:00 ] 127.0.0.1 /index.php/UserAction/checkMsg/
INFO: [ app_init ] --START--
INFO: Run Behavior\BuildLiteBehavior [ RunTime:0.000019s ]
INFO: [ app_init ] --END-- [ RunTime:0.000691s ]
INFO: [ app_begin ] --START--
INFO: Run Behavior\ReadHtmlCacheBehavior [ RunTime:0.000948s ]
INFO: [ app_begin ] --END-- [ RunTime:0.001022s ]
ERR: Think\Controller:_initialize方法不存在！

[ 2015-10-19T16:42:54+08:00 ] 127.0.0.1 /index.php/UserAction/checkMsg/
INFO: [ app_init ] --START--
INFO: Run Behavior\BuildLiteBehavior [ RunTime:0.000025s ]
INFO: [ app_init ] --END-- [ RunTime:0.000879s ]
INFO: [ app_begin ] --START--
INFO: Run Behavior\ReadHtmlCacheBehavior [ RunTime:0.001186s ]
INFO: [ app_begin ] --END-- [ RunTime:0.001273s ]
ERR: Think\Controller:_initialize方法不存在！

[ 2015-10-19T16:43:54+08:00 ] 127.0.0.1 /index.php/UserAction/checkMsg/
INFO: [ app_init ] --START--
INFO: Run Behavior\BuildLiteBehavior [ RunTime:0.000032s ]
INFO: [ app_init ] --END-- [ RunTime:0.001373s ]
INFO: [ app_begin ] --START--
INFO: Run Behavior\ReadHtmlCacheBehavior [ RunTime:0.001281s ]
INFO: [ app_begin ] --END-- [ RunTime:0.001395s ]
ERR: Think\Controller:_initialize方法不存在！

[ 2015-10-19T16:44:54+08:00 ] 127.0.0.1 /index.php/UserAction/checkMsg/
INFO: [ app_init ] --START--
INFO: Run Behavior\BuildLiteBehavior [ RunTime:0.000018s ]
INFO: [ app_init ] --END-- [ RunTime:0.000652s ]
INFO: [ app_begin ] --START--
INFO: Run Behavior\ReadHtmlCacheBehavior [ RunTime:0.000879s ]
INFO: [ app_begin ] --END-- [ RunTime:0.000949s ]
ERR: Think\Controller:_initialize方法不存在！

[ 2015-10-19T16:45:54+08:00 ] 127.0.0.1 /index.php/UserAction/checkMsg/
INFO: [ app_init ] --START--
INFO: Run Behavior\BuildLiteBehavior [ RunTime:0.000019s ]
INFO: [ app_init ] --END-- [ RunTime:0.000637s ]
INFO: [ app_begin ] --START--
INFO: Run Behavior\ReadHtmlCacheBehavior [ RunTime:0.001087s ]
INFO: [ app_begin ] --END-- [ RunTime:0.001172s ]
ERR: Think\Controller:_initialize方法不存在！

[ 2015-10-19T16:54:50+08:00 ] 127.0.0.1 /index.php/UserAction/checkMsg/
INFO: [ app_init ] --START--
INFO: Run Behavior\BuildLiteBehavior [ RunTime:0.000034s ]
INFO: [ app_init ] --END-- [ RunTime:0.001078s ]
INFO: [ app_begin ] --START--
INFO: Run Behavior\ReadHtmlCacheBehavior [ RunTime:0.001702s ]
INFO: [ app_begin ] --END-- [ RunTime:0.001844s ]
ERR: Think\Controller:_initialize方法不存在！

[ 2015-10-19T16:55:50+08:00 ] 127.0.0.1 /index.php/UserAction/checkMsg/
INFO: [ app_init ] --START--
INFO: Run Behavior\BuildLiteBehavior [ RunTime:0.000034s ]
INFO: [ app_init ] --END-- [ RunTime:0.001130s ]
INFO: [ app_begin ] --START--
INFO: Run Behavior\ReadHtmlCacheBehavior [ RunTime:0.001652s ]
INFO: [ app_begin ] --END-- [ RunTime:0.001782s ]
ERR: Think\Controller:_initialize方法不存在！

[ 2015-10-19T16:56:50+08:00 ] 127.0.0.1 /index.php/UserAction/checkMsg/
INFO: [ app_init ] --START--
INFO: Run Behavior\BuildLiteBehavior [ RunTime:0.000019s ]
INFO: [ app_init ] --END-- [ RunTime:0.000573s ]
INFO: [ app_begin ] --START--
INFO: Run Behavior\ReadHtmlCacheBehavior [ RunTime:0.000872s ]
INFO: [ app_begin ] --END-- [ RunTime:0.000950s ]
ERR: Think\Controller:_initialize方法不存在！

[ 2015-10-19T16:57:50+08:00 ] 127.0.0.1 /index.php/UserAction/checkMsg/
INFO: [ app_init ] --START--
INFO: Run Behavior\BuildLiteBehavior [ RunTime:0.000019s ]
INFO: [ app_init ] --END-- [ RunTime:0.000584s ]
INFO: [ app_begin ] --START--
INFO: Run Behavior\ReadHtmlCacheBehavior [ RunTime:0.000848s ]
INFO: [ app_begin ] --END-- [ RunTime:0.000924s ]
ERR: Think\Controller:_initialize方法不存在！

[ 2015-10-19T16:58:50+08:00 ] 127.0.0.1 /index.php/UserAction/checkMsg/
INFO: [ app_init ] --START--
INFO: Run Behavior\BuildLiteBehavior [ RunTime:0.000024s ]
INFO: [ app_init ] --END-- [ RunTime:0.000774s ]
INFO: [ app_begin ] --START--
INFO: Run Behavior\ReadHtmlCacheBehavior [ RunTime:0.001257s ]
INFO: [ app_begin ] --END-- [ RunTime:0.001423s ]
ERR: Think\Controller:_initialize方法不存在！

[ 2015-10-19T16:59:50+08:00 ] 127.0.0.1 /index.php/UserAction/checkMsg/
INFO: [ app_init ] --START--
INFO: Run Behavior\BuildLiteBehavior [ RunTime:0.000035s ]
INFO: [ app_init ] --END-- [ RunTime:0.000581s ]
INFO: [ app_begin ] --START--
INFO: Run Behavior\ReadHtmlCacheBehavior [ RunTime:0.000807s ]
INFO: [ app_begin ] --END-- [ RunTime:0.000874s ]
ERR: Think\Controller:_initialize方法不存在！

[ 2015-10-19T17:00:50+08:00 ] 127.0.0.1 /index.php/UserAction/checkMsg/
INFO: [ app_init ] --START--
INFO: Run Behavior\BuildLiteBehavior [ RunTime:0.000017s ]
INFO: [ app_init ] --END-- [ RunTime:0.000526s ]
INFO: [ app_begin ] --START--
INFO: Run Behavior\ReadHtmlCacheBehavior [ RunTime:0.000799s ]
INFO: [ app_begin ] --END-- [ RunTime:0.000885s ]
ERR: Think\Controller:_initialize方法不存在！

[ 2015-10-19T17:01:50+08:00 ] 127.0.0.1 /index.php/UserAction/checkMsg/
INFO: [ app_init ] --START--
INFO: Run Behavior\BuildLiteBehavior [ RunTime:0.000020s ]
INFO: [ app_init ] --END-- [ RunTime:0.000763s ]
INFO: [ app_begin ] --START--
INFO: Run Behavior\ReadHtmlCacheBehavior [ RunTime:0.000978s ]
INFO: [ app_begin ] --END-- [ RunTime:0.001065s ]
ERR: Think\Controller:_initialize方法不存在！

[ 2015-10-19T17:02:50+08:00 ] 127.0.0.1 /index.php/UserAction/checkMsg/
INFO: [ app_init ] --START--
INFO: Run Behavior\BuildLiteBehavior [ RunTime:0.000021s ]
INFO: [ app_init ] --END-- [ RunTime:0.000652s ]
INFO: [ app_begin ] --START--
INFO: Run Behavior\ReadHtmlCacheBehavior [ RunTime:0.000785s ]
INFO: [ app_begin ] --END-- [ RunTime:0.000848s ]
ERR: Think\Controller:_initialize方法不存在！

[ 2015-10-19T17:05:58+08:00 ] 127.0.0.1 /index.php/UserAction/checkMsg/
INFO: [ app_init ] --START--
INFO: Run Behavior\BuildLiteBehavior [ RunTime:0.000019s ]
INFO: [ app_init ] --END-- [ RunTime:0.000658s ]
INFO: [ app_begin ] --START--
INFO: Run Behavior\ReadHtmlCacheBehavior [ RunTime:0.001117s ]
INFO: [ app_begin ] --END-- [ RunTime:0.001250s ]
ERR: Think\Controller:_initialize方法不存在！

[ 2015-10-19T17:06:58+08:00 ] 127.0.0.1 /index.php/UserAction/checkMsg/
INFO: [ app_init ] --START--
INFO: Run Behavior\BuildLiteBehavior [ RunTime:0.000017s ]
INFO: [ app_init ] --END-- [ RunTime:0.000509s ]
INFO: [ app_begin ] --START--
INFO: Run Behavior\ReadHtmlCacheBehavior [ RunTime:0.000771s ]
INFO: [ app_begin ] --END-- [ RunTime:0.000833s ]
ERR: Think\Controller:_initialize方法不存在！

[ 2015-10-19T17:07:58+08:00 ] 127.0.0.1 /index.php/UserAction/checkMsg/
INFO: [ app_init ] --START--
INFO: Run Behavior\BuildLiteBehavior [ RunTime:0.000019s ]
INFO: [ app_init ] --END-- [ RunTime:0.000690s ]
INFO: [ app_begin ] --START--
INFO: Run Behavior\ReadHtmlCacheBehavior [ RunTime:0.001003s ]
INFO: [ app_begin ] --END-- [ RunTime:0.001096s ]
ERR: Think\Controller:_initialize方法不存在！

[ 2015-10-19T17:08:58+08:00 ] 127.0.0.1 /index.php/UserAction/checkMsg/
INFO: [ app_init ] --START--
INFO: Run Behavior\BuildLiteBehavior [ RunTime:0.000016s ]
INFO: [ app_init ] --END-- [ RunTime:0.000521s ]
INFO: [ app_begin ] --START--
INFO: Run Behavior\ReadHtmlCacheBehavior [ RunTime:0.000841s ]
INFO: [ app_begin ] --END-- [ RunTime:0.000901s ]
ERR: Think\Controller:_initialize方法不存在！

[ 2015-10-19T17:12:44+08:00 ] 127.0.0.1 /index.php/UserAction/checkMsg/
INFO: [ app_init ] --START--
INFO: Run Behavior\BuildLiteBehavior [ RunTime:0.000040s ]
INFO: [ app_init ] --END-- [ RunTime:0.000738s ]
INFO: [ app_begin ] --START--
INFO: Run Behavior\ReadHtmlCacheBehavior [ RunTime:0.001073s ]
INFO: [ app_begin ] --END-- [ RunTime:0.001158s ]
ERR: Think\Controller:_initialize方法不存在！

[ 2015-10-19T17:13:44+08:00 ] 127.0.0.1 /index.php/UserAction/checkMsg/
INFO: [ app_init ] --START--
INFO: Run Behavior\BuildLiteBehavior [ RunTime:0.000018s ]
INFO: [ app_init ] --END-- [ RunTime:0.000594s ]
INFO: [ app_begin ] --START--
INFO: Run Behavior\ReadHtmlCacheBehavior [ RunTime:0.000957s ]
INFO: [ app_begin ] --END-- [ RunTime:0.001045s ]
ERR: Think\Controller:_initialize方法不存在！

[ 2015-10-19T17:14:44+08:00 ] 127.0.0.1 /index.php/UserAction/checkMsg/
INFO: [ app_init ] --START--
INFO: Run Behavior\BuildLiteBehavior [ RunTime:0.000034s ]
INFO: [ app_init ] --END-- [ RunTime:0.001137s ]
INFO: [ app_begin ] --START--
INFO: Run Behavior\ReadHtmlCacheBehavior [ RunTime:0.000854s ]
INFO: [ app_begin ] --END-- [ RunTime:0.000917s ]
ERR: Think\Controller:_initialize方法不存在！

[ 2015-10-19T17:15:44+08:00 ] 127.0.0.1 /index.php/UserAction/checkMsg/
INFO: [ app_init ] --START--
INFO: Run Behavior\BuildLiteBehavior [ RunTime:0.000015s ]
INFO: [ app_init ] --END-- [ RunTime:0.000508s ]
INFO: [ app_begin ] --START--
INFO: Run Behavior\ReadHtmlCacheBehavior [ RunTime:0.000792s ]
INFO: [ app_begin ] --END-- [ RunTime:0.000855s ]
ERR: Think\Controller:_initialize方法不存在！

[ 2015-10-19T17:16:44+08:00 ] 127.0.0.1 /index.php/UserAction/checkMsg/
INFO: [ app_init ] --START--
INFO: Run Behavior\BuildLiteBehavior [ RunTime:0.000033s ]
INFO: [ app_init ] --END-- [ RunTime:0.001071s ]
INFO: [ app_begin ] --START--
INFO: Run Behavior\ReadHtmlCacheBehavior [ RunTime:0.001663s ]
INFO: [ app_begin ] --END-- [ RunTime:0.001783s ]
ERR: Think\Controller:_initialize方法不存在！

[ 2015-10-19T17:19:34+08:00 ] 127.0.0.1 /index.php/UserAction/checkMsg/
INFO: [ app_init ] --START--
INFO: Run Behavior\BuildLiteBehavior [ RunTime:0.000023s ]
INFO: [ app_init ] --END-- [ RunTime:0.000773s ]
INFO: [ app_begin ] --START--
INFO: Run Behavior\ReadHtmlCacheBehavior [ RunTime:0.001110s ]
INFO: [ app_begin ] --END-- [ RunTime:0.001200s ]
ERR: Think\Controller:_initialize方法不存在！

[ 2015-10-19T17:20:34+08:00 ] 127.0.0.1 /index.php/UserAction/checkMsg/
INFO: [ app_init ] --START--
INFO: Run Behavior\BuildLiteBehavior [ RunTime:0.000020s ]
INFO: [ app_init ] --END-- [ RunTime:0.000620s ]
INFO: [ app_begin ] --START--
INFO: Run Behavior\ReadHtmlCacheBehavior [ RunTime:0.000953s ]
INFO: [ app_begin ] --END-- [ RunTime:0.001027s ]
ERR: Think\Controller:_initialize方法不存在！

[ 2015-10-19T17:21:34+08:00 ] 127.0.0.1 /index.php/UserAction/checkMsg/
INFO: [ app_init ] --START--
INFO: Run Behavior\BuildLiteBehavior [ RunTime:0.000017s ]
INFO: [ app_init ] --END-- [ RunTime:0.000591s ]
INFO: [ app_begin ] --START--
INFO: Run Behavior\ReadHtmlCacheBehavior [ RunTime:0.000882s ]
INFO: [ app_begin ] --END-- [ RunTime:0.000985s ]
ERR: Think\Controller:_initialize方法不存在！

[ 2015-10-19T17:22:34+08:00 ] 127.0.0.1 /index.php/UserAction/checkMsg/
INFO: [ app_init ] --START--
INFO: Run Behavior\BuildLiteBehavior [ RunTime:0.000015s ]
INFO: [ app_init ] --END-- [ RunTime:0.000503s ]
INFO: [ app_begin ] --START--
INFO: Run Behavior\ReadHtmlCacheBehavior [ RunTime:0.000771s ]
INFO: [ app_begin ] --END-- [ RunTime:0.000833s ]
ERR: Think\Controller:_initialize方法不存在！

[ 2015-10-19T17:23:34+08:00 ] 127.0.0.1 /index.php/UserAction/checkMsg/
INFO: [ app_init ] --START--
INFO: Run Behavior\BuildLiteBehavior [ RunTime:0.000019s ]
INFO: [ app_init ] --END-- [ RunTime:0.000608s ]
INFO: [ app_begin ] --START--
INFO: Run Behavior\ReadHtmlCacheBehavior [ RunTime:0.000981s ]
INFO: [ app_begin ] --END-- [ RunTime:0.001062s ]
ERR: Think\Controller:_initialize方法不存在！

[ 2015-10-19T17:24:34+08:00 ] 127.0.0.1 /index.php/UserAction/checkMsg/
INFO: [ app_init ] --START--
INFO: Run Behavior\BuildLiteBehavior [ RunTime:0.000019s ]
INFO: [ app_init ] --END-- [ RunTime:0.000592s ]
INFO: [ app_begin ] --START--
INFO: Run Behavior\ReadHtmlCacheBehavior [ RunTime:0.001658s ]
INFO: [ app_begin ] --END-- [ RunTime:0.001763s ]
ERR: Think\Controller:_initialize方法不存在！

[ 2015-10-19T17:25:34+08:00 ] 127.0.0.1 /index.php/UserAction/checkMsg/
INFO: [ app_init ] --START--
INFO: Run Behavior\BuildLiteBehavior [ RunTime:0.000019s ]
INFO: [ app_init ] --END-- [ RunTime:0.000589s ]
INFO: [ app_begin ] --START--
INFO: Run Behavior\ReadHtmlCacheBehavior [ RunTime:0.000879s ]
INFO: [ app_begin ] --END-- [ RunTime:0.000948s ]
ERR: Think\Controller:_initialize方法不存在！

[ 2015-10-19T17:27:02+08:00 ] 127.0.0.1 /index.php/UserAction/checkMsg/
INFO: [ app_init ] --START--
INFO: Run Behavior\BuildLiteBehavior [ RunTime:0.000016s ]
INFO: [ app_init ] --END-- [ RunTime:0.000521s ]
INFO: [ app_begin ] --START--
INFO: Run Behavior\ReadHtmlCacheBehavior [ RunTime:0.000808s ]
INFO: [ app_begin ] --END-- [ RunTime:0.000870s ]
ERR: Think\Controller:_initialize方法不存在！

[ 2015-10-19T17:28:02+08:00 ] 127.0.0.1 /index.php/UserAction/checkMsg/
INFO: [ app_init ] --START--
INFO: Run Behavior\BuildLiteBehavior [ RunTime:0.000016s ]
INFO: [ app_init ] --END-- [ RunTime:0.000523s ]
INFO: [ app_begin ] --START--
INFO: Run Behavior\ReadHtmlCacheBehavior [ RunTime:0.000779s ]
INFO: [ app_begin ] --END-- [ RunTime:0.000840s ]
ERR: Think\Controller:_initialize方法不存在！

[ 2015-10-19T17:29:52+08:00 ] 127.0.0.1 /index.php/UserAction/checkMsg/
INFO: [ app_init ] --START--
INFO: Run Behavior\BuildLiteBehavior [ RunTime:0.000016s ]
INFO: [ app_init ] --END-- [ RunTime:0.000582s ]
INFO: [ app_begin ] --START--
INFO: Run Behavior\ReadHtmlCacheBehavior [ RunTime:0.000791s ]
INFO: [ app_begin ] --END-- [ RunTime:0.000852s ]
ERR: Think\Controller:_initialize方法不存在！

[ 2015-10-19T17:30:52+08:00 ] 127.0.0.1 /index.php/UserAction/checkMsg/
INFO: [ app_init ] --START--
INFO: Run Behavior\BuildLiteBehavior [ RunTime:0.000024s ]
INFO: [ app_init ] --END-- [ RunTime:0.000586s ]
INFO: [ app_begin ] --START--
INFO: Run Behavior\ReadHtmlCacheBehavior [ RunTime:0.000847s ]
INFO: [ app_begin ] --END-- [ RunTime:0.000911s ]
ERR: Think\Controller:_initialize方法不存在！

[ 2015-10-19T17:31:52+08:00 ] 127.0.0.1 /index.php/UserAction/checkMsg/
INFO: [ app_init ] --START--
INFO: Run Behavior\BuildLiteBehavior [ RunTime:0.000034s ]
INFO: [ app_init ] --END-- [ RunTime:0.001303s ]
INFO: [ app_begin ] --START--
INFO: Run Behavior\ReadHtmlCacheBehavior [ RunTime:0.002123s ]
INFO: [ app_begin ] --END-- [ RunTime:0.002337s ]
ERR: Think\Controller:_initialize方法不存在！

[ 2015-10-19T17:32:52+08:00 ] 127.0.0.1 /index.php/UserAction/checkMsg/
INFO: [ app_init ] --START--
INFO: Run Behavior\BuildLiteBehavior [ RunTime:0.000031s ]
INFO: [ app_init ] --END-- [ RunTime:0.001103s ]
INFO: [ app_begin ] --START--
INFO: Run Behavior\ReadHtmlCacheBehavior [ RunTime:0.001856s ]
INFO: [ app_begin ] --END-- [ RunTime:0.002002s ]
ERR: Think\Controller:_initialize方法不存在！

[ 2015-10-19T17:33:52+08:00 ] 127.0.0.1 /index.php/UserAction/checkMsg/
INFO: [ app_init ] --START--
INFO: Run Behavior\BuildLiteBehavior [ RunTime:0.000017s ]
INFO: [ app_init ] --END-- [ RunTime:0.000551s ]
INFO: [ app_begin ] --START--
INFO: Run Behavior\ReadHtmlCacheBehavior [ RunTime:0.000817s ]
INFO: [ app_begin ] --END-- [ RunTime:0.000882s ]
ERR: Think\Controller:_initialize方法不存在！

[ 2015-10-19T17:34:52+08:00 ] 127.0.0.1 /index.php/UserAction/checkMsg/
INFO: [ app_init ] --START--
INFO: Run Behavior\BuildLiteBehavior [ RunTime:0.000019s ]
INFO: [ app_init ] --END-- [ RunTime:0.000594s ]
INFO: [ app_begin ] --START--
INFO: Run Behavior\ReadHtmlCacheBehavior [ RunTime:0.000911s ]
INFO: [ app_begin ] --END-- [ RunTime:0.000981s ]
ERR: Think\Controller:_initialize方法不存在！

[ 2015-10-19T17:35:52+08:00 ] 127.0.0.1 /index.php/UserAction/checkMsg/
INFO: [ app_init ] --START--
INFO: Run Behavior\BuildLiteBehavior [ RunTime:0.000025s ]
INFO: [ app_init ] --END-- [ RunTime:0.000592s ]
INFO: [ app_begin ] --START--
INFO: Run Behavior\ReadHtmlCacheBehavior [ RunTime:0.000888s ]
INFO: [ app_begin ] --END-- [ RunTime:0.000957s ]
ERR: Think\Controller:_initialize方法不存在！

[ 2015-10-19T17:36:52+08:00 ] 127.0.0.1 /index.php/UserAction/checkMsg/
INFO: [ app_init ] --START--
INFO: Run Behavior\BuildLiteBehavior [ RunTime:0.000020s ]
INFO: [ app_init ] --END-- [ RunTime:0.000661s ]
INFO: [ app_begin ] --START--
INFO: Run Behavior\ReadHtmlCacheBehavior [ RunTime:0.000991s ]
INFO: [ app_begin ] --END-- [ RunTime:0.001065s ]
ERR: Think\Controller:_initialize方法不存在！

[ 2015-10-19T17:37:52+08:00 ] 127.0.0.1 /index.php/UserAction/checkMsg/
INFO: [ app_init ] --START--
INFO: Run Behavior\BuildLiteBehavior [ RunTime:0.000017s ]
INFO: [ app_init ] --END-- [ RunTime:0.000577s ]
INFO: [ app_begin ] --START--
INFO: Run Behavior\ReadHtmlCacheBehavior [ RunTime:0.000875s ]
INFO: [ app_begin ] --END-- [ RunTime:0.000943s ]
ERR: Think\Controller:_initialize方法不存在！

[ 2015-10-19T17:38:52+08:00 ] 127.0.0.1 /index.php/UserAction/checkMsg/
INFO: [ app_init ] --START--
INFO: Run Behavior\BuildLiteBehavior [ RunTime:0.000018s ]
INFO: [ app_init ] --END-- [ RunTime:0.000701s ]
INFO: [ app_begin ] --START--
INFO: Run Behavior\ReadHtmlCacheBehavior [ RunTime:0.001008s ]
INFO: [ app_begin ] --END-- [ RunTime:0.001120s ]
ERR: Think\Controller:_initialize方法不存在！

[ 2015-10-19T17:39:52+08:00 ] 127.0.0.1 /index.php/UserAction/checkMsg/
INFO: [ app_init ] --START--
INFO: Run Behavior\BuildLiteBehavior [ RunTime:0.000017s ]
INFO: [ app_init ] --END-- [ RunTime:0.000529s ]
INFO: [ app_begin ] --START--
INFO: Run Behavior\ReadHtmlCacheBehavior [ RunTime:0.001433s ]
INFO: [ app_begin ] --END-- [ RunTime:0.001521s ]
ERR: Think\Controller:_initialize方法不存在！

[ 2015-10-19T17:46:55+08:00 ] 127.0.0.1 /index.php/UserAction/checkMsg/
INFO: [ app_init ] --START--
INFO: Run Behavior\BuildLiteBehavior [ RunTime:0.000018s ]
INFO: [ app_init ] --END-- [ RunTime:0.000625s ]
INFO: [ app_begin ] --START--
INFO: Run Behavior\ReadHtmlCacheBehavior [ RunTime:0.000914s ]
INFO: [ app_begin ] --END-- [ RunTime:0.001002s ]
ERR: Think\Controller:_initialize方法不存在！

[ 2015-10-19T17:47:55+08:00 ] 127.0.0.1 /index.php/UserAction/checkMsg/
INFO: [ app_init ] --START--
INFO: Run Behavior\BuildLiteBehavior [ RunTime:0.000020s ]
INFO: [ app_init ] --END-- [ RunTime:0.000653s ]
INFO: [ app_begin ] --START--
INFO: Run Behavior\ReadHtmlCacheBehavior [ RunTime:0.000784s ]
INFO: [ app_begin ] --END-- [ RunTime:0.000845s ]
ERR: Think\Controller:_initialize方法不存在！

[ 2015-10-19T17:48:55+08:00 ] 127.0.0.1 /index.php/UserAction/checkMsg/
INFO: [ app_init ] --START--
INFO: Run Behavior\BuildLiteBehavior [ RunTime:0.000031s ]
INFO: [ app_init ] --END-- [ RunTime:0.000873s ]
INFO: [ app_begin ] --START--
INFO: Run Behavior\ReadHtmlCacheBehavior [ RunTime:0.001093s ]
INFO: [ app_begin ] --END-- [ RunTime:0.001219s ]
ERR: Think\Controller:_initialize方法不存在！

[ 2015-10-19T17:50:20+08:00 ] 127.0.0.1 /index.php/UserAction/checkMsg/
INFO: [ app_init ] --START--
INFO: Run Behavior\BuildLiteBehavior [ RunTime:0.000016s ]
INFO: [ app_init ] --END-- [ RunTime:0.000570s ]
INFO: [ app_begin ] --START--
INFO: Run Behavior\ReadHtmlCacheBehavior [ RunTime:0.000814s ]
INFO: [ app_begin ] --END-- [ RunTime:0.000875s ]
ERR: Think\Controller:_initialize方法不存在！

[ 2015-10-19T17:51:20+08:00 ] 127.0.0.1 /index.php/UserAction/checkMsg/
INFO: [ app_init ] --START--
INFO: Run Behavior\BuildLiteBehavior [ RunTime:0.000016s ]
INFO: [ app_init ] --END-- [ RunTime:0.000536s ]
INFO: [ app_begin ] --START--
INFO: Run Behavior\ReadHtmlCacheBehavior [ RunTime:0.000778s ]
INFO: [ app_begin ] --END-- [ RunTime:0.000839s ]
ERR: Think\Controller:_initialize方法不存在！

[ 2015-10-19T17:52:20+08:00 ] 127.0.0.1 /index.php/UserAction/checkMsg/
INFO: [ app_init ] --START--
INFO: Run Behavior\BuildLiteBehavior [ RunTime:0.000017s ]
INFO: [ app_init ] --END-- [ RunTime:0.000512s ]
INFO: [ app_begin ] --START--
INFO: Run Behavior\ReadHtmlCacheBehavior [ RunTime:0.000778s ]
INFO: [ app_begin ] --END-- [ RunTime:0.000839s ]
ERR: Think\Controller:_initialize方法不存在！

[ 2015-10-19T17:53:20+08:00 ] 127.0.0.1 /index.php/UserAction/checkMsg/
INFO: [ app_init ] --START--
INFO: Run Behavior\BuildLiteBehavior [ RunTime:0.000017s ]
INFO: [ app_init ] --END-- [ RunTime:0.000522s ]
INFO: [ app_begin ] --START--
INFO: Run Behavior\ReadHtmlCacheBehavior [ RunTime:0.000788s ]
INFO: [ app_begin ] --END-- [ RunTime:0.000850s ]
ERR: Think\Controller:_initialize方法不存在！

[ 2015-10-19T17:54:20+08:00 ] 127.0.0.1 /index.php/UserAction/checkMsg/
INFO: [ app_init ] --START--
INFO: Run Behavior\BuildLiteBehavior [ RunTime:0.000016s ]
INFO: [ app_init ] --END-- [ RunTime:0.000507s ]
INFO: [ app_begin ] --START--
INFO: Run Behavior\ReadHtmlCacheBehavior [ RunTime:0.000770s ]
INFO: [ app_begin ] --END-- [ RunTime:0.000830s ]
ERR: Think\Controller:_initialize方法不存在！

[ 2015-10-19T17:55:20+08:00 ] 127.0.0.1 /index.php/UserAction/checkMsg/
INFO: [ app_init ] --START--
INFO: Run Behavior\BuildLiteBehavior [ RunTime:0.000017s ]
INFO: [ app_init ] --END-- [ RunTime:0.000509s ]
INFO: [ app_begin ] --START--
INFO: Run Behavior\ReadHtmlCacheBehavior [ RunTime:0.000782s ]
INFO: [ app_begin ] --END-- [ RunTime:0.000843s ]
ERR: Think\Controller:_initialize方法不存在！

[ 2015-10-19T17:56:20+08:00 ] 127.0.0.1 /index.php/UserAction/checkMsg/
INFO: [ app_init ] --START--
INFO: Run Behavior\BuildLiteBehavior [ RunTime:0.000019s ]
INFO: [ app_init ] --END-- [ RunTime:0.000730s ]
INFO: [ app_begin ] --START--
INFO: Run Behavior\ReadHtmlCacheBehavior [ RunTime:0.000966s ]
INFO: [ app_begin ] --END-- [ RunTime:0.001066s ]
ERR: Think\Controller:_initialize方法不存在！

[ 2015-10-19T17:57:20+08:00 ] 127.0.0.1 /index.php/UserAction/checkMsg/
INFO: [ app_init ] --START--
INFO: Run Behavior\BuildLiteBehavior [ RunTime:0.000016s ]
INFO: [ app_init ] --END-- [ RunTime:0.000509s ]
INFO: [ app_begin ] --START--
INFO: Run Behavior\ReadHtmlCacheBehavior [ RunTime:0.000783s ]
INFO: [ app_begin ] --END-- [ RunTime:0.000845s ]
ERR: Think\Controller:_initialize方法不存在！

[ 2015-10-19T17:58:20+08:00 ] 127.0.0.1 /index.php/UserAction/checkMsg/
INFO: [ app_init ] --START--
INFO: Run Behavior\BuildLiteBehavior [ RunTime:0.000016s ]
INFO: [ app_init ] --END-- [ RunTime:0.000573s ]
INFO: [ app_begin ] --START--
INFO: Run Behavior\ReadHtmlCacheBehavior [ RunTime:0.000772s ]
INFO: [ app_begin ] --END-- [ RunTime:0.000832s ]
ERR: Think\Controller:_initialize方法不存在！

[ 2015-10-19T17:59:20+08:00 ] 127.0.0.1 /index.php/UserAction/checkMsg/
INFO: [ app_init ] --START--
INFO: Run Behavior\BuildLiteBehavior [ RunTime:0.000016s ]
INFO: [ app_init ] --END-- [ RunTime:0.000529s ]
INFO: [ app_begin ] --START--
INFO: Run Behavior\ReadHtmlCacheBehavior [ RunTime:0.000806s ]
INFO: [ app_begin ] --END-- [ RunTime:0.000867s ]
ERR: Think\Controller:_initialize方法不存在！

[ 2015-10-19T18:00:20+08:00 ] 127.0.0.1 /index.php/UserAction/checkMsg/
INFO: [ app_init ] --START--
INFO: Run Behavior\BuildLiteBehavior [ RunTime:0.000017s ]
INFO: [ app_init ] --END-- [ RunTime:0.000510s ]
INFO: [ app_begin ] --START--
INFO: Run Behavior\ReadHtmlCacheBehavior [ RunTime:0.000780s ]
INFO: [ app_begin ] --END-- [ RunTime:0.000841s ]
ERR: Think\Controller:_initialize方法不存在！

[ 2015-10-19T18:01:20+08:00 ] 127.0.0.1 /index.php/UserAction/checkMsg/
INFO: [ app_init ] --START--
INFO: Run Behavior\BuildLiteBehavior [ RunTime:0.000016s ]
INFO: [ app_init ] --END-- [ RunTime:0.000519s ]
INFO: [ app_begin ] --START--
INFO: Run Behavior\ReadHtmlCacheBehavior [ RunTime:0.000774s ]
INFO: [ app_begin ] --END-- [ RunTime:0.000835s ]
ERR: Think\Controller:_initialize方法不存在！

[ 2015-10-19T18:02:20+08:00 ] 127.0.0.1 /index.php/UserAction/checkMsg/
INFO: [ app_init ] --START--
INFO: Run Behavior\BuildLiteBehavior [ RunTime:0.000015s ]
INFO: [ app_init ] --END-- [ RunTime:0.000499s ]
INFO: [ app_begin ] --START--
INFO: Run Behavior\ReadHtmlCacheBehavior [ RunTime:0.000770s ]
INFO: [ app_begin ] --END-- [ RunTime:0.000831s ]
ERR: Think\Controller:_initialize方法不存在！

[ 2015-10-19T18:03:20+08:00 ] 127.0.0.1 /index.php/UserAction/checkMsg/
INFO: [ app_init ] --START--
INFO: Run Behavior\BuildLiteBehavior [ RunTime:0.000026s ]
INFO: [ app_init ] --END-- [ RunTime:0.000683s ]
INFO: [ app_begin ] --START--
INFO: Run Behavior\ReadHtmlCacheBehavior [ RunTime:0.000898s ]
INFO: [ app_begin ] --END-- [ RunTime:0.000990s ]
ERR: Think\Controller:_initialize方法不存在！

[ 2015-10-19T18:04:20+08:00 ] 127.0.0.1 /index.php/UserAction/checkMsg/
INFO: [ app_init ] --START--
INFO: Run Behavior\BuildLiteBehavior [ RunTime:0.000017s ]
INFO: [ app_init ] --END-- [ RunTime:0.000582s ]
INFO: [ app_begin ] --START--
INFO: Run Behavior\ReadHtmlCacheBehavior [ RunTime:0.000788s ]
INFO: [ app_begin ] --END-- [ RunTime:0.000849s ]
ERR: Think\Controller:_initialize方法不存在！

[ 2015-10-19T18:05:20+08:00 ] 127.0.0.1 /index.php/UserAction/checkMsg/
INFO: [ app_init ] --START--
INFO: Run Behavior\BuildLiteBehavior [ RunTime:0.000017s ]
INFO: [ app_init ] --END-- [ RunTime:0.000684s ]
INFO: [ app_begin ] --START--
INFO: Run Behavior\ReadHtmlCacheBehavior [ RunTime:0.000861s ]
INFO: [ app_begin ] --END-- [ RunTime:0.000945s ]
ERR: Think\Controller:_initialize方法不存在！

[ 2015-10-19T18:06:20+08:00 ] 127.0.0.1 /index.php/UserAction/checkMsg/
INFO: [ app_init ] --START--
INFO: Run Behavior\BuildLiteBehavior [ RunTime:0.000023s ]
INFO: [ app_init ] --END-- [ RunTime:0.000818s ]
INFO: [ app_begin ] --START--
INFO: Run Behavior\ReadHtmlCacheBehavior [ RunTime:0.000969s ]
INFO: [ app_begin ] --END-- [ RunTime:0.001046s ]
ERR: Think\Controller:_initialize方法不存在！

[ 2015-10-19T18:07:20+08:00 ] 127.0.0.1 /index.php/UserAction/checkMsg/
INFO: [ app_init ] --START--
INFO: Run Behavior\BuildLiteBehavior [ RunTime:0.000016s ]
INFO: [ app_init ] --END-- [ RunTime:0.000578s ]
INFO: [ app_begin ] --START--
INFO: Run Behavior\ReadHtmlCacheBehavior [ RunTime:0.000810s ]
INFO: [ app_begin ] --END-- [ RunTime:0.000887s ]
ERR: Think\Controller:_initialize方法不存在！

[ 2015-10-19T18:08:20+08:00 ] 127.0.0.1 /index.php/UserAction/checkMsg/
INFO: [ app_init ] --START--
INFO: Run Behavior\BuildLiteBehavior [ RunTime:0.000017s ]
INFO: [ app_init ] --END-- [ RunTime:0.000581s ]
INFO: [ app_begin ] --START--
INFO: Run Behavior\ReadHtmlCacheBehavior [ RunTime:0.000863s ]
INFO: [ app_begin ] --END-- [ RunTime:0.000941s ]
ERR: Think\Controller:_initialize方法不存在！

[ 2015-10-19T18:09:20+08:00 ] 127.0.0.1 /index.php/UserAction/checkMsg/
INFO: [ app_init ] --START--
INFO: Run Behavior\BuildLiteBehavior [ RunTime:0.000017s ]
INFO: [ app_init ] --END-- [ RunTime:0.000583s ]
INFO: [ app_begin ] --START--
INFO: Run Behavior\ReadHtmlCacheBehavior [ RunTime:0.000779s ]
INFO: [ app_begin ] --END-- [ RunTime:0.000839s ]
ERR: Think\Controller:_initialize方法不存在！

[ 2015-10-19T18:10:20+08:00 ] 127.0.0.1 /index.php/UserAction/checkMsg/
INFO: [ app_init ] --START--
INFO: Run Behavior\BuildLiteBehavior [ RunTime:0.000026s ]
INFO: [ app_init ] --END-- [ RunTime:0.000912s ]
INFO: [ app_begin ] --START--
INFO: Run Behavior\ReadHtmlCacheBehavior [ RunTime:0.000952s ]
INFO: [ app_begin ] --END-- [ RunTime:0.001051s ]
ERR: Think\Controller:_initialize方法不存在！

[ 2015-10-19T18:11:20+08:00 ] 127.0.0.1 /index.php/UserAction/checkMsg/
INFO: [ app_init ] --START--
INFO: Run Behavior\BuildLiteBehavior [ RunTime:0.000016s ]
INFO: [ app_init ] --END-- [ RunTime:0.000655s ]
INFO: [ app_begin ] --START--
INFO: Run Behavior\ReadHtmlCacheBehavior [ RunTime:0.000869s ]
INFO: [ app_begin ] --END-- [ RunTime:0.000953s ]
ERR: Think\Controller:_initialize方法不存在！

[ 2015-10-19T18:12:20+08:00 ] 127.0.0.1 /index.php/UserAction/checkMsg/
INFO: [ app_init ] --START--
INFO: Run Behavior\BuildLiteBehavior [ RunTime:0.000016s ]
INFO: [ app_init ] --END-- [ RunTime:0.000561s ]
INFO: [ app_begin ] --START--
INFO: Run Behavior\ReadHtmlCacheBehavior [ RunTime:0.000762s ]
INFO: [ app_begin ] --END-- [ RunTime:0.000823s ]
ERR: Think\Controller:_initialize方法不存在！

[ 2015-10-19T18:13:20+08:00 ] 127.0.0.1 /index.php/UserAction/checkMsg/
INFO: [ app_init ] --START--
INFO: Run Behavior\BuildLiteBehavior [ RunTime:0.000017s ]
INFO: [ app_init ] --END-- [ RunTime:0.000571s ]
INFO: [ app_begin ] --START--
INFO: Run Behavior\ReadHtmlCacheBehavior [ RunTime:0.000809s ]
INFO: [ app_begin ] --END-- [ RunTime:0.000868s ]
ERR: Think\Controller:_initialize方法不存在！

[ 2015-10-19T18:14:20+08:00 ] 127.0.0.1 /index.php/UserAction/checkMsg/
INFO: [ app_init ] --START--
INFO: Run Behavior\BuildLiteBehavior [ RunTime:0.000019s ]
INFO: [ app_init ] --END-- [ RunTime:0.000605s ]
INFO: [ app_begin ] --START--
INFO: Run Behavior\ReadHtmlCacheBehavior [ RunTime:0.001681s ]
INFO: [ app_begin ] --END-- [ RunTime:0.001872s ]
ERR: Think\Controller:_initialize方法不存在！

[ 2015-10-19T18:15:20+08:00 ] 127.0.0.1 /index.php/UserAction/checkMsg/
INFO: [ app_init ] --START--
INFO: Run Behavior\BuildLiteBehavior [ RunTime:0.000017s ]
INFO: [ app_init ] --END-- [ RunTime:0.000563s ]
INFO: [ app_begin ] --START--
INFO: Run Behavior\ReadHtmlCacheBehavior [ RunTime:0.000797s ]
INFO: [ app_begin ] --END-- [ RunTime:0.000864s ]
ERR: Think\Controller:_initialize方法不存在！

[ 2015-10-19T18:16:20+08:00 ] 127.0.0.1 /index.php/UserAction/checkMsg/
INFO: [ app_init ] --START--
INFO: Run Behavior\BuildLiteBehavior [ RunTime:0.000024s ]
INFO: [ app_init ] --END-- [ RunTime:0.000654s ]
INFO: [ app_begin ] --START--
INFO: Run Behavior\ReadHtmlCacheBehavior [ RunTime:0.000889s ]
INFO: [ app_begin ] --END-- [ RunTime:0.000958s ]
ERR: Think\Controller:_initialize方法不存在！

[ 2015-10-19T18:17:20+08:00 ] 127.0.0.1 /index.php/UserAction/checkMsg/
INFO: [ app_init ] --START--
INFO: Run Behavior\BuildLiteBehavior [ RunTime:0.000016s ]
INFO: [ app_init ] --END-- [ RunTime:0.000559s ]
INFO: [ app_begin ] --START--
INFO: Run Behavior\ReadHtmlCacheBehavior [ RunTime:0.000768s ]
INFO: [ app_begin ] --END-- [ RunTime:0.000834s ]
ERR: Think\Controller:_initialize方法不存在！

[ 2015-10-19T18:19:13+08:00 ] 127.0.0.1 /index.php/UserAction/checkMsg/
INFO: [ app_init ] --START--
INFO: Run Behavior\BuildLiteBehavior [ RunTime:0.000021s ]
INFO: [ app_init ] --END-- [ RunTime:0.000853s ]
INFO: [ app_begin ] --START--
INFO: Run Behavior\ReadHtmlCacheBehavior [ RunTime:0.001178s ]
INFO: [ app_begin ] --END-- [ RunTime:0.001316s ]
ERR: Think\Controller:_initialize方法不存在！

[ 2015-10-19T18:20:13+08:00 ] 127.0.0.1 /index.php/UserAction/checkMsg/
INFO: [ app_init ] --START--
INFO: Run Behavior\BuildLiteBehavior [ RunTime:0.000017s ]
INFO: [ app_init ] --END-- [ RunTime:0.000567s ]
INFO: [ app_begin ] --START--
INFO: Run Behavior\ReadHtmlCacheBehavior [ RunTime:0.000783s ]
INFO: [ app_begin ] --END-- [ RunTime:0.000846s ]
ERR: Think\Controller:_initialize方法不存在！

[ 2015-10-19T18:23:46+08:00 ] 127.0.0.1 /index.php/UserAction/checkMsg/
INFO: [ app_init ] --START--
INFO: Run Behavior\BuildLiteBehavior [ RunTime:0.000022s ]
INFO: [ app_init ] --END-- [ RunTime:0.000799s ]
INFO: [ app_begin ] --START--
INFO: Run Behavior\ReadHtmlCacheBehavior [ RunTime:0.001037s ]
INFO: [ app_begin ] --END-- [ RunTime:0.001118s ]
ERR: Think\Controller:_initialize方法不存在！

[ 2015-10-19T18:26:27+08:00 ] 127.0.0.1 /index.php/UserAction/checkMsg/
INFO: [ app_init ] --START--
INFO: Run Behavior\BuildLiteBehavior [ RunTime:0.000016s ]
INFO: [ app_init ] --END-- [ RunTime:0.000646s ]
INFO: [ app_begin ] --START--
INFO: Run Behavior\ReadHtmlCacheBehavior [ RunTime:0.000772s ]
INFO: [ app_begin ] --END-- [ RunTime:0.000833s ]
ERR: Think\Controller:_initialize方法不存在！

[ 2015-10-19T18:28:08+08:00 ] 127.0.0.1 /index.php/UserAction/checkMsg/
INFO: [ app_init ] --START--
INFO: Run Behavior\BuildLiteBehavior [ RunTime:0.000018s ]
INFO: [ app_init ] --END-- [ RunTime:0.000599s ]
INFO: [ app_begin ] --START--
INFO: Run Behavior\ReadHtmlCacheBehavior [ RunTime:0.000867s ]
INFO: [ app_begin ] --END-- [ RunTime:0.000952s ]
ERR: Think\Controller:_initialize方法不存在！

[ 2015-10-19T18:29:08+08:00 ] 127.0.0.1 /index.php/UserAction/checkMsg/
INFO: [ app_init ] --START--
INFO: Run Behavior\BuildLiteBehavior [ RunTime:0.000019s ]
INFO: [ app_init ] --END-- [ RunTime:0.000649s ]
INFO: [ app_begin ] --START--
INFO: Run Behavior\ReadHtmlCacheBehavior [ RunTime:0.000894s ]
INFO: [ app_begin ] --END-- [ RunTime:0.000965s ]
ERR: Think\Controller:_initialize方法不存在！

[ 2015-10-19T18:30:08+08:00 ] 127.0.0.1 /index.php/UserAction/checkMsg/
INFO: [ app_init ] --START--
INFO: Run Behavior\BuildLiteBehavior [ RunTime:0.000020s ]
INFO: [ app_init ] --END-- [ RunTime:0.000708s ]
INFO: [ app_begin ] --START--
INFO: Run Behavior\ReadHtmlCacheBehavior [ RunTime:0.000985s ]
INFO: [ app_begin ] --END-- [ RunTime:0.001094s ]
ERR: Think\Controller:_initialize方法不存在！

[ 2015-10-19T18:31:08+08:00 ] 127.0.0.1 /index.php/UserAction/checkMsg/
INFO: [ app_init ] --START--
INFO: Run Behavior\BuildLiteBehavior [ RunTime:0.000019s ]
INFO: [ app_init ] --END-- [ RunTime:0.000649s ]
INFO: [ app_begin ] --START--
INFO: Run Behavior\ReadHtmlCacheBehavior [ RunTime:0.000845s ]
INFO: [ app_begin ] --END-- [ RunTime:0.000911s ]
ERR: Think\Controller:_initialize方法不存在！

[ 2015-10-19T18:37:58+08:00 ] 127.0.0.1 /index.php/UserAction/checkMsg/
INFO: [ app_init ] --START--
INFO: Run Behavior\BuildLiteBehavior [ RunTime:0.000017s ]
INFO: [ app_init ] --END-- [ RunTime:0.000583s ]
INFO: [ app_begin ] --START--
INFO: Run Behavior\ReadHtmlCacheBehavior [ RunTime:0.000822s ]
INFO: [ app_begin ] --END-- [ RunTime:0.000885s ]
ERR: Think\Controller:_initialize方法不存在！

[ 2015-10-19T18:38:58+08:00 ] 127.0.0.1 /index.php/UserAction/checkMsg/
INFO: [ app_init ] --START--
INFO: Run Behavior\BuildLiteBehavior [ RunTime:0.000025s ]
INFO: [ app_init ] --END-- [ RunTime:0.000844s ]
INFO: [ app_begin ] --START--
INFO: Run Behavior\ReadHtmlCacheBehavior [ RunTime:0.000900s ]
INFO: [ app_begin ] --END-- [ RunTime:0.000976s ]
ERR: Think\Controller:_initialize方法不存在！

[ 2015-10-19T18:39:58+08:00 ] 127.0.0.1 /index.php/UserAction/checkMsg/
INFO: [ app_init ] --START--
INFO: Run Behavior\BuildLiteBehavior [ RunTime:0.000017s ]
INFO: [ app_init ] --END-- [ RunTime:0.000790s ]
INFO: [ app_begin ] --START--
INFO: Run Behavior\ReadHtmlCacheBehavior [ RunTime:0.000871s ]
INFO: [ app_begin ] --END-- [ RunTime:0.000950s ]
ERR: Think\Controller:_initialize方法不存在！

[ 2015-10-19T18:40:58+08:00 ] 127.0.0.1 /index.php/UserAction/checkMsg/
INFO: [ app_init ] --START--
INFO: Run Behavior\BuildLiteBehavior [ RunTime:0.000020s ]
INFO: [ app_init ] --END-- [ RunTime:0.000734s ]
INFO: [ app_begin ] --START--
INFO: Run Behavior\ReadHtmlCacheBehavior [ RunTime:0.000933s ]
INFO: [ app_begin ] --END-- [ RunTime:0.001019s ]
ERR: Think\Controller:_initialize方法不存在！

[ 2015-10-19T18:41:58+08:00 ] 127.0.0.1 /index.php/UserAction/checkMsg/
INFO: [ app_init ] --START--
INFO: Run Behavior\BuildLiteBehavior [ RunTime:0.000016s ]
INFO: [ app_init ] --END-- [ RunTime:0.000572s ]
INFO: [ app_begin ] --START--
INFO: Run Behavior\ReadHtmlCacheBehavior [ RunTime:0.000803s ]
INFO: [ app_begin ] --END-- [ RunTime:0.000867s ]
ERR: Think\Controller:_initialize方法不存在！

[ 2015-10-19T18:42:58+08:00 ] 127.0.0.1 /index.php/UserAction/checkMsg/
INFO: [ app_init ] --START--
INFO: Run Behavior\BuildLiteBehavior [ RunTime:0.000033s ]
INFO: [ app_init ] --END-- [ RunTime:0.001168s ]
INFO: [ app_begin ] --START--
INFO: Run Behavior\ReadHtmlCacheBehavior [ RunTime:0.000841s ]
INFO: [ app_begin ] --END-- [ RunTime:0.000911s ]
ERR: Think\Controller:_initialize方法不存在！

[ 2015-10-19T18:44:27+08:00 ] 127.0.0.1 /index.php/UserAction/checkMsg/
INFO: [ app_init ] --START--
INFO: Run Behavior\BuildLiteBehavior [ RunTime:0.000019s ]
INFO: [ app_init ] --END-- [ RunTime:0.000610s ]
INFO: [ app_begin ] --START--
INFO: Run Behavior\ReadHtmlCacheBehavior [ RunTime:0.001119s ]
INFO: [ app_begin ] --END-- [ RunTime:0.001204s ]
ERR: Think\Controller:_initialize方法不存在！

[ 2015-10-19T18:45:27+08:00 ] 127.0.0.1 /index.php/UserAction/checkMsg/
INFO: [ app_init ] --START--
INFO: Run Behavior\BuildLiteBehavior [ RunTime:0.000017s ]
INFO: [ app_init ] --END-- [ RunTime:0.000579s ]
INFO: [ app_begin ] --START--
INFO: Run Behavior\ReadHtmlCacheBehavior [ RunTime:0.000788s ]
INFO: [ app_begin ] --END-- [ RunTime:0.000849s ]
ERR: Think\Controller:_initialize方法不存在！

[ 2015-10-19T18:46:35+08:00 ] 127.0.0.1 /index.php/UserAction/checkMsg/
INFO: [ app_init ] --START--
INFO: Run Behavior\BuildLiteBehavior [ RunTime:0.000024s ]
INFO: [ app_init ] --END-- [ RunTime:0.000635s ]
INFO: [ app_begin ] --START--
INFO: Run Behavior\ReadHtmlCacheBehavior [ RunTime:0.000835s ]
INFO: [ app_begin ] --END-- [ RunTime:0.000904s ]
ERR: Think\Controller:_initialize方法不存在！

[ 2015-10-19T18:47:36+08:00 ] 127.0.0.1 /index.php/UserAction/checkMsg/
INFO: [ app_init ] --START--
INFO: Run Behavior\BuildLiteBehavior [ RunTime:0.000031s ]
INFO: [ app_init ] --END-- [ RunTime:0.000890s ]
INFO: [ app_begin ] --START--
INFO: Run Behavior\ReadHtmlCacheBehavior [ RunTime:0.001458s ]
INFO: [ app_begin ] --END-- [ RunTime:0.001563s ]
ERR: Think\Controller:_initialize方法不存在！

[ 2015-10-19T18:48:04+08:00 ] 127.0.0.1 /Applications/opration/value/3/id/41.html
INFO: [ app_init ] --START--
INFO: Run Behavior\BuildLiteBehavior [ RunTime:0.000020s ]
INFO: [ app_init ] --END-- [ RunTime:0.000791s ]
INFO: [ app_begin ] --START--
INFO: Run Behavior\ReadHtmlCacheBehavior [ RunTime:0.000953s ]
INFO: [ app_begin ] --END-- [ RunTime:0.001032s ]
SQL: SHOW COLUMNS FROM `applications` [ RunTime:0.0050s ]
SQL: UPDATE `applications` SET `status`='3' WHERE `id` = '41' [ RunTime:0.0012s ]

[ 2015-10-19T18:48:04+08:00 ] 127.0.0.1 /Applications/index.html
INFO: [ app_init ] --START--
INFO: Run Behavior\BuildLiteBehavior [ RunTime:0.000017s ]
INFO: [ app_init ] --END-- [ RunTime:0.000546s ]
INFO: [ app_begin ] --START--
INFO: Run Behavior\ReadHtmlCacheBehavior [ RunTime:0.000881s ]
INFO: [ app_begin ] --END-- [ RunTime:0.000946s ]
SQL: SHOW COLUMNS FROM `applications` [ RunTime:0.0051s ]
SQL: SELECT COUNT(A.id) AS tp_count FROM applications A LEFT JOIN users u ON A.user_id=u.id  WHERE `status` > 0 LIMIT 1   [ RunTime:0.0006s ]
SQL: SHOW COLUMNS FROM `developers` [ RunTime:0.0050s ]
SQL: SELECT D.user_id,`username`,`company_name` FROM developers D INNER JOIN users u ON D.user_id=u.id   [ RunTime:0.0004s ]
NOTIC: [8] Undefined index: p C:\Wnmp\noobird\Application\Home\Controller\ApplicationsController.class.php 第 37 行.
SQL: SELECT A.id,A.name,A.status,`app_key`,`app_id`,`username`,A.user_id,A.created FROM applications A LEFT JOIN users u ON A.user_id=u.id  WHERE `status` > 0 ORDER BY `status` asc LIMIT 0,10   [ RunTime:0.0007s ]
SQL: SELECT `company_name` FROM `developers` WHERE `user_id` = 1 LIMIT 1   [ RunTime:0.0003s ]
SQL: SELECT `company_name` FROM `developers` WHERE `user_id` = 57 LIMIT 1   [ RunTime:0.0002s ]
SQL: SELECT `company_name` FROM `developers` WHERE `user_id` = 57 LIMIT 1   [ RunTime:0.0002s ]
SQL: SELECT `company_name` FROM `developers` WHERE `user_id` = 57 LIMIT 1   [ RunTime:0.0002s ]
SQL: SELECT `company_name` FROM `developers` WHERE `user_id` = 57 LIMIT 1   [ RunTime:0.0002s ]
SQL: SELECT `company_name` FROM `developers` WHERE `user_id` = 57 LIMIT 1   [ RunTime:0.0003s ]
SQL: SELECT `company_name` FROM `developers` WHERE `user_id` = 57 LIMIT 1   [ RunTime:0.0003s ]
SQL: SELECT `company_name` FROM `developers` WHERE `user_id` = 5 LIMIT 1   [ RunTime:0.0002s ]
SQL: SELECT `company_name` FROM `developers` WHERE `user_id` = 54 LIMIT 1   [ RunTime:0.0002s ]
SQL: SELECT `company_name` FROM `developers` WHERE `user_id` = 54 LIMIT 1   [ RunTime:0.0003s ]
NOTIC: [8] Undefined index: user_id C:\Wnmp\noobird\Application\Home\View\Applications\index.php 第 23 行.
NOTIC: [8] Undefined index: user_id C:\Wnmp\noobird\Application\Home\View\Applications\index.php 第 23 行.
NOTIC: [8] Undefined index: user_id C:\Wnmp\noobird\Application\Home\View\Applications\index.php 第 23 行.
NOTIC: [8] Undefined index: user_id C:\Wnmp\noobird\Application\Home\View\Applications\index.php 第 23 行.
NOTIC: [8] Undefined index: user_id C:\Wnmp\noobird\Application\Home\View\Applications\index.php 第 23 行.
NOTIC: [8] Undefined index: user_id C:\Wnmp\noobird\Application\Home\View\Applications\index.php 第 23 行.
NOTIC: [8] Undefined index: user_id C:\Wnmp\noobird\Application\Home\View\Applications\index.php 第 23 行.
NOTIC: [8] Undefined index: user_id C:\Wnmp\noobird\Application\Home\View\Applications\index.php 第 23 行.
NOTIC: [8] Undefined index: user_id C:\Wnmp\noobird\Application\Home\View\Applications\index.php 第 23 行.
NOTIC: [8] Undefined index: user_id C:\Wnmp\noobird\Application\Home\View\Applications\index.php 第 23 行.
NOTIC: [8] Undefined index: user_id C:\Wnmp\noobird\Application\Home\View\Applications\index.php 第 23 行.
NOTIC: [8] Undefined index: user_id C:\Wnmp\noobird\Application\Home\View\Applications\index.php 第 23 行.
INFO: [ view_filter ] --START--
INFO: Run Behavior\WriteHtmlCacheBehavior [ RunTime:0.000715s ]
INFO: [ view_filter ] --END-- [ RunTime:0.000774s ]
INFO: [ app_end ] --START--
INFO: Run Behavior\ShowPageTraceBehavior [ RunTime:0.001034s ]
INFO: [ app_end ] --END-- [ RunTime:0.001121s ]

[ 2015-10-19T18:48:04+08:00 ] 127.0.0.1 /Public/fancybox/jquery.fancybox.css
INFO: [ app_init ] --START--
INFO: Run Behavior\BuildLiteBehavior [ RunTime:0.000026s ]
INFO: [ app_init ] --END-- [ RunTime:0.001032s ]
INFO: [ app_begin ] --START--
INFO: Run Behavior\ReadHtmlCacheBehavior [ RunTime:0.001636s ]
INFO: [ app_begin ] --END-- [ RunTime:0.001767s ]
ERR: Think\Controller:_initialize方法不存在！

[ 2015-10-19T18:48:04+08:00 ] 127.0.0.1 /Public/fancybox/jquery.fancybox.js
INFO: [ app_init ] --START--
INFO: Run Behavior\BuildLiteBehavior [ RunTime:0.000026s ]
INFO: [ app_init ] --END-- [ RunTime:0.000831s ]
INFO: [ app_begin ] --START--
INFO: Run Behavior\ReadHtmlCacheBehavior [ RunTime:0.001692s ]
INFO: [ app_begin ] --END-- [ RunTime:0.001819s ]
ERR: Think\Controller:_initialize方法不存在！

[ 2015-10-19T18:49:28+08:00 ] 127.0.0.1 /index.php/UserAction/checkMsg/
INFO: [ app_init ] --START--
INFO: Run Behavior\BuildLiteBehavior [ RunTime:0.000018s ]
INFO: [ app_init ] --END-- [ RunTime:0.000755s ]
INFO: [ app_begin ] --START--
INFO: Run Behavior\ReadHtmlCacheBehavior [ RunTime:0.001215s ]
INFO: [ app_begin ] --END-- [ RunTime:0.001318s ]
ERR: Think\Controller:_initialize方法不存在！

[ 2015-10-19T18:50:28+08:00 ] 127.0.0.1 /index.php/UserAction/checkMsg/
INFO: [ app_init ] --START--
INFO: Run Behavior\BuildLiteBehavior [ RunTime:0.000017s ]
INFO: [ app_init ] --END-- [ RunTime:0.000616s ]
INFO: [ app_begin ] --START--
INFO: Run Behavior\ReadHtmlCacheBehavior [ RunTime:0.000951s ]
INFO: [ app_begin ] --END-- [ RunTime:0.001029s ]
ERR: Think\Controller:_initialize方法不存在！

[ 2015-10-19T18:51:57+08:00 ] 127.0.0.1 /index.php/UserAction/checkMsg/
INFO: [ app_init ] --START--
INFO: Run Behavior\BuildLiteBehavior [ RunTime:0.000016s ]
INFO: [ app_init ] --END-- [ RunTime:0.000571s ]
INFO: [ app_begin ] --START--
INFO: Run Behavior\ReadHtmlCacheBehavior [ RunTime:0.000828s ]
INFO: [ app_begin ] --END-- [ RunTime:0.000892s ]
ERR: Think\Controller:_initialize方法不存在！

[ 2015-10-19T18:53:33+08:00 ] 127.0.0.1 /index.php/UserAction/checkMsg/
INFO: [ app_init ] --START--
INFO: Run Behavior\BuildLiteBehavior [ RunTime:0.000021s ]
INFO: [ app_init ] --END-- [ RunTime:0.000698s ]
INFO: [ app_begin ] --START--
INFO: Run Behavior\ReadHtmlCacheBehavior [ RunTime:0.001014s ]
INFO: [ app_begin ] --END-- [ RunTime:0.001096s ]
ERR: Think\Controller:_initialize方法不存在！

[ 2015-10-19T18:54:49+08:00 ] 127.0.0.1 /index.php/UserAction/checkMsg/
INFO: [ app_init ] --START--
INFO: Run Behavior\BuildLiteBehavior [ RunTime:0.000025s ]
INFO: [ app_init ] --END-- [ RunTime:0.000971s ]
INFO: [ app_begin ] --START--
INFO: Run Behavior\ReadHtmlCacheBehavior [ RunTime:0.000887s ]
INFO: [ app_begin ] --END-- [ RunTime:0.000970s ]
ERR: Think\Controller:_initialize方法不存在！

[ 2015-10-19T19:01:47+08:00 ] 127.0.0.1 /index.php/UserAction/checkMsg/
INFO: [ app_init ] --START--
INFO: Run Behavior\BuildLiteBehavior [ RunTime:0.000017s ]
INFO: [ app_init ] --END-- [ RunTime:0.000566s ]
INFO: [ app_begin ] --START--
INFO: Run Behavior\ReadHtmlCacheBehavior [ RunTime:0.000771s ]
INFO: [ app_begin ] --END-- [ RunTime:0.000831s ]
ERR: Think\Controller:_initialize方法不存在！

[ 2015-10-19T19:02:47+08:00 ] 127.0.0.1 /index.php/UserAction/checkMsg/
INFO: [ app_init ] --START--
INFO: Run Behavior\BuildLiteBehavior [ RunTime:0.000018s ]
INFO: [ app_init ] --END-- [ RunTime:0.000564s ]
INFO: [ app_begin ] --START--
INFO: Run Behavior\ReadHtmlCacheBehavior [ RunTime:0.000875s ]
INFO: [ app_begin ] --END-- [ RunTime:0.000958s ]
ERR: Think\Controller:_initialize方法不存在！

[ 2015-10-19T19:03:47+08:00 ] 127.0.0.1 /index.php/UserAction/checkMsg/
INFO: [ app_init ] --START--
INFO: Run Behavior\BuildLiteBehavior [ RunTime:0.000017s ]
INFO: [ app_init ] --END-- [ RunTime:0.000568s ]
INFO: [ app_begin ] --START--
INFO: Run Behavior\ReadHtmlCacheBehavior [ RunTime:0.000779s ]
INFO: [ app_begin ] --END-- [ RunTime:0.000839s ]
ERR: Think\Controller:_initialize方法不存在！

