[ 2015-11-04T09:36:16+08:00 ] 127.0.0.1 /
INFO: [ app_init ] --START--
INFO: Run Behavior\BuildLiteBehavior [ RunTime:0.000033s ]
INFO: [ app_init ] --END-- [ RunTime:0.001998s ]
INFO: [ app_begin ] --START--
INFO: Run Behavior\ReadHtmlCacheBehavior [ RunTime:0.007756s ]
INFO: Run Behavior\CheckLangBehavior [ RunTime:0.001513s ]
INFO: [ app_begin ] --END-- [ RunTime:0.009513s ]
INFO: [ view_filter ] --START--
INFO: Run Behavior\WriteHtmlCacheBehavior [ RunTime:0.004744s ]
INFO: [ view_filter ] --END-- [ RunTime:0.004935s ]
INFO: [ app_end ] --START--
INFO: Run Behavior\ShowPageTraceBehavior [ RunTime:0.010363s ]
INFO: [ app_end ] --END-- [ RunTime:0.010503s ]

[ 2015-11-04T09:36:16+08:00 ] 127.0.0.1 /Public/img/blueBtn.png
INFO: [ app_init ] --START--
INFO: Run Behavior\BuildLiteBehavior [ RunTime:0.000015s ]
INFO: [ app_init ] --END-- [ RunTime:0.000499s ]

[ 2015-11-04T09:36:16+08:00 ] 127.0.0.1 /Public/img1/bg.png
INFO: [ app_init ] --START--
INFO: Run Behavior\BuildLiteBehavior [ RunTime:0.000019s ]
INFO: [ app_init ] --END-- [ RunTime:0.000637s ]

[ 2015-11-04T09:36:16+08:00 ] 127.0.0.1 /favicon.ico
INFO: [ app_init ] --START--
INFO: Run Behavior\BuildLiteBehavior [ RunTime:0.000016s ]
INFO: [ app_init ] --END-- [ RunTime:0.001073s ]

[ 2015-11-04T09:36:16+08:00 ] 127.0.0.1 /favicon.ico
INFO: [ app_init ] --START--
INFO: Run Behavior\BuildLiteBehavior [ RunTime:0.000011s ]
INFO: [ app_init ] --END-- [ RunTime:0.000411s ]

[ 2015-11-04T11:50:53+08:00 ] 127.0.0.1 /Home/Users/loginAdmin
INFO: [ app_init ] --START--
INFO: Run Behavior\BuildLiteBehavior [ RunTime:0.000015s ]
INFO: [ app_init ] --END-- [ RunTime:0.000465s ]
INFO: [ app_begin ] --START--
INFO: Run Behavior\ReadHtmlCacheBehavior [ RunTime:0.000975s ]
INFO: Run Behavior\CheckLangBehavior [ RunTime:0.000546s ]
INFO: [ app_begin ] --END-- [ RunTime:0.001645s ]
SQL: SHOW COLUMNS FROM `users` [ RunTime:0.0967s ]
SQL: SELECT * FROM `users` WHERE `username` = 'admin' LIMIT 1   [ RunTime:0.0102s ]
INFO: [ view_filter ] --START--
INFO: Run Behavior\WriteHtmlCacheBehavior [ RunTime:0.000807s ]
INFO: [ view_filter ] --END-- [ RunTime:0.000924s ]

[ 2015-11-04T11:50:53+08:00 ] 127.0.0.1 /Public/img/blueBtn.png
INFO: [ app_init ] --START--
INFO: Run Behavior\BuildLiteBehavior [ RunTime:0.000011s ]
INFO: [ app_init ] --END-- [ RunTime:0.000371s ]

[ 2015-11-04T11:50:53+08:00 ] 127.0.0.1 /Public/img1/bg.png
INFO: [ app_init ] --START--
INFO: Run Behavior\BuildLiteBehavior [ RunTime:0.000011s ]
INFO: [ app_init ] --END-- [ RunTime:0.000395s ]

[ 2015-11-04T11:51:01+08:00 ] 127.0.0.1 /Home/Users/loginAdmin
INFO: [ app_init ] --START--
INFO: Run Behavior\BuildLiteBehavior [ RunTime:0.000012s ]
INFO: [ app_init ] --END-- [ RunTime:0.000357s ]
INFO: [ app_begin ] --START--
INFO: Run Behavior\ReadHtmlCacheBehavior [ RunTime:0.000576s ]
INFO: Run Behavior\CheckLangBehavior [ RunTime:0.000582s ]
INFO: [ app_begin ] --END-- [ RunTime:0.001275s ]
SQL: SHOW COLUMNS FROM `users` [ RunTime:0.0047s ]
SQL: SELECT * FROM `users` WHERE `username` = 'admin' LIMIT 1   [ RunTime:0.0002s ]

[ 2015-11-04T11:51:01+08:00 ] 127.0.0.1 /Admin/index.html
INFO: [ app_init ] --START--
INFO: Run Behavior\BuildLiteBehavior [ RunTime:0.000013s ]
INFO: [ app_init ] --END-- [ RunTime:0.000454s ]
INFO: [ app_begin ] --START--
INFO: Run Behavior\ReadHtmlCacheBehavior [ RunTime:0.000487s ]
INFO: Run Behavior\CheckLangBehavior [ RunTime:0.000384s ]
INFO: [ app_begin ] --END-- [ RunTime:0.000945s ]
INFO: [ view_filter ] --START--
INFO: Run Behavior\WriteHtmlCacheBehavior [ RunTime:0.000391s ]
INFO: [ view_filter ] --END-- [ RunTime:0.000446s ]
INFO: [ app_end ] --START--
INFO: Run Behavior\ShowPageTraceBehavior [ RunTime:0.000547s ]
INFO: [ app_end ] --END-- [ RunTime:0.000587s ]

[ 2015-11-04T11:51:03+08:00 ] 127.0.0.1 /Developers/index.html
INFO: [ app_init ] --START--
INFO: Run Behavior\BuildLiteBehavior [ RunTime:0.000011s ]
INFO: [ app_init ] --END-- [ RunTime:0.000411s ]
INFO: [ app_begin ] --START--
INFO: Run Behavior\ReadHtmlCacheBehavior [ RunTime:0.000516s ]
INFO: Run Behavior\CheckLangBehavior [ RunTime:0.000381s ]
INFO: [ app_begin ] --END-- [ RunTime:0.000978s ]
SQL: SHOW COLUMNS FROM `developers` [ RunTime:0.0282s ]
SQL: SELECT COUNT(D.id) AS tp_count FROM developers D LEFT JOIN users u ON D.user_id=u.id  WHERE `status` > 0 LIMIT 1   [ RunTime:0.0007s ]
NOTIC: [8] Undefined index: p E:\Wnmp\noobird\Application\Home\Controller\DevelopersController.class.php 第 36 行.
SQL: SELECT `company_name`,`company_license`,D.mobile,D.status,`contact`,D.created,`username`,D.user_id,D.id FROM developers D LEFT JOIN users u ON D.user_id=u.id  WHERE `status` > 0 ORDER BY `status` asc LIMIT 0,10   [ RunTime:0.0086s ]
INFO: [ view_filter ] --START--
INFO: Run Behavior\WriteHtmlCacheBehavior [ RunTime:0.000456s ]
INFO: [ view_filter ] --END-- [ RunTime:0.000509s ]
INFO: [ app_end ] --START--
INFO: Run Behavior\ShowPageTraceBehavior [ RunTime:0.000575s ]
INFO: [ app_end ] --END-- [ RunTime:0.000620s ]

[ 2015-11-04T11:51:07+08:00 ] 127.0.0.1 /Home/Statistics/statApp
INFO: [ app_init ] --START--
INFO: Run Behavior\BuildLiteBehavior [ RunTime:0.000013s ]
INFO: [ app_init ] --END-- [ RunTime:0.000469s ]
INFO: [ app_begin ] --START--
INFO: Run Behavior\ReadHtmlCacheBehavior [ RunTime:0.000480s ]
INFO: Run Behavior\CheckLangBehavior [ RunTime:0.000399s ]
INFO: [ app_begin ] --END-- [ RunTime:0.000948s ]
SQL: SHOW COLUMNS FROM `statistics` [ RunTime:0.0349s ]
SQL: SELECT COUNT(S.id) AS tp_count FROM statistics S 
            LEFT JOIN users u ON S.user_id=u.id
            LEFT JOIN applications A ON S.application_id=A.id
            LEFT JOIN developers D ON S.user_id=D.user_id
          WHERE S.status = 1 GROUP BY S.application_id LIMIT 1   [ RunTime:0.0174s ]
SQL: SHOW COLUMNS FROM `developers` [ RunTime:0.0035s ]
SQL: SELECT D.user_id,`username`,`company_name` FROM developers D INNER JOIN users u ON D.user_id=u.id   [ RunTime:0.0004s ]
NOTIC: [8] Undefined index: p E:\Wnmp\noobird\Application\Home\Controller\StatisticsController.class.php 第 198 行.
SQL: SELECT SUM(fee) AS total,S.application_id,A.name,A.app_key,D.company_name,u.username,A.user_id,A.id FROM statistics S 
            LEFT JOIN users u ON S.user_id=u.id
            LEFT JOIN applications A ON S.application_id=A.id
            LEFT JOIN developers D ON S.user_id=D.user_id
          WHERE S.status = 1 GROUP BY S.application_id ORDER BY `total` desc LIMIT 0,10   [ RunTime:0.0062s ]
NOTIC: [8] Undefined index: status E:\Wnmp\noobird\Application\Home\Model\CModel.class.php 第 24 行.
NOTIC: [8] Undefined index:  E:\Wnmp\noobird\Application\Home\Model\CModel.class.php 第 24 行.
NOTIC: [8] Undefined index: status E:\Wnmp\noobird\Application\Home\Model\CModel.class.php 第 24 行.
NOTIC: [8] Undefined index:  E:\Wnmp\noobird\Application\Home\Model\CModel.class.php 第 24 行.
NOTIC: [8] Undefined index: status E:\Wnmp\noobird\Application\Home\Model\CModel.class.php 第 24 行.
NOTIC: [8] Undefined index:  E:\Wnmp\noobird\Application\Home\Model\CModel.class.php 第 24 行.
NOTIC: [8] Undefined index: status E:\Wnmp\noobird\Application\Home\Model\CModel.class.php 第 24 行.
NOTIC: [8] Undefined index:  E:\Wnmp\noobird\Application\Home\Model\CModel.class.php 第 24 行.
NOTIC: [8] Undefined index: status E:\Wnmp\noobird\Application\Home\Model\CModel.class.php 第 24 行.
NOTIC: [8] Undefined index:  E:\Wnmp\noobird\Application\Home\Model\CModel.class.php 第 24 行.
NOTIC: [8] Undefined index: user_id E:\Wnmp\noobird\Application\Home\View\Statistics\statApp.php 第 23 行.
NOTIC: [8] Undefined index: user_id E:\Wnmp\noobird\Application\Home\View\Statistics\statApp.php 第 23 行.
NOTIC: [8] Undefined index: user_id E:\Wnmp\noobird\Application\Home\View\Statistics\statApp.php 第 23 行.
NOTIC: [8] Undefined index: user_id E:\Wnmp\noobird\Application\Home\View\Statistics\statApp.php 第 23 行.
NOTIC: [8] Undefined index: user_id E:\Wnmp\noobird\Application\Home\View\Statistics\statApp.php 第 23 行.
NOTIC: [8] Undefined index: user_id E:\Wnmp\noobird\Application\Home\View\Statistics\statApp.php 第 23 行.
NOTIC: [8] Undefined index: user_id E:\Wnmp\noobird\Application\Home\View\Statistics\statApp.php 第 23 行.
NOTIC: [8] Undefined index: user_id E:\Wnmp\noobird\Application\Home\View\Statistics\statApp.php 第 23 行.
NOTIC: [8] Undefined index: user_id E:\Wnmp\noobird\Application\Home\View\Statistics\statApp.php 第 23 行.
NOTIC: [8] Undefined index: user_id E:\Wnmp\noobird\Application\Home\View\Statistics\statApp.php 第 23 行.
NOTIC: [8] Undefined index: user_id E:\Wnmp\noobird\Application\Home\View\Statistics\statApp.php 第 23 行.
NOTIC: [8] Undefined index: user_id E:\Wnmp\noobird\Application\Home\View\Statistics\statApp.php 第 23 行.
NOTIC: [8] Undefined index: user_id E:\Wnmp\noobird\Application\Home\View\Statistics\statApp.php 第 23 行.
NOTIC: [8] Undefined index: start E:\Wnmp\noobird\Application\Home\View\Statistics\statApp.php 第 27 行.
NOTIC: [8] Undefined index: end E:\Wnmp\noobird\Application\Home\View\Statistics\statApp.php 第 29 行.
INFO: [ view_filter ] --START--
INFO: Run Behavior\WriteHtmlCacheBehavior [ RunTime:0.000325s ]
INFO: [ view_filter ] --END-- [ RunTime:0.000363s ]
INFO: [ app_end ] --START--
INFO: Run Behavior\ShowPageTraceBehavior [ RunTime:0.000599s ]
INFO: [ app_end ] --END-- [ RunTime:0.000648s ]

[ 2015-11-04T11:51:07+08:00 ] 127.0.0.1 /Public/img/icon-calendar.png
INFO: [ app_init ] --START--
INFO: Run Behavior\BuildLiteBehavior [ RunTime:0.000011s ]
INFO: [ app_init ] --END-- [ RunTime:0.000333s ]

[ 2015-11-04T11:51:07+08:00 ] 127.0.0.1 /Public/img/calendar_arrows.png
INFO: [ app_init ] --START--
INFO: Run Behavior\BuildLiteBehavior [ RunTime:0.000012s ]
INFO: [ app_init ] --END-- [ RunTime:0.000397s ]

[ 2015-11-04T11:51:10+08:00 ] 127.0.0.1 /Home/Statistics/statIap
INFO: [ app_init ] --START--
INFO: Run Behavior\BuildLiteBehavior [ RunTime:0.000012s ]
INFO: [ app_init ] --END-- [ RunTime:0.000399s ]
INFO: [ app_begin ] --START--
INFO: Run Behavior\ReadHtmlCacheBehavior [ RunTime:0.000594s ]
INFO: Run Behavior\CheckLangBehavior [ RunTime:0.000407s ]
INFO: [ app_begin ] --END-- [ RunTime:0.001071s ]
SQL: SHOW COLUMNS FROM `statistics` [ RunTime:0.0041s ]
SQL: SELECT COUNT(S.id) AS tp_count FROM statistics S 
            LEFT JOIN users u ON S.user_id=u.id
            LEFT JOIN applications A ON S.application_id=A.id
            LEFT JOIN developers D ON S.user_id=D.user_id
            LEFT JOIN iaps I ON S.iap_id=I.id
          WHERE S.status = 1 GROUP BY S.iap_id LIMIT 1   [ RunTime:0.0277s ]
NOTIC: [8] Undefined index: p E:\Wnmp\noobird\Application\Home\Controller\StatisticsController.class.php 第 139 行.
SQL: SELECT SUM(S.fee) as total,S.application_id,A.name,A.app_id,D.company_name,u.username,A.user_id,I.name as iap_name,I.iap_key FROM statistics S 
            LEFT JOIN users u ON S.user_id=u.id
            LEFT JOIN applications A ON S.application_id=A.id
            LEFT JOIN developers D ON S.user_id=D.user_id
            LEFT JOIN iaps I ON S.iap_id=I.id
          WHERE S.status = 1 GROUP BY S.iap_id ORDER BY `total` desc LIMIT 0,10   [ RunTime:0.0014s ]
NOTIC: [8] Undefined index: status E:\Wnmp\noobird\Application\Home\Model\CModel.class.php 第 24 行.
NOTIC: [8] Undefined index:  E:\Wnmp\noobird\Application\Home\Model\CModel.class.php 第 24 行.
NOTIC: [8] Undefined index: status E:\Wnmp\noobird\Application\Home\Model\CModel.class.php 第 24 行.
NOTIC: [8] Undefined index:  E:\Wnmp\noobird\Application\Home\Model\CModel.class.php 第 24 行.
NOTIC: [8] Undefined index: status E:\Wnmp\noobird\Application\Home\Model\CModel.class.php 第 24 行.
NOTIC: [8] Undefined index:  E:\Wnmp\noobird\Application\Home\Model\CModel.class.php 第 24 行.
NOTIC: [8] Undefined index: status E:\Wnmp\noobird\Application\Home\Model\CModel.class.php 第 24 行.
NOTIC: [8] Undefined index:  E:\Wnmp\noobird\Application\Home\Model\CModel.class.php 第 24 行.
NOTIC: [8] Undefined index: status E:\Wnmp\noobird\Application\Home\Model\CModel.class.php 第 24 行.
NOTIC: [8] Undefined index:  E:\Wnmp\noobird\Application\Home\Model\CModel.class.php 第 24 行.
NOTIC: [8] Undefined index: status E:\Wnmp\noobird\Application\Home\Model\CModel.class.php 第 24 行.
NOTIC: [8] Undefined index:  E:\Wnmp\noobird\Application\Home\Model\CModel.class.php 第 24 行.
NOTIC: [8] Undefined index: status E:\Wnmp\noobird\Application\Home\Model\CModel.class.php 第 24 行.
NOTIC: [8] Undefined index:  E:\Wnmp\noobird\Application\Home\Model\CModel.class.php 第 24 行.
NOTIC: [8] Undefined index: status E:\Wnmp\noobird\Application\Home\Model\CModel.class.php 第 24 行.
NOTIC: [8] Undefined index:  E:\Wnmp\noobird\Application\Home\Model\CModel.class.php 第 24 行.
NOTIC: [8] Undefined index: status E:\Wnmp\noobird\Application\Home\Model\CModel.class.php 第 24 行.
NOTIC: [8] Undefined index:  E:\Wnmp\noobird\Application\Home\Model\CModel.class.php 第 24 行.
NOTIC: [8] Undefined index: status E:\Wnmp\noobird\Application\Home\Model\CModel.class.php 第 24 行.
NOTIC: [8] Undefined index:  E:\Wnmp\noobird\Application\Home\Model\CModel.class.php 第 24 行.
SQL: SHOW COLUMNS FROM `developers` [ RunTime:0.0035s ]
SQL: SELECT D.user_id,`username`,`company_name` FROM developers D INNER JOIN users u ON D.user_id=u.id   [ RunTime:0.0002s ]
SQL: SHOW COLUMNS FROM `applications` [ RunTime:0.0033s ]
SQL: SELECT `id`,`name` FROM `applications`  [ RunTime:0.0003s ]
NOTIC: [8] Undefined index: user_id E:\Wnmp\noobird\Application\Home\View\Statistics\statIap.php 第 24 行.
NOTIC: [8] Undefined index: user_id E:\Wnmp\noobird\Application\Home\View\Statistics\statIap.php 第 24 行.
NOTIC: [8] Undefined index: user_id E:\Wnmp\noobird\Application\Home\View\Statistics\statIap.php 第 24 行.
NOTIC: [8] Undefined index: user_id E:\Wnmp\noobird\Application\Home\View\Statistics\statIap.php 第 24 行.
NOTIC: [8] Undefined index: user_id E:\Wnmp\noobird\Application\Home\View\Statistics\statIap.php 第 24 行.
NOTIC: [8] Undefined index: user_id E:\Wnmp\noobird\Application\Home\View\Statistics\statIap.php 第 24 行.
NOTIC: [8] Undefined index: user_id E:\Wnmp\noobird\Application\Home\View\Statistics\statIap.php 第 24 行.
NOTIC: [8] Undefined index: user_id E:\Wnmp\noobird\Application\Home\View\Statistics\statIap.php 第 24 行.
NOTIC: [8] Undefined index: user_id E:\Wnmp\noobird\Application\Home\View\Statistics\statIap.php 第 24 行.
NOTIC: [8] Undefined index: user_id E:\Wnmp\noobird\Application\Home\View\Statistics\statIap.php 第 24 行.
NOTIC: [8] Undefined index: user_id E:\Wnmp\noobird\Application\Home\View\Statistics\statIap.php 第 24 行.
NOTIC: [8] Undefined index: user_id E:\Wnmp\noobird\Application\Home\View\Statistics\statIap.php 第 24 行.
NOTIC: [8] Undefined index: user_id E:\Wnmp\noobird\Application\Home\View\Statistics\statIap.php 第 24 行.
NOTIC: [8] Undefined index: start E:\Wnmp\noobird\Application\Home\View\Statistics\statIap.php 第 33 行.
NOTIC: [8] Undefined index: end E:\Wnmp\noobird\Application\Home\View\Statistics\statIap.php 第 35 行.
INFO: [ view_filter ] --START--
INFO: Run Behavior\WriteHtmlCacheBehavior [ RunTime:0.000360s ]
INFO: [ view_filter ] --END-- [ RunTime:0.000404s ]
INFO: [ app_end ] --START--
INFO: Run Behavior\ShowPageTraceBehavior [ RunTime:0.000544s ]
INFO: [ app_end ] --END-- [ RunTime:0.000592s ]

[ 2015-11-04T11:51:10+08:00 ] 127.0.0.1 /Public/img/calendar_arrows.png
INFO: [ app_init ] --START--
INFO: Run Behavior\BuildLiteBehavior [ RunTime:0.000029s ]
INFO: [ app_init ] --END-- [ RunTime:0.000524s ]

[ 2015-11-04T11:51:10+08:00 ] 127.0.0.1 /Public/img/icon-calendar.png
INFO: [ app_init ] --START--
INFO: Run Behavior\BuildLiteBehavior [ RunTime:0.000011s ]
INFO: [ app_init ] --END-- [ RunTime:0.000359s ]

[ 2015-11-04T11:51:11+08:00 ] 127.0.0.1 /Home/Statistics/statApp
INFO: [ app_init ] --START--
INFO: Run Behavior\BuildLiteBehavior [ RunTime:0.000011s ]
INFO: [ app_init ] --END-- [ RunTime:0.000417s ]
INFO: [ app_begin ] --START--
INFO: Run Behavior\ReadHtmlCacheBehavior [ RunTime:0.000466s ]
INFO: Run Behavior\CheckLangBehavior [ RunTime:0.000434s ]
INFO: [ app_begin ] --END-- [ RunTime:0.000986s ]
SQL: SHOW COLUMNS FROM `statistics` [ RunTime:0.0040s ]
SQL: SELECT COUNT(S.id) AS tp_count FROM statistics S 
            LEFT JOIN users u ON S.user_id=u.id
            LEFT JOIN applications A ON S.application_id=A.id
            LEFT JOIN developers D ON S.user_id=D.user_id
          WHERE S.status = 1 GROUP BY S.application_id LIMIT 1   [ RunTime:0.0003s ]
SQL: SHOW COLUMNS FROM `developers` [ RunTime:0.0034s ]
SQL: SELECT D.user_id,`username`,`company_name` FROM developers D INNER JOIN users u ON D.user_id=u.id   [ RunTime:0.0002s ]
NOTIC: [8] Undefined index: p E:\Wnmp\noobird\Application\Home\Controller\StatisticsController.class.php 第 198 行.
SQL: SELECT SUM(fee) AS total,S.application_id,A.name,A.app_key,D.company_name,u.username,A.user_id,A.id FROM statistics S 
            LEFT JOIN users u ON S.user_id=u.id
            LEFT JOIN applications A ON S.application_id=A.id
            LEFT JOIN developers D ON S.user_id=D.user_id
          WHERE S.status = 1 GROUP BY S.application_id ORDER BY `total` desc LIMIT 0,10   [ RunTime:0.0002s ]
NOTIC: [8] Undefined index: status E:\Wnmp\noobird\Application\Home\Model\CModel.class.php 第 24 行.
NOTIC: [8] Undefined index:  E:\Wnmp\noobird\Application\Home\Model\CModel.class.php 第 24 行.
NOTIC: [8] Undefined index: status E:\Wnmp\noobird\Application\Home\Model\CModel.class.php 第 24 行.
NOTIC: [8] Undefined index:  E:\Wnmp\noobird\Application\Home\Model\CModel.class.php 第 24 行.
NOTIC: [8] Undefined index: status E:\Wnmp\noobird\Application\Home\Model\CModel.class.php 第 24 行.
NOTIC: [8] Undefined index:  E:\Wnmp\noobird\Application\Home\Model\CModel.class.php 第 24 行.
NOTIC: [8] Undefined index: status E:\Wnmp\noobird\Application\Home\Model\CModel.class.php 第 24 行.
NOTIC: [8] Undefined index:  E:\Wnmp\noobird\Application\Home\Model\CModel.class.php 第 24 行.
NOTIC: [8] Undefined index: status E:\Wnmp\noobird\Application\Home\Model\CModel.class.php 第 24 行.
NOTIC: [8] Undefined index:  E:\Wnmp\noobird\Application\Home\Model\CModel.class.php 第 24 行.
NOTIC: [8] Undefined index: user_id E:\Wnmp\noobird\Application\Home\View\Statistics\statApp.php 第 23 行.
NOTIC: [8] Undefined index: user_id E:\Wnmp\noobird\Application\Home\View\Statistics\statApp.php 第 23 行.
NOTIC: [8] Undefined index: user_id E:\Wnmp\noobird\Application\Home\View\Statistics\statApp.php 第 23 行.
NOTIC: [8] Undefined index: user_id E:\Wnmp\noobird\Application\Home\View\Statistics\statApp.php 第 23 行.
NOTIC: [8] Undefined index: user_id E:\Wnmp\noobird\Application\Home\View\Statistics\statApp.php 第 23 行.
NOTIC: [8] Undefined index: user_id E:\Wnmp\noobird\Application\Home\View\Statistics\statApp.php 第 23 行.
NOTIC: [8] Undefined index: user_id E:\Wnmp\noobird\Application\Home\View\Statistics\statApp.php 第 23 行.
NOTIC: [8] Undefined index: user_id E:\Wnmp\noobird\Application\Home\View\Statistics\statApp.php 第 23 行.
NOTIC: [8] Undefined index: user_id E:\Wnmp\noobird\Application\Home\View\Statistics\statApp.php 第 23 行.
NOTIC: [8] Undefined index: user_id E:\Wnmp\noobird\Application\Home\View\Statistics\statApp.php 第 23 行.
NOTIC: [8] Undefined index: user_id E:\Wnmp\noobird\Application\Home\View\Statistics\statApp.php 第 23 行.
NOTIC: [8] Undefined index: user_id E:\Wnmp\noobird\Application\Home\View\Statistics\statApp.php 第 23 行.
NOTIC: [8] Undefined index: user_id E:\Wnmp\noobird\Application\Home\View\Statistics\statApp.php 第 23 行.
NOTIC: [8] Undefined index: start E:\Wnmp\noobird\Application\Home\View\Statistics\statApp.php 第 27 行.
NOTIC: [8] Undefined index: end E:\Wnmp\noobird\Application\Home\View\Statistics\statApp.php 第 29 行.
INFO: [ view_filter ] --START--
INFO: Run Behavior\WriteHtmlCacheBehavior [ RunTime:0.000234s ]
INFO: [ view_filter ] --END-- [ RunTime:0.000271s ]
INFO: [ app_end ] --START--
INFO: Run Behavior\ShowPageTraceBehavior [ RunTime:0.000540s ]
INFO: [ app_end ] --END-- [ RunTime:0.000591s ]

[ 2015-11-04T11:51:11+08:00 ] 127.0.0.1 /Public/img/calendar_arrows.png
INFO: [ app_init ] --START--
INFO: Run Behavior\BuildLiteBehavior [ RunTime:0.000013s ]
INFO: [ app_init ] --END-- [ RunTime:0.000447s ]

[ 2015-11-04T11:51:11+08:00 ] 127.0.0.1 /Public/img/icon-calendar.png
INFO: [ app_init ] --START--
INFO: Run Behavior\BuildLiteBehavior [ RunTime:0.000018s ]
INFO: [ app_init ] --END-- [ RunTime:0.000508s ]

[ 2015-11-04T11:51:13+08:00 ] 127.0.0.1 /Home/Statistics/statDetail/appId/37/userId/7676
INFO: [ app_init ] --START--
INFO: Run Behavior\BuildLiteBehavior [ RunTime:0.000010s ]
INFO: [ app_init ] --END-- [ RunTime:0.000344s ]
INFO: [ app_begin ] --START--
INFO: Run Behavior\ReadHtmlCacheBehavior [ RunTime:0.000473s ]
INFO: Run Behavior\CheckLangBehavior [ RunTime:0.000371s ]
INFO: [ app_begin ] --END-- [ RunTime:0.000911s ]
SQL: SHOW COLUMNS FROM `statistics` [ RunTime:0.0041s ]
SQL: SELECT COUNT(S.id) AS tp_count FROM statistics S 
            LEFT JOIN users u ON S.user_id=u.id
            LEFT JOIN applications A ON S.application_id=A.id
            LEFT JOIN developers D ON S.user_id=D.user_id
            LEFT JOIN iaps I ON S.iap_id=I.id
          WHERE S.status > 0 AND S.user_id = 7676 AND S.application_id = 37 LIMIT 1   [ RunTime:0.0007s ]
NOTIC: [8] Undefined index: p E:\Wnmp\noobird\Application\Home\Controller\StatisticsController.class.php 第 88 行.
SQL: SELECT S.mobile,S.application_id,S.created,S.fee,S.status,S.client_status,S.operator,A.name,D.company_name,u.username,A.app_id,S.user_id,I.name as iap_name,I.iap_key FROM statistics S 
            LEFT JOIN users u ON S.user_id=u.id
            LEFT JOIN applications A ON S.application_id=A.id
            LEFT JOIN developers D ON S.user_id=D.user_id
            LEFT JOIN iaps I ON S.iap_id=I.id
          WHERE S.status > 0 AND S.user_id = 7676 AND S.application_id = 37 ORDER BY `created` desc LIMIT 0,10   [ RunTime:0.0008s ]
SQL: SHOW COLUMNS FROM `developers` [ RunTime:0.0038s ]
SQL: SELECT D.user_id,`username`,`company_name` FROM developers D INNER JOIN users u ON D.user_id=u.id   [ RunTime:0.0002s ]
SQL: SHOW COLUMNS FROM `applications` [ RunTime:0.0040s ]
SQL: SELECT `id`,`name` FROM `applications`  [ RunTime:0.0002s ]
NOTIC: [8] Undefined index: start E:\Wnmp\noobird\Application\Home\View\Statistics\statDetail.php 第 35 行.
NOTIC: [8] Undefined index: end E:\Wnmp\noobird\Application\Home\View\Statistics\statDetail.php 第 37 行.
INFO: [ view_filter ] --START--
INFO: Run Behavior\WriteHtmlCacheBehavior [ RunTime:0.000275s ]
INFO: [ view_filter ] --END-- [ RunTime:0.000316s ]
INFO: [ app_end ] --START--
INFO: Run Behavior\ShowPageTraceBehavior [ RunTime:0.000527s ]
INFO: [ app_end ] --END-- [ RunTime:0.000573s ]

[ 2015-11-04T11:51:13+08:00 ] 127.0.0.1 /Public/img/icon-calendar.png
INFO: [ app_init ] --START--
INFO: Run Behavior\BuildLiteBehavior [ RunTime:0.000011s ]
INFO: [ app_init ] --END-- [ RunTime:0.000345s ]

[ 2015-11-04T11:51:13+08:00 ] 127.0.0.1 /Public/img/calendar_arrows.png
INFO: [ app_init ] --START--
INFO: Run Behavior\BuildLiteBehavior [ RunTime:0.000014s ]
INFO: [ app_init ] --END-- [ RunTime:0.000331s ]

[ 2015-11-04T11:51:16+08:00 ] 127.0.0.1 /Statistics/statDetail.html?user_id=&appId=37&start=&end=
INFO: [ app_init ] --START--
INFO: Run Behavior\BuildLiteBehavior [ RunTime:0.000012s ]
INFO: [ app_init ] --END-- [ RunTime:0.000431s ]
INFO: [ app_begin ] --START--
INFO: Run Behavior\ReadHtmlCacheBehavior [ RunTime:0.000495s ]
INFO: Run Behavior\CheckLangBehavior [ RunTime:0.000372s ]
INFO: [ app_begin ] --END-- [ RunTime:0.000947s ]
SQL: SHOW COLUMNS FROM `statistics` [ RunTime:0.0034s ]
SQL: SELECT COUNT(S.id) AS tp_count FROM statistics S 
            LEFT JOIN users u ON S.user_id=u.id
            LEFT JOIN applications A ON S.application_id=A.id
            LEFT JOIN developers D ON S.user_id=D.user_id
            LEFT JOIN iaps I ON S.iap_id=I.id
          WHERE S.status > 0 AND S.user_id = 0 AND S.application_id = 37 AND S.created >= 0 LIMIT 1   [ RunTime:0.0005s ]
NOTIC: [8] Undefined variable: developers E:\Wnmp\noobird\Application\Home\View\Statistics\statDetail.php 第 22 行.
NOTIC: [2] Invalid argument supplied for foreach() E:\Wnmp\noobird\Application\Home\View\Statistics\statDetail.php 第 22 行.
NOTIC: [8] Undefined variable: page E:\Wnmp\noobird\Application\Home\View\Statistics\statDetail.php 第 41 行.
NOTIC: [8] Undefined variable: list E:\Wnmp\noobird\Application\Home\View\Statistics\statDetail.php 第 64 行.
NOTIC: [2] Invalid argument supplied for foreach() E:\Wnmp\noobird\Application\Home\View\Statistics\statDetail.php 第 64 行.
INFO: [ view_filter ] --START--
INFO: Run Behavior\WriteHtmlCacheBehavior [ RunTime:0.000335s ]
INFO: [ view_filter ] --END-- [ RunTime:0.000377s ]
INFO: [ app_end ] --START--
INFO: Run Behavior\ShowPageTraceBehavior [ RunTime:0.000512s ]
INFO: [ app_end ] --END-- [ RunTime:0.000552s ]

[ 2015-11-04T11:51:16+08:00 ] 127.0.0.1 /Public/img/icon-calendar.png
INFO: [ app_init ] --START--
INFO: Run Behavior\BuildLiteBehavior [ RunTime:0.000011s ]
INFO: [ app_init ] --END-- [ RunTime:0.000346s ]

[ 2015-11-04T11:51:16+08:00 ] 127.0.0.1 /Public/img/calendar_arrows.png
INFO: [ app_init ] --START--
INFO: Run Behavior\BuildLiteBehavior [ RunTime:0.000019s ]
INFO: [ app_init ] --END-- [ RunTime:0.000501s ]

[ 2015-11-04T11:51:21+08:00 ] 127.0.0.1 /Statistics/statDetail.html?user_id=&appId=&start=&end=
INFO: [ app_init ] --START--
INFO: Run Behavior\BuildLiteBehavior [ RunTime:0.000013s ]
INFO: [ app_init ] --END-- [ RunTime:0.000432s ]
INFO: [ app_begin ] --START--
INFO: Run Behavior\ReadHtmlCacheBehavior [ RunTime:0.000474s ]
INFO: Run Behavior\CheckLangBehavior [ RunTime:0.000358s ]
INFO: [ app_begin ] --END-- [ RunTime:0.000910s ]
SQL: SHOW COLUMNS FROM `statistics` [ RunTime:0.0035s ]
SQL: SELECT COUNT(S.id) AS tp_count FROM statistics S 
            LEFT JOIN users u ON S.user_id=u.id
            LEFT JOIN applications A ON S.application_id=A.id
            LEFT JOIN developers D ON S.user_id=D.user_id
            LEFT JOIN iaps I ON S.iap_id=I.id
          WHERE S.status > 0 AND S.user_id = 0 AND S.application_id = 0 AND S.created >= 0 LIMIT 1   [ RunTime:0.0004s ]
NOTIC: [8] Undefined variable: developers E:\Wnmp\noobird\Application\Home\View\Statistics\statDetail.php 第 22 行.
NOTIC: [2] Invalid argument supplied for foreach() E:\Wnmp\noobird\Application\Home\View\Statistics\statDetail.php 第 22 行.
NOTIC: [8] Undefined variable: page E:\Wnmp\noobird\Application\Home\View\Statistics\statDetail.php 第 41 行.
NOTIC: [8] Undefined variable: list E:\Wnmp\noobird\Application\Home\View\Statistics\statDetail.php 第 64 行.
NOTIC: [2] Invalid argument supplied for foreach() E:\Wnmp\noobird\Application\Home\View\Statistics\statDetail.php 第 64 行.
INFO: [ view_filter ] --START--
INFO: Run Behavior\WriteHtmlCacheBehavior [ RunTime:0.000321s ]
INFO: [ view_filter ] --END-- [ RunTime:0.000360s ]
INFO: [ app_end ] --START--
INFO: Run Behavior\ShowPageTraceBehavior [ RunTime:0.000551s ]
INFO: [ app_end ] --END-- [ RunTime:0.000599s ]

[ 2015-11-04T11:51:22+08:00 ] 127.0.0.1 /Public/img/icon-calendar.png
INFO: [ app_init ] --START--
INFO: Run Behavior\BuildLiteBehavior [ RunTime:0.000012s ]
INFO: [ app_init ] --END-- [ RunTime:0.000356s ]

[ 2015-11-04T11:51:22+08:00 ] 127.0.0.1 /Public/img/calendar_arrows.png
INFO: [ app_init ] --START--
INFO: Run Behavior\BuildLiteBehavior [ RunTime:0.000018s ]
INFO: [ app_init ] --END-- [ RunTime:0.000686s ]

[ 2015-11-04T11:51:24+08:00 ] 127.0.0.1 /Home/Statistics/statDetail
INFO: [ app_init ] --START--
INFO: Run Behavior\BuildLiteBehavior [ RunTime:0.000031s ]
INFO: [ app_init ] --END-- [ RunTime:0.000438s ]
INFO: [ app_begin ] --START--
INFO: Run Behavior\ReadHtmlCacheBehavior [ RunTime:0.000568s ]
INFO: Run Behavior\CheckLangBehavior [ RunTime:0.000379s ]
INFO: [ app_begin ] --END-- [ RunTime:0.001029s ]
SQL: SHOW COLUMNS FROM `statistics` [ RunTime:0.0035s ]
SQL: SELECT COUNT(S.id) AS tp_count FROM statistics S 
            LEFT JOIN users u ON S.user_id=u.id
            LEFT JOIN applications A ON S.application_id=A.id
            LEFT JOIN developers D ON S.user_id=D.user_id
            LEFT JOIN iaps I ON S.iap_id=I.id
          WHERE S.status > 0 LIMIT 1   [ RunTime:0.0006s ]
NOTIC: [8] Undefined index: p E:\Wnmp\noobird\Application\Home\Controller\StatisticsController.class.php 第 88 行.
SQL: SELECT S.mobile,S.application_id,S.created,S.fee,S.status,S.client_status,S.operator,A.name,D.company_name,u.username,A.app_id,S.user_id,I.name as iap_name,I.iap_key FROM statistics S 
            LEFT JOIN users u ON S.user_id=u.id
            LEFT JOIN applications A ON S.application_id=A.id
            LEFT JOIN developers D ON S.user_id=D.user_id
            LEFT JOIN iaps I ON S.iap_id=I.id
          WHERE S.status > 0 ORDER BY `created` desc LIMIT 0,10   [ RunTime:0.0008s ]
SQL: SHOW COLUMNS FROM `developers` [ RunTime:0.0037s ]
SQL: SELECT D.user_id,`username`,`company_name` FROM developers D INNER JOIN users u ON D.user_id=u.id   [ RunTime:0.0001s ]
SQL: SHOW COLUMNS FROM `applications` [ RunTime:0.0039s ]
SQL: SELECT `id`,`name` FROM `applications`  [ RunTime:0.0002s ]
NOTIC: [8] Undefined index: userId E:\Wnmp\noobird\Application\Home\View\Statistics\statDetail.php 第 23 行.
NOTIC: [8] Undefined index: userId E:\Wnmp\noobird\Application\Home\View\Statistics\statDetail.php 第 23 行.
NOTIC: [8] Undefined index: userId E:\Wnmp\noobird\Application\Home\View\Statistics\statDetail.php 第 23 行.
NOTIC: [8] Undefined index: userId E:\Wnmp\noobird\Application\Home\View\Statistics\statDetail.php 第 23 行.
NOTIC: [8] Undefined index: userId E:\Wnmp\noobird\Application\Home\View\Statistics\statDetail.php 第 23 行.
NOTIC: [8] Undefined index: userId E:\Wnmp\noobird\Application\Home\View\Statistics\statDetail.php 第 23 行.
NOTIC: [8] Undefined index: userId E:\Wnmp\noobird\Application\Home\View\Statistics\statDetail.php 第 23 行.
NOTIC: [8] Undefined index: userId E:\Wnmp\noobird\Application\Home\View\Statistics\statDetail.php 第 23 行.
NOTIC: [8] Undefined index: userId E:\Wnmp\noobird\Application\Home\View\Statistics\statDetail.php 第 23 行.
NOTIC: [8] Undefined index: userId E:\Wnmp\noobird\Application\Home\View\Statistics\statDetail.php 第 23 行.
NOTIC: [8] Undefined index: userId E:\Wnmp\noobird\Application\Home\View\Statistics\statDetail.php 第 23 行.
NOTIC: [8] Undefined index: userId E:\Wnmp\noobird\Application\Home\View\Statistics\statDetail.php 第 23 行.
NOTIC: [8] Undefined index: userId E:\Wnmp\noobird\Application\Home\View\Statistics\statDetail.php 第 23 行.
NOTIC: [8] Undefined index: appId E:\Wnmp\noobird\Application\Home\View\Statistics\statDetail.php 第 31 行.
NOTIC: [8] Undefined index: appId E:\Wnmp\noobird\Application\Home\View\Statistics\statDetail.php 第 31 行.
NOTIC: [8] Undefined index: appId E:\Wnmp\noobird\Application\Home\View\Statistics\statDetail.php 第 31 行.
NOTIC: [8] Undefined index: appId E:\Wnmp\noobird\Application\Home\View\Statistics\statDetail.php 第 31 行.
NOTIC: [8] Undefined index: appId E:\Wnmp\noobird\Application\Home\View\Statistics\statDetail.php 第 31 行.
NOTIC: [8] Undefined index: appId E:\Wnmp\noobird\Application\Home\View\Statistics\statDetail.php 第 31 行.
NOTIC: [8] Undefined index: appId E:\Wnmp\noobird\Application\Home\View\Statistics\statDetail.php 第 31 行.
NOTIC: [8] Undefined index: appId E:\Wnmp\noobird\Application\Home\View\Statistics\statDetail.php 第 31 行.
NOTIC: [8] Undefined index: appId E:\Wnmp\noobird\Application\Home\View\Statistics\statDetail.php 第 31 行.
NOTIC: [8] Undefined index: appId E:\Wnmp\noobird\Application\Home\View\Statistics\statDetail.php 第 31 行.
NOTIC: [8] Undefined index: appId E:\Wnmp\noobird\Application\Home\View\Statistics\statDetail.php 第 31 行.
NOTIC: [8] Undefined index: appId E:\Wnmp\noobird\Application\Home\View\Statistics\statDetail.php 第 31 行.
NOTIC: [8] Undefined index: appId E:\Wnmp\noobird\Application\Home\View\Statistics\statDetail.php 第 31 行.
NOTIC: [8] Undefined index: appId E:\Wnmp\noobird\Application\Home\View\Statistics\statDetail.php 第 31 行.
NOTIC: [8] Undefined index: appId E:\Wnmp\noobird\Application\Home\View\Statistics\statDetail.php 第 31 行.
NOTIC: [8] Undefined index: appId E:\Wnmp\noobird\Application\Home\View\Statistics\statDetail.php 第 31 行.
NOTIC: [8] Undefined index: appId E:\Wnmp\noobird\Application\Home\View\Statistics\statDetail.php 第 31 行.
NOTIC: [8] Undefined index: appId E:\Wnmp\noobird\Application\Home\View\Statistics\statDetail.php 第 31 行.
NOTIC: [8] Undefined index: appId E:\Wnmp\noobird\Application\Home\View\Statistics\statDetail.php 第 31 行.
NOTIC: [8] Undefined index: appId E:\Wnmp\noobird\Application\Home\View\Statistics\statDetail.php 第 31 行.
NOTIC: [8] Undefined index: appId E:\Wnmp\noobird\Application\Home\View\Statistics\statDetail.php 第 31 行.
NOTIC: [8] Undefined index: appId E:\Wnmp\noobird\Application\Home\View\Statistics\statDetail.php 第 31 行.
NOTIC: [8] Undefined index: appId E:\Wnmp\noobird\Application\Home\View\Statistics\statDetail.php 第 31 行.
NOTIC: [8] Undefined index: appId E:\Wnmp\noobird\Application\Home\View\Statistics\statDetail.php 第 31 行.
NOTIC: [8] Undefined index: start E:\Wnmp\noobird\Application\Home\View\Statistics\statDetail.php 第 35 行.
NOTIC: [8] Undefined index: end E:\Wnmp\noobird\Application\Home\View\Statistics\statDetail.php 第 37 行.
INFO: [ view_filter ] --START--
INFO: Run Behavior\WriteHtmlCacheBehavior [ RunTime:0.000317s ]
INFO: [ view_filter ] --END-- [ RunTime:0.000357s ]
INFO: [ app_end ] --START--
INFO: Run Behavior\ShowPageTraceBehavior [ RunTime:0.000550s ]
INFO: [ app_end ] --END-- [ RunTime:0.000617s ]

[ 2015-11-04T11:51:24+08:00 ] 127.0.0.1 /Public/img/icon-calendar.png
INFO: [ app_init ] --START--
INFO: Run Behavior\BuildLiteBehavior [ RunTime:0.000019s ]
INFO: [ app_init ] --END-- [ RunTime:0.000430s ]

[ 2015-11-04T11:51:24+08:00 ] 127.0.0.1 /Public/img/calendar_arrows.png
INFO: [ app_init ] --START--
INFO: Run Behavior\BuildLiteBehavior [ RunTime:0.000014s ]
INFO: [ app_init ] --END-- [ RunTime:0.000462s ]

[ 2015-11-04T11:51:27+08:00 ] 127.0.0.1 /Home/Statistics/statApp
INFO: [ app_init ] --START--
INFO: Run Behavior\BuildLiteBehavior [ RunTime:0.000013s ]
INFO: [ app_init ] --END-- [ RunTime:0.000369s ]
INFO: [ app_begin ] --START--
INFO: Run Behavior\ReadHtmlCacheBehavior [ RunTime:0.000479s ]
INFO: Run Behavior\CheckLangBehavior [ RunTime:0.000336s ]
INFO: [ app_begin ] --END-- [ RunTime:0.000899s ]
SQL: SHOW COLUMNS FROM `statistics` [ RunTime:0.0049s ]
SQL: SELECT COUNT(S.id) AS tp_count FROM statistics S 
            LEFT JOIN users u ON S.user_id=u.id
            LEFT JOIN applications A ON S.application_id=A.id
            LEFT JOIN developers D ON S.user_id=D.user_id
          WHERE S.status = 1 GROUP BY S.application_id LIMIT 1   [ RunTime:0.0002s ]
SQL: SHOW COLUMNS FROM `developers` [ RunTime:0.0034s ]
SQL: SELECT D.user_id,`username`,`company_name` FROM developers D INNER JOIN users u ON D.user_id=u.id   [ RunTime:0.0002s ]
NOTIC: [8] Undefined index: p E:\Wnmp\noobird\Application\Home\Controller\StatisticsController.class.php 第 198 行.
SQL: SELECT SUM(fee) AS total,S.application_id,A.name,A.app_key,D.company_name,u.username,A.user_id,A.id FROM statistics S 
            LEFT JOIN users u ON S.user_id=u.id
            LEFT JOIN applications A ON S.application_id=A.id
            LEFT JOIN developers D ON S.user_id=D.user_id
          WHERE S.status = 1 GROUP BY S.application_id ORDER BY `total` desc LIMIT 0,10   [ RunTime:0.0002s ]
NOTIC: [8] Undefined index: status E:\Wnmp\noobird\Application\Home\Model\CModel.class.php 第 24 行.
NOTIC: [8] Undefined index:  E:\Wnmp\noobird\Application\Home\Model\CModel.class.php 第 24 行.
NOTIC: [8] Undefined index: status E:\Wnmp\noobird\Application\Home\Model\CModel.class.php 第 24 行.
NOTIC: [8] Undefined index:  E:\Wnmp\noobird\Application\Home\Model\CModel.class.php 第 24 行.
NOTIC: [8] Undefined index: status E:\Wnmp\noobird\Application\Home\Model\CModel.class.php 第 24 行.
NOTIC: [8] Undefined index:  E:\Wnmp\noobird\Application\Home\Model\CModel.class.php 第 24 行.
NOTIC: [8] Undefined index: status E:\Wnmp\noobird\Application\Home\Model\CModel.class.php 第 24 行.
NOTIC: [8] Undefined index:  E:\Wnmp\noobird\Application\Home\Model\CModel.class.php 第 24 行.
NOTIC: [8] Undefined index: status E:\Wnmp\noobird\Application\Home\Model\CModel.class.php 第 24 行.
NOTIC: [8] Undefined index:  E:\Wnmp\noobird\Application\Home\Model\CModel.class.php 第 24 行.
NOTIC: [8] Undefined index: user_id E:\Wnmp\noobird\Application\Home\View\Statistics\statApp.php 第 23 行.
NOTIC: [8] Undefined index: user_id E:\Wnmp\noobird\Application\Home\View\Statistics\statApp.php 第 23 行.
NOTIC: [8] Undefined index: user_id E:\Wnmp\noobird\Application\Home\View\Statistics\statApp.php 第 23 行.
NOTIC: [8] Undefined index: user_id E:\Wnmp\noobird\Application\Home\View\Statistics\statApp.php 第 23 行.
NOTIC: [8] Undefined index: user_id E:\Wnmp\noobird\Application\Home\View\Statistics\statApp.php 第 23 行.
NOTIC: [8] Undefined index: user_id E:\Wnmp\noobird\Application\Home\View\Statistics\statApp.php 第 23 行.
NOTIC: [8] Undefined index: user_id E:\Wnmp\noobird\Application\Home\View\Statistics\statApp.php 第 23 行.
NOTIC: [8] Undefined index: user_id E:\Wnmp\noobird\Application\Home\View\Statistics\statApp.php 第 23 行.
NOTIC: [8] Undefined index: user_id E:\Wnmp\noobird\Application\Home\View\Statistics\statApp.php 第 23 行.
NOTIC: [8] Undefined index: user_id E:\Wnmp\noobird\Application\Home\View\Statistics\statApp.php 第 23 行.
NOTIC: [8] Undefined index: user_id E:\Wnmp\noobird\Application\Home\View\Statistics\statApp.php 第 23 行.
NOTIC: [8] Undefined index: user_id E:\Wnmp\noobird\Application\Home\View\Statistics\statApp.php 第 23 行.
NOTIC: [8] Undefined index: user_id E:\Wnmp\noobird\Application\Home\View\Statistics\statApp.php 第 23 行.
NOTIC: [8] Undefined index: start E:\Wnmp\noobird\Application\Home\View\Statistics\statApp.php 第 27 行.
NOTIC: [8] Undefined index: end E:\Wnmp\noobird\Application\Home\View\Statistics\statApp.php 第 29 行.
INFO: [ view_filter ] --START--
INFO: Run Behavior\WriteHtmlCacheBehavior [ RunTime:0.000343s ]
INFO: [ view_filter ] --END-- [ RunTime:0.000388s ]
INFO: [ app_end ] --START--
INFO: Run Behavior\ShowPageTraceBehavior [ RunTime:0.000564s ]
INFO: [ app_end ] --END-- [ RunTime:0.000615s ]

[ 2015-11-04T11:51:27+08:00 ] 127.0.0.1 /Public/img/icon-calendar.png
INFO: [ app_init ] --START--
INFO: Run Behavior\BuildLiteBehavior [ RunTime:0.000012s ]
INFO: [ app_init ] --END-- [ RunTime:0.000350s ]

[ 2015-11-04T11:51:27+08:00 ] 127.0.0.1 /Public/img/calendar_arrows.png
INFO: [ app_init ] --START--
INFO: Run Behavior\BuildLiteBehavior [ RunTime:0.000016s ]
INFO: [ app_init ] --END-- [ RunTime:0.000548s ]

[ 2015-11-04T14:02:44+08:00 ] 127.0.0.1 /Home/Statistics/statDetail
INFO: [ app_init ] --START--
INFO: Run Behavior\BuildLiteBehavior [ RunTime:0.000020s ]
INFO: [ app_init ] --END-- [ RunTime:0.000635s ]
INFO: [ app_begin ] --START--
INFO: Run Behavior\ReadHtmlCacheBehavior [ RunTime:0.000636s ]
INFO: Run Behavior\CheckLangBehavior [ RunTime:0.000654s ]
INFO: [ app_begin ] --END-- [ RunTime:0.001384s ]
SQL: SHOW COLUMNS FROM `statistics` [ RunTime:0.0042s ]
SQL: SELECT COUNT(S.id) AS tp_count FROM statistics S 
            LEFT JOIN users u ON S.user_id=u.id
            LEFT JOIN applications A ON S.application_id=A.id
            LEFT JOIN developers D ON S.user_id=D.user_id
            LEFT JOIN iaps I ON S.iap_id=I.id
          WHERE S.status > 0 LIMIT 1   [ RunTime:0.0002s ]
NOTIC: [8] Undefined index: p E:\Wnmp\noobird\Application\Home\Controller\StatisticsController.class.php 第 88 行.
SQL: SELECT S.mobile,S.application_id,S.created,S.fee,S.status,S.client_status,S.operator,A.name,D.company_name,u.username,A.app_id,S.user_id,I.name as iap_name,I.iap_key FROM statistics S 
            LEFT JOIN users u ON S.user_id=u.id
            LEFT JOIN applications A ON S.application_id=A.id
            LEFT JOIN developers D ON S.user_id=D.user_id
            LEFT JOIN iaps I ON S.iap_id=I.id
          WHERE S.status > 0 ORDER BY `created` desc LIMIT 0,10   [ RunTime:0.0003s ]
SQL: SHOW COLUMNS FROM `developers` [ RunTime:0.0041s ]
SQL: SELECT D.user_id,`username`,`company_name` FROM developers D INNER JOIN users u ON D.user_id=u.id   [ RunTime:0.0002s ]
SQL: SHOW COLUMNS FROM `applications` [ RunTime:0.0046s ]
SQL: SELECT `id`,`name` FROM `applications`  [ RunTime:0.0002s ]
NOTIC: [8] Undefined index: userId E:\Wnmp\noobird\Application\Home\View\Statistics\statDetail.php 第 23 行.
NOTIC: [8] Undefined index: userId E:\Wnmp\noobird\Application\Home\View\Statistics\statDetail.php 第 23 行.
NOTIC: [8] Undefined index: userId E:\Wnmp\noobird\Application\Home\View\Statistics\statDetail.php 第 23 行.
NOTIC: [8] Undefined index: userId E:\Wnmp\noobird\Application\Home\View\Statistics\statDetail.php 第 23 行.
NOTIC: [8] Undefined index: userId E:\Wnmp\noobird\Application\Home\View\Statistics\statDetail.php 第 23 行.
NOTIC: [8] Undefined index: userId E:\Wnmp\noobird\Application\Home\View\Statistics\statDetail.php 第 23 行.
NOTIC: [8] Undefined index: userId E:\Wnmp\noobird\Application\Home\View\Statistics\statDetail.php 第 23 行.
NOTIC: [8] Undefined index: userId E:\Wnmp\noobird\Application\Home\View\Statistics\statDetail.php 第 23 行.
NOTIC: [8] Undefined index: userId E:\Wnmp\noobird\Application\Home\View\Statistics\statDetail.php 第 23 行.
NOTIC: [8] Undefined index: userId E:\Wnmp\noobird\Application\Home\View\Statistics\statDetail.php 第 23 行.
NOTIC: [8] Undefined index: userId E:\Wnmp\noobird\Application\Home\View\Statistics\statDetail.php 第 23 行.
NOTIC: [8] Undefined index: userId E:\Wnmp\noobird\Application\Home\View\Statistics\statDetail.php 第 23 行.
NOTIC: [8] Undefined index: userId E:\Wnmp\noobird\Application\Home\View\Statistics\statDetail.php 第 23 行.
NOTIC: [8] Undefined index: appId E:\Wnmp\noobird\Application\Home\View\Statistics\statDetail.php 第 31 行.
NOTIC: [8] Undefined index: appId E:\Wnmp\noobird\Application\Home\View\Statistics\statDetail.php 第 31 行.
NOTIC: [8] Undefined index: appId E:\Wnmp\noobird\Application\Home\View\Statistics\statDetail.php 第 31 行.
NOTIC: [8] Undefined index: appId E:\Wnmp\noobird\Application\Home\View\Statistics\statDetail.php 第 31 行.
NOTIC: [8] Undefined index: appId E:\Wnmp\noobird\Application\Home\View\Statistics\statDetail.php 第 31 行.
NOTIC: [8] Undefined index: appId E:\Wnmp\noobird\Application\Home\View\Statistics\statDetail.php 第 31 行.
NOTIC: [8] Undefined index: appId E:\Wnmp\noobird\Application\Home\View\Statistics\statDetail.php 第 31 行.
NOTIC: [8] Undefined index: appId E:\Wnmp\noobird\Application\Home\View\Statistics\statDetail.php 第 31 行.
NOTIC: [8] Undefined index: appId E:\Wnmp\noobird\Application\Home\View\Statistics\statDetail.php 第 31 行.
NOTIC: [8] Undefined index: appId E:\Wnmp\noobird\Application\Home\View\Statistics\statDetail.php 第 31 行.
NOTIC: [8] Undefined index: appId E:\Wnmp\noobird\Application\Home\View\Statistics\statDetail.php 第 31 行.
NOTIC: [8] Undefined index: appId E:\Wnmp\noobird\Application\Home\View\Statistics\statDetail.php 第 31 行.
NOTIC: [8] Undefined index: appId E:\Wnmp\noobird\Application\Home\View\Statistics\statDetail.php 第 31 行.
NOTIC: [8] Undefined index: appId E:\Wnmp\noobird\Application\Home\View\Statistics\statDetail.php 第 31 行.
NOTIC: [8] Undefined index: appId E:\Wnmp\noobird\Application\Home\View\Statistics\statDetail.php 第 31 行.
NOTIC: [8] Undefined index: appId E:\Wnmp\noobird\Application\Home\View\Statistics\statDetail.php 第 31 行.
NOTIC: [8] Undefined index: appId E:\Wnmp\noobird\Application\Home\View\Statistics\statDetail.php 第 31 行.
NOTIC: [8] Undefined index: appId E:\Wnmp\noobird\Application\Home\View\Statistics\statDetail.php 第 31 行.
NOTIC: [8] Undefined index: appId E:\Wnmp\noobird\Application\Home\View\Statistics\statDetail.php 第 31 行.
NOTIC: [8] Undefined index: appId E:\Wnmp\noobird\Application\Home\View\Statistics\statDetail.php 第 31 行.
NOTIC: [8] Undefined index: appId E:\Wnmp\noobird\Application\Home\View\Statistics\statDetail.php 第 31 行.
NOTIC: [8] Undefined index: appId E:\Wnmp\noobird\Application\Home\View\Statistics\statDetail.php 第 31 行.
NOTIC: [8] Undefined index: appId E:\Wnmp\noobird\Application\Home\View\Statistics\statDetail.php 第 31 行.
NOTIC: [8] Undefined index: appId E:\Wnmp\noobird\Application\Home\View\Statistics\statDetail.php 第 31 行.
NOTIC: [8] Undefined index: start E:\Wnmp\noobird\Application\Home\View\Statistics\statDetail.php 第 35 行.
NOTIC: [8] Undefined index: end E:\Wnmp\noobird\Application\Home\View\Statistics\statDetail.php 第 37 行.
INFO: [ view_filter ] --START--
INFO: Run Behavior\WriteHtmlCacheBehavior [ RunTime:0.000524s ]
INFO: [ view_filter ] --END-- [ RunTime:0.000563s ]
INFO: [ app_end ] --START--
INFO: Run Behavior\ShowPageTraceBehavior [ RunTime:0.000758s ]
INFO: [ app_end ] --END-- [ RunTime:0.000816s ]

[ 2015-11-04T14:02:44+08:00 ] 127.0.0.1 /Public/img/calendar_arrows.png
INFO: [ app_init ] --START--
INFO: Run Behavior\BuildLiteBehavior [ RunTime:0.000014s ]
INFO: [ app_init ] --END-- [ RunTime:0.000590s ]

[ 2015-11-04T14:02:44+08:00 ] 127.0.0.1 /Public/img/icon-calendar.png
INFO: [ app_init ] --START--
INFO: Run Behavior\BuildLiteBehavior [ RunTime:0.000020s ]
INFO: [ app_init ] --END-- [ RunTime:0.000952s ]

[ 2015-11-04T14:02:45+08:00 ] 127.0.0.1 /Fees/index.html
INFO: [ app_init ] --START--
INFO: Run Behavior\BuildLiteBehavior [ RunTime:0.000012s ]
INFO: [ app_init ] --END-- [ RunTime:0.000580s ]
INFO: [ app_begin ] --START--
INFO: Run Behavior\ReadHtmlCacheBehavior [ RunTime:0.000811s ]
INFO: Run Behavior\CheckLangBehavior [ RunTime:0.000607s ]
INFO: [ app_begin ] --END-- [ RunTime:0.001521s ]
SQL: SHOW COLUMNS FROM `fees` [ RunTime:0.0255s ]
SQL: SELECT COUNT(id) AS tp_count FROM `fees` WHERE `status` > 0 LIMIT 1   [ RunTime:0.0003s ]
NOTIC: [8] Undefined index: p E:\Wnmp\noobird\Application\Home\Controller\CController.class.php 第 174 行.
SQL: SELECT * FROM `fees` WHERE `status` > 0 ORDER BY `id` asc LIMIT 0,10   [ RunTime:0.0003s ]
INFO: [ view_filter ] --START--
INFO: Run Behavior\WriteHtmlCacheBehavior [ RunTime:0.000429s ]
INFO: [ view_filter ] --END-- [ RunTime:0.000486s ]
INFO: [ app_end ] --START--
INFO: Run Behavior\ShowPageTraceBehavior [ RunTime:0.000742s ]
INFO: [ app_end ] --END-- [ RunTime:0.000789s ]

[ 2015-11-04T14:02:46+08:00 ] 127.0.0.1 /Home/Telcos/manage
INFO: [ app_init ] --START--
INFO: Run Behavior\BuildLiteBehavior [ RunTime:0.000013s ]
INFO: [ app_init ] --END-- [ RunTime:0.000556s ]
INFO: [ app_begin ] --START--
INFO: Run Behavior\ReadHtmlCacheBehavior [ RunTime:0.000603s ]
INFO: Run Behavior\CheckLangBehavior [ RunTime:0.000500s ]
INFO: [ app_begin ] --END-- [ RunTime:0.001177s ]
SQL: SHOW COLUMNS FROM `telcos` [ RunTime:0.0411s ]
SQL: SELECT COUNT(id) AS tp_count FROM `telcos` LIMIT 1   [ RunTime:0.0003s ]
NOTIC: [8] Undefined index: p E:\Wnmp\noobird\Application\Home\Controller\CController.class.php 第 174 行.
SQL: SELECT * FROM `telcos` ORDER BY `id` asc LIMIT 0,10   [ RunTime:0.0003s ]
INFO: [ view_filter ] --START--
INFO: Run Behavior\WriteHtmlCacheBehavior [ RunTime:0.000458s ]
INFO: [ view_filter ] --END-- [ RunTime:0.000511s ]
INFO: [ app_end ] --START--
INFO: Run Behavior\ShowPageTraceBehavior [ RunTime:0.000671s ]
INFO: [ app_end ] --END-- [ RunTime:0.000716s ]

[ 2015-11-04T14:02:47+08:00 ] 127.0.0.1 /Home/Mncs/manage
INFO: [ app_init ] --START--
INFO: Run Behavior\BuildLiteBehavior [ RunTime:0.000013s ]
INFO: [ app_init ] --END-- [ RunTime:0.000563s ]
INFO: [ app_begin ] --START--
INFO: Run Behavior\ReadHtmlCacheBehavior [ RunTime:0.000654s ]
INFO: Run Behavior\CheckLangBehavior [ RunTime:0.000488s ]
INFO: [ app_begin ] --END-- [ RunTime:0.001217s ]
SQL: SHOW COLUMNS FROM `mncs` [ RunTime:0.0231s ]
SQL: SELECT COUNT(id) AS tp_count FROM `mncs` LIMIT 1   [ RunTime:0.0003s ]
NOTIC: [8] Undefined index: p E:\Wnmp\noobird\Application\Home\Controller\CController.class.php 第 174 行.
SQL: SELECT * FROM `mncs` ORDER BY `id` asc LIMIT 0,10   [ RunTime:0.0003s ]
INFO: [ view_filter ] --START--
INFO: Run Behavior\WriteHtmlCacheBehavior [ RunTime:0.000465s ]
INFO: [ view_filter ] --END-- [ RunTime:0.000521s ]
INFO: [ app_end ] --START--
INFO: Run Behavior\ShowPageTraceBehavior [ RunTime:0.000676s ]
INFO: [ app_end ] --END-- [ RunTime:0.000721s ]

[ 2015-11-04T14:02:49+08:00 ] 127.0.0.1 /Fees/index.html
INFO: [ app_init ] --START--
INFO: Run Behavior\BuildLiteBehavior [ RunTime:0.000011s ]
INFO: [ app_init ] --END-- [ RunTime:0.000536s ]
INFO: [ app_begin ] --START--
INFO: Run Behavior\ReadHtmlCacheBehavior [ RunTime:0.000615s ]
INFO: Run Behavior\CheckLangBehavior [ RunTime:0.000538s ]
INFO: [ app_begin ] --END-- [ RunTime:0.001234s ]
SQL: SHOW COLUMNS FROM `fees` [ RunTime:0.0035s ]
SQL: SELECT COUNT(id) AS tp_count FROM `fees` WHERE `status` > 0 LIMIT 1   [ RunTime:0.0002s ]
NOTIC: [8] Undefined index: p E:\Wnmp\noobird\Application\Home\Controller\CController.class.php 第 174 行.
SQL: SELECT * FROM `fees` WHERE `status` > 0 ORDER BY `id` asc LIMIT 0,10   [ RunTime:0.0002s ]
INFO: [ view_filter ] --START--
INFO: Run Behavior\WriteHtmlCacheBehavior [ RunTime:0.000373s ]
INFO: [ view_filter ] --END-- [ RunTime:0.000473s ]
INFO: [ app_end ] --START--
INFO: Run Behavior\ShowPageTraceBehavior [ RunTime:0.000631s ]
INFO: [ app_end ] --END-- [ RunTime:0.000705s ]

[ 2015-11-04T14:02:50+08:00 ] 127.0.0.1 /Home/Fees/add
INFO: [ app_init ] --START--
INFO: Run Behavior\BuildLiteBehavior [ RunTime:0.000012s ]
INFO: [ app_init ] --END-- [ RunTime:0.000412s ]
INFO: [ app_begin ] --START--
INFO: Run Behavior\ReadHtmlCacheBehavior [ RunTime:0.000624s ]
INFO: Run Behavior\CheckLangBehavior [ RunTime:0.000499s ]
INFO: [ app_begin ] --END-- [ RunTime:0.001199s ]
INFO: [ view_filter ] --START--
INFO: Run Behavior\WriteHtmlCacheBehavior [ RunTime:0.000456s ]
INFO: [ view_filter ] --END-- [ RunTime:0.000513s ]
INFO: [ app_end ] --START--
INFO: Run Behavior\ShowPageTraceBehavior [ RunTime:0.000762s ]
INFO: [ app_end ] --END-- [ RunTime:0.000820s ]

[ 2015-11-04T14:02:57+08:00 ] 127.0.0.1 /Fees/index.html
INFO: [ app_init ] --START--
INFO: Run Behavior\BuildLiteBehavior [ RunTime:0.000013s ]
INFO: [ app_init ] --END-- [ RunTime:0.000571s ]
INFO: [ app_begin ] --START--
INFO: Run Behavior\ReadHtmlCacheBehavior [ RunTime:0.000641s ]
INFO: Run Behavior\CheckLangBehavior [ RunTime:0.000461s ]
INFO: [ app_begin ] --END-- [ RunTime:0.001181s ]
SQL: SHOW COLUMNS FROM `fees` [ RunTime:0.0036s ]
SQL: SELECT COUNT(id) AS tp_count FROM `fees` WHERE `status` > 0 LIMIT 1   [ RunTime:0.0001s ]
NOTIC: [8] Undefined index: p E:\Wnmp\noobird\Application\Home\Controller\CController.class.php 第 174 行.
SQL: SELECT * FROM `fees` WHERE `status` > 0 ORDER BY `id` asc LIMIT 0,10   [ RunTime:0.0002s ]
INFO: [ view_filter ] --START--
INFO: Run Behavior\WriteHtmlCacheBehavior [ RunTime:0.000461s ]
INFO: [ view_filter ] --END-- [ RunTime:0.000518s ]
INFO: [ app_end ] --START--
INFO: Run Behavior\ShowPageTraceBehavior [ RunTime:0.000705s ]
INFO: [ app_end ] --END-- [ RunTime:0.000765s ]

[ 2015-11-04T14:02:58+08:00 ] 127.0.0.1 /Home/Fees/add
INFO: [ app_init ] --START--
INFO: Run Behavior\BuildLiteBehavior [ RunTime:0.000012s ]
INFO: [ app_init ] --END-- [ RunTime:0.000386s ]
INFO: [ app_begin ] --START--
INFO: Run Behavior\ReadHtmlCacheBehavior [ RunTime:0.000467s ]
INFO: Run Behavior\CheckLangBehavior [ RunTime:0.000343s ]
INFO: [ app_begin ] --END-- [ RunTime:0.000883s ]
INFO: [ view_filter ] --START--
INFO: Run Behavior\WriteHtmlCacheBehavior [ RunTime:0.000530s ]
INFO: [ view_filter ] --END-- [ RunTime:0.000634s ]
INFO: [ app_end ] --START--
INFO: Run Behavior\ShowPageTraceBehavior [ RunTime:0.000892s ]
INFO: [ app_end ] --END-- [ RunTime:0.000967s ]

[ 2015-11-04T14:02:59+08:00 ] 127.0.0.1 /Fees/insert.html
INFO: [ app_init ] --START--
INFO: Run Behavior\BuildLiteBehavior [ RunTime:0.000012s ]
INFO: [ app_init ] --END-- [ RunTime:0.000404s ]
INFO: [ app_begin ] --START--
INFO: Run Behavior\ReadHtmlCacheBehavior [ RunTime:0.000478s ]
INFO: Run Behavior\CheckLangBehavior [ RunTime:0.000369s ]
INFO: [ app_begin ] --END-- [ RunTime:0.000916s ]
SQL: SHOW COLUMNS FROM `fees` [ RunTime:0.0036s ]
INFO: [ view_filter ] --START--
INFO: Run Behavior\WriteHtmlCacheBehavior [ RunTime:0.000428s ]
INFO: [ view_filter ] --END-- [ RunTime:0.000471s ]

[ 2015-11-04T14:03:05+08:00 ] 127.0.0.1 /Fees/insert.html
INFO: [ app_init ] --START--
INFO: Run Behavior\BuildLiteBehavior [ RunTime:0.000014s ]
INFO: [ app_init ] --END-- [ RunTime:0.000567s ]
INFO: [ app_begin ] --START--
INFO: Run Behavior\ReadHtmlCacheBehavior [ RunTime:0.000569s ]
INFO: Run Behavior\CheckLangBehavior [ RunTime:0.000649s ]
INFO: [ app_begin ] --END-- [ RunTime:0.001421s ]
SQL: SHOW COLUMNS FROM `fees` [ RunTime:0.0051s ]
INFO: [ view_filter ] --START--
INFO: Run Behavior\WriteHtmlCacheBehavior [ RunTime:0.000427s ]
INFO: [ view_filter ] --END-- [ RunTime:0.000501s ]

