[ 2015-12-08T14:22:37+08:00 ] 127.0.0.1 /
INFO: [ app_init ] --START--
INFO: Run Behavior\BuildLiteBehavior [ RunTime:0.000030s ]
INFO: [ app_init ] --END-- [ RunTime:0.000903s ]
INFO: [ app_begin ] --START--
INFO: Run Behavior\ReadHtmlCacheBehavior [ RunTime:0.009631s ]
INFO: Run Behavior\CheckLangBehavior [ RunTime:0.007121s ]
INFO: [ app_begin ] --END-- [ RunTime:0.017018s ]
INFO: [ view_filter ] --START--
INFO: Run Behavior\WriteHtmlCacheBehavior [ RunTime:0.007392s ]
INFO: [ view_filter ] --END-- [ RunTime:0.007557s ]
INFO: [ app_end ] --START--
INFO: Run Behavior\ShowPageTraceBehavior [ RunTime:0.010114s ]
INFO: [ app_end ] --END-- [ RunTime:0.010254s ]

[ 2015-12-08T14:22:38+08:00 ] 127.0.0.1 /Public/img/blueBtn.png
INFO: [ app_init ] --START--
INFO: Run Behavior\BuildLiteBehavior [ RunTime:0.000051s ]
INFO: [ app_init ] --END-- [ RunTime:0.001074s ]

[ 2015-12-08T14:22:38+08:00 ] 127.0.0.1 /favicon.ico
INFO: [ app_init ] --START--
INFO: Run Behavior\BuildLiteBehavior [ RunTime:0.000025s ]
INFO: [ app_init ] --END-- [ RunTime:0.000690s ]

[ 2015-12-08T14:22:38+08:00 ] 127.0.0.1 /favicon.ico
INFO: [ app_init ] --START--
INFO: Run Behavior\BuildLiteBehavior [ RunTime:0.000028s ]
INFO: [ app_init ] --END-- [ RunTime:0.000696s ]

[ 2015-12-08T14:24:03+08:00 ] 127.0.0.1 /index.php/UserAction/checkMsg/
INFO: [ app_init ] --START--
INFO: Run Behavior\BuildLiteBehavior [ RunTime:0.000050s ]
INFO: [ app_init ] --END-- [ RunTime:0.001030s ]
INFO: [ app_begin ] --START--
INFO: Run Behavior\ReadHtmlCacheBehavior [ RunTime:0.001448s ]
INFO: Run Behavior\CheckLangBehavior [ RunTime:0.005742s ]
INFO: [ app_begin ] --END-- [ RunTime:0.007535s ]

[ 2015-12-08T14:25:03+08:00 ] 127.0.0.1 /index.php/UserAction/checkMsg/
INFO: [ app_init ] --START--
INFO: Run Behavior\BuildLiteBehavior [ RunTime:0.000035s ]
INFO: [ app_init ] --END-- [ RunTime:0.000725s ]
INFO: [ app_begin ] --START--
INFO: Run Behavior\ReadHtmlCacheBehavior [ RunTime:0.001020s ]
INFO: Run Behavior\CheckLangBehavior [ RunTime:0.003907s ]
INFO: [ app_begin ] --END-- [ RunTime:0.005150s ]

[ 2015-12-08T14:26:03+08:00 ] 127.0.0.1 /index.php/UserAction/checkMsg/
INFO: [ app_init ] --START--
INFO: Run Behavior\BuildLiteBehavior [ RunTime:0.000050s ]
INFO: [ app_init ] --END-- [ RunTime:0.001171s ]
INFO: [ app_begin ] --START--
INFO: Run Behavior\ReadHtmlCacheBehavior [ RunTime:0.001405s ]
INFO: Run Behavior\CheckLangBehavior [ RunTime:0.005252s ]
INFO: [ app_begin ] --END-- [ RunTime:0.006939s ]

[ 2015-12-08T14:27:03+08:00 ] 127.0.0.1 /index.php/UserAction/checkMsg/
INFO: [ app_init ] --START--
INFO: Run Behavior\BuildLiteBehavior [ RunTime:0.000046s ]
INFO: [ app_init ] --END-- [ RunTime:0.001028s ]
INFO: [ app_begin ] --START--
INFO: Run Behavior\ReadHtmlCacheBehavior [ RunTime:0.001294s ]
INFO: Run Behavior\CheckLangBehavior [ RunTime:0.005244s ]
INFO: [ app_begin ] --END-- [ RunTime:0.006837s ]

[ 2015-12-08T14:28:03+08:00 ] 127.0.0.1 /index.php/UserAction/checkMsg/
INFO: [ app_init ] --START--
INFO: Run Behavior\BuildLiteBehavior [ RunTime:0.000047s ]
INFO: [ app_init ] --END-- [ RunTime:0.001085s ]
INFO: [ app_begin ] --START--
INFO: Run Behavior\ReadHtmlCacheBehavior [ RunTime:0.001328s ]
INFO: Run Behavior\CheckLangBehavior [ RunTime:0.005302s ]
INFO: [ app_begin ] --END-- [ RunTime:0.006932s ]

[ 2015-12-08T14:29:03+08:00 ] 127.0.0.1 /index.php/UserAction/checkMsg/
INFO: [ app_init ] --START--
INFO: Run Behavior\BuildLiteBehavior [ RunTime:0.000108s ]
INFO: [ app_init ] --END-- [ RunTime:0.001857s ]
INFO: [ app_begin ] --START--
INFO: Run Behavior\ReadHtmlCacheBehavior [ RunTime:0.002330s ]
INFO: Run Behavior\CheckLangBehavior [ RunTime:0.009295s ]
INFO: [ app_begin ] --END-- [ RunTime:0.012150s ]

[ 2015-12-08T14:30:03+08:00 ] 127.0.0.1 /index.php/UserAction/checkMsg/
INFO: [ app_init ] --START--
INFO: Run Behavior\BuildLiteBehavior [ RunTime:0.000049s ]
INFO: [ app_init ] --END-- [ RunTime:0.001120s ]
INFO: [ app_begin ] --START--
INFO: Run Behavior\ReadHtmlCacheBehavior [ RunTime:0.001471s ]
INFO: Run Behavior\CheckLangBehavior [ RunTime:0.004523s ]
INFO: [ app_begin ] --END-- [ RunTime:0.006283s ]

[ 2015-12-08T14:31:03+08:00 ] 127.0.0.1 /index.php/UserAction/checkMsg/
INFO: [ app_init ] --START--
INFO: Run Behavior\BuildLiteBehavior [ RunTime:0.000046s ]
INFO: [ app_init ] --END-- [ RunTime:0.001036s ]
INFO: [ app_begin ] --START--
INFO: Run Behavior\ReadHtmlCacheBehavior [ RunTime:0.001300s ]
INFO: Run Behavior\CheckLangBehavior [ RunTime:0.005348s ]
INFO: [ app_begin ] --END-- [ RunTime:0.006944s ]

[ 2015-12-08T14:32:03+08:00 ] 127.0.0.1 /index.php/UserAction/checkMsg/
INFO: [ app_init ] --START--
INFO: Run Behavior\BuildLiteBehavior [ RunTime:0.000039s ]
INFO: [ app_init ] --END-- [ RunTime:0.000926s ]
INFO: [ app_begin ] --START--
INFO: Run Behavior\ReadHtmlCacheBehavior [ RunTime:0.001100s ]
INFO: Run Behavior\CheckLangBehavior [ RunTime:0.004624s ]
INFO: [ app_begin ] --END-- [ RunTime:0.005995s ]

[ 2015-12-08T14:33:03+08:00 ] 127.0.0.1 /index.php/UserAction/checkMsg/
INFO: [ app_init ] --START--
INFO: Run Behavior\BuildLiteBehavior [ RunTime:0.000049s ]
INFO: [ app_init ] --END-- [ RunTime:0.001117s ]
INFO: [ app_begin ] --START--
INFO: Run Behavior\ReadHtmlCacheBehavior [ RunTime:0.001446s ]
INFO: Run Behavior\CheckLangBehavior [ RunTime:0.005689s ]
INFO: [ app_begin ] --END-- [ RunTime:0.007464s ]

[ 2015-12-08T14:34:03+08:00 ] 127.0.0.1 /index.php/UserAction/checkMsg/
INFO: [ app_init ] --START--
INFO: Run Behavior\BuildLiteBehavior [ RunTime:0.000051s ]
INFO: [ app_init ] --END-- [ RunTime:0.001128s ]
INFO: [ app_begin ] --START--
INFO: Run Behavior\ReadHtmlCacheBehavior [ RunTime:0.001443s ]
INFO: Run Behavior\CheckLangBehavior [ RunTime:0.005616s ]
INFO: [ app_begin ] --END-- [ RunTime:0.007400s ]

[ 2015-12-08T14:35:03+08:00 ] 127.0.0.1 /index.php/UserAction/checkMsg/
INFO: [ app_init ] --START--
INFO: Run Behavior\BuildLiteBehavior [ RunTime:0.000047s ]
INFO: [ app_init ] --END-- [ RunTime:0.001041s ]
INFO: [ app_begin ] --START--
INFO: Run Behavior\ReadHtmlCacheBehavior [ RunTime:0.001316s ]
INFO: Run Behavior\CheckLangBehavior [ RunTime:0.005427s ]
INFO: [ app_begin ] --END-- [ RunTime:0.007044s ]

[ 2015-12-08T14:36:03+08:00 ] 127.0.0.1 /index.php/UserAction/checkMsg/
INFO: [ app_init ] --START--
INFO: Run Behavior\BuildLiteBehavior [ RunTime:0.000048s ]
INFO: [ app_init ] --END-- [ RunTime:0.001144s ]
INFO: [ app_begin ] --START--
INFO: Run Behavior\ReadHtmlCacheBehavior [ RunTime:0.001441s ]
INFO: Run Behavior\CheckLangBehavior [ RunTime:0.005872s ]
INFO: [ app_begin ] --END-- [ RunTime:0.007642s ]

[ 2015-12-08T14:37:03+08:00 ] 127.0.0.1 /index.php/UserAction/checkMsg/
INFO: [ app_init ] --START--
INFO: Run Behavior\BuildLiteBehavior [ RunTime:0.000050s ]
INFO: [ app_init ] --END-- [ RunTime:0.001135s ]
INFO: [ app_begin ] --START--
INFO: Run Behavior\ReadHtmlCacheBehavior [ RunTime:0.001374s ]
INFO: Run Behavior\CheckLangBehavior [ RunTime:0.005578s ]
INFO: [ app_begin ] --END-- [ RunTime:0.007271s ]

[ 2015-12-08T14:38:03+08:00 ] 127.0.0.1 /index.php/UserAction/checkMsg/
INFO: [ app_init ] --START--
INFO: Run Behavior\BuildLiteBehavior [ RunTime:0.000047s ]
INFO: [ app_init ] --END-- [ RunTime:0.001063s ]
INFO: [ app_begin ] --START--
INFO: Run Behavior\ReadHtmlCacheBehavior [ RunTime:0.001336s ]
INFO: Run Behavior\CheckLangBehavior [ RunTime:0.005225s ]
INFO: [ app_begin ] --END-- [ RunTime:0.006863s ]

[ 2015-12-08T14:39:03+08:00 ] 127.0.0.1 /index.php/UserAction/checkMsg/
INFO: [ app_init ] --START--
INFO: Run Behavior\BuildLiteBehavior [ RunTime:0.000049s ]
INFO: [ app_init ] --END-- [ RunTime:0.001124s ]
INFO: [ app_begin ] --START--
INFO: Run Behavior\ReadHtmlCacheBehavior [ RunTime:0.001423s ]
INFO: Run Behavior\CheckLangBehavior [ RunTime:0.004527s ]
INFO: [ app_begin ] --END-- [ RunTime:0.006228s ]

[ 2015-12-08T14:40:03+08:00 ] 127.0.0.1 /index.php/UserAction/checkMsg/
INFO: [ app_init ] --START--
INFO: Run Behavior\BuildLiteBehavior [ RunTime:0.000043s ]
INFO: [ app_init ] --END-- [ RunTime:0.000975s ]
INFO: [ app_begin ] --START--
INFO: Run Behavior\ReadHtmlCacheBehavior [ RunTime:0.001272s ]
INFO: Run Behavior\CheckLangBehavior [ RunTime:0.005159s ]
INFO: [ app_begin ] --END-- [ RunTime:0.006726s ]

[ 2015-12-08T14:41:03+08:00 ] 127.0.0.1 /index.php/UserAction/checkMsg/
INFO: [ app_init ] --START--
INFO: Run Behavior\BuildLiteBehavior [ RunTime:0.000049s ]
INFO: [ app_init ] --END-- [ RunTime:0.001130s ]
INFO: [ app_begin ] --START--
INFO: Run Behavior\ReadHtmlCacheBehavior [ RunTime:0.001465s ]
INFO: Run Behavior\CheckLangBehavior [ RunTime:0.005834s ]
INFO: [ app_begin ] --END-- [ RunTime:0.007572s ]

[ 2015-12-08T14:42:03+08:00 ] 127.0.0.1 /index.php/UserAction/checkMsg/
INFO: [ app_init ] --START--
INFO: Run Behavior\BuildLiteBehavior [ RunTime:0.000045s ]
INFO: [ app_init ] --END-- [ RunTime:0.001035s ]
INFO: [ app_begin ] --START--
INFO: Run Behavior\ReadHtmlCacheBehavior [ RunTime:0.001253s ]
INFO: Run Behavior\CheckLangBehavior [ RunTime:0.004984s ]
INFO: [ app_begin ] --END-- [ RunTime:0.006519s ]

[ 2015-12-08T14:43:03+08:00 ] 127.0.0.1 /index.php/UserAction/checkMsg/
INFO: [ app_init ] --START--
INFO: Run Behavior\BuildLiteBehavior [ RunTime:0.000056s ]
INFO: [ app_init ] --END-- [ RunTime:0.000977s ]
INFO: [ app_begin ] --START--
INFO: Run Behavior\ReadHtmlCacheBehavior [ RunTime:0.000812s ]
INFO: Run Behavior\CheckLangBehavior [ RunTime:0.004060s ]
INFO: [ app_begin ] --END-- [ RunTime:0.005120s ]

[ 2015-12-08T14:45:07+08:00 ] 127.0.0.1 /index.php/UserAction/checkMsg/
INFO: [ app_init ] --START--
INFO: Run Behavior\BuildLiteBehavior [ RunTime:0.000040s ]
INFO: [ app_init ] --END-- [ RunTime:0.000900s ]
INFO: [ app_begin ] --START--
INFO: Run Behavior\ReadHtmlCacheBehavior [ RunTime:0.001088s ]
INFO: Run Behavior\CheckLangBehavior [ RunTime:0.004241s ]
INFO: [ app_begin ] --END-- [ RunTime:0.005573s ]

[ 2015-12-08T14:46:07+08:00 ] 127.0.0.1 /index.php/UserAction/checkMsg/
INFO: [ app_init ] --START--
INFO: Run Behavior\BuildLiteBehavior [ RunTime:0.000041s ]
INFO: [ app_init ] --END-- [ RunTime:0.000766s ]
INFO: [ app_begin ] --START--
INFO: Run Behavior\ReadHtmlCacheBehavior [ RunTime:0.000975s ]
INFO: Run Behavior\CheckLangBehavior [ RunTime:0.003775s ]
INFO: [ app_begin ] --END-- [ RunTime:0.004964s ]

[ 2015-12-08T14:47:07+08:00 ] 127.0.0.1 /index.php/UserAction/checkMsg/
INFO: [ app_init ] --START--
INFO: Run Behavior\BuildLiteBehavior [ RunTime:0.000042s ]
INFO: [ app_init ] --END-- [ RunTime:0.000921s ]
INFO: [ app_begin ] --START--
INFO: Run Behavior\ReadHtmlCacheBehavior [ RunTime:0.001195s ]
INFO: Run Behavior\CheckLangBehavior [ RunTime:0.004756s ]
INFO: [ app_begin ] --END-- [ RunTime:0.006221s ]

[ 2015-12-08T14:48:07+08:00 ] 127.0.0.1 /index.php/UserAction/checkMsg/
INFO: [ app_init ] --START--
INFO: Run Behavior\BuildLiteBehavior [ RunTime:0.000046s ]
INFO: [ app_init ] --END-- [ RunTime:0.000830s ]
INFO: [ app_begin ] --START--
INFO: Run Behavior\ReadHtmlCacheBehavior [ RunTime:0.001196s ]
INFO: Run Behavior\CheckLangBehavior [ RunTime:0.004160s ]
INFO: [ app_begin ] --END-- [ RunTime:0.005656s ]

[ 2015-12-08T14:49:07+08:00 ] 127.0.0.1 /index.php/UserAction/checkMsg/
INFO: [ app_init ] --START--
INFO: Run Behavior\BuildLiteBehavior [ RunTime:0.000039s ]
INFO: [ app_init ] --END-- [ RunTime:0.000891s ]
INFO: [ app_begin ] --START--
INFO: Run Behavior\ReadHtmlCacheBehavior [ RunTime:0.001138s ]
INFO: Run Behavior\CheckLangBehavior [ RunTime:0.004411s ]
INFO: [ app_begin ] --END-- [ RunTime:0.005798s ]

[ 2015-12-08T14:50:07+08:00 ] 127.0.0.1 /index.php/UserAction/checkMsg/
INFO: [ app_init ] --START--
INFO: Run Behavior\BuildLiteBehavior [ RunTime:0.000055s ]
INFO: [ app_init ] --END-- [ RunTime:0.001244s ]
INFO: [ app_begin ] --START--
INFO: Run Behavior\ReadHtmlCacheBehavior [ RunTime:0.001570s ]
INFO: Run Behavior\CheckLangBehavior [ RunTime:0.006231s ]
INFO: [ app_begin ] --END-- [ RunTime:0.008145s ]

[ 2015-12-08T14:51:07+08:00 ] 127.0.0.1 /index.php/UserAction/checkMsg/
INFO: [ app_init ] --START--
INFO: Run Behavior\BuildLiteBehavior [ RunTime:0.000052s ]
INFO: [ app_init ] --END-- [ RunTime:0.001176s ]
INFO: [ app_begin ] --START--
INFO: Run Behavior\ReadHtmlCacheBehavior [ RunTime:0.001440s ]
INFO: Run Behavior\CheckLangBehavior [ RunTime:0.006365s ]
INFO: [ app_begin ] --END-- [ RunTime:0.008129s ]

[ 2015-12-08T14:52:07+08:00 ] 127.0.0.1 /index.php/UserAction/checkMsg/
INFO: [ app_init ] --START--
INFO: Run Behavior\BuildLiteBehavior [ RunTime:0.000050s ]
INFO: [ app_init ] --END-- [ RunTime:0.001134s ]
INFO: [ app_begin ] --START--
INFO: Run Behavior\ReadHtmlCacheBehavior [ RunTime:0.001351s ]
INFO: Run Behavior\CheckLangBehavior [ RunTime:0.005688s ]
INFO: [ app_begin ] --END-- [ RunTime:0.007353s ]

[ 2015-12-08T14:53:07+08:00 ] 127.0.0.1 /index.php/UserAction/checkMsg/
INFO: [ app_init ] --START--
INFO: Run Behavior\BuildLiteBehavior [ RunTime:0.000046s ]
INFO: [ app_init ] --END-- [ RunTime:0.000975s ]
INFO: [ app_begin ] --START--
INFO: Run Behavior\ReadHtmlCacheBehavior [ RunTime:0.001333s ]
INFO: Run Behavior\CheckLangBehavior [ RunTime:0.005331s ]
INFO: [ app_begin ] --END-- [ RunTime:0.006963s ]

[ 2015-12-08T14:54:07+08:00 ] 127.0.0.1 /index.php/UserAction/checkMsg/
INFO: [ app_init ] --START--
INFO: Run Behavior\BuildLiteBehavior [ RunTime:0.000046s ]
INFO: [ app_init ] --END-- [ RunTime:0.001038s ]
INFO: [ app_begin ] --START--
INFO: Run Behavior\ReadHtmlCacheBehavior [ RunTime:0.001353s ]
INFO: Run Behavior\CheckLangBehavior [ RunTime:0.005497s ]
INFO: [ app_begin ] --END-- [ RunTime:0.007145s ]

[ 2015-12-08T14:55:07+08:00 ] 127.0.0.1 /index.php/UserAction/checkMsg/
INFO: [ app_init ] --START--
INFO: Run Behavior\BuildLiteBehavior [ RunTime:0.000044s ]
INFO: [ app_init ] --END-- [ RunTime:0.001006s ]
INFO: [ app_begin ] --START--
INFO: Run Behavior\ReadHtmlCacheBehavior [ RunTime:0.001249s ]
INFO: Run Behavior\CheckLangBehavior [ RunTime:0.004881s ]
INFO: [ app_begin ] --END-- [ RunTime:0.006411s ]

[ 2015-12-08T14:56:07+08:00 ] 127.0.0.1 /index.php/UserAction/checkMsg/
INFO: [ app_init ] --START--
INFO: Run Behavior\BuildLiteBehavior [ RunTime:0.000050s ]
INFO: [ app_init ] --END-- [ RunTime:0.001137s ]
INFO: [ app_begin ] --START--
INFO: Run Behavior\ReadHtmlCacheBehavior [ RunTime:0.001376s ]
INFO: Run Behavior\CheckLangBehavior [ RunTime:0.005915s ]
INFO: [ app_begin ] --END-- [ RunTime:0.007613s ]

[ 2015-12-08T14:57:09+08:00 ] 127.0.0.1 /index.php/UserAction/checkMsg/
INFO: [ app_init ] --START--
INFO: Run Behavior\BuildLiteBehavior [ RunTime:0.000040s ]
INFO: [ app_init ] --END-- [ RunTime:0.000912s ]
INFO: [ app_begin ] --START--
INFO: Run Behavior\ReadHtmlCacheBehavior [ RunTime:0.001164s ]
INFO: Run Behavior\CheckLangBehavior [ RunTime:0.004862s ]
INFO: [ app_begin ] --END-- [ RunTime:0.006291s ]

[ 2015-12-08T14:58:09+08:00 ] 127.0.0.1 /index.php/UserAction/checkMsg/
INFO: [ app_init ] --START--
INFO: Run Behavior\BuildLiteBehavior [ RunTime:0.000047s ]
INFO: [ app_init ] --END-- [ RunTime:0.000996s ]
INFO: [ app_begin ] --START--
INFO: Run Behavior\ReadHtmlCacheBehavior [ RunTime:0.001457s ]
INFO: Run Behavior\CheckLangBehavior [ RunTime:0.004525s ]
INFO: [ app_begin ] --END-- [ RunTime:0.006248s ]

[ 2015-12-08T14:59:09+08:00 ] 127.0.0.1 /index.php/UserAction/checkMsg/
INFO: [ app_init ] --START--
INFO: Run Behavior\BuildLiteBehavior [ RunTime:0.000054s ]
INFO: [ app_init ] --END-- [ RunTime:0.001554s ]
INFO: [ app_begin ] --START--
INFO: Run Behavior\ReadHtmlCacheBehavior [ RunTime:0.001279s ]
INFO: Run Behavior\CheckLangBehavior [ RunTime:0.003755s ]
INFO: [ app_begin ] --END-- [ RunTime:0.005306s ]

[ 2015-12-08T15:00:09+08:00 ] 127.0.0.1 /index.php/UserAction/checkMsg/
INFO: [ app_init ] --START--
INFO: Run Behavior\BuildLiteBehavior [ RunTime:0.000052s ]
INFO: [ app_init ] --END-- [ RunTime:0.001305s ]
INFO: [ app_begin ] --START--
INFO: Run Behavior\ReadHtmlCacheBehavior [ RunTime:0.001477s ]
INFO: Run Behavior\CheckLangBehavior [ RunTime:0.003762s ]
INFO: [ app_begin ] --END-- [ RunTime:0.005516s ]

[ 2015-12-08T15:01:09+08:00 ] 127.0.0.1 /index.php/UserAction/checkMsg/
INFO: [ app_init ] --START--
INFO: Run Behavior\BuildLiteBehavior [ RunTime:0.000080s ]
INFO: [ app_init ] --END-- [ RunTime:0.001684s ]
INFO: [ app_begin ] --START--
INFO: Run Behavior\ReadHtmlCacheBehavior [ RunTime:0.002618s ]
INFO: Run Behavior\CheckLangBehavior [ RunTime:0.010014s ]
INFO: [ app_begin ] --END-- [ RunTime:0.013171s ]

[ 2015-12-08T15:02:09+08:00 ] 127.0.0.1 /index.php/UserAction/checkMsg/
INFO: [ app_init ] --START--
INFO: Run Behavior\BuildLiteBehavior [ RunTime:0.000050s ]
INFO: [ app_init ] --END-- [ RunTime:0.001092s ]
INFO: [ app_begin ] --START--
INFO: Run Behavior\ReadHtmlCacheBehavior [ RunTime:0.001444s ]
INFO: Run Behavior\CheckLangBehavior [ RunTime:0.003569s ]
INFO: [ app_begin ] --END-- [ RunTime:0.005281s ]

[ 2015-12-08T15:03:09+08:00 ] 127.0.0.1 /index.php/UserAction/checkMsg/
INFO: [ app_init ] --START--
INFO: Run Behavior\BuildLiteBehavior [ RunTime:0.000046s ]
INFO: [ app_init ] --END-- [ RunTime:0.001024s ]
INFO: [ app_begin ] --START--
INFO: Run Behavior\ReadHtmlCacheBehavior [ RunTime:0.001185s ]
INFO: Run Behavior\CheckLangBehavior [ RunTime:0.004915s ]
INFO: [ app_begin ] --END-- [ RunTime:0.006349s ]

[ 2015-12-08T17:36:01+08:00 ] 127.0.0.1 /Public/img1/bg.png
INFO: [ app_init ] --START--
INFO: Run Behavior\BuildLiteBehavior [ RunTime:0.000029s ]
INFO: [ app_init ] --END-- [ RunTime:0.000604s ]

[ 2015-12-08T17:36:01+08:00 ] 127.0.0.1 /Public/img/blueBtn.png
INFO: [ app_init ] --START--
INFO: Run Behavior\BuildLiteBehavior [ RunTime:0.000028s ]
INFO: [ app_init ] --END-- [ RunTime:0.000674s ]

[ 2015-12-08T17:36:26+08:00 ] 127.0.0.1 /Public/img/icon-calendar.png
INFO: [ app_init ] --START--
INFO: Run Behavior\BuildLiteBehavior [ RunTime:0.000027s ]
INFO: [ app_init ] --END-- [ RunTime:0.000593s ]

[ 2015-12-08T17:36:26+08:00 ] 127.0.0.1 /Public/img/calendar_arrows.png
INFO: [ app_init ] --START--
INFO: Run Behavior\BuildLiteBehavior [ RunTime:0.000027s ]
INFO: [ app_init ] --END-- [ RunTime:0.000548s ]

[ 2015-12-08T17:36:27+08:00 ] 127.0.0.1 /Public/img/calendar_arrows.png
INFO: [ app_init ] --START--
INFO: Run Behavior\BuildLiteBehavior [ RunTime:0.000044s ]
INFO: [ app_init ] --END-- [ RunTime:0.000862s ]

[ 2015-12-08T17:36:27+08:00 ] 127.0.0.1 /Public/img/icon-calendar.png
INFO: [ app_init ] --START--
INFO: Run Behavior\BuildLiteBehavior [ RunTime:0.000043s ]
INFO: [ app_init ] --END-- [ RunTime:0.000903s ]

[ 2015-12-08T17:36:28+08:00 ] 127.0.0.1 /Public/img1/bg.png
INFO: [ app_init ] --START--
INFO: Run Behavior\BuildLiteBehavior [ RunTime:0.000027s ]
INFO: [ app_init ] --END-- [ RunTime:0.000561s ]

[ 2015-12-08T17:36:28+08:00 ] 127.0.0.1 /Public/img/blueBtn.png
INFO: [ app_init ] --START--
INFO: Run Behavior\BuildLiteBehavior [ RunTime:0.000050s ]
INFO: [ app_init ] --END-- [ RunTime:0.000867s ]

[ 2015-12-08T17:36:43+08:00 ] 127.0.0.1 /Public/img/blueBtn.png
INFO: [ app_init ] --START--
INFO: Run Behavior\BuildLiteBehavior [ RunTime:0.000029s ]
INFO: [ app_init ] --END-- [ RunTime:0.000566s ]

[ 2015-12-08T17:36:43+08:00 ] 127.0.0.1 /Public/img1/bg.png
INFO: [ app_init ] --START--
INFO: Run Behavior\BuildLiteBehavior [ RunTime:0.000070s ]
INFO: [ app_init ] --END-- [ RunTime:0.000928s ]

[ 2015-12-08T17:36:46+08:00 ] 127.0.0.1 /Public/img1/bg.png
INFO: [ app_init ] --START--
INFO: Run Behavior\BuildLiteBehavior [ RunTime:0.000038s ]
INFO: [ app_init ] --END-- [ RunTime:0.000590s ]

[ 2015-12-08T17:36:46+08:00 ] 127.0.0.1 /Public/img/blueBtn.png
INFO: [ app_init ] --START--
INFO: Run Behavior\BuildLiteBehavior [ RunTime:0.000026s ]
INFO: [ app_init ] --END-- [ RunTime:0.000539s ]

[ 2015-12-08T17:37:08+08:00 ] 127.0.0.1 /Public/img/blueBtn.png
INFO: [ app_init ] --START--
INFO: Run Behavior\BuildLiteBehavior [ RunTime:0.000049s ]
INFO: [ app_init ] --END-- [ RunTime:0.000806s ]

[ 2015-12-08T17:37:08+08:00 ] 127.0.0.1 /Public/img1/bg.png
INFO: [ app_init ] --START--
INFO: Run Behavior\BuildLiteBehavior [ RunTime:0.000047s ]
INFO: [ app_init ] --END-- [ RunTime:0.000934s ]

[ 2015-12-08T17:52:26+08:00 ] 127.0.0.1 /Public/img/blueBtn.png
INFO: [ app_init ] --START--
INFO: Run Behavior\BuildLiteBehavior [ RunTime:0.000028s ]
INFO: [ app_init ] --END-- [ RunTime:0.000544s ]

[ 2015-12-08T17:52:26+08:00 ] 127.0.0.1 /Public/img1/bg.png
INFO: [ app_init ] --START--
INFO: Run Behavior\BuildLiteBehavior [ RunTime:0.000027s ]
INFO: [ app_init ] --END-- [ RunTime:0.000524s ]

[ 2015-12-08T17:53:07+08:00 ] 127.0.0.1 /Public/img/icon-calendar.png
INFO: [ app_init ] --START--
INFO: Run Behavior\BuildLiteBehavior [ RunTime:0.000029s ]
INFO: [ app_init ] --END-- [ RunTime:0.000572s ]

[ 2015-12-08T17:53:07+08:00 ] 127.0.0.1 /Public/img/calendar_arrows.png
INFO: [ app_init ] --START--
INFO: Run Behavior\BuildLiteBehavior [ RunTime:0.000030s ]
INFO: [ app_init ] --END-- [ RunTime:0.000677s ]

[ 2015-12-08T17:53:09+08:00 ] 127.0.0.1 /Public/img/calendar_arrows.png
INFO: [ app_init ] --START--
INFO: Run Behavior\BuildLiteBehavior [ RunTime:0.000028s ]
INFO: [ app_init ] --END-- [ RunTime:0.000562s ]

[ 2015-12-08T17:53:09+08:00 ] 127.0.0.1 /Public/img/icon-calendar.png
INFO: [ app_init ] --START--
INFO: Run Behavior\BuildLiteBehavior [ RunTime:0.000028s ]
INFO: [ app_init ] --END-- [ RunTime:0.000549s ]

[ 2015-12-08T17:53:09+08:00 ] 127.0.0.1 /Public/img/calendar_arrows.png
INFO: [ app_init ] --START--
INFO: Run Behavior\BuildLiteBehavior [ RunTime:0.000050s ]
INFO: [ app_init ] --END-- [ RunTime:0.000886s ]

[ 2015-12-08T17:53:09+08:00 ] 127.0.0.1 /Public/img/icon-calendar.png
INFO: [ app_init ] --START--
INFO: Run Behavior\BuildLiteBehavior [ RunTime:0.000046s ]
INFO: [ app_init ] --END-- [ RunTime:0.000846s ]

[ 2015-12-08T17:53:10+08:00 ] 127.0.0.1 /Public/img/icon-calendar.png
INFO: [ app_init ] --START--
INFO: Run Behavior\BuildLiteBehavior [ RunTime:0.000041s ]
INFO: [ app_init ] --END-- [ RunTime:0.000773s ]

[ 2015-12-08T17:53:10+08:00 ] 127.0.0.1 /Public/img/calendar_arrows.png
INFO: [ app_init ] --START--
INFO: Run Behavior\BuildLiteBehavior [ RunTime:0.000034s ]
INFO: [ app_init ] --END-- [ RunTime:0.000659s ]

[ 2015-12-08T17:53:11+08:00 ] 127.0.0.1 /Public/img/calendar_arrows.png
INFO: [ app_init ] --START--
INFO: Run Behavior\BuildLiteBehavior [ RunTime:0.000046s ]
INFO: [ app_init ] --END-- [ RunTime:0.000896s ]

[ 2015-12-08T17:53:11+08:00 ] 127.0.0.1 /Public/img/icon-calendar.png
INFO: [ app_init ] --START--
INFO: Run Behavior\BuildLiteBehavior [ RunTime:0.000054s ]
INFO: [ app_init ] --END-- [ RunTime:0.001074s ]

[ 2015-12-08T17:53:13+08:00 ] 127.0.0.1 /Public/img/icon-calendar.png
INFO: [ app_init ] --START--
INFO: Run Behavior\BuildLiteBehavior [ RunTime:0.000042s ]
INFO: [ app_init ] --END-- [ RunTime:0.000682s ]

[ 2015-12-08T17:53:13+08:00 ] 127.0.0.1 /Public/img/calendar_arrows.png
INFO: [ app_init ] --START--
INFO: Run Behavior\BuildLiteBehavior [ RunTime:0.000052s ]
INFO: [ app_init ] --END-- [ RunTime:0.000950s ]

