[ 2015-12-11T11:42:59+08:00 ] 127.0.0.1 /
INFO: [ app_init ] --START--
INFO: Run Behavior\BuildLiteBehavior [ RunTime:0.000015s ]
INFO: [ app_init ] --END-- [ RunTime:0.000441s ]
INFO: [ app_begin ] --START--
INFO: Run Behavior\ReadHtmlCacheBehavior [ RunTime:0.000621s ]
INFO: Run Behavior\CheckLangBehavior [ RunTime:0.002243s ]
INFO: [ app_begin ] --END-- [ RunTime:0.002941s ]
INFO: [ view_filter ] --START--
INFO: Run Behavior\WriteHtmlCacheBehavior [ RunTime:0.000535s ]
INFO: [ view_filter ] --END-- [ RunTime:0.000587s ]
INFO: [ app_end ] --START--
INFO: Run Behavior\ShowPageTraceBehavior [ RunTime:0.000693s ]
INFO: [ app_end ] --END-- [ RunTime:0.000727s ]

[ 2015-12-11T11:43:02+08:00 ] 127.0.0.1 /Home/Users/loginAdmin
INFO: [ app_init ] --START--
INFO: Run Behavior\BuildLiteBehavior [ RunTime:0.000011s ]
INFO: [ app_init ] --END-- [ RunTime:0.000518s ]
INFO: [ app_begin ] --START--
INFO: Run Behavior\ReadHtmlCacheBehavior [ RunTime:0.000748s ]
INFO: Run Behavior\CheckLangBehavior [ RunTime:0.003295s ]
INFO: [ app_begin ] --END-- [ RunTime:0.004140s ]
SQL: SHOW COLUMNS FROM `users` [ RunTime:0.0674s ]
SQL: SELECT * FROM `users` WHERE `username` = '' LIMIT 1   [ RunTime:0.0132s ]
INFO: [ view_filter ] --START--
INFO: Run Behavior\WriteHtmlCacheBehavior [ RunTime:0.000474s ]
INFO: [ view_filter ] --END-- [ RunTime:0.000541s ]

[ 2015-12-11T14:11:49+08:00 ] 127.0.0.1 /Home/Users/loginAdmin
INFO: [ app_init ] --START--
INFO: Run Behavior\BuildLiteBehavior [ RunTime:0.000020s ]
INFO: [ app_init ] --END-- [ RunTime:0.000681s ]
INFO: [ app_begin ] --START--
INFO: Run Behavior\ReadHtmlCacheBehavior [ RunTime:0.000913s ]
INFO: Run Behavior\CheckLangBehavior [ RunTime:0.003839s ]
INFO: [ app_begin ] --END-- [ RunTime:0.004875s ]
INFO: [ view_filter ] --START--
INFO: Run Behavior\WriteHtmlCacheBehavior [ RunTime:0.000435s ]
INFO: [ view_filter ] --END-- [ RunTime:0.000486s ]
INFO: [ app_end ] --START--
INFO: Run Behavior\ShowPageTraceBehavior [ RunTime:0.000628s ]
INFO: [ app_end ] --END-- [ RunTime:0.000664s ]

[ 2015-12-11T14:11:55+08:00 ] 127.0.0.1 /Home/Users/loginAdmin
INFO: [ app_init ] --START--
INFO: Run Behavior\BuildLiteBehavior [ RunTime:0.000015s ]
INFO: [ app_init ] --END-- [ RunTime:0.000673s ]
INFO: [ app_begin ] --START--
INFO: Run Behavior\ReadHtmlCacheBehavior [ RunTime:0.000965s ]
INFO: Run Behavior\CheckLangBehavior [ RunTime:0.002501s ]
INFO: [ app_begin ] --END-- [ RunTime:0.003576s ]
SQL: SHOW COLUMNS FROM `users` [ RunTime:0.0622s ]
SQL: SELECT * FROM `users` WHERE `username` = 'admin' LIMIT 1   [ RunTime:0.1571s ]

[ 2015-12-11T14:11:55+08:00 ] 127.0.0.1 /Home/Admin/index.html
INFO: [ app_init ] --START--
INFO: Run Behavior\BuildLiteBehavior [ RunTime:0.000009s ]
INFO: [ app_init ] --END-- [ RunTime:0.000426s ]
INFO: [ app_begin ] --START--
INFO: Run Behavior\ReadHtmlCacheBehavior [ RunTime:0.000478s ]
INFO: Run Behavior\CheckLangBehavior [ RunTime:0.001902s ]
INFO: [ app_begin ] --END-- [ RunTime:0.002436s ]
SQL: select version() as version; [ RunTime:0.0002s ]
INFO: [ view_filter ] --START--
INFO: Run Behavior\WriteHtmlCacheBehavior [ RunTime:0.000413s ]
INFO: [ view_filter ] --END-- [ RunTime:0.000462s ]
INFO: [ app_end ] --START--
INFO: Run Behavior\ShowPageTraceBehavior [ RunTime:0.000547s ]
INFO: [ app_end ] --END-- [ RunTime:0.000575s ]

[ 2015-12-11T14:11:56+08:00 ] 127.0.0.1 /Home/Developers/index.html
INFO: [ app_init ] --START--
INFO: Run Behavior\BuildLiteBehavior [ RunTime:0.000010s ]
INFO: [ app_init ] --END-- [ RunTime:0.000413s ]
INFO: [ app_begin ] --START--
INFO: Run Behavior\ReadHtmlCacheBehavior [ RunTime:0.000599s ]
INFO: Run Behavior\CheckLangBehavior [ RunTime:0.002098s ]
INFO: [ app_begin ] --END-- [ RunTime:0.002765s ]
SQL: SHOW COLUMNS FROM `developers` [ RunTime:0.0239s ]
SQL: SELECT COUNT(D.id) AS tp_count FROM developers D LEFT JOIN users u ON D.user_id=u.id  WHERE `status` > 0 LIMIT 1   [ RunTime:0.0004s ]
NOTIC: [8] Undefined index: p E:\Wnmp\noobird\Application\Home\Controller\DevelopersController.class.php 第 36 行.
SQL: SELECT `company_name`,`company_license`,D.mobile,D.status,`contact`,D.created,`username`,D.user_id,D.id FROM developers D LEFT JOIN users u ON D.user_id=u.id  WHERE `status` > 0 ORDER BY `status` asc LIMIT 0,10   [ RunTime:0.0094s ]
INFO: [ view_filter ] --START--
INFO: Run Behavior\WriteHtmlCacheBehavior [ RunTime:0.000572s ]
INFO: [ view_filter ] --END-- [ RunTime:0.000626s ]
INFO: [ app_end ] --START--
INFO: Run Behavior\ShowPageTraceBehavior [ RunTime:0.000853s ]
INFO: [ app_end ] --END-- [ RunTime:0.000901s ]

[ 2015-12-11T14:11:58+08:00 ] 127.0.0.1 /Home/Applications/index
INFO: [ app_init ] --START--
INFO: Run Behavior\BuildLiteBehavior [ RunTime:0.000010s ]
INFO: [ app_init ] --END-- [ RunTime:0.000372s ]
INFO: [ app_begin ] --START--
INFO: Run Behavior\ReadHtmlCacheBehavior [ RunTime:0.000488s ]
INFO: Run Behavior\CheckLangBehavior [ RunTime:0.002648s ]
INFO: [ app_begin ] --END-- [ RunTime:0.003224s ]
SQL: SHOW COLUMNS FROM `applications` [ RunTime:0.0504s ]
SQL: SELECT COUNT(A.id) AS tp_count FROM applications A LEFT JOIN users u ON A.user_id=u.id  WHERE `status` > 0 LIMIT 1   [ RunTime:0.0004s ]
SQL: SHOW COLUMNS FROM `developers` [ RunTime:0.0046s ]
SQL: SELECT D.user_id,`username`,`company_name` FROM developers D INNER JOIN users u ON D.user_id=u.id   [ RunTime:0.0006s ]
NOTIC: [8] Undefined index: p E:\Wnmp\noobird\Application\Home\Controller\ApplicationsController.class.php 第 37 行.
SQL: SELECT A.id,A.name,A.status,`app_key`,`app_id`,`username`,A.user_id,A.created FROM applications A LEFT JOIN users u ON A.user_id=u.id  WHERE `status` > 0 ORDER BY `status` asc LIMIT 0,10   [ RunTime:0.0337s ]
SQL: SELECT `company_name` FROM `developers` WHERE `user_id` = 1 LIMIT 1   [ RunTime:0.0096s ]
SQL: SELECT `company_name` FROM `developers` WHERE `user_id` = 57 LIMIT 1   [ RunTime:0.0003s ]
SQL: SELECT `company_name` FROM `developers` WHERE `user_id` = 57 LIMIT 1   [ RunTime:0.0001s ]
SQL: SELECT `company_name` FROM `developers` WHERE `user_id` = 57 LIMIT 1   [ RunTime:0.0001s ]
SQL: SELECT `company_name` FROM `developers` WHERE `user_id` = 57 LIMIT 1   [ RunTime:0.0001s ]
SQL: SELECT `company_name` FROM `developers` WHERE `user_id` = 57 LIMIT 1   [ RunTime:0.0001s ]
SQL: SELECT `company_name` FROM `developers` WHERE `user_id` = 5 LIMIT 1   [ RunTime:0.0003s ]
SQL: SELECT `company_name` FROM `developers` WHERE `user_id` = 54 LIMIT 1   [ RunTime:0.0003s ]
SQL: SELECT `company_name` FROM `developers` WHERE `user_id` = 54 LIMIT 1   [ RunTime:0.0001s ]
SQL: SELECT `company_name` FROM `developers` WHERE `user_id` = 9720 LIMIT 1   [ RunTime:0.0003s ]
NOTIC: [8] Undefined index: user_id E:\Wnmp\noobird\Application\Home\View\Applications\index.php 第 23 行.
NOTIC: [8] Undefined index: user_id E:\Wnmp\noobird\Application\Home\View\Applications\index.php 第 23 行.
NOTIC: [8] Undefined index: user_id E:\Wnmp\noobird\Application\Home\View\Applications\index.php 第 23 行.
NOTIC: [8] Undefined index: user_id E:\Wnmp\noobird\Application\Home\View\Applications\index.php 第 23 行.
NOTIC: [8] Undefined index: user_id E:\Wnmp\noobird\Application\Home\View\Applications\index.php 第 23 行.
NOTIC: [8] Undefined index: user_id E:\Wnmp\noobird\Application\Home\View\Applications\index.php 第 23 行.
NOTIC: [8] Undefined index: user_id E:\Wnmp\noobird\Application\Home\View\Applications\index.php 第 23 行.
NOTIC: [8] Undefined index: user_id E:\Wnmp\noobird\Application\Home\View\Applications\index.php 第 23 行.
NOTIC: [8] Undefined index: user_id E:\Wnmp\noobird\Application\Home\View\Applications\index.php 第 23 行.
NOTIC: [8] Undefined index: user_id E:\Wnmp\noobird\Application\Home\View\Applications\index.php 第 23 行.
NOTIC: [8] Undefined index: user_id E:\Wnmp\noobird\Application\Home\View\Applications\index.php 第 23 行.
NOTIC: [8] Undefined index: user_id E:\Wnmp\noobird\Application\Home\View\Applications\index.php 第 23 行.
NOTIC: [8] Undefined index: user_id E:\Wnmp\noobird\Application\Home\View\Applications\index.php 第 23 行.
INFO: [ view_filter ] --START--
INFO: Run Behavior\WriteHtmlCacheBehavior [ RunTime:0.000392s ]
INFO: [ view_filter ] --END-- [ RunTime:0.000446s ]
INFO: [ app_end ] --START--
INFO: Run Behavior\ShowPageTraceBehavior [ RunTime:0.000712s ]
INFO: [ app_end ] --END-- [ RunTime:0.000768s ]

[ 2015-12-11T14:11:58+08:00 ] 127.0.0.1 /Home/Iaps/index
INFO: [ app_init ] --START--
INFO: Run Behavior\BuildLiteBehavior [ RunTime:0.000010s ]
INFO: [ app_init ] --END-- [ RunTime:0.000482s ]
INFO: [ app_begin ] --START--
INFO: Run Behavior\ReadHtmlCacheBehavior [ RunTime:0.000576s ]
INFO: Run Behavior\CheckLangBehavior [ RunTime:0.002184s ]
INFO: [ app_begin ] --END-- [ RunTime:0.002832s ]
NOTIC: [2] Declaration of Home\Controller\IapsController::_filter() should be compatible with Home\Controller\CController::_filter($alias = '') E:\Wnmp\noobird\Application\Home\Controller\IapsController.class.php 第 12 行.
SQL: SHOW COLUMNS FROM `iaps` [ RunTime:0.0614s ]
SQL: SELECT COUNT(I.id) AS tp_count FROM iaps I 
            LEFT JOIN applications A ON I.application_id=A.id
            LEFT JOIN developers D ON I.user_id=D.user_id
            LEFT JOIN users u ON I.user_id=u.id
          LIMIT 1   [ RunTime:0.0004s ]
NOTIC: [8] Undefined index: p E:\Wnmp\noobird\Application\Home\Controller\IapsController.class.php 第 45 行.
SQL: SELECT I.id,I.name,A.status,I.iap_key,I.pay_code,I.created,I.status,`application_id`,`app_id`,A.name AS app_name,D.company_name,u.username FROM iaps I 
            LEFT JOIN applications A ON I.application_id=A.id
            LEFT JOIN developers D ON I.user_id=D.user_id
            LEFT JOIN users u ON I.user_id=u.id
          ORDER BY A.status asc LIMIT 0,10   [ RunTime:0.0010s ]
SQL: SHOW COLUMNS FROM `developers` [ RunTime:0.0039s ]
SQL: SELECT D.user_id,`username`,`company_name` FROM developers D INNER JOIN users u ON D.user_id=u.id   [ RunTime:0.0002s ]
NOTIC: [8] Undefined index: user_id E:\Wnmp\noobird\Application\Home\View\Iaps\index.php 第 23 行.
NOTIC: [8] Undefined index: user_id E:\Wnmp\noobird\Application\Home\View\Iaps\index.php 第 23 行.
NOTIC: [8] Undefined index: user_id E:\Wnmp\noobird\Application\Home\View\Iaps\index.php 第 23 行.
NOTIC: [8] Undefined index: user_id E:\Wnmp\noobird\Application\Home\View\Iaps\index.php 第 23 行.
NOTIC: [8] Undefined index: user_id E:\Wnmp\noobird\Application\Home\View\Iaps\index.php 第 23 行.
NOTIC: [8] Undefined index: user_id E:\Wnmp\noobird\Application\Home\View\Iaps\index.php 第 23 行.
NOTIC: [8] Undefined index: user_id E:\Wnmp\noobird\Application\Home\View\Iaps\index.php 第 23 行.
NOTIC: [8] Undefined index: user_id E:\Wnmp\noobird\Application\Home\View\Iaps\index.php 第 23 行.
NOTIC: [8] Undefined index: user_id E:\Wnmp\noobird\Application\Home\View\Iaps\index.php 第 23 行.
NOTIC: [8] Undefined index: user_id E:\Wnmp\noobird\Application\Home\View\Iaps\index.php 第 23 行.
NOTIC: [8] Undefined index: user_id E:\Wnmp\noobird\Application\Home\View\Iaps\index.php 第 23 行.
NOTIC: [8] Undefined index: user_id E:\Wnmp\noobird\Application\Home\View\Iaps\index.php 第 23 行.
NOTIC: [8] Undefined index: user_id E:\Wnmp\noobird\Application\Home\View\Iaps\index.php 第 23 行.
INFO: [ view_filter ] --START--
INFO: Run Behavior\WriteHtmlCacheBehavior [ RunTime:0.000510s ]
INFO: [ view_filter ] --END-- [ RunTime:0.000545s ]
INFO: [ app_end ] --START--
INFO: Run Behavior\ShowPageTraceBehavior [ RunTime:0.000716s ]
INFO: [ app_end ] --END-- [ RunTime:0.000756s ]

[ 2015-12-11T14:11:59+08:00 ] 127.0.0.1 /Home/Statistics/index
INFO: [ app_init ] --START--
INFO: Run Behavior\BuildLiteBehavior [ RunTime:0.000009s ]
INFO: [ app_init ] --END-- [ RunTime:0.000392s ]
INFO: [ app_begin ] --START--
INFO: Run Behavior\ReadHtmlCacheBehavior [ RunTime:0.000578s ]
INFO: Run Behavior\CheckLangBehavior [ RunTime:0.002184s ]
INFO: [ app_begin ] --END-- [ RunTime:0.002827s ]
SQL: SHOW COLUMNS FROM `statistics` [ RunTime:0.0455s ]
SQL: SELECT COUNT(S.id) AS tp_count FROM statistics S 
            LEFT JOIN developers D ON S.user_id=D.user_id
            LEFT JOIN users u ON S.user_id=u.id
          WHERE S.status = 1 GROUP BY S.user_id LIMIT 1   [ RunTime:0.0231s ]
NOTIC: [8] Undefined index: p E:\Wnmp\noobird\Application\Home\Controller\StatisticsController.class.php 第 40 行.
SQL: SELECT SUM(fee) as total,u.username,D.company_name,S.user_id,S.status FROM statistics S 
            LEFT JOIN developers D ON S.user_id=D.user_id
            LEFT JOIN users u ON S.user_id=u.id
          WHERE S.status = 1 GROUP BY S.user_id ORDER BY `total` desc LIMIT 0,10   [ RunTime:0.0072s ]
NOTIC: [8] Undefined index: start E:\Wnmp\noobird\Application\Home\View\Statistics\index.php 第 20 行.
NOTIC: [8] Undefined index: end E:\Wnmp\noobird\Application\Home\View\Statistics\index.php 第 22 行.
INFO: [ view_filter ] --START--
INFO: Run Behavior\WriteHtmlCacheBehavior [ RunTime:0.000296s ]
INFO: [ view_filter ] --END-- [ RunTime:0.000332s ]
INFO: [ app_end ] --START--
INFO: Run Behavior\ShowPageTraceBehavior [ RunTime:0.000509s ]
INFO: [ app_end ] --END-- [ RunTime:0.000543s ]

[ 2015-12-11T14:12:00+08:00 ] 127.0.0.1 /Home/Statistics/statApp
INFO: [ app_init ] --START--
INFO: Run Behavior\BuildLiteBehavior [ RunTime:0.000008s ]
INFO: [ app_init ] --END-- [ RunTime:0.000368s ]
INFO: [ app_begin ] --START--
INFO: Run Behavior\ReadHtmlCacheBehavior [ RunTime:0.000454s ]
INFO: Run Behavior\CheckLangBehavior [ RunTime:0.001739s ]
INFO: [ app_begin ] --END-- [ RunTime:0.002252s ]
SQL: SHOW COLUMNS FROM `statistics` [ RunTime:0.0055s ]
SQL: SELECT COUNT(S.id) AS tp_count FROM statistics S 
            LEFT JOIN users u ON S.user_id=u.id
            LEFT JOIN applications A ON S.application_id=A.id
            LEFT JOIN developers D ON S.user_id=D.user_id
          WHERE S.status = 1 GROUP BY S.application_id LIMIT 1   [ RunTime:0.0302s ]
SQL: SHOW COLUMNS FROM `developers` [ RunTime:0.0048s ]
SQL: SELECT D.user_id,`username`,`company_name` FROM developers D INNER JOIN users u ON D.user_id=u.id   [ RunTime:0.0003s ]
NOTIC: [8] Undefined index: p E:\Wnmp\noobird\Application\Home\Controller\StatisticsController.class.php 第 198 行.
SQL: SELECT SUM(fee) AS total,S.application_id,A.name,A.app_key,D.company_name,u.username,A.user_id,A.id FROM statistics S 
            LEFT JOIN users u ON S.user_id=u.id
            LEFT JOIN applications A ON S.application_id=A.id
            LEFT JOIN developers D ON S.user_id=D.user_id
          WHERE S.status = 1 GROUP BY S.application_id ORDER BY `total` desc LIMIT 0,10   [ RunTime:0.0013s ]
NOTIC: [8] Undefined index: status E:\Wnmp\noobird\Application\Home\Model\CModel.class.php 第 24 行.
NOTIC: [8] Undefined index:  E:\Wnmp\noobird\Application\Home\Model\CModel.class.php 第 24 行.
NOTIC: [8] Undefined index: status E:\Wnmp\noobird\Application\Home\Model\CModel.class.php 第 24 行.
NOTIC: [8] Undefined index:  E:\Wnmp\noobird\Application\Home\Model\CModel.class.php 第 24 行.
NOTIC: [8] Undefined index: status E:\Wnmp\noobird\Application\Home\Model\CModel.class.php 第 24 行.
NOTIC: [8] Undefined index:  E:\Wnmp\noobird\Application\Home\Model\CModel.class.php 第 24 行.
NOTIC: [8] Undefined index: status E:\Wnmp\noobird\Application\Home\Model\CModel.class.php 第 24 行.
NOTIC: [8] Undefined index:  E:\Wnmp\noobird\Application\Home\Model\CModel.class.php 第 24 行.
NOTIC: [8] Undefined index: status E:\Wnmp\noobird\Application\Home\Model\CModel.class.php 第 24 行.
NOTIC: [8] Undefined index:  E:\Wnmp\noobird\Application\Home\Model\CModel.class.php 第 24 行.
NOTIC: [8] Undefined index: status E:\Wnmp\noobird\Application\Home\Model\CModel.class.php 第 24 行.
NOTIC: [8] Undefined index:  E:\Wnmp\noobird\Application\Home\Model\CModel.class.php 第 24 行.
NOTIC: [8] Undefined index: user_id E:\Wnmp\noobird\Application\Home\View\Statistics\statApp.php 第 23 行.
NOTIC: [8] Undefined index: user_id E:\Wnmp\noobird\Application\Home\View\Statistics\statApp.php 第 23 行.
NOTIC: [8] Undefined index: user_id E:\Wnmp\noobird\Application\Home\View\Statistics\statApp.php 第 23 行.
NOTIC: [8] Undefined index: user_id E:\Wnmp\noobird\Application\Home\View\Statistics\statApp.php 第 23 行.
NOTIC: [8] Undefined index: user_id E:\Wnmp\noobird\Application\Home\View\Statistics\statApp.php 第 23 行.
NOTIC: [8] Undefined index: user_id E:\Wnmp\noobird\Application\Home\View\Statistics\statApp.php 第 23 行.
NOTIC: [8] Undefined index: user_id E:\Wnmp\noobird\Application\Home\View\Statistics\statApp.php 第 23 行.
NOTIC: [8] Undefined index: user_id E:\Wnmp\noobird\Application\Home\View\Statistics\statApp.php 第 23 行.
NOTIC: [8] Undefined index: user_id E:\Wnmp\noobird\Application\Home\View\Statistics\statApp.php 第 23 行.
NOTIC: [8] Undefined index: user_id E:\Wnmp\noobird\Application\Home\View\Statistics\statApp.php 第 23 行.
NOTIC: [8] Undefined index: user_id E:\Wnmp\noobird\Application\Home\View\Statistics\statApp.php 第 23 行.
NOTIC: [8] Undefined index: user_id E:\Wnmp\noobird\Application\Home\View\Statistics\statApp.php 第 23 行.
NOTIC: [8] Undefined index: user_id E:\Wnmp\noobird\Application\Home\View\Statistics\statApp.php 第 23 行.
NOTIC: [8] Undefined index: start E:\Wnmp\noobird\Application\Home\View\Statistics\statApp.php 第 27 行.
NOTIC: [8] Undefined index: end E:\Wnmp\noobird\Application\Home\View\Statistics\statApp.php 第 29 行.
INFO: [ view_filter ] --START--
INFO: Run Behavior\WriteHtmlCacheBehavior [ RunTime:0.000484s ]
INFO: [ view_filter ] --END-- [ RunTime:0.000522s ]
INFO: [ app_end ] --START--
INFO: Run Behavior\ShowPageTraceBehavior [ RunTime:0.000796s ]
INFO: [ app_end ] --END-- [ RunTime:0.000844s ]

[ 2015-12-11T14:12:01+08:00 ] 127.0.0.1 /Home/Statistics/statIap
INFO: [ app_init ] --START--
INFO: Run Behavior\BuildLiteBehavior [ RunTime:0.000011s ]
INFO: [ app_init ] --END-- [ RunTime:0.000407s ]
INFO: [ app_begin ] --START--
INFO: Run Behavior\ReadHtmlCacheBehavior [ RunTime:0.000567s ]
INFO: Run Behavior\CheckLangBehavior [ RunTime:0.002204s ]
INFO: [ app_begin ] --END-- [ RunTime:0.002846s ]
SQL: SHOW COLUMNS FROM `statistics` [ RunTime:0.0478s ]
SQL: SELECT COUNT(S.id) AS tp_count FROM statistics S 
            LEFT JOIN users u ON S.user_id=u.id
            LEFT JOIN applications A ON S.application_id=A.id
            LEFT JOIN developers D ON S.user_id=D.user_id
            LEFT JOIN iaps I ON S.iap_id=I.id
          WHERE S.status = 1 GROUP BY S.iap_id LIMIT 1   [ RunTime:0.0008s ]
NOTIC: [8] Undefined index: p E:\Wnmp\noobird\Application\Home\Controller\StatisticsController.class.php 第 139 行.
SQL: SELECT SUM(S.fee) as total,S.application_id,A.name,A.app_id,D.company_name,u.username,A.user_id,I.name as iap_name,I.iap_key FROM statistics S 
            LEFT JOIN users u ON S.user_id=u.id
            LEFT JOIN applications A ON S.application_id=A.id
            LEFT JOIN developers D ON S.user_id=D.user_id
            LEFT JOIN iaps I ON S.iap_id=I.id
          WHERE S.status = 1 GROUP BY S.iap_id ORDER BY `total` desc LIMIT 0,10   [ RunTime:0.0012s ]
NOTIC: [8] Undefined index: status E:\Wnmp\noobird\Application\Home\Model\CModel.class.php 第 24 行.
NOTIC: [8] Undefined index:  E:\Wnmp\noobird\Application\Home\Model\CModel.class.php 第 24 行.
NOTIC: [8] Undefined index: status E:\Wnmp\noobird\Application\Home\Model\CModel.class.php 第 24 行.
NOTIC: [8] Undefined index:  E:\Wnmp\noobird\Application\Home\Model\CModel.class.php 第 24 行.
NOTIC: [8] Undefined index: status E:\Wnmp\noobird\Application\Home\Model\CModel.class.php 第 24 行.
NOTIC: [8] Undefined index:  E:\Wnmp\noobird\Application\Home\Model\CModel.class.php 第 24 行.
NOTIC: [8] Undefined index: status E:\Wnmp\noobird\Application\Home\Model\CModel.class.php 第 24 行.
NOTIC: [8] Undefined index:  E:\Wnmp\noobird\Application\Home\Model\CModel.class.php 第 24 行.
NOTIC: [8] Undefined index: status E:\Wnmp\noobird\Application\Home\Model\CModel.class.php 第 24 行.
NOTIC: [8] Undefined index:  E:\Wnmp\noobird\Application\Home\Model\CModel.class.php 第 24 行.
NOTIC: [8] Undefined index: status E:\Wnmp\noobird\Application\Home\Model\CModel.class.php 第 24 行.
NOTIC: [8] Undefined index:  E:\Wnmp\noobird\Application\Home\Model\CModel.class.php 第 24 行.
NOTIC: [8] Undefined index: status E:\Wnmp\noobird\Application\Home\Model\CModel.class.php 第 24 行.
NOTIC: [8] Undefined index:  E:\Wnmp\noobird\Application\Home\Model\CModel.class.php 第 24 行.
NOTIC: [8] Undefined index: status E:\Wnmp\noobird\Application\Home\Model\CModel.class.php 第 24 行.
NOTIC: [8] Undefined index:  E:\Wnmp\noobird\Application\Home\Model\CModel.class.php 第 24 行.
NOTIC: [8] Undefined index: status E:\Wnmp\noobird\Application\Home\Model\CModel.class.php 第 24 行.
NOTIC: [8] Undefined index:  E:\Wnmp\noobird\Application\Home\Model\CModel.class.php 第 24 行.
NOTIC: [8] Undefined index: status E:\Wnmp\noobird\Application\Home\Model\CModel.class.php 第 24 行.
NOTIC: [8] Undefined index:  E:\Wnmp\noobird\Application\Home\Model\CModel.class.php 第 24 行.
SQL: SHOW COLUMNS FROM `developers` [ RunTime:0.0168s ]
SQL: SELECT D.user_id,`username`,`company_name` FROM developers D INNER JOIN users u ON D.user_id=u.id   [ RunTime:0.0002s ]
SQL: SHOW COLUMNS FROM `applications` [ RunTime:0.0205s ]
SQL: SELECT `id`,`name` FROM `applications`  [ RunTime:0.0003s ]
NOTIC: [8] Undefined index: user_id E:\Wnmp\noobird\Application\Home\View\Statistics\statIap.php 第 24 行.
NOTIC: [8] Undefined index: user_id E:\Wnmp\noobird\Application\Home\View\Statistics\statIap.php 第 24 行.
NOTIC: [8] Undefined index: user_id E:\Wnmp\noobird\Application\Home\View\Statistics\statIap.php 第 24 行.
NOTIC: [8] Undefined index: user_id E:\Wnmp\noobird\Application\Home\View\Statistics\statIap.php 第 24 行.
NOTIC: [8] Undefined index: user_id E:\Wnmp\noobird\Application\Home\View\Statistics\statIap.php 第 24 行.
NOTIC: [8] Undefined index: user_id E:\Wnmp\noobird\Application\Home\View\Statistics\statIap.php 第 24 行.
NOTIC: [8] Undefined index: user_id E:\Wnmp\noobird\Application\Home\View\Statistics\statIap.php 第 24 行.
NOTIC: [8] Undefined index: user_id E:\Wnmp\noobird\Application\Home\View\Statistics\statIap.php 第 24 行.
NOTIC: [8] Undefined index: user_id E:\Wnmp\noobird\Application\Home\View\Statistics\statIap.php 第 24 行.
NOTIC: [8] Undefined index: user_id E:\Wnmp\noobird\Application\Home\View\Statistics\statIap.php 第 24 行.
NOTIC: [8] Undefined index: user_id E:\Wnmp\noobird\Application\Home\View\Statistics\statIap.php 第 24 行.
NOTIC: [8] Undefined index: user_id E:\Wnmp\noobird\Application\Home\View\Statistics\statIap.php 第 24 行.
NOTIC: [8] Undefined index: user_id E:\Wnmp\noobird\Application\Home\View\Statistics\statIap.php 第 24 行.
NOTIC: [8] Undefined index: start E:\Wnmp\noobird\Application\Home\View\Statistics\statIap.php 第 33 行.
NOTIC: [8] Undefined index: end E:\Wnmp\noobird\Application\Home\View\Statistics\statIap.php 第 35 行.
INFO: [ view_filter ] --START--
INFO: Run Behavior\WriteHtmlCacheBehavior [ RunTime:0.000359s ]
INFO: [ view_filter ] --END-- [ RunTime:0.000393s ]
INFO: [ app_end ] --START--
INFO: Run Behavior\ShowPageTraceBehavior [ RunTime:0.000503s ]
INFO: [ app_end ] --END-- [ RunTime:0.000539s ]

[ 2015-12-11T14:12:03+08:00 ] 127.0.0.1 /Home/Fees/index.html
INFO: [ app_init ] --START--
INFO: Run Behavior\BuildLiteBehavior [ RunTime:0.000009s ]
INFO: [ app_init ] --END-- [ RunTime:0.000461s ]
INFO: [ app_begin ] --START--
INFO: Run Behavior\ReadHtmlCacheBehavior [ RunTime:0.000442s ]
INFO: Run Behavior\CheckLangBehavior [ RunTime:0.001697s ]
INFO: [ app_begin ] --END-- [ RunTime:0.002195s ]
SQL: SHOW COLUMNS FROM `fees` [ RunTime:0.0396s ]
SQL: SELECT COUNT(id) AS tp_count FROM `fees` WHERE `status` > 0 LIMIT 1   [ RunTime:0.0004s ]
NOTIC: [8] Undefined index: p E:\Wnmp\noobird\Application\Home\Controller\CController.class.php 第 175 行.
SQL: SELECT * FROM `fees` WHERE `status` > 0 ORDER BY `id` asc LIMIT 0,10   [ RunTime:0.0004s ]
INFO: [ view_filter ] --START--
INFO: Run Behavior\WriteHtmlCacheBehavior [ RunTime:0.000500s ]
INFO: [ view_filter ] --END-- [ RunTime:0.000548s ]
INFO: [ app_end ] --START--
INFO: Run Behavior\ShowPageTraceBehavior [ RunTime:0.000798s ]
INFO: [ app_end ] --END-- [ RunTime:0.000841s ]

[ 2015-12-11T14:12:04+08:00 ] 127.0.0.1 /Home/Telcos/manage
INFO: [ app_init ] --START--
INFO: Run Behavior\BuildLiteBehavior [ RunTime:0.000009s ]
INFO: [ app_init ] --END-- [ RunTime:0.000406s ]
INFO: [ app_begin ] --START--
INFO: Run Behavior\ReadHtmlCacheBehavior [ RunTime:0.000807s ]
INFO: Run Behavior\CheckLangBehavior [ RunTime:0.002363s ]
INFO: [ app_begin ] --END-- [ RunTime:0.003270s ]
SQL: SHOW COLUMNS FROM `telcos` [ RunTime:0.0364s ]
SQL: SELECT COUNT(id) AS tp_count FROM `telcos` LIMIT 1   [ RunTime:0.0059s ]
NOTIC: [8] Undefined index: p E:\Wnmp\noobird\Application\Home\Controller\CController.class.php 第 175 行.
SQL: SELECT * FROM `telcos` ORDER BY `id` asc LIMIT 0,10   [ RunTime:0.0004s ]
INFO: [ view_filter ] --START--
INFO: Run Behavior\WriteHtmlCacheBehavior [ RunTime:0.000414s ]
INFO: [ view_filter ] --END-- [ RunTime:0.000467s ]
INFO: [ app_end ] --START--
INFO: Run Behavior\ShowPageTraceBehavior [ RunTime:0.000493s ]
INFO: [ app_end ] --END-- [ RunTime:0.000521s ]

[ 2015-12-11T14:12:05+08:00 ] 127.0.0.1 /Home/Mncs/manage
INFO: [ app_init ] --START--
INFO: Run Behavior\BuildLiteBehavior [ RunTime:0.000010s ]
INFO: [ app_init ] --END-- [ RunTime:0.000475s ]
INFO: [ app_begin ] --START--
INFO: Run Behavior\ReadHtmlCacheBehavior [ RunTime:0.000679s ]
INFO: Run Behavior\CheckLangBehavior [ RunTime:0.002236s ]
INFO: [ app_begin ] --END-- [ RunTime:0.002997s ]
SQL: SHOW COLUMNS FROM `mncs` [ RunTime:0.0449s ]
SQL: SELECT COUNT(id) AS tp_count FROM `mncs` LIMIT 1   [ RunTime:0.0003s ]
NOTIC: [8] Undefined index: p E:\Wnmp\noobird\Application\Home\Controller\CController.class.php 第 175 行.
SQL: SELECT * FROM `mncs` ORDER BY `id` asc LIMIT 0,10   [ RunTime:0.0003s ]
INFO: [ view_filter ] --START--
INFO: Run Behavior\WriteHtmlCacheBehavior [ RunTime:0.000495s ]
INFO: [ view_filter ] --END-- [ RunTime:0.000538s ]
INFO: [ app_end ] --START--
INFO: Run Behavior\ShowPageTraceBehavior [ RunTime:0.000745s ]
INFO: [ app_end ] --END-- [ RunTime:0.000780s ]

[ 2015-12-11T14:12:06+08:00 ] 127.0.0.1 /Home/Fees/manage
INFO: [ app_init ] --START--
INFO: Run Behavior\BuildLiteBehavior [ RunTime:0.000010s ]
INFO: [ app_init ] --END-- [ RunTime:0.000473s ]
INFO: [ app_begin ] --START--
INFO: Run Behavior\ReadHtmlCacheBehavior [ RunTime:0.000586s ]
INFO: Run Behavior\CheckLangBehavior [ RunTime:0.002139s ]
INFO: [ app_begin ] --END-- [ RunTime:0.002801s ]
SQL: SHOW COLUMNS FROM `fees` [ RunTime:0.0226s ]
SQL: SELECT COUNT(id) AS tp_count FROM `fees` WHERE `status` > 0 LIMIT 1   [ RunTime:0.0002s ]
NOTIC: [8] Undefined index: p E:\Wnmp\noobird\Application\Home\Controller\CController.class.php 第 175 行.
SQL: SELECT * FROM `fees` WHERE `status` > 0 ORDER BY `id` asc LIMIT 0,10   [ RunTime:0.0002s ]
INFO: [ view_filter ] --START--
INFO: Run Behavior\WriteHtmlCacheBehavior [ RunTime:0.000334s ]
INFO: [ view_filter ] --END-- [ RunTime:0.000383s ]
INFO: [ app_end ] --START--
INFO: Run Behavior\ShowPageTraceBehavior [ RunTime:0.000822s ]
INFO: [ app_end ] --END-- [ RunTime:0.000895s ]

[ 2015-12-11T15:52:37+08:00 ] 127.0.0.1 /Home/Admin/index.html
INFO: [ app_init ] --START--
INFO: Run Behavior\BuildLiteBehavior [ RunTime:0.000013s ]
INFO: [ app_init ] --END-- [ RunTime:0.000540s ]
INFO: [ app_begin ] --START--
INFO: Run Behavior\ReadHtmlCacheBehavior [ RunTime:0.000687s ]
INFO: Run Behavior\CheckLangBehavior [ RunTime:0.003313s ]
INFO: [ app_begin ] --END-- [ RunTime:0.004094s ]
SQL: select version() as version; [ RunTime:0.0004s ]
INFO: [ view_filter ] --START--
INFO: Run Behavior\WriteHtmlCacheBehavior [ RunTime:0.000589s ]
INFO: [ view_filter ] --END-- [ RunTime:0.000636s ]
INFO: [ app_end ] --START--
INFO: Run Behavior\ShowPageTraceBehavior [ RunTime:0.000696s ]
INFO: [ app_end ] --END-- [ RunTime:0.000732s ]

[ 2015-12-11T15:52:40+08:00 ] 127.0.0.1 /Home/Admin/index.html
INFO: [ app_init ] --START--
INFO: Run Behavior\BuildLiteBehavior [ RunTime:0.000014s ]
INFO: [ app_init ] --END-- [ RunTime:0.000540s ]
INFO: [ app_begin ] --START--
INFO: Run Behavior\ReadHtmlCacheBehavior [ RunTime:0.000622s ]
INFO: Run Behavior\CheckLangBehavior [ RunTime:0.002299s ]
INFO: [ app_begin ] --END-- [ RunTime:0.002981s ]
SQL: select version() as version; [ RunTime:0.0002s ]
INFO: [ view_filter ] --START--
INFO: Run Behavior\WriteHtmlCacheBehavior [ RunTime:0.000682s ]
INFO: [ view_filter ] --END-- [ RunTime:0.000739s ]
INFO: [ app_end ] --START--
INFO: Run Behavior\ShowPageTraceBehavior [ RunTime:0.000690s ]
INFO: [ app_end ] --END-- [ RunTime:0.000720s ]

[ 2015-12-11T15:52:54+08:00 ] 127.0.0.1 /Home/Developers/index.html
INFO: [ app_init ] --START--
INFO: Run Behavior\BuildLiteBehavior [ RunTime:0.000011s ]
INFO: [ app_init ] --END-- [ RunTime:0.000466s ]
INFO: [ app_begin ] --START--
INFO: Run Behavior\ReadHtmlCacheBehavior [ RunTime:0.000533s ]
INFO: Run Behavior\CheckLangBehavior [ RunTime:0.002234s ]
INFO: [ app_begin ] --END-- [ RunTime:0.002852s ]
SQL: SHOW COLUMNS FROM `developers` [ RunTime:0.0580s ]
SQL: SELECT COUNT(D.id) AS tp_count FROM developers D LEFT JOIN users u ON D.user_id=u.id  WHERE `status` > 0 LIMIT 1   [ RunTime:0.0247s ]
NOTIC: [8] Undefined index: p E:\Wnmp\noobird\Application\Home\Controller\DevelopersController.class.php 第 36 行.
SQL: SELECT `company_name`,`company_license`,D.mobile,D.status,`contact`,D.created,`username`,D.user_id,D.id FROM developers D LEFT JOIN users u ON D.user_id=u.id  WHERE `status` > 0 ORDER BY `status` asc LIMIT 0,10   [ RunTime:0.0131s ]
INFO: [ view_filter ] --START--
INFO: Run Behavior\WriteHtmlCacheBehavior [ RunTime:0.000347s ]
INFO: [ view_filter ] --END-- [ RunTime:0.000398s ]
INFO: [ app_end ] --START--
INFO: Run Behavior\ShowPageTraceBehavior [ RunTime:0.000836s ]
INFO: [ app_end ] --END-- [ RunTime:0.000885s ]

[ 2015-12-11T15:53:00+08:00 ] 127.0.0.1 /Home/Fees/index.html
INFO: [ app_init ] --START--
INFO: Run Behavior\BuildLiteBehavior [ RunTime:0.000016s ]
INFO: [ app_init ] --END-- [ RunTime:0.000680s ]
INFO: [ app_begin ] --START--
INFO: Run Behavior\ReadHtmlCacheBehavior [ RunTime:0.001015s ]
INFO: Run Behavior\CheckLangBehavior [ RunTime:0.003359s ]
INFO: [ app_begin ] --END-- [ RunTime:0.004501s ]
SQL: SHOW COLUMNS FROM `fees` [ RunTime:0.0048s ]
SQL: SELECT COUNT(id) AS tp_count FROM `fees` WHERE `status` > 0 LIMIT 1   [ RunTime:0.0004s ]
NOTIC: [8] Undefined index: p E:\Wnmp\noobird\Application\Home\Controller\CController.class.php 第 175 行.
SQL: SELECT * FROM `fees` WHERE `status` > 0 ORDER BY `id` asc LIMIT 0,10   [ RunTime:0.0005s ]
INFO: [ view_filter ] --START--
INFO: Run Behavior\WriteHtmlCacheBehavior [ RunTime:0.000686s ]
INFO: [ view_filter ] --END-- [ RunTime:0.000772s ]
INFO: [ app_end ] --START--
INFO: Run Behavior\ShowPageTraceBehavior [ RunTime:0.000989s ]
INFO: [ app_end ] --END-- [ RunTime:0.001051s ]

[ 2015-12-11T15:53:06+08:00 ] 127.0.0.1 /Home/Developers/index.html
INFO: [ app_init ] --START--
INFO: Run Behavior\BuildLiteBehavior [ RunTime:0.000015s ]
INFO: [ app_init ] --END-- [ RunTime:0.000539s ]
INFO: [ app_begin ] --START--
INFO: Run Behavior\ReadHtmlCacheBehavior [ RunTime:0.001129s ]
INFO: Run Behavior\CheckLangBehavior [ RunTime:0.002962s ]
INFO: [ app_begin ] --END-- [ RunTime:0.004200s ]
SQL: SHOW COLUMNS FROM `developers` [ RunTime:0.0223s ]
SQL: SELECT COUNT(D.id) AS tp_count FROM developers D LEFT JOIN users u ON D.user_id=u.id  WHERE `status` > 0 LIMIT 1   [ RunTime:0.0002s ]
NOTIC: [8] Undefined index: p E:\Wnmp\noobird\Application\Home\Controller\DevelopersController.class.php 第 36 行.
SQL: SELECT `company_name`,`company_license`,D.mobile,D.status,`contact`,D.created,`username`,D.user_id,D.id FROM developers D LEFT JOIN users u ON D.user_id=u.id  WHERE `status` > 0 ORDER BY `status` asc LIMIT 0,10   [ RunTime:0.0002s ]
INFO: [ view_filter ] --START--
INFO: Run Behavior\WriteHtmlCacheBehavior [ RunTime:0.000340s ]
INFO: [ view_filter ] --END-- [ RunTime:0.000374s ]
INFO: [ app_end ] --START--
INFO: Run Behavior\ShowPageTraceBehavior [ RunTime:0.000732s ]
INFO: [ app_end ] --END-- [ RunTime:0.000773s ]

[ 2015-12-11T15:53:07+08:00 ] 127.0.0.1 /Home/Applications/index
INFO: [ app_init ] --START--
INFO: Run Behavior\BuildLiteBehavior [ RunTime:0.000013s ]
INFO: [ app_init ] --END-- [ RunTime:0.000592s ]
INFO: [ app_begin ] --START--
INFO: Run Behavior\ReadHtmlCacheBehavior [ RunTime:0.000635s ]
INFO: Run Behavior\CheckLangBehavior [ RunTime:0.002106s ]
INFO: [ app_begin ] --END-- [ RunTime:0.002800s ]
SQL: SHOW COLUMNS FROM `applications` [ RunTime:0.0042s ]
SQL: SELECT COUNT(A.id) AS tp_count FROM applications A LEFT JOIN users u ON A.user_id=u.id  WHERE `status` > 0 LIMIT 1   [ RunTime:0.0003s ]
SQL: SHOW COLUMNS FROM `developers` [ RunTime:0.0039s ]
SQL: SELECT D.user_id,`username`,`company_name` FROM developers D INNER JOIN users u ON D.user_id=u.id   [ RunTime:0.0004s ]
NOTIC: [8] Undefined index: p E:\Wnmp\noobird\Application\Home\Controller\ApplicationsController.class.php 第 37 行.
SQL: SELECT A.id,A.name,A.status,`app_key`,`app_id`,`username`,A.user_id,A.created FROM applications A LEFT JOIN users u ON A.user_id=u.id  WHERE `status` > 0 ORDER BY `status` asc LIMIT 0,10   [ RunTime:0.0456s ]
SQL: SELECT `company_name` FROM `developers` WHERE `user_id` = 1 LIMIT 1   [ RunTime:0.0096s ]
SQL: SELECT `company_name` FROM `developers` WHERE `user_id` = 57 LIMIT 1   [ RunTime:0.0006s ]
SQL: SELECT `company_name` FROM `developers` WHERE `user_id` = 57 LIMIT 1   [ RunTime:0.0002s ]
SQL: SELECT `company_name` FROM `developers` WHERE `user_id` = 57 LIMIT 1   [ RunTime:0.0002s ]
SQL: SELECT `company_name` FROM `developers` WHERE `user_id` = 57 LIMIT 1   [ RunTime:0.0001s ]
SQL: SELECT `company_name` FROM `developers` WHERE `user_id` = 57 LIMIT 1   [ RunTime:0.0001s ]
SQL: SELECT `company_name` FROM `developers` WHERE `user_id` = 5 LIMIT 1   [ RunTime:0.0003s ]
SQL: SELECT `company_name` FROM `developers` WHERE `user_id` = 54 LIMIT 1   [ RunTime:0.0004s ]
SQL: SELECT `company_name` FROM `developers` WHERE `user_id` = 54 LIMIT 1   [ RunTime:0.0003s ]
SQL: SELECT `company_name` FROM `developers` WHERE `user_id` = 9720 LIMIT 1   [ RunTime:0.0005s ]
NOTIC: [8] Undefined index: user_id E:\Wnmp\noobird\Application\Home\View\Applications\index.php 第 23 行.
NOTIC: [8] Undefined index: user_id E:\Wnmp\noobird\Application\Home\View\Applications\index.php 第 23 行.
NOTIC: [8] Undefined index: user_id E:\Wnmp\noobird\Application\Home\View\Applications\index.php 第 23 行.
NOTIC: [8] Undefined index: user_id E:\Wnmp\noobird\Application\Home\View\Applications\index.php 第 23 行.
NOTIC: [8] Undefined index: user_id E:\Wnmp\noobird\Application\Home\View\Applications\index.php 第 23 行.
NOTIC: [8] Undefined index: user_id E:\Wnmp\noobird\Application\Home\View\Applications\index.php 第 23 行.
NOTIC: [8] Undefined index: user_id E:\Wnmp\noobird\Application\Home\View\Applications\index.php 第 23 行.
NOTIC: [8] Undefined index: user_id E:\Wnmp\noobird\Application\Home\View\Applications\index.php 第 23 行.
NOTIC: [8] Undefined index: user_id E:\Wnmp\noobird\Application\Home\View\Applications\index.php 第 23 行.
NOTIC: [8] Undefined index: user_id E:\Wnmp\noobird\Application\Home\View\Applications\index.php 第 23 行.
NOTIC: [8] Undefined index: user_id E:\Wnmp\noobird\Application\Home\View\Applications\index.php 第 23 行.
NOTIC: [8] Undefined index: user_id E:\Wnmp\noobird\Application\Home\View\Applications\index.php 第 23 行.
NOTIC: [8] Undefined index: user_id E:\Wnmp\noobird\Application\Home\View\Applications\index.php 第 23 行.
INFO: [ view_filter ] --START--
INFO: Run Behavior\WriteHtmlCacheBehavior [ RunTime:0.000545s ]
INFO: [ view_filter ] --END-- [ RunTime:0.000580s ]
INFO: [ app_end ] --START--
INFO: Run Behavior\ShowPageTraceBehavior [ RunTime:0.000787s ]
INFO: [ app_end ] --END-- [ RunTime:0.000826s ]

[ 2015-12-11T15:53:08+08:00 ] 127.0.0.1 /Home/Iaps/index
INFO: [ app_init ] --START--
INFO: Run Behavior\BuildLiteBehavior [ RunTime:0.000012s ]
INFO: [ app_init ] --END-- [ RunTime:0.000531s ]
INFO: [ app_begin ] --START--
INFO: Run Behavior\ReadHtmlCacheBehavior [ RunTime:0.000554s ]
INFO: Run Behavior\CheckLangBehavior [ RunTime:0.002454s ]
INFO: [ app_begin ] --END-- [ RunTime:0.003091s ]
NOTIC: [2] Declaration of Home\Controller\IapsController::_filter() should be compatible with Home\Controller\CController::_filter($alias = '') E:\Wnmp\noobird\Application\Home\Controller\IapsController.class.php 第 12 行.
SQL: SHOW COLUMNS FROM `iaps` [ RunTime:0.0055s ]
SQL: SELECT COUNT(I.id) AS tp_count FROM iaps I 
            LEFT JOIN applications A ON I.application_id=A.id
            LEFT JOIN developers D ON I.user_id=D.user_id
            LEFT JOIN users u ON I.user_id=u.id
          LIMIT 1   [ RunTime:0.0004s ]
NOTIC: [8] Undefined index: p E:\Wnmp\noobird\Application\Home\Controller\IapsController.class.php 第 45 行.
SQL: SELECT I.id,I.name,A.status,I.iap_key,I.pay_code,I.created,I.status,`application_id`,`app_id`,A.name AS app_name,D.company_name,u.username FROM iaps I 
            LEFT JOIN applications A ON I.application_id=A.id
            LEFT JOIN developers D ON I.user_id=D.user_id
            LEFT JOIN users u ON I.user_id=u.id
          ORDER BY A.status asc LIMIT 0,10   [ RunTime:0.0018s ]
SQL: SHOW COLUMNS FROM `developers` [ RunTime:0.0147s ]
SQL: SELECT D.user_id,`username`,`company_name` FROM developers D INNER JOIN users u ON D.user_id=u.id   [ RunTime:0.0003s ]
NOTIC: [8] Undefined index: user_id E:\Wnmp\noobird\Application\Home\View\Iaps\index.php 第 23 行.
NOTIC: [8] Undefined index: user_id E:\Wnmp\noobird\Application\Home\View\Iaps\index.php 第 23 行.
NOTIC: [8] Undefined index: user_id E:\Wnmp\noobird\Application\Home\View\Iaps\index.php 第 23 行.
NOTIC: [8] Undefined index: user_id E:\Wnmp\noobird\Application\Home\View\Iaps\index.php 第 23 行.
NOTIC: [8] Undefined index: user_id E:\Wnmp\noobird\Application\Home\View\Iaps\index.php 第 23 行.
NOTIC: [8] Undefined index: user_id E:\Wnmp\noobird\Application\Home\View\Iaps\index.php 第 23 行.
NOTIC: [8] Undefined index: user_id E:\Wnmp\noobird\Application\Home\View\Iaps\index.php 第 23 行.
NOTIC: [8] Undefined index: user_id E:\Wnmp\noobird\Application\Home\View\Iaps\index.php 第 23 行.
NOTIC: [8] Undefined index: user_id E:\Wnmp\noobird\Application\Home\View\Iaps\index.php 第 23 行.
NOTIC: [8] Undefined index: user_id E:\Wnmp\noobird\Application\Home\View\Iaps\index.php 第 23 行.
NOTIC: [8] Undefined index: user_id E:\Wnmp\noobird\Application\Home\View\Iaps\index.php 第 23 行.
NOTIC: [8] Undefined index: user_id E:\Wnmp\noobird\Application\Home\View\Iaps\index.php 第 23 行.
NOTIC: [8] Undefined index: user_id E:\Wnmp\noobird\Application\Home\View\Iaps\index.php 第 23 行.
INFO: [ view_filter ] --START--
INFO: Run Behavior\WriteHtmlCacheBehavior [ RunTime:0.000382s ]
INFO: [ view_filter ] --END-- [ RunTime:0.000419s ]
INFO: [ app_end ] --START--
INFO: Run Behavior\ShowPageTraceBehavior [ RunTime:0.000730s ]
INFO: [ app_end ] --END-- [ RunTime:0.000773s ]

[ 2015-12-11T15:53:08+08:00 ] 127.0.0.1 /Home/Statistics/index
INFO: [ app_init ] --START--
INFO: Run Behavior\BuildLiteBehavior [ RunTime:0.000009s ]
INFO: [ app_init ] --END-- [ RunTime:0.000509s ]
INFO: [ app_begin ] --START--
INFO: Run Behavior\ReadHtmlCacheBehavior [ RunTime:0.001196s ]
INFO: Run Behavior\CheckLangBehavior [ RunTime:0.002982s ]
INFO: [ app_begin ] --END-- [ RunTime:0.004273s ]
SQL: SHOW COLUMNS FROM `statistics` [ RunTime:0.0041s ]
SQL: SELECT COUNT(S.id) AS tp_count FROM statistics S 
            LEFT JOIN developers D ON S.user_id=D.user_id
            LEFT JOIN users u ON S.user_id=u.id
          WHERE S.status = 1 GROUP BY S.user_id LIMIT 1   [ RunTime:0.0547s ]
NOTIC: [8] Undefined index: p E:\Wnmp\noobird\Application\Home\Controller\StatisticsController.class.php 第 40 行.
SQL: SELECT SUM(fee) as total,u.username,D.company_name,S.user_id,S.status FROM statistics S 
            LEFT JOIN developers D ON S.user_id=D.user_id
            LEFT JOIN users u ON S.user_id=u.id
          WHERE S.status = 1 GROUP BY S.user_id ORDER BY `total` desc LIMIT 0,10   [ RunTime:0.0156s ]
NOTIC: [8] Undefined index: start E:\Wnmp\noobird\Application\Home\View\Statistics\index.php 第 20 行.
NOTIC: [8] Undefined index: end E:\Wnmp\noobird\Application\Home\View\Statistics\index.php 第 22 行.
INFO: [ view_filter ] --START--
INFO: Run Behavior\WriteHtmlCacheBehavior [ RunTime:0.000492s ]
INFO: [ view_filter ] --END-- [ RunTime:0.000526s ]
INFO: [ app_end ] --START--
INFO: Run Behavior\ShowPageTraceBehavior [ RunTime:0.000708s ]
INFO: [ app_end ] --END-- [ RunTime:0.000746s ]

[ 2015-12-11T15:53:09+08:00 ] 127.0.0.1 /Home/Statistics/statApp
INFO: [ app_init ] --START--
INFO: Run Behavior\BuildLiteBehavior [ RunTime:0.000010s ]
INFO: [ app_init ] --END-- [ RunTime:0.000419s ]
INFO: [ app_begin ] --START--
INFO: Run Behavior\ReadHtmlCacheBehavior [ RunTime:0.000650s ]
INFO: Run Behavior\CheckLangBehavior [ RunTime:0.002509s ]
INFO: [ app_begin ] --END-- [ RunTime:0.003261s ]
SQL: SHOW COLUMNS FROM `statistics` [ RunTime:0.0051s ]
SQL: SELECT COUNT(S.id) AS tp_count FROM statistics S 
            LEFT JOIN users u ON S.user_id=u.id
            LEFT JOIN applications A ON S.application_id=A.id
            LEFT JOIN developers D ON S.user_id=D.user_id
          WHERE S.status = 1 GROUP BY S.application_id LIMIT 1   [ RunTime:0.0005s ]
SQL: SHOW COLUMNS FROM `developers` [ RunTime:0.0037s ]
SQL: SELECT D.user_id,`username`,`company_name` FROM developers D INNER JOIN users u ON D.user_id=u.id   [ RunTime:0.0002s ]
NOTIC: [8] Undefined index: p E:\Wnmp\noobird\Application\Home\Controller\StatisticsController.class.php 第 198 行.
SQL: SELECT SUM(fee) AS total,S.application_id,A.name,A.app_key,D.company_name,u.username,A.user_id,A.id FROM statistics S 
            LEFT JOIN users u ON S.user_id=u.id
            LEFT JOIN applications A ON S.application_id=A.id
            LEFT JOIN developers D ON S.user_id=D.user_id
          WHERE S.status = 1 GROUP BY S.application_id ORDER BY `total` desc LIMIT 0,10   [ RunTime:0.0016s ]
NOTIC: [8] Undefined index: status E:\Wnmp\noobird\Application\Home\Model\CModel.class.php 第 24 行.
NOTIC: [8] Undefined index:  E:\Wnmp\noobird\Application\Home\Model\CModel.class.php 第 24 行.
NOTIC: [8] Undefined index: status E:\Wnmp\noobird\Application\Home\Model\CModel.class.php 第 24 行.
NOTIC: [8] Undefined index:  E:\Wnmp\noobird\Application\Home\Model\CModel.class.php 第 24 行.
NOTIC: [8] Undefined index: status E:\Wnmp\noobird\Application\Home\Model\CModel.class.php 第 24 行.
NOTIC: [8] Undefined index:  E:\Wnmp\noobird\Application\Home\Model\CModel.class.php 第 24 行.
NOTIC: [8] Undefined index: status E:\Wnmp\noobird\Application\Home\Model\CModel.class.php 第 24 行.
NOTIC: [8] Undefined index:  E:\Wnmp\noobird\Application\Home\Model\CModel.class.php 第 24 行.
NOTIC: [8] Undefined index: status E:\Wnmp\noobird\Application\Home\Model\CModel.class.php 第 24 行.
NOTIC: [8] Undefined index:  E:\Wnmp\noobird\Application\Home\Model\CModel.class.php 第 24 行.
NOTIC: [8] Undefined index: status E:\Wnmp\noobird\Application\Home\Model\CModel.class.php 第 24 行.
NOTIC: [8] Undefined index:  E:\Wnmp\noobird\Application\Home\Model\CModel.class.php 第 24 行.
NOTIC: [8] Undefined index: user_id E:\Wnmp\noobird\Application\Home\View\Statistics\statApp.php 第 23 行.
NOTIC: [8] Undefined index: user_id E:\Wnmp\noobird\Application\Home\View\Statistics\statApp.php 第 23 行.
NOTIC: [8] Undefined index: user_id E:\Wnmp\noobird\Application\Home\View\Statistics\statApp.php 第 23 行.
NOTIC: [8] Undefined index: user_id E:\Wnmp\noobird\Application\Home\View\Statistics\statApp.php 第 23 行.
NOTIC: [8] Undefined index: user_id E:\Wnmp\noobird\Application\Home\View\Statistics\statApp.php 第 23 行.
NOTIC: [8] Undefined index: user_id E:\Wnmp\noobird\Application\Home\View\Statistics\statApp.php 第 23 行.
NOTIC: [8] Undefined index: user_id E:\Wnmp\noobird\Application\Home\View\Statistics\statApp.php 第 23 行.
NOTIC: [8] Undefined index: user_id E:\Wnmp\noobird\Application\Home\View\Statistics\statApp.php 第 23 行.
NOTIC: [8] Undefined index: user_id E:\Wnmp\noobird\Application\Home\View\Statistics\statApp.php 第 23 行.
NOTIC: [8] Undefined index: user_id E:\Wnmp\noobird\Application\Home\View\Statistics\statApp.php 第 23 行.
NOTIC: [8] Undefined index: user_id E:\Wnmp\noobird\Application\Home\View\Statistics\statApp.php 第 23 行.
NOTIC: [8] Undefined index: user_id E:\Wnmp\noobird\Application\Home\View\Statistics\statApp.php 第 23 行.
NOTIC: [8] Undefined index: user_id E:\Wnmp\noobird\Application\Home\View\Statistics\statApp.php 第 23 行.
NOTIC: [8] Undefined index: start E:\Wnmp\noobird\Application\Home\View\Statistics\statApp.php 第 27 行.
NOTIC: [8] Undefined index: end E:\Wnmp\noobird\Application\Home\View\Statistics\statApp.php 第 29 行.
INFO: [ view_filter ] --START--
INFO: Run Behavior\WriteHtmlCacheBehavior [ RunTime:0.000301s ]
INFO: [ view_filter ] --END-- [ RunTime:0.000334s ]
INFO: [ app_end ] --START--
INFO: Run Behavior\ShowPageTraceBehavior [ RunTime:0.000983s ]
INFO: [ app_end ] --END-- [ RunTime:0.001043s ]

[ 2015-12-11T15:53:10+08:00 ] 127.0.0.1 /Home/Statistics/statIap
INFO: [ app_init ] --START--
INFO: Run Behavior\BuildLiteBehavior [ RunTime:0.000010s ]
INFO: [ app_init ] --END-- [ RunTime:0.000514s ]
INFO: [ app_begin ] --START--
INFO: Run Behavior\ReadHtmlCacheBehavior [ RunTime:0.000771s ]
INFO: Run Behavior\CheckLangBehavior [ RunTime:0.003040s ]
INFO: [ app_begin ] --END-- [ RunTime:0.003889s ]
SQL: SHOW COLUMNS FROM `statistics` [ RunTime:0.0065s ]
SQL: SELECT COUNT(S.id) AS tp_count FROM statistics S 
            LEFT JOIN users u ON S.user_id=u.id
            LEFT JOIN applications A ON S.application_id=A.id
            LEFT JOIN developers D ON S.user_id=D.user_id
            LEFT JOIN iaps I ON S.iap_id=I.id
          WHERE S.status = 1 GROUP BY S.iap_id LIMIT 1   [ RunTime:0.0005s ]
NOTIC: [8] Undefined index: p E:\Wnmp\noobird\Application\Home\Controller\StatisticsController.class.php 第 139 行.
SQL: SELECT SUM(S.fee) as total,S.application_id,A.name,A.app_id,D.company_name,u.username,A.user_id,I.name as iap_name,I.iap_key FROM statistics S 
            LEFT JOIN users u ON S.user_id=u.id
            LEFT JOIN applications A ON S.application_id=A.id
            LEFT JOIN developers D ON S.user_id=D.user_id
            LEFT JOIN iaps I ON S.iap_id=I.id
          WHERE S.status = 1 GROUP BY S.iap_id ORDER BY `total` desc LIMIT 0,10   [ RunTime:0.0012s ]
NOTIC: [8] Undefined index: status E:\Wnmp\noobird\Application\Home\Model\CModel.class.php 第 24 行.
NOTIC: [8] Undefined index:  E:\Wnmp\noobird\Application\Home\Model\CModel.class.php 第 24 行.
NOTIC: [8] Undefined index: status E:\Wnmp\noobird\Application\Home\Model\CModel.class.php 第 24 行.
NOTIC: [8] Undefined index:  E:\Wnmp\noobird\Application\Home\Model\CModel.class.php 第 24 行.
NOTIC: [8] Undefined index: status E:\Wnmp\noobird\Application\Home\Model\CModel.class.php 第 24 行.
NOTIC: [8] Undefined index:  E:\Wnmp\noobird\Application\Home\Model\CModel.class.php 第 24 行.
NOTIC: [8] Undefined index: status E:\Wnmp\noobird\Application\Home\Model\CModel.class.php 第 24 行.
NOTIC: [8] Undefined index:  E:\Wnmp\noobird\Application\Home\Model\CModel.class.php 第 24 行.
NOTIC: [8] Undefined index: status E:\Wnmp\noobird\Application\Home\Model\CModel.class.php 第 24 行.
NOTIC: [8] Undefined index:  E:\Wnmp\noobird\Application\Home\Model\CModel.class.php 第 24 行.
NOTIC: [8] Undefined index: status E:\Wnmp\noobird\Application\Home\Model\CModel.class.php 第 24 行.
NOTIC: [8] Undefined index:  E:\Wnmp\noobird\Application\Home\Model\CModel.class.php 第 24 行.
NOTIC: [8] Undefined index: status E:\Wnmp\noobird\Application\Home\Model\CModel.class.php 第 24 行.
NOTIC: [8] Undefined index:  E:\Wnmp\noobird\Application\Home\Model\CModel.class.php 第 24 行.
NOTIC: [8] Undefined index: status E:\Wnmp\noobird\Application\Home\Model\CModel.class.php 第 24 行.
NOTIC: [8] Undefined index:  E:\Wnmp\noobird\Application\Home\Model\CModel.class.php 第 24 行.
NOTIC: [8] Undefined index: status E:\Wnmp\noobird\Application\Home\Model\CModel.class.php 第 24 行.
NOTIC: [8] Undefined index:  E:\Wnmp\noobird\Application\Home\Model\CModel.class.php 第 24 行.
NOTIC: [8] Undefined index: status E:\Wnmp\noobird\Application\Home\Model\CModel.class.php 第 24 行.
NOTIC: [8] Undefined index:  E:\Wnmp\noobird\Application\Home\Model\CModel.class.php 第 24 行.
SQL: SHOW COLUMNS FROM `developers` [ RunTime:0.0036s ]
SQL: SELECT D.user_id,`username`,`company_name` FROM developers D INNER JOIN users u ON D.user_id=u.id   [ RunTime:0.0002s ]
SQL: SHOW COLUMNS FROM `applications` [ RunTime:0.0038s ]
SQL: SELECT `id`,`name` FROM `applications`  [ RunTime:0.0007s ]
NOTIC: [8] Undefined index: user_id E:\Wnmp\noobird\Application\Home\View\Statistics\statIap.php 第 24 行.
NOTIC: [8] Undefined index: user_id E:\Wnmp\noobird\Application\Home\View\Statistics\statIap.php 第 24 行.
NOTIC: [8] Undefined index: user_id E:\Wnmp\noobird\Application\Home\View\Statistics\statIap.php 第 24 行.
NOTIC: [8] Undefined index: user_id E:\Wnmp\noobird\Application\Home\View\Statistics\statIap.php 第 24 行.
NOTIC: [8] Undefined index: user_id E:\Wnmp\noobird\Application\Home\View\Statistics\statIap.php 第 24 行.
NOTIC: [8] Undefined index: user_id E:\Wnmp\noobird\Application\Home\View\Statistics\statIap.php 第 24 行.
NOTIC: [8] Undefined index: user_id E:\Wnmp\noobird\Application\Home\View\Statistics\statIap.php 第 24 行.
NOTIC: [8] Undefined index: user_id E:\Wnmp\noobird\Application\Home\View\Statistics\statIap.php 第 24 行.
NOTIC: [8] Undefined index: user_id E:\Wnmp\noobird\Application\Home\View\Statistics\statIap.php 第 24 行.
NOTIC: [8] Undefined index: user_id E:\Wnmp\noobird\Application\Home\View\Statistics\statIap.php 第 24 行.
NOTIC: [8] Undefined index: user_id E:\Wnmp\noobird\Application\Home\View\Statistics\statIap.php 第 24 行.
NOTIC: [8] Undefined index: user_id E:\Wnmp\noobird\Application\Home\View\Statistics\statIap.php 第 24 行.
NOTIC: [8] Undefined index: user_id E:\Wnmp\noobird\Application\Home\View\Statistics\statIap.php 第 24 行.
NOTIC: [8] Undefined index: start E:\Wnmp\noobird\Application\Home\View\Statistics\statIap.php 第 33 行.
NOTIC: [8] Undefined index: end E:\Wnmp\noobird\Application\Home\View\Statistics\statIap.php 第 35 行.
INFO: [ view_filter ] --START--
INFO: Run Behavior\WriteHtmlCacheBehavior [ RunTime:0.000474s ]
INFO: [ view_filter ] --END-- [ RunTime:0.000519s ]
INFO: [ app_end ] --START--
INFO: Run Behavior\ShowPageTraceBehavior [ RunTime:0.000703s ]
INFO: [ app_end ] --END-- [ RunTime:0.000739s ]

[ 2015-12-11T15:53:12+08:00 ] 127.0.0.1 /Home/Developers/index
INFO: [ app_init ] --START--
INFO: Run Behavior\BuildLiteBehavior [ RunTime:0.000009s ]
INFO: [ app_init ] --END-- [ RunTime:0.000365s ]
INFO: [ app_begin ] --START--
INFO: Run Behavior\ReadHtmlCacheBehavior [ RunTime:0.000451s ]
INFO: Run Behavior\CheckLangBehavior [ RunTime:0.002907s ]
INFO: [ app_begin ] --END-- [ RunTime:0.003451s ]
SQL: SHOW COLUMNS FROM `developers` [ RunTime:0.0042s ]
SQL: SELECT COUNT(D.id) AS tp_count FROM developers D LEFT JOIN users u ON D.user_id=u.id  WHERE `status` > 0 LIMIT 1   [ RunTime:0.0002s ]
NOTIC: [8] Undefined index: p E:\Wnmp\noobird\Application\Home\Controller\DevelopersController.class.php 第 36 行.
SQL: SELECT `company_name`,`company_license`,D.mobile,D.status,`contact`,D.created,`username`,D.user_id,D.id FROM developers D LEFT JOIN users u ON D.user_id=u.id  WHERE `status` > 0 ORDER BY `status` asc LIMIT 0,10   [ RunTime:0.0002s ]
INFO: [ view_filter ] --START--
INFO: Run Behavior\WriteHtmlCacheBehavior [ RunTime:0.000297s ]
INFO: [ view_filter ] --END-- [ RunTime:0.000336s ]
INFO: [ app_end ] --START--
INFO: Run Behavior\ShowPageTraceBehavior [ RunTime:0.000702s ]
INFO: [ app_end ] --END-- [ RunTime:0.000748s ]

[ 2015-12-11T15:53:13+08:00 ] 127.0.0.1 /Home/Fees/index.html
INFO: [ app_init ] --START--
INFO: Run Behavior\BuildLiteBehavior [ RunTime:0.000009s ]
INFO: [ app_init ] --END-- [ RunTime:0.000436s ]
INFO: [ app_begin ] --START--
INFO: Run Behavior\ReadHtmlCacheBehavior [ RunTime:0.000569s ]
INFO: Run Behavior\CheckLangBehavior [ RunTime:0.002236s ]
INFO: [ app_begin ] --END-- [ RunTime:0.002869s ]
SQL: SHOW COLUMNS FROM `fees` [ RunTime:0.0036s ]
SQL: SELECT COUNT(id) AS tp_count FROM `fees` WHERE `status` > 0 LIMIT 1   [ RunTime:0.0002s ]
NOTIC: [8] Undefined index: p E:\Wnmp\noobird\Application\Home\Controller\CController.class.php 第 175 行.
SQL: SELECT * FROM `fees` WHERE `status` > 0 ORDER BY `id` asc LIMIT 0,10   [ RunTime:0.0002s ]
INFO: [ view_filter ] --START--
INFO: Run Behavior\WriteHtmlCacheBehavior [ RunTime:0.001060s ]
INFO: [ view_filter ] --END-- [ RunTime:0.001131s ]
INFO: [ app_end ] --START--
INFO: Run Behavior\ShowPageTraceBehavior [ RunTime:0.001044s ]
INFO: [ app_end ] --END-- [ RunTime:0.001185s ]

[ 2015-12-11T15:53:28+08:00 ] 127.0.0.1 /Home/Admin/index.html
INFO: [ app_init ] --START--
INFO: Run Behavior\BuildLiteBehavior [ RunTime:0.000009s ]
INFO: [ app_init ] --END-- [ RunTime:0.000411s ]
INFO: [ app_begin ] --START--
INFO: Run Behavior\ReadHtmlCacheBehavior [ RunTime:0.000580s ]
INFO: Run Behavior\CheckLangBehavior [ RunTime:0.001970s ]
INFO: [ app_begin ] --END-- [ RunTime:0.002638s ]
SQL: select version() as version; [ RunTime:0.0002s ]
INFO: [ view_filter ] --START--
INFO: Run Behavior\WriteHtmlCacheBehavior [ RunTime:0.000456s ]
INFO: [ view_filter ] --END-- [ RunTime:0.000495s ]
INFO: [ app_end ] --START--
INFO: Run Behavior\ShowPageTraceBehavior [ RunTime:0.000682s ]
INFO: [ app_end ] --END-- [ RunTime:0.000718s ]

[ 2015-12-11T15:53:55+08:00 ] 127.0.0.1 /Home/Developers/index.html
INFO: [ app_init ] --START--
INFO: Run Behavior\BuildLiteBehavior [ RunTime:0.000011s ]
INFO: [ app_init ] --END-- [ RunTime:0.000457s ]
INFO: [ app_begin ] --START--
INFO: Run Behavior\ReadHtmlCacheBehavior [ RunTime:0.000766s ]
INFO: Run Behavior\CheckLangBehavior [ RunTime:0.002056s ]
INFO: [ app_begin ] --END-- [ RunTime:0.002890s ]
SQL: SHOW COLUMNS FROM `developers` [ RunTime:0.0048s ]
SQL: SELECT COUNT(D.id) AS tp_count FROM developers D LEFT JOIN users u ON D.user_id=u.id  WHERE `status` > 0 LIMIT 1   [ RunTime:0.0002s ]
NOTIC: [8] Undefined index: p E:\Wnmp\noobird\Application\Home\Controller\DevelopersController.class.php 第 36 行.
SQL: SELECT `company_name`,`company_license`,D.mobile,D.status,`contact`,D.created,`username`,D.user_id,D.id FROM developers D LEFT JOIN users u ON D.user_id=u.id  WHERE `status` > 0 ORDER BY `status` asc LIMIT 0,10   [ RunTime:0.0003s ]
INFO: [ view_filter ] --START--
INFO: Run Behavior\WriteHtmlCacheBehavior [ RunTime:0.000467s ]
INFO: [ view_filter ] --END-- [ RunTime:0.000525s ]
INFO: [ app_end ] --START--
INFO: Run Behavior\ShowPageTraceBehavior [ RunTime:0.000730s ]
INFO: [ app_end ] --END-- [ RunTime:0.000768s ]

[ 2015-12-11T15:53:56+08:00 ] 127.0.0.1 /Home/Admin/index.html
INFO: [ app_init ] --START--
INFO: Run Behavior\BuildLiteBehavior [ RunTime:0.000017s ]
INFO: [ app_init ] --END-- [ RunTime:0.000657s ]
INFO: [ app_begin ] --START--
INFO: Run Behavior\ReadHtmlCacheBehavior [ RunTime:0.000783s ]
INFO: Run Behavior\CheckLangBehavior [ RunTime:0.003382s ]
INFO: [ app_begin ] --END-- [ RunTime:0.004283s ]
SQL: select version() as version; [ RunTime:0.0002s ]
INFO: [ view_filter ] --START--
INFO: Run Behavior\WriteHtmlCacheBehavior [ RunTime:0.000432s ]
INFO: [ view_filter ] --END-- [ RunTime:0.000480s ]
INFO: [ app_end ] --START--
INFO: Run Behavior\ShowPageTraceBehavior [ RunTime:0.001024s ]
INFO: [ app_end ] --END-- [ RunTime:0.001067s ]

[ 2015-12-11T15:53:57+08:00 ] 127.0.0.1 /Home/Developers/index.html
INFO: [ app_init ] --START--
INFO: Run Behavior\BuildLiteBehavior [ RunTime:0.000012s ]
INFO: [ app_init ] --END-- [ RunTime:0.000462s ]
INFO: [ app_begin ] --START--
INFO: Run Behavior\ReadHtmlCacheBehavior [ RunTime:0.000685s ]
INFO: Run Behavior\CheckLangBehavior [ RunTime:0.002500s ]
INFO: [ app_begin ] --END-- [ RunTime:0.003255s ]
SQL: SHOW COLUMNS FROM `developers` [ RunTime:0.0039s ]
SQL: SELECT COUNT(D.id) AS tp_count FROM developers D LEFT JOIN users u ON D.user_id=u.id  WHERE `status` > 0 LIMIT 1   [ RunTime:0.0001s ]
NOTIC: [8] Undefined index: p E:\Wnmp\noobird\Application\Home\Controller\DevelopersController.class.php 第 36 行.
SQL: SELECT `company_name`,`company_license`,D.mobile,D.status,`contact`,D.created,`username`,D.user_id,D.id FROM developers D LEFT JOIN users u ON D.user_id=u.id  WHERE `status` > 0 ORDER BY `status` asc LIMIT 0,10   [ RunTime:0.0002s ]
INFO: [ view_filter ] --START--
INFO: Run Behavior\WriteHtmlCacheBehavior [ RunTime:0.000417s ]
INFO: [ view_filter ] --END-- [ RunTime:0.000458s ]
INFO: [ app_end ] --START--
INFO: Run Behavior\ShowPageTraceBehavior [ RunTime:0.000816s ]
INFO: [ app_end ] --END-- [ RunTime:0.000929s ]

[ 2015-12-11T15:53:58+08:00 ] 127.0.0.1 /Home/Fees/index.html
INFO: [ app_init ] --START--
INFO: Run Behavior\BuildLiteBehavior [ RunTime:0.000014s ]
INFO: [ app_init ] --END-- [ RunTime:0.000454s ]
INFO: [ app_begin ] --START--
INFO: Run Behavior\ReadHtmlCacheBehavior [ RunTime:0.000469s ]
INFO: Run Behavior\CheckLangBehavior [ RunTime:0.001817s ]
INFO: [ app_begin ] --END-- [ RunTime:0.002364s ]
SQL: SHOW COLUMNS FROM `fees` [ RunTime:0.0046s ]
SQL: SELECT COUNT(id) AS tp_count FROM `fees` WHERE `status` > 0 LIMIT 1   [ RunTime:0.0001s ]
NOTIC: [8] Undefined index: p E:\Wnmp\noobird\Application\Home\Controller\CController.class.php 第 175 行.
SQL: SELECT * FROM `fees` WHERE `status` > 0 ORDER BY `id` asc LIMIT 0,10   [ RunTime:0.0002s ]
INFO: [ view_filter ] --START--
INFO: Run Behavior\WriteHtmlCacheBehavior [ RunTime:0.000309s ]
INFO: [ view_filter ] --END-- [ RunTime:0.000352s ]
INFO: [ app_end ] --START--
INFO: Run Behavior\ShowPageTraceBehavior [ RunTime:0.000834s ]
INFO: [ app_end ] --END-- [ RunTime:0.000884s ]

[ 2015-12-11T16:14:04+08:00 ] 127.0.0.1 /
INFO: [ app_init ] --START--
INFO: Run Behavior\BuildLiteBehavior [ RunTime:0.000014s ]
INFO: [ app_init ] --END-- [ RunTime:0.000555s ]
INFO: [ app_begin ] --START--
INFO: Run Behavior\ReadHtmlCacheBehavior [ RunTime:0.000967s ]
INFO: Run Behavior\CheckLangBehavior [ RunTime:0.002685s ]
INFO: [ app_begin ] --END-- [ RunTime:0.003863s ]
INFO: [ view_filter ] --START--
INFO: Run Behavior\WriteHtmlCacheBehavior [ RunTime:0.000358s ]
INFO: [ view_filter ] --END-- [ RunTime:0.000402s ]
INFO: [ app_end ] --START--
INFO: Run Behavior\ShowPageTraceBehavior [ RunTime:0.000729s ]
INFO: [ app_end ] --END-- [ RunTime:0.000774s ]

[ 2015-12-11T16:14:09+08:00 ] 127.0.0.1 /Home/Users/loginAdmin
INFO: [ app_init ] --START--
INFO: Run Behavior\BuildLiteBehavior [ RunTime:0.000012s ]
INFO: [ app_init ] --END-- [ RunTime:0.000519s ]
INFO: [ app_begin ] --START--
INFO: Run Behavior\ReadHtmlCacheBehavior [ RunTime:0.000624s ]
INFO: Run Behavior\CheckLangBehavior [ RunTime:0.003035s ]
INFO: [ app_begin ] --END-- [ RunTime:0.003745s ]
SQL: SHOW COLUMNS FROM `users` [ RunTime:0.0501s ]
SQL: SELECT * FROM `users` WHERE `username` = '' LIMIT 1   [ RunTime:0.0128s ]
INFO: [ view_filter ] --START--
INFO: Run Behavior\WriteHtmlCacheBehavior [ RunTime:0.000464s ]
INFO: [ view_filter ] --END-- [ RunTime:0.000509s ]

[ 2015-12-11T16:14:13+08:00 ] 127.0.0.1 /Home/Users/loginAdmin
INFO: [ app_init ] --START--
INFO: Run Behavior\BuildLiteBehavior [ RunTime:0.000019s ]
INFO: [ app_init ] --END-- [ RunTime:0.001302s ]
INFO: [ app_begin ] --START--
INFO: Run Behavior\ReadHtmlCacheBehavior [ RunTime:0.000607s ]
INFO: Run Behavior\CheckLangBehavior [ RunTime:0.002664s ]
INFO: [ app_begin ] --END-- [ RunTime:0.003371s ]
SQL: SHOW COLUMNS FROM `users` [ RunTime:0.0158s ]
SQL: SELECT * FROM `users` WHERE `username` = 'admin' LIMIT 1   [ RunTime:0.0443s ]

[ 2015-12-11T16:14:13+08:00 ] 127.0.0.1 /Home/Admin/index.html
INFO: [ app_init ] --START--
INFO: Run Behavior\BuildLiteBehavior [ RunTime:0.000010s ]
INFO: [ app_init ] --END-- [ RunTime:0.000464s ]
INFO: [ app_begin ] --START--
INFO: Run Behavior\ReadHtmlCacheBehavior [ RunTime:0.000474s ]
INFO: Run Behavior\CheckLangBehavior [ RunTime:0.002493s ]
INFO: [ app_begin ] --END-- [ RunTime:0.003052s ]
SQL: select version() as version; [ RunTime:0.0002s ]
INFO: [ view_filter ] --START--
INFO: Run Behavior\WriteHtmlCacheBehavior [ RunTime:0.000439s ]
INFO: [ view_filter ] --END-- [ RunTime:0.000478s ]
INFO: [ app_end ] --START--
INFO: Run Behavior\ShowPageTraceBehavior [ RunTime:0.000647s ]
INFO: [ app_end ] --END-- [ RunTime:0.000681s ]

[ 2015-12-11T16:14:15+08:00 ] 127.0.0.1 /Home/Developers/index.html
INFO: [ app_init ] --START--
INFO: Run Behavior\BuildLiteBehavior [ RunTime:0.000012s ]
INFO: [ app_init ] --END-- [ RunTime:0.000554s ]
INFO: [ app_begin ] --START--
INFO: Run Behavior\ReadHtmlCacheBehavior [ RunTime:0.000617s ]
INFO: Run Behavior\CheckLangBehavior [ RunTime:0.002129s ]
INFO: [ app_begin ] --END-- [ RunTime:0.002838s ]
SQL: SHOW COLUMNS FROM `developers` [ RunTime:0.0443s ]
SQL: SELECT COUNT(D.id) AS tp_count FROM developers D LEFT JOIN users u ON D.user_id=u.id  WHERE `status` > 0 LIMIT 1   [ RunTime:0.0005s ]
NOTIC: [8] Undefined index: p E:\Wnmp\noobird\Application\Home\Controller\DevelopersController.class.php 第 36 行.
SQL: SELECT `company_name`,`company_license`,D.mobile,D.status,`contact`,D.created,`username`,D.user_id,D.id FROM developers D LEFT JOIN users u ON D.user_id=u.id  WHERE `status` > 0 ORDER BY `status` asc LIMIT 0,10   [ RunTime:0.0038s ]
INFO: [ view_filter ] --START--
INFO: Run Behavior\WriteHtmlCacheBehavior [ RunTime:0.000352s ]
INFO: [ view_filter ] --END-- [ RunTime:0.000391s ]
INFO: [ app_end ] --START--
INFO: Run Behavior\ShowPageTraceBehavior [ RunTime:0.000670s ]
INFO: [ app_end ] --END-- [ RunTime:0.000738s ]

[ 2015-12-11T16:14:16+08:00 ] 127.0.0.1 /Home/Fees/index.html
INFO: [ app_init ] --START--
INFO: Run Behavior\BuildLiteBehavior [ RunTime:0.000010s ]
INFO: [ app_init ] --END-- [ RunTime:0.000443s ]
INFO: [ app_begin ] --START--
INFO: Run Behavior\ReadHtmlCacheBehavior [ RunTime:0.000506s ]
INFO: Run Behavior\CheckLangBehavior [ RunTime:0.001789s ]
INFO: [ app_begin ] --END-- [ RunTime:0.002360s ]
SQL: SHOW COLUMNS FROM `fees` [ RunTime:0.0363s ]
SQL: SELECT COUNT(id) AS tp_count FROM `fees` WHERE `status` > 0 LIMIT 1   [ RunTime:0.0003s ]
NOTIC: [8] Undefined index: p E:\Wnmp\noobird\Application\Home\Controller\CController.class.php 第 175 行.
SQL: SELECT * FROM `fees` WHERE `status` > 0 ORDER BY `id` asc LIMIT 0,10   [ RunTime:0.0004s ]
INFO: [ view_filter ] --START--
INFO: Run Behavior\WriteHtmlCacheBehavior [ RunTime:0.000272s ]
INFO: [ view_filter ] --END-- [ RunTime:0.000309s ]
INFO: [ app_end ] --START--
INFO: Run Behavior\ShowPageTraceBehavior [ RunTime:0.000906s ]
INFO: [ app_end ] --END-- [ RunTime:0.000972s ]

[ 2015-12-11T16:14:16+08:00 ] 127.0.0.1 /Home/Admin/index.html
INFO: [ app_init ] --START--
INFO: Run Behavior\BuildLiteBehavior [ RunTime:0.000010s ]
INFO: [ app_init ] --END-- [ RunTime:0.000409s ]
INFO: [ app_begin ] --START--
INFO: Run Behavior\ReadHtmlCacheBehavior [ RunTime:0.000520s ]
INFO: Run Behavior\CheckLangBehavior [ RunTime:0.001979s ]
INFO: [ app_begin ] --END-- [ RunTime:0.002562s ]
SQL: select version() as version; [ RunTime:0.0002s ]
INFO: [ view_filter ] --START--
INFO: Run Behavior\WriteHtmlCacheBehavior [ RunTime:0.000416s ]
INFO: [ view_filter ] --END-- [ RunTime:0.000458s ]
INFO: [ app_end ] --START--
INFO: Run Behavior\ShowPageTraceBehavior [ RunTime:0.000505s ]
INFO: [ app_end ] --END-- [ RunTime:0.000536s ]

[ 2015-12-11T16:14:18+08:00 ] 127.0.0.1 /Home/Developers/index.html
INFO: [ app_init ] --START--
INFO: Run Behavior\BuildLiteBehavior [ RunTime:0.000009s ]
INFO: [ app_init ] --END-- [ RunTime:0.000452s ]
INFO: [ app_begin ] --START--
INFO: Run Behavior\ReadHtmlCacheBehavior [ RunTime:0.000525s ]
INFO: Run Behavior\CheckLangBehavior [ RunTime:0.002109s ]
INFO: [ app_begin ] --END-- [ RunTime:0.002724s ]
SQL: SHOW COLUMNS FROM `developers` [ RunTime:0.0043s ]
SQL: SELECT COUNT(D.id) AS tp_count FROM developers D LEFT JOIN users u ON D.user_id=u.id  WHERE `status` > 0 LIMIT 1   [ RunTime:0.0002s ]
NOTIC: [8] Undefined index: p E:\Wnmp\noobird\Application\Home\Controller\DevelopersController.class.php 第 36 行.
SQL: SELECT `company_name`,`company_license`,D.mobile,D.status,`contact`,D.created,`username`,D.user_id,D.id FROM developers D LEFT JOIN users u ON D.user_id=u.id  WHERE `status` > 0 ORDER BY `status` asc LIMIT 0,10   [ RunTime:0.0003s ]
INFO: [ view_filter ] --START--
INFO: Run Behavior\WriteHtmlCacheBehavior [ RunTime:0.000366s ]
INFO: [ view_filter ] --END-- [ RunTime:0.000405s ]
INFO: [ app_end ] --START--
INFO: Run Behavior\ShowPageTraceBehavior [ RunTime:0.000833s ]
INFO: [ app_end ] --END-- [ RunTime:0.000891s ]

[ 2015-12-11T16:14:18+08:00 ] 127.0.0.1 /Home/Iaps/index
INFO: [ app_init ] --START--
INFO: Run Behavior\BuildLiteBehavior [ RunTime:0.000008s ]
INFO: [ app_init ] --END-- [ RunTime:0.000426s ]
INFO: [ app_begin ] --START--
INFO: Run Behavior\ReadHtmlCacheBehavior [ RunTime:0.000500s ]
INFO: Run Behavior\CheckLangBehavior [ RunTime:0.002322s ]
INFO: [ app_begin ] --END-- [ RunTime:0.002896s ]
NOTIC: [2] Declaration of Home\Controller\IapsController::_filter() should be compatible with Home\Controller\CController::_filter($alias = '') E:\Wnmp\noobird\Application\Home\Controller\IapsController.class.php 第 12 行.
SQL: SHOW COLUMNS FROM `iaps` [ RunTime:0.1171s ]
SQL: SELECT COUNT(I.id) AS tp_count FROM iaps I 
            LEFT JOIN applications A ON I.application_id=A.id
            LEFT JOIN developers D ON I.user_id=D.user_id
            LEFT JOIN users u ON I.user_id=u.id
          LIMIT 1   [ RunTime:0.1115s ]
NOTIC: [8] Undefined index: p E:\Wnmp\noobird\Application\Home\Controller\IapsController.class.php 第 45 行.
SQL: SELECT I.id,I.name,A.status,I.iap_key,I.pay_code,I.created,I.status,`application_id`,`app_id`,A.name AS app_name,D.company_name,u.username FROM iaps I 
            LEFT JOIN applications A ON I.application_id=A.id
            LEFT JOIN developers D ON I.user_id=D.user_id
            LEFT JOIN users u ON I.user_id=u.id
          ORDER BY A.status asc LIMIT 0,10   [ RunTime:0.0119s ]
SQL: SHOW COLUMNS FROM `developers` [ RunTime:0.0041s ]
SQL: SELECT D.user_id,`username`,`company_name` FROM developers D INNER JOIN users u ON D.user_id=u.id   [ RunTime:0.0004s ]
NOTIC: [8] Undefined index: user_id E:\Wnmp\noobird\Application\Home\View\Iaps\index.php 第 23 行.
NOTIC: [8] Undefined index: user_id E:\Wnmp\noobird\Application\Home\View\Iaps\index.php 第 23 行.
NOTIC: [8] Undefined index: user_id E:\Wnmp\noobird\Application\Home\View\Iaps\index.php 第 23 行.
NOTIC: [8] Undefined index: user_id E:\Wnmp\noobird\Application\Home\View\Iaps\index.php 第 23 行.
NOTIC: [8] Undefined index: user_id E:\Wnmp\noobird\Application\Home\View\Iaps\index.php 第 23 行.
NOTIC: [8] Undefined index: user_id E:\Wnmp\noobird\Application\Home\View\Iaps\index.php 第 23 行.
NOTIC: [8] Undefined index: user_id E:\Wnmp\noobird\Application\Home\View\Iaps\index.php 第 23 行.
NOTIC: [8] Undefined index: user_id E:\Wnmp\noobird\Application\Home\View\Iaps\index.php 第 23 行.
NOTIC: [8] Undefined index: user_id E:\Wnmp\noobird\Application\Home\View\Iaps\index.php 第 23 行.
NOTIC: [8] Undefined index: user_id E:\Wnmp\noobird\Application\Home\View\Iaps\index.php 第 23 行.
NOTIC: [8] Undefined index: user_id E:\Wnmp\noobird\Application\Home\View\Iaps\index.php 第 23 行.
NOTIC: [8] Undefined index: user_id E:\Wnmp\noobird\Application\Home\View\Iaps\index.php 第 23 行.
NOTIC: [8] Undefined index: user_id E:\Wnmp\noobird\Application\Home\View\Iaps\index.php 第 23 行.
INFO: [ view_filter ] --START--
INFO: Run Behavior\WriteHtmlCacheBehavior [ RunTime:0.000359s ]
INFO: [ view_filter ] --END-- [ RunTime:0.000393s ]
INFO: [ app_end ] --START--
INFO: Run Behavior\ShowPageTraceBehavior [ RunTime:0.000614s ]
INFO: [ app_end ] --END-- [ RunTime:0.000674s ]

[ 2015-12-11T16:14:19+08:00 ] 127.0.0.1 /Home/Statistics/index
INFO: [ app_init ] --START--
INFO: Run Behavior\BuildLiteBehavior [ RunTime:0.000009s ]
INFO: [ app_init ] --END-- [ RunTime:0.000368s ]
INFO: [ app_begin ] --START--
INFO: Run Behavior\ReadHtmlCacheBehavior [ RunTime:0.000466s ]
INFO: Run Behavior\CheckLangBehavior [ RunTime:0.003358s ]
INFO: [ app_begin ] --END-- [ RunTime:0.003907s ]
SQL: SHOW COLUMNS FROM `statistics` [ RunTime:0.0681s ]
SQL: SELECT COUNT(S.id) AS tp_count FROM statistics S 
            LEFT JOIN developers D ON S.user_id=D.user_id
            LEFT JOIN users u ON S.user_id=u.id
          WHERE S.status = 1 GROUP BY S.user_id LIMIT 1   [ RunTime:0.0148s ]
NOTIC: [8] Undefined index: p E:\Wnmp\noobird\Application\Home\Controller\StatisticsController.class.php 第 40 行.
SQL: SELECT SUM(fee) as total,u.username,D.company_name,S.user_id,S.status FROM statistics S 
            LEFT JOIN developers D ON S.user_id=D.user_id
            LEFT JOIN users u ON S.user_id=u.id
          WHERE S.status = 1 GROUP BY S.user_id ORDER BY `total` desc LIMIT 0,10   [ RunTime:0.0072s ]
NOTIC: [8] Undefined index: start E:\Wnmp\noobird\Application\Home\View\Statistics\index.php 第 20 行.
NOTIC: [8] Undefined index: end E:\Wnmp\noobird\Application\Home\View\Statistics\index.php 第 22 行.
INFO: [ view_filter ] --START--
INFO: Run Behavior\WriteHtmlCacheBehavior [ RunTime:0.000343s ]
INFO: [ view_filter ] --END-- [ RunTime:0.000377s ]
INFO: [ app_end ] --START--
INFO: Run Behavior\ShowPageTraceBehavior [ RunTime:0.000549s ]
INFO: [ app_end ] --END-- [ RunTime:0.000579s ]

[ 2015-12-11T16:14:20+08:00 ] 127.0.0.1 /Home/Statistics/statApp
INFO: [ app_init ] --START--
INFO: Run Behavior\BuildLiteBehavior [ RunTime:0.000015s ]
INFO: [ app_init ] --END-- [ RunTime:0.000562s ]
INFO: [ app_begin ] --START--
INFO: Run Behavior\ReadHtmlCacheBehavior [ RunTime:0.000710s ]
INFO: Run Behavior\CheckLangBehavior [ RunTime:0.002131s ]
INFO: [ app_begin ] --END-- [ RunTime:0.002919s ]
SQL: SHOW COLUMNS FROM `statistics` [ RunTime:0.0051s ]
SQL: SELECT COUNT(S.id) AS tp_count FROM statistics S 
            LEFT JOIN users u ON S.user_id=u.id
            LEFT JOIN applications A ON S.application_id=A.id
            LEFT JOIN developers D ON S.user_id=D.user_id
          WHERE S.status = 1 GROUP BY S.application_id LIMIT 1   [ RunTime:0.0009s ]
SQL: SHOW COLUMNS FROM `developers` [ RunTime:0.0039s ]
SQL: SELECT D.user_id,`username`,`company_name` FROM developers D INNER JOIN users u ON D.user_id=u.id   [ RunTime:0.0002s ]
NOTIC: [8] Undefined index: p E:\Wnmp\noobird\Application\Home\Controller\StatisticsController.class.php 第 198 行.
SQL: SELECT SUM(fee) AS total,S.application_id,A.name,A.app_key,D.company_name,u.username,A.user_id,A.id FROM statistics S 
            LEFT JOIN users u ON S.user_id=u.id
            LEFT JOIN applications A ON S.application_id=A.id
            LEFT JOIN developers D ON S.user_id=D.user_id
          WHERE S.status = 1 GROUP BY S.application_id ORDER BY `total` desc LIMIT 0,10   [ RunTime:0.0013s ]
NOTIC: [8] Undefined index: status E:\Wnmp\noobird\Application\Home\Model\CModel.class.php 第 24 行.
NOTIC: [8] Undefined index:  E:\Wnmp\noobird\Application\Home\Model\CModel.class.php 第 24 行.
NOTIC: [8] Undefined index: status E:\Wnmp\noobird\Application\Home\Model\CModel.class.php 第 24 行.
NOTIC: [8] Undefined index:  E:\Wnmp\noobird\Application\Home\Model\CModel.class.php 第 24 行.
NOTIC: [8] Undefined index: status E:\Wnmp\noobird\Application\Home\Model\CModel.class.php 第 24 行.
NOTIC: [8] Undefined index:  E:\Wnmp\noobird\Application\Home\Model\CModel.class.php 第 24 行.
NOTIC: [8] Undefined index: status E:\Wnmp\noobird\Application\Home\Model\CModel.class.php 第 24 行.
NOTIC: [8] Undefined index:  E:\Wnmp\noobird\Application\Home\Model\CModel.class.php 第 24 行.
NOTIC: [8] Undefined index: status E:\Wnmp\noobird\Application\Home\Model\CModel.class.php 第 24 行.
NOTIC: [8] Undefined index:  E:\Wnmp\noobird\Application\Home\Model\CModel.class.php 第 24 行.
NOTIC: [8] Undefined index: status E:\Wnmp\noobird\Application\Home\Model\CModel.class.php 第 24 行.
NOTIC: [8] Undefined index:  E:\Wnmp\noobird\Application\Home\Model\CModel.class.php 第 24 行.
NOTIC: [8] Undefined index: user_id E:\Wnmp\noobird\Application\Home\View\Statistics\statApp.php 第 23 行.
NOTIC: [8] Undefined index: user_id E:\Wnmp\noobird\Application\Home\View\Statistics\statApp.php 第 23 行.
NOTIC: [8] Undefined index: user_id E:\Wnmp\noobird\Application\Home\View\Statistics\statApp.php 第 23 行.
NOTIC: [8] Undefined index: user_id E:\Wnmp\noobird\Application\Home\View\Statistics\statApp.php 第 23 行.
NOTIC: [8] Undefined index: user_id E:\Wnmp\noobird\Application\Home\View\Statistics\statApp.php 第 23 行.
NOTIC: [8] Undefined index: user_id E:\Wnmp\noobird\Application\Home\View\Statistics\statApp.php 第 23 行.
NOTIC: [8] Undefined index: user_id E:\Wnmp\noobird\Application\Home\View\Statistics\statApp.php 第 23 行.
NOTIC: [8] Undefined index: user_id E:\Wnmp\noobird\Application\Home\View\Statistics\statApp.php 第 23 行.
NOTIC: [8] Undefined index: user_id E:\Wnmp\noobird\Application\Home\View\Statistics\statApp.php 第 23 行.
NOTIC: [8] Undefined index: user_id E:\Wnmp\noobird\Application\Home\View\Statistics\statApp.php 第 23 行.
NOTIC: [8] Undefined index: user_id E:\Wnmp\noobird\Application\Home\View\Statistics\statApp.php 第 23 行.
NOTIC: [8] Undefined index: user_id E:\Wnmp\noobird\Application\Home\View\Statistics\statApp.php 第 23 行.
NOTIC: [8] Undefined index: user_id E:\Wnmp\noobird\Application\Home\View\Statistics\statApp.php 第 23 行.
NOTIC: [8] Undefined index: start E:\Wnmp\noobird\Application\Home\View\Statistics\statApp.php 第 27 行.
NOTIC: [8] Undefined index: end E:\Wnmp\noobird\Application\Home\View\Statistics\statApp.php 第 29 行.
INFO: [ view_filter ] --START--
INFO: Run Behavior\WriteHtmlCacheBehavior [ RunTime:0.000361s ]
INFO: [ view_filter ] --END-- [ RunTime:0.000402s ]
INFO: [ app_end ] --START--
INFO: Run Behavior\ShowPageTraceBehavior [ RunTime:0.000848s ]
INFO: [ app_end ] --END-- [ RunTime:0.000907s ]

[ 2015-12-11T16:14:22+08:00 ] 127.0.0.1 /Home/Statistics/index
INFO: [ app_init ] --START--
INFO: Run Behavior\BuildLiteBehavior [ RunTime:0.000011s ]
INFO: [ app_init ] --END-- [ RunTime:0.000478s ]
INFO: [ app_begin ] --START--
INFO: Run Behavior\ReadHtmlCacheBehavior [ RunTime:0.000856s ]
INFO: Run Behavior\CheckLangBehavior [ RunTime:0.002718s ]
INFO: [ app_begin ] --END-- [ RunTime:0.003681s ]
SQL: SHOW COLUMNS FROM `statistics` [ RunTime:0.0040s ]
SQL: SELECT COUNT(S.id) AS tp_count FROM statistics S 
            LEFT JOIN developers D ON S.user_id=D.user_id
            LEFT JOIN users u ON S.user_id=u.id
          WHERE S.status = 1 GROUP BY S.user_id LIMIT 1   [ RunTime:0.0002s ]
NOTIC: [8] Undefined index: p E:\Wnmp\noobird\Application\Home\Controller\StatisticsController.class.php 第 40 行.
SQL: SELECT SUM(fee) as total,u.username,D.company_name,S.user_id,S.status FROM statistics S 
            LEFT JOIN developers D ON S.user_id=D.user_id
            LEFT JOIN users u ON S.user_id=u.id
          WHERE S.status = 1 GROUP BY S.user_id ORDER BY `total` desc LIMIT 0,10   [ RunTime:0.0002s ]
NOTIC: [8] Undefined index: start E:\Wnmp\noobird\Application\Home\View\Statistics\index.php 第 20 行.
NOTIC: [8] Undefined index: end E:\Wnmp\noobird\Application\Home\View\Statistics\index.php 第 22 行.
INFO: [ view_filter ] --START--
INFO: Run Behavior\WriteHtmlCacheBehavior [ RunTime:0.000333s ]
INFO: [ view_filter ] --END-- [ RunTime:0.000379s ]
INFO: [ app_end ] --START--
INFO: Run Behavior\ShowPageTraceBehavior [ RunTime:0.000518s ]
INFO: [ app_end ] --END-- [ RunTime:0.000548s ]

[ 2015-12-11T16:14:23+08:00 ] 127.0.0.1 /Home/Statistics/statIap
INFO: [ app_init ] --START--
INFO: Run Behavior\BuildLiteBehavior [ RunTime:0.000010s ]
INFO: [ app_init ] --END-- [ RunTime:0.000401s ]
INFO: [ app_begin ] --START--
INFO: Run Behavior\ReadHtmlCacheBehavior [ RunTime:0.000844s ]
INFO: Run Behavior\CheckLangBehavior [ RunTime:0.003099s ]
INFO: [ app_begin ] --END-- [ RunTime:0.004053s ]
SQL: SHOW COLUMNS FROM `statistics` [ RunTime:0.0044s ]
SQL: SELECT COUNT(S.id) AS tp_count FROM statistics S 
            LEFT JOIN users u ON S.user_id=u.id
            LEFT JOIN applications A ON S.application_id=A.id
            LEFT JOIN developers D ON S.user_id=D.user_id
            LEFT JOIN iaps I ON S.iap_id=I.id
          WHERE S.status = 1 GROUP BY S.iap_id LIMIT 1   [ RunTime:0.0215s ]
NOTIC: [8] Undefined index: p E:\Wnmp\noobird\Application\Home\Controller\StatisticsController.class.php 第 139 行.
SQL: SELECT SUM(S.fee) as total,S.application_id,A.name,A.app_id,D.company_name,u.username,A.user_id,I.name as iap_name,I.iap_key FROM statistics S 
            LEFT JOIN users u ON S.user_id=u.id
            LEFT JOIN applications A ON S.application_id=A.id
            LEFT JOIN developers D ON S.user_id=D.user_id
            LEFT JOIN iaps I ON S.iap_id=I.id
          WHERE S.status = 1 GROUP BY S.iap_id ORDER BY `total` desc LIMIT 0,10   [ RunTime:0.0013s ]
NOTIC: [8] Undefined index: status E:\Wnmp\noobird\Application\Home\Model\CModel.class.php 第 24 行.
NOTIC: [8] Undefined index:  E:\Wnmp\noobird\Application\Home\Model\CModel.class.php 第 24 行.
NOTIC: [8] Undefined index: status E:\Wnmp\noobird\Application\Home\Model\CModel.class.php 第 24 行.
NOTIC: [8] Undefined index:  E:\Wnmp\noobird\Application\Home\Model\CModel.class.php 第 24 行.
NOTIC: [8] Undefined index: status E:\Wnmp\noobird\Application\Home\Model\CModel.class.php 第 24 行.
NOTIC: [8] Undefined index:  E:\Wnmp\noobird\Application\Home\Model\CModel.class.php 第 24 行.
NOTIC: [8] Undefined index: status E:\Wnmp\noobird\Application\Home\Model\CModel.class.php 第 24 行.
NOTIC: [8] Undefined index:  E:\Wnmp\noobird\Application\Home\Model\CModel.class.php 第 24 行.
NOTIC: [8] Undefined index: status E:\Wnmp\noobird\Application\Home\Model\CModel.class.php 第 24 行.
NOTIC: [8] Undefined index:  E:\Wnmp\noobird\Application\Home\Model\CModel.class.php 第 24 行.
NOTIC: [8] Undefined index: status E:\Wnmp\noobird\Application\Home\Model\CModel.class.php 第 24 行.
NOTIC: [8] Undefined index:  E:\Wnmp\noobird\Application\Home\Model\CModel.class.php 第 24 行.
NOTIC: [8] Undefined index: status E:\Wnmp\noobird\Application\Home\Model\CModel.class.php 第 24 行.
NOTIC: [8] Undefined index:  E:\Wnmp\noobird\Application\Home\Model\CModel.class.php 第 24 行.
NOTIC: [8] Undefined index: status E:\Wnmp\noobird\Application\Home\Model\CModel.class.php 第 24 行.
NOTIC: [8] Undefined index:  E:\Wnmp\noobird\Application\Home\Model\CModel.class.php 第 24 行.
NOTIC: [8] Undefined index: status E:\Wnmp\noobird\Application\Home\Model\CModel.class.php 第 24 行.
NOTIC: [8] Undefined index:  E:\Wnmp\noobird\Application\Home\Model\CModel.class.php 第 24 行.
NOTIC: [8] Undefined index: status E:\Wnmp\noobird\Application\Home\Model\CModel.class.php 第 24 行.
NOTIC: [8] Undefined index:  E:\Wnmp\noobird\Application\Home\Model\CModel.class.php 第 24 行.
SQL: SHOW COLUMNS FROM `developers` [ RunTime:0.0037s ]
SQL: SELECT D.user_id,`username`,`company_name` FROM developers D INNER JOIN users u ON D.user_id=u.id   [ RunTime:0.0002s ]
SQL: SHOW COLUMNS FROM `applications` [ RunTime:0.0040s ]
SQL: SELECT `id`,`name` FROM `applications`  [ RunTime:0.0004s ]
NOTIC: [8] Undefined index: user_id E:\Wnmp\noobird\Application\Home\View\Statistics\statIap.php 第 24 行.
NOTIC: [8] Undefined index: user_id E:\Wnmp\noobird\Application\Home\View\Statistics\statIap.php 第 24 行.
NOTIC: [8] Undefined index: user_id E:\Wnmp\noobird\Application\Home\View\Statistics\statIap.php 第 24 行.
NOTIC: [8] Undefined index: user_id E:\Wnmp\noobird\Application\Home\View\Statistics\statIap.php 第 24 行.
NOTIC: [8] Undefined index: user_id E:\Wnmp\noobird\Application\Home\View\Statistics\statIap.php 第 24 行.
NOTIC: [8] Undefined index: user_id E:\Wnmp\noobird\Application\Home\View\Statistics\statIap.php 第 24 行.
NOTIC: [8] Undefined index: user_id E:\Wnmp\noobird\Application\Home\View\Statistics\statIap.php 第 24 行.
NOTIC: [8] Undefined index: user_id E:\Wnmp\noobird\Application\Home\View\Statistics\statIap.php 第 24 行.
NOTIC: [8] Undefined index: user_id E:\Wnmp\noobird\Application\Home\View\Statistics\statIap.php 第 24 行.
NOTIC: [8] Undefined index: user_id E:\Wnmp\noobird\Application\Home\View\Statistics\statIap.php 第 24 行.
NOTIC: [8] Undefined index: user_id E:\Wnmp\noobird\Application\Home\View\Statistics\statIap.php 第 24 行.
NOTIC: [8] Undefined index: user_id E:\Wnmp\noobird\Application\Home\View\Statistics\statIap.php 第 24 行.
NOTIC: [8] Undefined index: user_id E:\Wnmp\noobird\Application\Home\View\Statistics\statIap.php 第 24 行.
NOTIC: [8] Undefined index: start E:\Wnmp\noobird\Application\Home\View\Statistics\statIap.php 第 33 行.
NOTIC: [8] Undefined index: end E:\Wnmp\noobird\Application\Home\View\Statistics\statIap.php 第 35 行.
INFO: [ view_filter ] --START--
INFO: Run Behavior\WriteHtmlCacheBehavior [ RunTime:0.000355s ]
INFO: [ view_filter ] --END-- [ RunTime:0.000389s ]
INFO: [ app_end ] --START--
INFO: Run Behavior\ShowPageTraceBehavior [ RunTime:0.000720s ]
INFO: [ app_end ] --END-- [ RunTime:0.000793s ]

[ 2015-12-11T16:14:24+08:00 ] 127.0.0.1 /Home/Statistics/statDetail
INFO: [ app_init ] --START--
INFO: Run Behavior\BuildLiteBehavior [ RunTime:0.000009s ]
INFO: [ app_init ] --END-- [ RunTime:0.000454s ]
INFO: [ app_begin ] --START--
INFO: Run Behavior\ReadHtmlCacheBehavior [ RunTime:0.000539s ]
INFO: Run Behavior\CheckLangBehavior [ RunTime:0.001960s ]
INFO: [ app_begin ] --END-- [ RunTime:0.002577s ]
SQL: SHOW COLUMNS FROM `statistics` [ RunTime:0.0040s ]
SQL: SELECT COUNT(S.id) AS tp_count FROM statistics S 
            LEFT JOIN users u ON S.user_id=u.id
            LEFT JOIN applications A ON S.application_id=A.id
            LEFT JOIN developers D ON S.user_id=D.user_id
            LEFT JOIN iaps I ON S.iap_id=I.id
          WHERE S.status > 0 LIMIT 1   [ RunTime:0.0010s ]
NOTIC: [8] Undefined index: p E:\Wnmp\noobird\Application\Home\Controller\StatisticsController.class.php 第 88 行.
SQL: SELECT S.mobile,S.application_id,S.created,S.fee,S.status,S.client_status,S.operator,A.name,D.company_name,u.username,A.app_id,S.user_id,I.name as iap_name,I.iap_key FROM statistics S 
            LEFT JOIN users u ON S.user_id=u.id
            LEFT JOIN applications A ON S.application_id=A.id
            LEFT JOIN developers D ON S.user_id=D.user_id
            LEFT JOIN iaps I ON S.iap_id=I.id
          WHERE S.status > 0 ORDER BY `created` desc LIMIT 0,10   [ RunTime:0.0011s ]
SQL: SHOW COLUMNS FROM `developers` [ RunTime:0.0043s ]
SQL: SELECT D.user_id,`username`,`company_name` FROM developers D INNER JOIN users u ON D.user_id=u.id   [ RunTime:0.0002s ]
SQL: SHOW COLUMNS FROM `applications` [ RunTime:0.0037s ]
SQL: SELECT `id`,`name` FROM `applications`  [ RunTime:0.0002s ]
NOTIC: [8] Undefined index: userId E:\Wnmp\noobird\Application\Home\View\Statistics\statDetail.php 第 23 行.
NOTIC: [8] Undefined index: userId E:\Wnmp\noobird\Application\Home\View\Statistics\statDetail.php 第 23 行.
NOTIC: [8] Undefined index: userId E:\Wnmp\noobird\Application\Home\View\Statistics\statDetail.php 第 23 行.
NOTIC: [8] Undefined index: userId E:\Wnmp\noobird\Application\Home\View\Statistics\statDetail.php 第 23 行.
NOTIC: [8] Undefined index: userId E:\Wnmp\noobird\Application\Home\View\Statistics\statDetail.php 第 23 行.
NOTIC: [8] Undefined index: userId E:\Wnmp\noobird\Application\Home\View\Statistics\statDetail.php 第 23 行.
NOTIC: [8] Undefined index: userId E:\Wnmp\noobird\Application\Home\View\Statistics\statDetail.php 第 23 行.
NOTIC: [8] Undefined index: userId E:\Wnmp\noobird\Application\Home\View\Statistics\statDetail.php 第 23 行.
NOTIC: [8] Undefined index: userId E:\Wnmp\noobird\Application\Home\View\Statistics\statDetail.php 第 23 行.
NOTIC: [8] Undefined index: userId E:\Wnmp\noobird\Application\Home\View\Statistics\statDetail.php 第 23 行.
NOTIC: [8] Undefined index: userId E:\Wnmp\noobird\Application\Home\View\Statistics\statDetail.php 第 23 行.
NOTIC: [8] Undefined index: userId E:\Wnmp\noobird\Application\Home\View\Statistics\statDetail.php 第 23 行.
NOTIC: [8] Undefined index: userId E:\Wnmp\noobird\Application\Home\View\Statistics\statDetail.php 第 23 行.
NOTIC: [8] Undefined index: appId E:\Wnmp\noobird\Application\Home\View\Statistics\statDetail.php 第 31 行.
NOTIC: [8] Undefined index: appId E:\Wnmp\noobird\Application\Home\View\Statistics\statDetail.php 第 31 行.
NOTIC: [8] Undefined index: appId E:\Wnmp\noobird\Application\Home\View\Statistics\statDetail.php 第 31 行.
NOTIC: [8] Undefined index: appId E:\Wnmp\noobird\Application\Home\View\Statistics\statDetail.php 第 31 行.
NOTIC: [8] Undefined index: appId E:\Wnmp\noobird\Application\Home\View\Statistics\statDetail.php 第 31 行.
NOTIC: [8] Undefined index: appId E:\Wnmp\noobird\Application\Home\View\Statistics\statDetail.php 第 31 行.
NOTIC: [8] Undefined index: appId E:\Wnmp\noobird\Application\Home\View\Statistics\statDetail.php 第 31 行.
NOTIC: [8] Undefined index: appId E:\Wnmp\noobird\Application\Home\View\Statistics\statDetail.php 第 31 行.
NOTIC: [8] Undefined index: appId E:\Wnmp\noobird\Application\Home\View\Statistics\statDetail.php 第 31 行.
NOTIC: [8] Undefined index: appId E:\Wnmp\noobird\Application\Home\View\Statistics\statDetail.php 第 31 行.
NOTIC: [8] Undefined index: appId E:\Wnmp\noobird\Application\Home\View\Statistics\statDetail.php 第 31 行.
NOTIC: [8] Undefined index: appId E:\Wnmp\noobird\Application\Home\View\Statistics\statDetail.php 第 31 行.
NOTIC: [8] Undefined index: appId E:\Wnmp\noobird\Application\Home\View\Statistics\statDetail.php 第 31 行.
NOTIC: [8] Undefined index: appId E:\Wnmp\noobird\Application\Home\View\Statistics\statDetail.php 第 31 行.
NOTIC: [8] Undefined index: appId E:\Wnmp\noobird\Application\Home\View\Statistics\statDetail.php 第 31 行.
NOTIC: [8] Undefined index: appId E:\Wnmp\noobird\Application\Home\View\Statistics\statDetail.php 第 31 行.
NOTIC: [8] Undefined index: appId E:\Wnmp\noobird\Application\Home\View\Statistics\statDetail.php 第 31 行.
NOTIC: [8] Undefined index: appId E:\Wnmp\noobird\Application\Home\View\Statistics\statDetail.php 第 31 行.
NOTIC: [8] Undefined index: appId E:\Wnmp\noobird\Application\Home\View\Statistics\statDetail.php 第 31 行.
NOTIC: [8] Undefined index: appId E:\Wnmp\noobird\Application\Home\View\Statistics\statDetail.php 第 31 行.
NOTIC: [8] Undefined index: appId E:\Wnmp\noobird\Application\Home\View\Statistics\statDetail.php 第 31 行.
NOTIC: [8] Undefined index: appId E:\Wnmp\noobird\Application\Home\View\Statistics\statDetail.php 第 31 行.
NOTIC: [8] Undefined index: appId E:\Wnmp\noobird\Application\Home\View\Statistics\statDetail.php 第 31 行.
NOTIC: [8] Undefined index: appId E:\Wnmp\noobird\Application\Home\View\Statistics\statDetail.php 第 31 行.
NOTIC: [8] Undefined index: start E:\Wnmp\noobird\Application\Home\View\Statistics\statDetail.php 第 35 行.
NOTIC: [8] Undefined index: end E:\Wnmp\noobird\Application\Home\View\Statistics\statDetail.php 第 37 行.
INFO: [ view_filter ] --START--
INFO: Run Behavior\WriteHtmlCacheBehavior [ RunTime:0.000346s ]
INFO: [ view_filter ] --END-- [ RunTime:0.000381s ]
INFO: [ app_end ] --START--
INFO: Run Behavior\ShowPageTraceBehavior [ RunTime:0.001026s ]
INFO: [ app_end ] --END-- [ RunTime:0.001126s ]

[ 2015-12-11T16:14:25+08:00 ] 127.0.0.1 /Home/Fees/index.html
INFO: [ app_init ] --START--
INFO: Run Behavior\BuildLiteBehavior [ RunTime:0.000009s ]
INFO: [ app_init ] --END-- [ RunTime:0.000396s ]
INFO: [ app_begin ] --START--
INFO: Run Behavior\ReadHtmlCacheBehavior [ RunTime:0.000523s ]
INFO: Run Behavior\CheckLangBehavior [ RunTime:0.001881s ]
INFO: [ app_begin ] --END-- [ RunTime:0.002459s ]
SQL: SHOW COLUMNS FROM `fees` [ RunTime:0.0037s ]
SQL: SELECT COUNT(id) AS tp_count FROM `fees` WHERE `status` > 0 LIMIT 1   [ RunTime:0.0002s ]
NOTIC: [8] Undefined index: p E:\Wnmp\noobird\Application\Home\Controller\CController.class.php 第 175 行.
SQL: SELECT * FROM `fees` WHERE `status` > 0 ORDER BY `id` asc LIMIT 0,10   [ RunTime:0.0002s ]
INFO: [ view_filter ] --START--
INFO: Run Behavior\WriteHtmlCacheBehavior [ RunTime:0.000415s ]
INFO: [ view_filter ] --END-- [ RunTime:0.000469s ]
INFO: [ app_end ] --START--
INFO: Run Behavior\ShowPageTraceBehavior [ RunTime:0.000624s ]
INFO: [ app_end ] --END-- [ RunTime:0.000675s ]

[ 2015-12-11T16:14:29+08:00 ] 127.0.0.1 /Home/Admin/logout
INFO: [ app_init ] --START--
INFO: Run Behavior\BuildLiteBehavior [ RunTime:0.000010s ]
INFO: [ app_init ] --END-- [ RunTime:0.000400s ]
INFO: [ app_begin ] --START--
INFO: Run Behavior\ReadHtmlCacheBehavior [ RunTime:0.000664s ]
INFO: Run Behavior\CheckLangBehavior [ RunTime:0.002083s ]
INFO: [ app_begin ] --END-- [ RunTime:0.002847s ]

[ 2015-12-11T16:14:29+08:00 ] 127.0.0.1 /Home/Users/loginAdmin.html
INFO: [ app_init ] --START--
INFO: Run Behavior\BuildLiteBehavior [ RunTime:0.000012s ]
INFO: [ app_init ] --END-- [ RunTime:0.000508s ]
INFO: [ app_begin ] --START--
INFO: Run Behavior\ReadHtmlCacheBehavior [ RunTime:0.000732s ]
INFO: Run Behavior\CheckLangBehavior [ RunTime:0.002609s ]
INFO: [ app_begin ] --END-- [ RunTime:0.003446s ]
INFO: [ view_filter ] --START--
INFO: Run Behavior\WriteHtmlCacheBehavior [ RunTime:0.000392s ]
INFO: [ view_filter ] --END-- [ RunTime:0.000441s ]
INFO: [ app_end ] --START--
INFO: Run Behavior\ShowPageTraceBehavior [ RunTime:0.000645s ]
INFO: [ app_end ] --END-- [ RunTime:0.000680s ]

[ 2015-12-11T16:15:30+08:00 ] 127.0.0.1 /Home/Users/loginAdmin
INFO: [ app_init ] --START--
INFO: Run Behavior\BuildLiteBehavior [ RunTime:0.000022s ]
INFO: [ app_init ] --END-- [ RunTime:0.000761s ]
INFO: [ app_begin ] --START--
INFO: Run Behavior\ReadHtmlCacheBehavior [ RunTime:0.001021s ]
INFO: Run Behavior\CheckLangBehavior [ RunTime:0.003808s ]
INFO: [ app_begin ] --END-- [ RunTime:0.004961s ]
SQL: SHOW COLUMNS FROM `users` [ RunTime:0.0744s ]
SQL: SELECT * FROM `users` WHERE `username` = '' LIMIT 1   [ RunTime:0.0189s ]
INFO: [ view_filter ] --START--
INFO: Run Behavior\WriteHtmlCacheBehavior [ RunTime:0.001612s ]
INFO: [ view_filter ] --END-- [ RunTime:0.001761s ]

[ 2015-12-11T16:16:05+08:00 ] 127.0.0.1 /Home/Users/loginAdmin
INFO: [ app_init ] --START--
INFO: Run Behavior\BuildLiteBehavior [ RunTime:0.000021s ]
INFO: [ app_init ] --END-- [ RunTime:0.000756s ]
INFO: [ app_begin ] --START--
INFO: Run Behavior\ReadHtmlCacheBehavior [ RunTime:0.000735s ]
INFO: Run Behavior\CheckLangBehavior [ RunTime:0.002246s ]
INFO: [ app_begin ] --END-- [ RunTime:0.003065s ]
SQL: SHOW COLUMNS FROM `users` [ RunTime:0.0558s ]
SQL: SELECT * FROM `users` WHERE `username` = '' LIMIT 1   [ RunTime:0.0132s ]
INFO: [ view_filter ] --START--
INFO: Run Behavior\WriteHtmlCacheBehavior [ RunTime:0.000524s ]
INFO: [ view_filter ] --END-- [ RunTime:0.000570s ]

[ 2015-12-11T16:16:10+08:00 ] 127.0.0.1 /
INFO: [ app_init ] --START--
INFO: Run Behavior\BuildLiteBehavior [ RunTime:0.000012s ]
INFO: [ app_init ] --END-- [ RunTime:0.000427s ]
INFO: [ app_begin ] --START--
INFO: Run Behavior\ReadHtmlCacheBehavior [ RunTime:0.000667s ]
INFO: Run Behavior\CheckLangBehavior [ RunTime:0.002086s ]
INFO: [ app_begin ] --END-- [ RunTime:0.002831s ]
INFO: [ view_filter ] --START--
INFO: Run Behavior\WriteHtmlCacheBehavior [ RunTime:0.000388s ]
INFO: [ view_filter ] --END-- [ RunTime:0.000438s ]
INFO: [ app_end ] --START--
INFO: Run Behavior\ShowPageTraceBehavior [ RunTime:0.000630s ]
INFO: [ app_end ] --END-- [ RunTime:0.000672s ]

[ 2015-12-11T16:21:34+08:00 ] 127.0.0.1 /Home/Users/loginAdmin
INFO: [ app_init ] --START--
INFO: Run Behavior\BuildLiteBehavior [ RunTime:0.000014s ]
INFO: [ app_init ] --END-- [ RunTime:0.000518s ]
INFO: [ app_begin ] --START--
INFO: Run Behavior\ReadHtmlCacheBehavior [ RunTime:0.000570s ]
INFO: Run Behavior\CheckLangBehavior [ RunTime:0.002121s ]
INFO: [ app_begin ] --END-- [ RunTime:0.002755s ]
SQL: SHOW COLUMNS FROM `users` [ RunTime:0.0711s ]
SQL: SELECT * FROM `users` WHERE `username` = '' LIMIT 1   [ RunTime:0.0112s ]
INFO: [ view_filter ] --START--
INFO: Run Behavior\WriteHtmlCacheBehavior [ RunTime:0.000928s ]
INFO: [ view_filter ] --END-- [ RunTime:0.001023s ]

