[ 2015-08-15T21:13:02+08:00 ] 127.0.0.1 /HomeIndex/enrollList/id/5024ac41ca094b21808f0003b067780a/raceType/3
INFO: [ app_init ] --START--
INFO: Run Behavior\BuildLiteBehavior [ RunTime:0.000031s ]
INFO: [ app_init ] --END-- [ RunTime:0.000702s ]
ERR: 无法加载模块:HomeIndex

[ 2015-08-15T21:13:05+08:00 ] 127.0.0.1 /HomeIndex/enrollList/id/5024ac41ca094b21808f0003b067780a/raceType/3
INFO: [ app_init ] --START--
INFO: Run Behavior\BuildLiteBehavior [ RunTime:0.000029s ]
INFO: [ app_init ] --END-- [ RunTime:0.000564s ]
ERR: 无法加载模块:HomeIndex

[ 2015-08-15T21:13:14+08:00 ] 127.0.0.1 /HomeIndex/enrollList/id/5024ac41ca094b21808f0003b067780a/raceType/3
INFO: [ app_init ] --START--
INFO: Run Behavior\BuildLiteBehavior [ RunTime:0.000045s ]
INFO: [ app_init ] --END-- [ RunTime:0.000595s ]
ERR: 无法加载模块:HomeIndex

[ 2015-08-15T22:12:45+08:00 ] 127.0.0.1 /GameRound/robin/id/5024ac41ca094b21808f0003b067780a?eventStageNo=1&eventSystemNo=1&status=-1&eventSystemId=cd0250c810fe4b039bce2070a9e62b90
INFO: [ app_init ] --START--
INFO: Run Behavior\BuildLiteBehavior [ RunTime:0.000032s ]
INFO: [ app_init ] --END-- [ RunTime:0.000583s ]
ERR: 无法加载模块:GameRound

