[ 2015-10-14T12:13:39+08:00 ] 192.168.1.126 /Public/img/blueBtn.png
INFO: [ app_init ] --START--
INFO: Run Behavior\BuildLiteBehavior [ RunTime:0.000077s ]
INFO: [ app_init ] --END-- [ RunTime:0.001225s ]
ERR: 无法加载模块:Public

[ 2015-10-14T12:13:39+08:00 ] 192.168.1.126 /Public/img1/bg.png
INFO: [ app_init ] --START--
INFO: Run Behavior\BuildLiteBehavior [ RunTime:0.000080s ]
INFO: [ app_init ] --END-- [ RunTime:0.001434s ]
ERR: 无法加载模块:Public

[ 2015-10-14T12:13:40+08:00 ] 192.168.1.126 /favicon.ico
INFO: [ app_init ] --START--
INFO: Run Behavior\BuildLiteBehavior [ RunTime:0.000088s ]
INFO: [ app_init ] --END-- [ RunTime:0.001185s ]
ERR: 无法加载模块:Favicon

[ 2015-10-14T12:13:40+08:00 ] 192.168.1.126 /favicon.ico
INFO: [ app_init ] --START--
INFO: Run Behavior\BuildLiteBehavior [ RunTime:0.000085s ]
INFO: [ app_init ] --END-- [ RunTime:0.001083s ]
ERR: 无法加载模块:Favicon

[ 2015-10-14T12:19:42+08:00 ] 192.168.1.126 /Public/img/icon-calendar.png
INFO: [ app_init ] --START--
INFO: Run Behavior\BuildLiteBehavior [ RunTime:0.000056s ]
INFO: [ app_init ] --END-- [ RunTime:0.000832s ]
ERR: 无法加载模块:Public

[ 2015-10-14T12:19:42+08:00 ] 192.168.1.126 /Public/img/calendar_arrows.png
INFO: [ app_init ] --START--
INFO: Run Behavior\BuildLiteBehavior [ RunTime:0.000176s ]
INFO: [ app_init ] --END-- [ RunTime:0.001049s ]
ERR: 无法加载模块:Public

[ 2015-10-14T14:12:39+08:00 ] 192.168.1.126 /Public/img1/bg.png
INFO: [ app_init ] --START--
INFO: Run Behavior\BuildLiteBehavior [ RunTime:0.000041s ]
INFO: [ app_init ] --END-- [ RunTime:0.000953s ]
ERR: 无法加载模块:Public

[ 2015-10-14T14:12:39+08:00 ] 192.168.1.126 /Public/img/blueBtn.png
INFO: [ app_init ] --START--
INFO: Run Behavior\BuildLiteBehavior [ RunTime:0.000044s ]
INFO: [ app_init ] --END-- [ RunTime:0.000970s ]
ERR: 无法加载模块:Public

[ 2015-10-14T14:12:39+08:00 ] 192.168.1.126 /favicon.ico
INFO: [ app_init ] --START--
INFO: Run Behavior\BuildLiteBehavior [ RunTime:0.000051s ]
INFO: [ app_init ] --END-- [ RunTime:0.001558s ]
ERR: 无法加载模块:Favicon

[ 2015-10-14T14:12:39+08:00 ] 192.168.1.126 /favicon.ico
INFO: [ app_init ] --START--
INFO: Run Behavior\BuildLiteBehavior [ RunTime:0.000035s ]
INFO: [ app_init ] --END-- [ RunTime:0.000956s ]
ERR: 无法加载模块:Favicon

[ 2015-10-14T14:12:42+08:00 ] 192.168.1.126 /Public/img1/bg.png
INFO: [ app_init ] --START--
INFO: Run Behavior\BuildLiteBehavior [ RunTime:0.000030s ]
INFO: [ app_init ] --END-- [ RunTime:0.000967s ]
ERR: 无法加载模块:Public

[ 2015-10-14T14:12:42+08:00 ] 192.168.1.126 /Public/img/blueBtn.png
INFO: [ app_init ] --START--
INFO: Run Behavior\BuildLiteBehavior [ RunTime:0.000028s ]
INFO: [ app_init ] --END-- [ RunTime:0.000804s ]
ERR: 无法加载模块:Public

[ 2015-10-14T14:57:14+08:00 ] 192.168.1.126 /Public/img/icon-calendar.png
INFO: [ app_init ] --START--
INFO: Run Behavior\BuildLiteBehavior [ RunTime:0.000027s ]
INFO: [ app_init ] --END-- [ RunTime:0.000714s ]
ERR: 无法加载模块:Public

[ 2015-10-14T14:57:14+08:00 ] 192.168.1.126 /Public/img/calendar_arrows.png
INFO: [ app_init ] --START--
INFO: Run Behavior\BuildLiteBehavior [ RunTime:0.000028s ]
INFO: [ app_init ] --END-- [ RunTime:0.000803s ]
ERR: 无法加载模块:Public

[ 2015-10-14T14:57:18+08:00 ] 192.168.1.126 /Public/img/icon-calendar.png
INFO: [ app_init ] --START--
INFO: Run Behavior\BuildLiteBehavior [ RunTime:0.000159s ]
INFO: [ app_init ] --END-- [ RunTime:0.001702s ]
ERR: 无法加载模块:Public

[ 2015-10-14T14:57:18+08:00 ] 192.168.1.126 /Public/img/calendar_arrows.png
INFO: [ app_init ] --START--
INFO: Run Behavior\BuildLiteBehavior [ RunTime:0.000028s ]
INFO: [ app_init ] --END-- [ RunTime:0.000712s ]
ERR: 无法加载模块:Public

[ 2015-10-14T14:57:49+08:00 ] 192.168.1.126 /Public/img/icon-calendar.png
INFO: [ app_init ] --START--
INFO: Run Behavior\BuildLiteBehavior [ RunTime:0.000028s ]
INFO: [ app_init ] --END-- [ RunTime:0.000748s ]
ERR: 无法加载模块:Public

[ 2015-10-14T14:57:49+08:00 ] 192.168.1.126 /Public/img/calendar_arrows.png
INFO: [ app_init ] --START--
INFO: Run Behavior\BuildLiteBehavior [ RunTime:0.000028s ]
INFO: [ app_init ] --END-- [ RunTime:0.000800s ]
ERR: 无法加载模块:Public

[ 2015-10-14T14:57:50+08:00 ] 192.168.1.126 /Public/img/icon-calendar.png
INFO: [ app_init ] --START--
INFO: Run Behavior\BuildLiteBehavior [ RunTime:0.000042s ]
INFO: [ app_init ] --END-- [ RunTime:0.001192s ]
ERR: 无法加载模块:Public

[ 2015-10-14T14:57:50+08:00 ] 192.168.1.126 /Public/img/calendar_arrows.png
INFO: [ app_init ] --START--
INFO: Run Behavior\BuildLiteBehavior [ RunTime:0.000073s ]
INFO: [ app_init ] --END-- [ RunTime:0.002271s ]
ERR: 无法加载模块:Public

[ 2015-10-14T14:58:16+08:00 ] 192.168.1.126 /Public/img/icon-calendar.png
INFO: [ app_init ] --START--
INFO: Run Behavior\BuildLiteBehavior [ RunTime:0.000029s ]
INFO: [ app_init ] --END-- [ RunTime:0.000822s ]
ERR: 无法加载模块:Public

[ 2015-10-14T14:58:16+08:00 ] 192.168.1.126 /Public/img/calendar_arrows.png
INFO: [ app_init ] --START--
INFO: Run Behavior\BuildLiteBehavior [ RunTime:0.000096s ]
INFO: [ app_init ] --END-- [ RunTime:0.001497s ]
ERR: 无法加载模块:Public

[ 2015-10-14T14:58:47+08:00 ] 192.168.1.126 /Public/img/icon-calendar.png
INFO: [ app_init ] --START--
INFO: Run Behavior\BuildLiteBehavior [ RunTime:0.000029s ]
INFO: [ app_init ] --END-- [ RunTime:0.000716s ]
ERR: 无法加载模块:Public

[ 2015-10-14T14:58:47+08:00 ] 192.168.1.126 /Public/img/calendar_arrows.png
INFO: [ app_init ] --START--
INFO: Run Behavior\BuildLiteBehavior [ RunTime:0.000040s ]
INFO: [ app_init ] --END-- [ RunTime:0.000882s ]
ERR: 无法加载模块:Public

[ 2015-10-14T14:58:53+08:00 ] 192.168.1.126 /Public/img/icon-calendar.png
INFO: [ app_init ] --START--
INFO: Run Behavior\BuildLiteBehavior [ RunTime:0.000057s ]
INFO: [ app_init ] --END-- [ RunTime:0.005958s ]
ERR: 无法加载模块:Public

[ 2015-10-14T14:58:53+08:00 ] 192.168.1.126 /Public/img/calendar_arrows.png
INFO: [ app_init ] --START--
INFO: Run Behavior\BuildLiteBehavior [ RunTime:0.000029s ]
INFO: [ app_init ] --END-- [ RunTime:0.000965s ]
ERR: 无法加载模块:Public

[ 2015-10-14T15:21:43+08:00 ] 192.168.1.126 /Public/img/icon-calendar.png
INFO: [ app_init ] --START--
INFO: Run Behavior\BuildLiteBehavior [ RunTime:0.000033s ]
INFO: [ app_init ] --END-- [ RunTime:0.028416s ]
ERR: 无法加载模块:Public

[ 2015-10-14T15:21:43+08:00 ] 192.168.1.126 /Public/img/calendar_arrows.png
INFO: [ app_init ] --START--
INFO: Run Behavior\BuildLiteBehavior [ RunTime:0.000028s ]
INFO: [ app_init ] --END-- [ RunTime:0.000842s ]
ERR: 无法加载模块:Public

[ 2015-10-14T15:22:35+08:00 ] 192.168.1.126 /Public/img/icon-calendar.png
INFO: [ app_init ] --START--
INFO: Run Behavior\BuildLiteBehavior [ RunTime:0.000031s ]
INFO: [ app_init ] --END-- [ RunTime:0.001044s ]
ERR: 无法加载模块:Public

[ 2015-10-14T15:22:35+08:00 ] 192.168.1.126 /Public/img/calendar_arrows.png
INFO: [ app_init ] --START--
INFO: Run Behavior\BuildLiteBehavior [ RunTime:0.000051s ]
INFO: [ app_init ] --END-- [ RunTime:0.002184s ]
ERR: 无法加载模块:Public

[ 2015-10-14T15:23:26+08:00 ] 192.168.1.126 /Public/img/calendar_arrows.png
INFO: [ app_init ] --START--
INFO: Run Behavior\BuildLiteBehavior [ RunTime:0.000028s ]
INFO: [ app_init ] --END-- [ RunTime:0.000803s ]
ERR: 无法加载模块:Public

[ 2015-10-14T15:23:26+08:00 ] 192.168.1.126 /Public/img/icon-calendar.png
INFO: [ app_init ] --START--
INFO: Run Behavior\BuildLiteBehavior [ RunTime:0.000029s ]
INFO: [ app_init ] --END-- [ RunTime:0.000746s ]
ERR: 无法加载模块:Public

[ 2015-10-14T15:23:30+08:00 ] 192.168.1.126 /Public/img/icon-calendar.png
INFO: [ app_init ] --START--
INFO: Run Behavior\BuildLiteBehavior [ RunTime:0.003217s ]
INFO: [ app_init ] --END-- [ RunTime:0.004038s ]
ERR: 无法加载模块:Public

[ 2015-10-14T15:23:30+08:00 ] 192.168.1.126 /Public/img/calendar_arrows.png
INFO: [ app_init ] --START--
INFO: Run Behavior\BuildLiteBehavior [ RunTime:0.000100s ]
INFO: [ app_init ] --END-- [ RunTime:0.001782s ]
ERR: 无法加载模块:Public

[ 2015-10-14T15:23:36+08:00 ] 192.168.1.126 /Public/img/calendar_arrows.png
INFO: [ app_init ] --START--
INFO: Run Behavior\BuildLiteBehavior [ RunTime:0.000042s ]
INFO: [ app_init ] --END-- [ RunTime:0.001159s ]
ERR: 无法加载模块:Public

[ 2015-10-14T15:23:36+08:00 ] 192.168.1.126 /Public/img/icon-calendar.png
INFO: [ app_init ] --START--
INFO: Run Behavior\BuildLiteBehavior [ RunTime:0.000030s ]
INFO: [ app_init ] --END-- [ RunTime:0.000835s ]
ERR: 无法加载模块:Public

[ 2015-10-14T15:23:38+08:00 ] 192.168.1.126 /Public/img/calendar_arrows.png
INFO: [ app_init ] --START--
INFO: Run Behavior\BuildLiteBehavior [ RunTime:0.000028s ]
INFO: [ app_init ] --END-- [ RunTime:0.000850s ]
ERR: 无法加载模块:Public

[ 2015-10-14T15:23:38+08:00 ] 192.168.1.126 /Public/img/icon-calendar.png
INFO: [ app_init ] --START--
INFO: Run Behavior\BuildLiteBehavior [ RunTime:0.000672s ]
INFO: [ app_init ] --END-- [ RunTime:0.004400s ]
ERR: 无法加载模块:Public

[ 2015-10-14T15:24:51+08:00 ] 192.168.1.126 /Public/img/icon-calendar.png
INFO: [ app_init ] --START--
INFO: Run Behavior\BuildLiteBehavior [ RunTime:0.000031s ]
INFO: [ app_init ] --END-- [ RunTime:0.001011s ]
ERR: 无法加载模块:Public

[ 2015-10-14T15:24:51+08:00 ] 192.168.1.126 /Public/img/calendar_arrows.png
INFO: [ app_init ] --START--
INFO: Run Behavior\BuildLiteBehavior [ RunTime:0.000030s ]
INFO: [ app_init ] --END-- [ RunTime:0.001021s ]
ERR: 无法加载模块:Public

[ 2015-10-14T15:24:55+08:00 ] 192.168.1.126 /Public/img/icon-calendar.png
INFO: [ app_init ] --START--
INFO: Run Behavior\BuildLiteBehavior [ RunTime:0.000042s ]
INFO: [ app_init ] --END-- [ RunTime:0.001141s ]
ERR: 无法加载模块:Public

[ 2015-10-14T15:24:55+08:00 ] 192.168.1.126 /Public/img/calendar_arrows.png
INFO: [ app_init ] --START--
INFO: Run Behavior\BuildLiteBehavior [ RunTime:0.000040s ]
INFO: [ app_init ] --END-- [ RunTime:0.003157s ]
ERR: 无法加载模块:Public

[ 2015-10-14T15:25:16+08:00 ] 192.168.1.126 /Public/img/icon-calendar.png
INFO: [ app_init ] --START--
INFO: Run Behavior\BuildLiteBehavior [ RunTime:0.000075s ]
INFO: [ app_init ] --END-- [ RunTime:0.001027s ]
ERR: 无法加载模块:Public

[ 2015-10-14T15:25:16+08:00 ] 192.168.1.126 /Public/img/calendar_arrows.png
INFO: [ app_init ] --START--
INFO: Run Behavior\BuildLiteBehavior [ RunTime:0.000045s ]
INFO: [ app_init ] --END-- [ RunTime:0.004257s ]
ERR: 无法加载模块:Public

[ 2015-10-14T15:25:19+08:00 ] 192.168.1.126 /Public/img/icon-calendar.png
INFO: [ app_init ] --START--
INFO: Run Behavior\BuildLiteBehavior [ RunTime:0.000029s ]
INFO: [ app_init ] --END-- [ RunTime:0.000745s ]
ERR: 无法加载模块:Public

[ 2015-10-14T15:25:19+08:00 ] 192.168.1.126 /Public/img/calendar_arrows.png
INFO: [ app_init ] --START--
INFO: Run Behavior\BuildLiteBehavior [ RunTime:0.000029s ]
INFO: [ app_init ] --END-- [ RunTime:0.000813s ]
ERR: 无法加载模块:Public

[ 2015-10-14T15:25:21+08:00 ] 192.168.1.126 /Public/img/calendar_arrows.png
INFO: [ app_init ] --START--
INFO: Run Behavior\BuildLiteBehavior [ RunTime:0.000074s ]
INFO: [ app_init ] --END-- [ RunTime:0.001237s ]
ERR: 无法加载模块:Public

[ 2015-10-14T15:25:21+08:00 ] 192.168.1.126 /Public/img/icon-calendar.png
INFO: [ app_init ] --START--
INFO: Run Behavior\BuildLiteBehavior [ RunTime:0.000043s ]
INFO: [ app_init ] --END-- [ RunTime:0.041083s ]
ERR: 无法加载模块:Public

[ 2015-10-14T15:29:48+08:00 ] 192.168.1.126 /Public/img/icon-calendar.png
INFO: [ app_init ] --START--
INFO: Run Behavior\BuildLiteBehavior [ RunTime:0.000029s ]
INFO: [ app_init ] --END-- [ RunTime:0.000674s ]
ERR: 无法加载模块:Public

[ 2015-10-14T15:29:48+08:00 ] 192.168.1.126 /Public/img/calendar_arrows.png
INFO: [ app_init ] --START--
INFO: Run Behavior\BuildLiteBehavior [ RunTime:0.000062s ]
INFO: [ app_init ] --END-- [ RunTime:0.001685s ]
ERR: 无法加载模块:Public

[ 2015-10-14T15:29:52+08:00 ] 192.168.1.126 /Public/img/calendar_arrows.png
INFO: [ app_init ] --START--
INFO: Run Behavior\BuildLiteBehavior [ RunTime:0.000044s ]
INFO: [ app_init ] --END-- [ RunTime:0.001222s ]
ERR: 无法加载模块:Public

[ 2015-10-14T15:29:52+08:00 ] 192.168.1.126 /Public/img/icon-calendar.png
INFO: [ app_init ] --START--
INFO: Run Behavior\BuildLiteBehavior [ RunTime:0.000054s ]
INFO: [ app_init ] --END-- [ RunTime:0.001368s ]
ERR: 无法加载模块:Public

[ 2015-10-14T15:30:05+08:00 ] 192.168.1.126 /Public/img/icon-calendar.png
INFO: [ app_init ] --START--
INFO: Run Behavior\BuildLiteBehavior [ RunTime:0.000027s ]
INFO: [ app_init ] --END-- [ RunTime:0.000664s ]
ERR: 无法加载模块:Public

[ 2015-10-14T15:30:05+08:00 ] 192.168.1.126 /Public/img/calendar_arrows.png
INFO: [ app_init ] --START--
INFO: Run Behavior\BuildLiteBehavior [ RunTime:0.000030s ]
INFO: [ app_init ] --END-- [ RunTime:0.000773s ]
ERR: 无法加载模块:Public

[ 2015-10-14T15:30:08+08:00 ] 192.168.1.126 /Public/img/icon-calendar.png
INFO: [ app_init ] --START--
INFO: Run Behavior\BuildLiteBehavior [ RunTime:0.000028s ]
INFO: [ app_init ] --END-- [ RunTime:0.000840s ]
ERR: 无法加载模块:Public

[ 2015-10-14T15:30:08+08:00 ] 192.168.1.126 /Public/img/calendar_arrows.png
INFO: [ app_init ] --START--
INFO: Run Behavior\BuildLiteBehavior [ RunTime:0.000044s ]
INFO: [ app_init ] --END-- [ RunTime:0.001141s ]
ERR: 无法加载模块:Public

[ 2015-10-14T15:30:10+08:00 ] 192.168.1.126 /Public/img/icon-calendar.png
INFO: [ app_init ] --START--
INFO: Run Behavior\BuildLiteBehavior [ RunTime:0.000028s ]
INFO: [ app_init ] --END-- [ RunTime:0.000701s ]
ERR: 无法加载模块:Public

[ 2015-10-14T15:30:10+08:00 ] 192.168.1.126 /Public/img/calendar_arrows.png
INFO: [ app_init ] --START--
INFO: Run Behavior\BuildLiteBehavior [ RunTime:0.000144s ]
INFO: [ app_init ] --END-- [ RunTime:0.005503s ]
ERR: 无法加载模块:Public

[ 2015-10-14T15:30:12+08:00 ] 192.168.1.126 /Public/img/icon-calendar.png
INFO: [ app_init ] --START--
INFO: Run Behavior\BuildLiteBehavior [ RunTime:0.000031s ]
INFO: [ app_init ] --END-- [ RunTime:0.000777s ]
ERR: 无法加载模块:Public

[ 2015-10-14T15:30:12+08:00 ] 192.168.1.126 /Public/img/calendar_arrows.png
INFO: [ app_init ] --START--
INFO: Run Behavior\BuildLiteBehavior [ RunTime:0.000038s ]
INFO: [ app_init ] --END-- [ RunTime:0.001115s ]
ERR: 无法加载模块:Public

[ 2015-10-14T15:30:13+08:00 ] 192.168.1.126 /Public/img/icon-calendar.png
INFO: [ app_init ] --START--
INFO: Run Behavior\BuildLiteBehavior [ RunTime:0.000045s ]
INFO: [ app_init ] --END-- [ RunTime:0.001054s ]
ERR: 无法加载模块:Public

[ 2015-10-14T15:30:13+08:00 ] 192.168.1.126 /Public/img/calendar_arrows.png
INFO: [ app_init ] --START--
INFO: Run Behavior\BuildLiteBehavior [ RunTime:0.000030s ]
INFO: [ app_init ] --END-- [ RunTime:0.000897s ]
ERR: 无法加载模块:Public

[ 2015-10-14T15:30:15+08:00 ] 192.168.1.126 /Public/img/icon-calendar.png
INFO: [ app_init ] --START--
INFO: Run Behavior\BuildLiteBehavior [ RunTime:0.000039s ]
INFO: [ app_init ] --END-- [ RunTime:0.001027s ]
ERR: 无法加载模块:Public

[ 2015-10-14T15:30:15+08:00 ] 192.168.1.126 /Public/img/calendar_arrows.png
INFO: [ app_init ] --START--
INFO: Run Behavior\BuildLiteBehavior [ RunTime:0.000037s ]
INFO: [ app_init ] --END-- [ RunTime:0.000799s ]
ERR: 无法加载模块:Public

[ 2015-10-14T15:31:00+08:00 ] 192.168.1.126 /Public/img/icon-calendar.png
INFO: [ app_init ] --START--
INFO: Run Behavior\BuildLiteBehavior [ RunTime:0.000144s ]
INFO: [ app_init ] --END-- [ RunTime:0.001293s ]
ERR: 无法加载模块:Public

[ 2015-10-14T15:31:00+08:00 ] 192.168.1.126 /Public/img/calendar_arrows.png
INFO: [ app_init ] --START--
INFO: Run Behavior\BuildLiteBehavior [ RunTime:0.000069s ]
INFO: [ app_init ] --END-- [ RunTime:0.001284s ]
ERR: 无法加载模块:Public

[ 2015-10-14T15:31:02+08:00 ] 192.168.1.126 /Public/img/icon-calendar.png
INFO: [ app_init ] --START--
INFO: Run Behavior\BuildLiteBehavior [ RunTime:0.000051s ]
INFO: [ app_init ] --END-- [ RunTime:0.001342s ]
ERR: 无法加载模块:Public

[ 2015-10-14T15:31:03+08:00 ] 192.168.1.126 /Public/img/calendar_arrows.png
INFO: [ app_init ] --START--
INFO: Run Behavior\BuildLiteBehavior [ RunTime:0.000090s ]
INFO: [ app_init ] --END-- [ RunTime:0.002662s ]
ERR: 无法加载模块:Public

[ 2015-10-14T15:32:07+08:00 ] 192.168.1.126 /Public/img/icon-calendar.png
INFO: [ app_init ] --START--
INFO: Run Behavior\BuildLiteBehavior [ RunTime:0.000445s ]
INFO: [ app_init ] --END-- [ RunTime:0.005176s ]
ERR: 无法加载模块:Public

[ 2015-10-14T15:32:07+08:00 ] 192.168.1.126 /Public/img/calendar_arrows.png
INFO: [ app_init ] --START--
INFO: Run Behavior\BuildLiteBehavior [ RunTime:0.000043s ]
INFO: [ app_init ] --END-- [ RunTime:0.001281s ]
ERR: 无法加载模块:Public

[ 2015-10-14T15:32:10+08:00 ] 192.168.1.126 /Public/img/icon-calendar.png
INFO: [ app_init ] --START--
INFO: Run Behavior\BuildLiteBehavior [ RunTime:0.000031s ]
INFO: [ app_init ] --END-- [ RunTime:0.000729s ]
ERR: 无法加载模块:Public

[ 2015-10-14T15:32:10+08:00 ] 192.168.1.126 /Public/img/calendar_arrows.png
INFO: [ app_init ] --START--
INFO: Run Behavior\BuildLiteBehavior [ RunTime:0.000029s ]
INFO: [ app_init ] --END-- [ RunTime:0.000897s ]
ERR: 无法加载模块:Public

[ 2015-10-14T15:32:11+08:00 ] 192.168.1.126 /Public/img/icon-calendar.png
INFO: [ app_init ] --START--
INFO: Run Behavior\BuildLiteBehavior [ RunTime:0.000094s ]
INFO: [ app_init ] --END-- [ RunTime:0.003758s ]
ERR: 无法加载模块:Public

[ 2015-10-14T15:32:11+08:00 ] 192.168.1.126 /Public/img/calendar_arrows.png
INFO: [ app_init ] --START--
INFO: Run Behavior\BuildLiteBehavior [ RunTime:0.000048s ]
INFO: [ app_init ] --END-- [ RunTime:0.001777s ]
ERR: 无法加载模块:Public

[ 2015-10-14T15:33:41+08:00 ] 192.168.1.126 /Public/img/calendar_arrows.png
INFO: [ app_init ] --START--
INFO: Run Behavior\BuildLiteBehavior [ RunTime:0.000048s ]
INFO: [ app_init ] --END-- [ RunTime:0.021661s ]
ERR: 无法加载模块:Public

[ 2015-10-14T15:33:41+08:00 ] 192.168.1.126 /Public/img/icon-calendar.png
INFO: [ app_init ] --START--
INFO: Run Behavior\BuildLiteBehavior [ RunTime:0.000029s ]
INFO: [ app_init ] --END-- [ RunTime:0.000715s ]
ERR: 无法加载模块:Public

[ 2015-10-14T15:34:08+08:00 ] 192.168.1.126 /Public/img/icon-calendar.png
INFO: [ app_init ] --START--
INFO: Run Behavior\BuildLiteBehavior [ RunTime:0.000726s ]
INFO: [ app_init ] --END-- [ RunTime:0.006815s ]
ERR: 无法加载模块:Public

[ 2015-10-14T15:34:08+08:00 ] 192.168.1.126 /Public/img/calendar_arrows.png
INFO: [ app_init ] --START--
INFO: Run Behavior\BuildLiteBehavior [ RunTime:0.000044s ]
INFO: [ app_init ] --END-- [ RunTime:0.001333s ]
ERR: 无法加载模块:Public

[ 2015-10-14T15:44:59+08:00 ] 192.168.1.126 /Public/img/icon-calendar.png
INFO: [ app_init ] --START--
INFO: Run Behavior\BuildLiteBehavior [ RunTime:0.000056s ]
INFO: [ app_init ] --END-- [ RunTime:0.010029s ]
ERR: 无法加载模块:Public

[ 2015-10-14T15:44:59+08:00 ] 192.168.1.126 /Public/img/calendar_arrows.png
INFO: [ app_init ] --START--
INFO: Run Behavior\BuildLiteBehavior [ RunTime:0.000030s ]
INFO: [ app_init ] --END-- [ RunTime:0.000903s ]
ERR: 无法加载模块:Public

[ 2015-10-14T15:45:16+08:00 ] 192.168.1.126 /Public/img/icon-calendar.png
INFO: [ app_init ] --START--
INFO: Run Behavior\BuildLiteBehavior [ RunTime:0.000060s ]
INFO: [ app_init ] --END-- [ RunTime:0.005431s ]
ERR: 无法加载模块:Public

[ 2015-10-14T15:45:16+08:00 ] 192.168.1.126 /Public/img/calendar_arrows.png
INFO: [ app_init ] --START--
INFO: Run Behavior\BuildLiteBehavior [ RunTime:0.000035s ]
INFO: [ app_init ] --END-- [ RunTime:0.001451s ]
ERR: 无法加载模块:Public

[ 2015-10-14T15:45:18+08:00 ] 192.168.1.126 /Public/img/icon-calendar.png
INFO: [ app_init ] --START--
INFO: Run Behavior\BuildLiteBehavior [ RunTime:0.000037s ]
INFO: [ app_init ] --END-- [ RunTime:0.000994s ]
ERR: 无法加载模块:Public

[ 2015-10-14T15:45:18+08:00 ] 192.168.1.126 /Public/img/calendar_arrows.png
INFO: [ app_init ] --START--
INFO: Run Behavior\BuildLiteBehavior [ RunTime:0.000039s ]
INFO: [ app_init ] --END-- [ RunTime:0.000680s ]
ERR: 无法加载模块:Public

[ 2015-10-14T15:45:25+08:00 ] 192.168.1.126 /Public/img/calendar_arrows.png
INFO: [ app_init ] --START--
INFO: Run Behavior\BuildLiteBehavior [ RunTime:0.000269s ]
INFO: [ app_init ] --END-- [ RunTime:0.004613s ]
ERR: 无法加载模块:Public

[ 2015-10-14T15:45:25+08:00 ] 192.168.1.126 /Public/img/icon-calendar.png
INFO: [ app_init ] --START--
INFO: Run Behavior\BuildLiteBehavior [ RunTime:0.000044s ]
INFO: [ app_init ] --END-- [ RunTime:0.000907s ]
ERR: 无法加载模块:Public

[ 2015-10-14T15:45:38+08:00 ] 192.168.1.126 /Public/img/icon-calendar.png
INFO: [ app_init ] --START--
INFO: Run Behavior\BuildLiteBehavior [ RunTime:0.000045s ]
INFO: [ app_init ] --END-- [ RunTime:0.001174s ]
ERR: 无法加载模块:Public

[ 2015-10-14T15:45:38+08:00 ] 192.168.1.126 /Public/img/calendar_arrows.png
INFO: [ app_init ] --START--
INFO: Run Behavior\BuildLiteBehavior [ RunTime:0.000031s ]
INFO: [ app_init ] --END-- [ RunTime:0.001293s ]
ERR: 无法加载模块:Public

[ 2015-10-14T15:45:40+08:00 ] 192.168.1.126 /Public/img/icon-calendar.png
INFO: [ app_init ] --START--
INFO: Run Behavior\BuildLiteBehavior [ RunTime:0.000035s ]
INFO: [ app_init ] --END-- [ RunTime:0.008101s ]
ERR: 无法加载模块:Public

[ 2015-10-14T15:45:40+08:00 ] 192.168.1.126 /Public/img/calendar_arrows.png
INFO: [ app_init ] --START--
INFO: Run Behavior\BuildLiteBehavior [ RunTime:0.000000s ]
INFO: [ app_init ] --END-- [ RunTime:0.000489s ]
ERR: 无法加载模块:Public

[ 2015-10-14T15:45:42+08:00 ] 192.168.1.126 /Public/img/icon-calendar.png
INFO: [ app_init ] --START--
INFO: Run Behavior\BuildLiteBehavior [ RunTime:0.000037s ]
INFO: [ app_init ] --END-- [ RunTime:0.000823s ]
ERR: 无法加载模块:Public

[ 2015-10-14T15:45:42+08:00 ] 192.168.1.126 /Public/img/calendar_arrows.png
INFO: [ app_init ] --START--
INFO: Run Behavior\BuildLiteBehavior [ RunTime:0.000045s ]
INFO: [ app_init ] --END-- [ RunTime:0.001457s ]
ERR: 无法加载模块:Public

[ 2015-10-14T15:46:02+08:00 ] 192.168.1.126 /Public/img/icon-calendar.png
INFO: [ app_init ] --START--
INFO: Run Behavior\BuildLiteBehavior [ RunTime:0.000030s ]
INFO: [ app_init ] --END-- [ RunTime:0.000889s ]
ERR: 无法加载模块:Public

[ 2015-10-14T15:46:02+08:00 ] 192.168.1.126 /Public/img/calendar_arrows.png
INFO: [ app_init ] --START--
INFO: Run Behavior\BuildLiteBehavior [ RunTime:0.000029s ]
INFO: [ app_init ] --END-- [ RunTime:0.000763s ]
ERR: 无法加载模块:Public

[ 2015-10-14T16:19:25+08:00 ] 192.168.1.126 /Public/img/icon-calendar.png
INFO: [ app_init ] --START--
INFO: Run Behavior\BuildLiteBehavior [ RunTime:0.000100s ]
INFO: [ app_init ] --END-- [ RunTime:0.001350s ]
ERR: 无法加载模块:Public

[ 2015-10-14T16:19:25+08:00 ] 192.168.1.126 /Public/img/calendar_arrows.png
INFO: [ app_init ] --START--
INFO: Run Behavior\BuildLiteBehavior [ RunTime:0.000045s ]
INFO: [ app_init ] --END-- [ RunTime:0.001124s ]
ERR: 无法加载模块:Public

[ 2015-10-14T16:19:27+08:00 ] 192.168.1.126 /Public/img/icon-calendar.png
INFO: [ app_init ] --START--
INFO: Run Behavior\BuildLiteBehavior [ RunTime:0.000038s ]
INFO: [ app_init ] --END-- [ RunTime:0.004321s ]
ERR: 无法加载模块:Public

[ 2015-10-14T16:19:27+08:00 ] 192.168.1.126 /Public/img/calendar_arrows.png
INFO: [ app_init ] --START--
INFO: Run Behavior\BuildLiteBehavior [ RunTime:0.000000s ]
INFO: [ app_init ] --END-- [ RunTime:0.000800s ]
ERR: 无法加载模块:Public

[ 2015-10-14T16:19:28+08:00 ] 192.168.1.126 /Public/img/calendar_arrows.png
INFO: [ app_init ] --START--
INFO: Run Behavior\BuildLiteBehavior [ RunTime:0.000031s ]
INFO: [ app_init ] --END-- [ RunTime:0.001228s ]
ERR: 无法加载模块:Public

[ 2015-10-14T16:19:28+08:00 ] 192.168.1.126 /Public/img/icon-calendar.png
INFO: [ app_init ] --START--
INFO: Run Behavior\BuildLiteBehavior [ RunTime:0.000045s ]
INFO: [ app_init ] --END-- [ RunTime:0.001237s ]
ERR: 无法加载模块:Public

[ 2015-10-14T16:28:45+08:00 ] 192.168.1.126 /Public/img/icon-calendar.png
INFO: [ app_init ] --START--
INFO: Run Behavior\BuildLiteBehavior [ RunTime:0.000077s ]
INFO: [ app_init ] --END-- [ RunTime:0.005055s ]
ERR: 无法加载模块:Public

[ 2015-10-14T16:28:45+08:00 ] 192.168.1.126 /Public/img/calendar_arrows.png
INFO: [ app_init ] --START--
INFO: Run Behavior\BuildLiteBehavior [ RunTime:0.000043s ]
INFO: [ app_init ] --END-- [ RunTime:0.001207s ]
ERR: 无法加载模块:Public

[ 2015-10-14T16:28:47+08:00 ] 192.168.1.126 /Public/img/icon-calendar.png
INFO: [ app_init ] --START--
INFO: Run Behavior\BuildLiteBehavior [ RunTime:0.000035s ]
INFO: [ app_init ] --END-- [ RunTime:0.000911s ]
ERR: 无法加载模块:Public

[ 2015-10-14T16:28:47+08:00 ] 192.168.1.126 /Public/img/calendar_arrows.png
INFO: [ app_init ] --START--
INFO: Run Behavior\BuildLiteBehavior [ RunTime:0.000027s ]
INFO: [ app_init ] --END-- [ RunTime:0.000722s ]
ERR: 无法加载模块:Public

[ 2015-10-14T16:28:48+08:00 ] 192.168.1.126 /Public/img/icon-calendar.png
INFO: [ app_init ] --START--
INFO: Run Behavior\BuildLiteBehavior [ RunTime:0.000044s ]
INFO: [ app_init ] --END-- [ RunTime:0.001497s ]
ERR: 无法加载模块:Public

[ 2015-10-14T16:28:48+08:00 ] 192.168.1.126 /Public/img/calendar_arrows.png
INFO: [ app_init ] --START--
INFO: Run Behavior\BuildLiteBehavior [ RunTime:0.000074s ]
INFO: [ app_init ] --END-- [ RunTime:0.001486s ]
ERR: 无法加载模块:Public

[ 2015-10-14T16:28:52+08:00 ] 192.168.1.126 /Public/img/icon-calendar.png
INFO: [ app_init ] --START--
INFO: Run Behavior\BuildLiteBehavior [ RunTime:0.000042s ]
INFO: [ app_init ] --END-- [ RunTime:0.001632s ]
ERR: 无法加载模块:Public

[ 2015-10-14T16:28:52+08:00 ] 192.168.1.126 /Public/img/calendar_arrows.png
INFO: [ app_init ] --START--
INFO: Run Behavior\BuildLiteBehavior [ RunTime:0.000061s ]
INFO: [ app_init ] --END-- [ RunTime:0.002925s ]
ERR: 无法加载模块:Public

[ 2015-10-14T16:33:16+08:00 ] 192.168.1.126 /Developers/devApp/user_id/5.html
INFO: [ app_init ] --START--
INFO: Run Behavior\BuildLiteBehavior [ RunTime:0.000027s ]
INFO: [ app_init ] --END-- [ RunTime:0.000650s ]
ERR: 无法加载模块:Developers

[ 2015-10-14T16:45:12+08:00 ] 192.168.1.126 /Applications/index/user_id/5.html
INFO: [ app_init ] --START--
INFO: Run Behavior\BuildLiteBehavior [ RunTime:0.000029s ]
INFO: [ app_init ] --END-- [ RunTime:0.000730s ]
ERR: 无法加载模块:Applications

[ 2015-10-14T17:19:38+08:00 ] 192.168.1.126 /Public/img/calendar_arrows.png
INFO: [ app_init ] --START--
INFO: Run Behavior\BuildLiteBehavior [ RunTime:0.000059s ]
INFO: [ app_init ] --END-- [ RunTime:0.006016s ]
ERR: 无法加载模块:Public

[ 2015-10-14T17:19:38+08:00 ] 192.168.1.126 /Public/img/icon-calendar.png
INFO: [ app_init ] --START--
INFO: Run Behavior\BuildLiteBehavior [ RunTime:0.000028s ]
INFO: [ app_init ] --END-- [ RunTime:0.000738s ]
ERR: 无法加载模块:Public

[ 2015-10-14T17:24:55+08:00 ] 192.168.1.126 /Public/img/calendar_arrows.png
INFO: [ app_init ] --START--
INFO: Run Behavior\BuildLiteBehavior [ RunTime:0.000029s ]
INFO: [ app_init ] --END-- [ RunTime:0.000855s ]
ERR: 无法加载模块:Public

[ 2015-10-14T17:24:55+08:00 ] 192.168.1.126 /Public/img/icon-calendar.png
INFO: [ app_init ] --START--
INFO: Run Behavior\BuildLiteBehavior [ RunTime:0.000030s ]
INFO: [ app_init ] --END-- [ RunTime:0.002759s ]
ERR: 无法加载模块:Public

[ 2015-10-14T17:29:13+08:00 ] 192.168.1.126 /Public/img/icon-calendar.png
INFO: [ app_init ] --START--
INFO: Run Behavior\BuildLiteBehavior [ RunTime:0.000044s ]
INFO: [ app_init ] --END-- [ RunTime:0.000988s ]
ERR: 无法加载模块:Public

[ 2015-10-14T17:29:13+08:00 ] 192.168.1.126 /Public/img/calendar_arrows.png
INFO: [ app_init ] --START--
INFO: Run Behavior\BuildLiteBehavior [ RunTime:0.000065s ]
INFO: [ app_init ] --END-- [ RunTime:0.003897s ]
ERR: 无法加载模块:Public

[ 2015-10-14T17:29:21+08:00 ] 192.168.1.126 /Public/img/icon-calendar.png
INFO: [ app_init ] --START--
INFO: Run Behavior\BuildLiteBehavior [ RunTime:0.000028s ]
INFO: [ app_init ] --END-- [ RunTime:0.000808s ]
ERR: 无法加载模块:Public

[ 2015-10-14T17:29:21+08:00 ] 192.168.1.126 /Public/img/calendar_arrows.png
INFO: [ app_init ] --START--
INFO: Run Behavior\BuildLiteBehavior [ RunTime:0.000045s ]
INFO: [ app_init ] --END-- [ RunTime:0.001456s ]
ERR: 无法加载模块:Public

[ 2015-10-14T17:32:41+08:00 ] 192.168.1.126 /Public/img/icon-calendar.png
INFO: [ app_init ] --START--
INFO: Run Behavior\BuildLiteBehavior [ RunTime:0.000045s ]
INFO: [ app_init ] --END-- [ RunTime:0.005782s ]
ERR: 无法加载模块:Public

[ 2015-10-14T17:32:41+08:00 ] 192.168.1.126 /Public/img/calendar_arrows.png
INFO: [ app_init ] --START--
INFO: Run Behavior\BuildLiteBehavior [ RunTime:0.000030s ]
INFO: [ app_init ] --END-- [ RunTime:0.000772s ]
ERR: 无法加载模块:Public

[ 2015-10-14T17:32:50+08:00 ] 192.168.1.126 /Public/img/icon-calendar.png
INFO: [ app_init ] --START--
INFO: Run Behavior\BuildLiteBehavior [ RunTime:0.000040s ]
INFO: [ app_init ] --END-- [ RunTime:0.001863s ]
ERR: 无法加载模块:Public

[ 2015-10-14T17:32:50+08:00 ] 192.168.1.126 /Public/img/calendar_arrows.png
INFO: [ app_init ] --START--
INFO: Run Behavior\BuildLiteBehavior [ RunTime:0.000127s ]
INFO: [ app_init ] --END-- [ RunTime:0.001695s ]
ERR: 无法加载模块:Public

[ 2015-10-14T17:32:56+08:00 ] 192.168.1.126 /Public/img/icon-calendar.png
INFO: [ app_init ] --START--
INFO: Run Behavior\BuildLiteBehavior [ RunTime:0.000033s ]
INFO: [ app_init ] --END-- [ RunTime:0.003841s ]
ERR: 无法加载模块:Public

[ 2015-10-14T17:32:56+08:00 ] 192.168.1.126 /Public/img/calendar_arrows.png
INFO: [ app_init ] --START--
INFO: Run Behavior\BuildLiteBehavior [ RunTime:0.000049s ]
INFO: [ app_init ] --END-- [ RunTime:0.004804s ]
ERR: 无法加载模块:Public

[ 2015-10-14T17:43:50+08:00 ] 192.168.1.126 /Public/img/icon-calendar.png
INFO: [ app_init ] --START--
INFO: Run Behavior\BuildLiteBehavior [ RunTime:0.000044s ]
INFO: [ app_init ] --END-- [ RunTime:0.001076s ]
ERR: 无法加载模块:Public

[ 2015-10-14T17:43:50+08:00 ] 192.168.1.126 /Public/img/calendar_arrows.png
INFO: [ app_init ] --START--
INFO: Run Behavior\BuildLiteBehavior [ RunTime:0.000038s ]
INFO: [ app_init ] --END-- [ RunTime:0.001124s ]
ERR: 无法加载模块:Public

[ 2015-10-14T17:43:51+08:00 ] 192.168.1.126 /Public/img/icon-calendar.png
INFO: [ app_init ] --START--
INFO: Run Behavior\BuildLiteBehavior [ RunTime:0.000028s ]
INFO: [ app_init ] --END-- [ RunTime:0.000803s ]
ERR: 无法加载模块:Public

[ 2015-10-14T17:43:51+08:00 ] 192.168.1.126 /Public/img/calendar_arrows.png
INFO: [ app_init ] --START--
INFO: Run Behavior\BuildLiteBehavior [ RunTime:0.000036s ]
INFO: [ app_init ] --END-- [ RunTime:0.003498s ]
ERR: 无法加载模块:Public

[ 2015-10-14T17:43:57+08:00 ] 192.168.1.126 /Public/img/icon-calendar.png
INFO: [ app_init ] --START--
INFO: Run Behavior\BuildLiteBehavior [ RunTime:0.003700s ]
INFO: [ app_init ] --END-- [ RunTime:0.005141s ]
ERR: 无法加载模块:Public

[ 2015-10-14T17:43:57+08:00 ] 192.168.1.126 /Public/img/calendar_arrows.png
INFO: [ app_init ] --START--
INFO: Run Behavior\BuildLiteBehavior [ RunTime:0.000043s ]
INFO: [ app_init ] --END-- [ RunTime:0.001041s ]
ERR: 无法加载模块:Public

[ 2015-10-14T17:46:49+08:00 ] 192.168.1.126 /Public/img/icon-calendar.png
INFO: [ app_init ] --START--
INFO: Run Behavior\BuildLiteBehavior [ RunTime:0.000051s ]
INFO: [ app_init ] --END-- [ RunTime:0.007962s ]
ERR: 无法加载模块:Public

[ 2015-10-14T17:46:49+08:00 ] 192.168.1.126 /Public/img/calendar_arrows.png
INFO: [ app_init ] --START--
INFO: Run Behavior\BuildLiteBehavior [ RunTime:0.000041s ]
INFO: [ app_init ] --END-- [ RunTime:0.001426s ]
ERR: 无法加载模块:Public

[ 2015-10-14T17:46:54+08:00 ] 192.168.1.126 /Public/img/calendar_arrows.png
INFO: [ app_init ] --START--
INFO: Run Behavior\BuildLiteBehavior [ RunTime:0.000028s ]
INFO: [ app_init ] --END-- [ RunTime:0.000769s ]
ERR: 无法加载模块:Public

[ 2015-10-14T17:46:54+08:00 ] 192.168.1.126 /Public/img/icon-calendar.png
INFO: [ app_init ] --START--
INFO: Run Behavior\BuildLiteBehavior [ RunTime:0.000043s ]
INFO: [ app_init ] --END-- [ RunTime:0.004273s ]
ERR: 无法加载模块:Public

[ 2015-10-14T18:02:37+08:00 ] 192.168.1.126 /Public/img/icon-calendar.png
INFO: [ app_init ] --START--
INFO: Run Behavior\BuildLiteBehavior [ RunTime:0.000040s ]
INFO: [ app_init ] --END-- [ RunTime:0.001301s ]
ERR: 无法加载模块:Public

[ 2015-10-14T18:02:37+08:00 ] 192.168.1.126 /Public/img/calendar_arrows.png
INFO: [ app_init ] --START--
INFO: Run Behavior\BuildLiteBehavior [ RunTime:0.000083s ]
INFO: [ app_init ] --END-- [ RunTime:0.001522s ]
ERR: 无法加载模块:Public

[ 2015-10-14T18:02:39+08:00 ] 192.168.1.126 /Public/img/icon-calendar.png
INFO: [ app_init ] --START--
INFO: Run Behavior\BuildLiteBehavior [ RunTime:0.000030s ]
INFO: [ app_init ] --END-- [ RunTime:0.000693s ]
ERR: 无法加载模块:Public

[ 2015-10-14T18:02:39+08:00 ] 192.168.1.126 /Public/img/calendar_arrows.png
INFO: [ app_init ] --START--
INFO: Run Behavior\BuildLiteBehavior [ RunTime:0.000064s ]
INFO: [ app_init ] --END-- [ RunTime:0.001165s ]
ERR: 无法加载模块:Public

[ 2015-10-14T18:02:40+08:00 ] 192.168.1.126 /Public/img/icon-calendar.png
INFO: [ app_init ] --START--
INFO: Run Behavior\BuildLiteBehavior [ RunTime:0.000047s ]
INFO: [ app_init ] --END-- [ RunTime:0.005001s ]
ERR: 无法加载模块:Public

[ 2015-10-14T18:02:40+08:00 ] 192.168.1.126 /Public/img/calendar_arrows.png
INFO: [ app_init ] --START--
INFO: Run Behavior\BuildLiteBehavior [ RunTime:0.000043s ]
INFO: [ app_init ] --END-- [ RunTime:0.001199s ]
ERR: 无法加载模块:Public

[ 2015-10-14T18:02:42+08:00 ] 192.168.1.126 /Public/img/icon-calendar.png
INFO: [ app_init ] --START--
INFO: Run Behavior\BuildLiteBehavior [ RunTime:0.000060s ]
INFO: [ app_init ] --END-- [ RunTime:0.001372s ]
ERR: 无法加载模块:Public

[ 2015-10-14T18:02:42+08:00 ] 192.168.1.126 /Public/img/calendar_arrows.png
INFO: [ app_init ] --START--
INFO: Run Behavior\BuildLiteBehavior [ RunTime:0.000029s ]
INFO: [ app_init ] --END-- [ RunTime:0.000832s ]
ERR: 无法加载模块:Public

[ 2015-10-14T18:02:53+08:00 ] 192.168.1.126 /Public/img/icon-calendar.png
INFO: [ app_init ] --START--
INFO: Run Behavior\BuildLiteBehavior [ RunTime:0.000188s ]
INFO: [ app_init ] --END-- [ RunTime:0.004518s ]
ERR: 无法加载模块:Public

[ 2015-10-14T18:02:53+08:00 ] 192.168.1.126 /Public/img/calendar_arrows.png
INFO: [ app_init ] --START--
INFO: Run Behavior\BuildLiteBehavior [ RunTime:0.000043s ]
INFO: [ app_init ] --END-- [ RunTime:0.001529s ]
ERR: 无法加载模块:Public

[ 2015-10-14T18:02:55+08:00 ] 192.168.1.126 /Public/img/icon-calendar.png
INFO: [ app_init ] --START--
INFO: Run Behavior\BuildLiteBehavior [ RunTime:0.000030s ]
INFO: [ app_init ] --END-- [ RunTime:0.000807s ]
ERR: 无法加载模块:Public

[ 2015-10-14T18:02:55+08:00 ] 192.168.1.126 /Public/img/calendar_arrows.png
INFO: [ app_init ] --START--
INFO: Run Behavior\BuildLiteBehavior [ RunTime:0.000029s ]
INFO: [ app_init ] --END-- [ RunTime:0.000816s ]
ERR: 无法加载模块:Public

[ 2015-10-14T18:23:32+08:00 ] 192.168.1.126 /Public/img/icon-calendar.png
INFO: [ app_init ] --START--
INFO: Run Behavior\BuildLiteBehavior [ RunTime:0.000035s ]
INFO: [ app_init ] --END-- [ RunTime:0.005283s ]
ERR: 无法加载模块:Public

[ 2015-10-14T18:23:32+08:00 ] 192.168.1.126 /Public/img/calendar_arrows.png
INFO: [ app_init ] --START--
INFO: Run Behavior\BuildLiteBehavior [ RunTime:0.000028s ]
INFO: [ app_init ] --END-- [ RunTime:0.000672s ]
ERR: 无法加载模块:Public

[ 2015-10-14T18:23:40+08:00 ] 192.168.1.126 /Public/img/icon-calendar.png
INFO: [ app_init ] --START--
INFO: Run Behavior\BuildLiteBehavior [ RunTime:0.000049s ]
INFO: [ app_init ] --END-- [ RunTime:0.001777s ]
ERR: 无法加载模块:Public

[ 2015-10-14T18:23:40+08:00 ] 192.168.1.126 /Public/img/calendar_arrows.png
INFO: [ app_init ] --START--
INFO: Run Behavior\BuildLiteBehavior [ RunTime:0.000044s ]
INFO: [ app_init ] --END-- [ RunTime:0.005855s ]
ERR: 无法加载模块:Public

[ 2015-10-14T18:23:43+08:00 ] 192.168.1.126 /Public/img/calendar_arrows.png
INFO: [ app_init ] --START--
INFO: Run Behavior\BuildLiteBehavior [ RunTime:0.000028s ]
INFO: [ app_init ] --END-- [ RunTime:0.000699s ]
ERR: 无法加载模块:Public

[ 2015-10-14T18:23:43+08:00 ] 192.168.1.126 /Public/img/icon-calendar.png
INFO: [ app_init ] --START--
INFO: Run Behavior\BuildLiteBehavior [ RunTime:0.000034s ]
INFO: [ app_init ] --END-- [ RunTime:0.000957s ]
ERR: 无法加载模块:Public

[ 2015-10-14T18:23:56+08:00 ] 192.168.1.126 /Public/img/icon-calendar.png
INFO: [ app_init ] --START--
INFO: Run Behavior\BuildLiteBehavior [ RunTime:0.000028s ]
INFO: [ app_init ] --END-- [ RunTime:0.000775s ]
ERR: 无法加载模块:Public

[ 2015-10-14T18:23:56+08:00 ] 192.168.1.126 /Public/img/calendar_arrows.png
INFO: [ app_init ] --START--
INFO: Run Behavior\BuildLiteBehavior [ RunTime:0.000027s ]
INFO: [ app_init ] --END-- [ RunTime:0.000732s ]
ERR: 无法加载模块:Public

[ 2015-10-14T18:27:46+08:00 ] 192.168.1.126 /Public/img/icon-calendar.png
INFO: [ app_init ] --START--
INFO: Run Behavior\BuildLiteBehavior [ RunTime:0.000080s ]
INFO: [ app_init ] --END-- [ RunTime:0.001619s ]
ERR: 无法加载模块:Public

[ 2015-10-14T18:27:46+08:00 ] 192.168.1.126 /Public/img/calendar_arrows.png
INFO: [ app_init ] --START--
INFO: Run Behavior\BuildLiteBehavior [ RunTime:0.000043s ]
INFO: [ app_init ] --END-- [ RunTime:0.001217s ]
ERR: 无法加载模块:Public

[ 2015-10-14T18:27:50+08:00 ] 192.168.1.126 /Public/img/icon-calendar.png
INFO: [ app_init ] --START--
INFO: Run Behavior\BuildLiteBehavior [ RunTime:0.000034s ]
INFO: [ app_init ] --END-- [ RunTime:0.004694s ]
ERR: 无法加载模块:Public

[ 2015-10-14T18:27:50+08:00 ] 192.168.1.126 /Public/img/calendar_arrows.png
INFO: [ app_init ] --START--
INFO: Run Behavior\BuildLiteBehavior [ RunTime:0.000081s ]
INFO: [ app_init ] --END-- [ RunTime:0.001339s ]
ERR: 无法加载模块:Public

[ 2015-10-14T18:27:57+08:00 ] 192.168.1.126 /Public/img/calendar_arrows.png
INFO: [ app_init ] --START--
INFO: Run Behavior\BuildLiteBehavior [ RunTime:0.000043s ]
INFO: [ app_init ] --END-- [ RunTime:0.005459s ]
ERR: 无法加载模块:Public

[ 2015-10-14T18:27:57+08:00 ] 192.168.1.126 /Public/img/icon-calendar.png
INFO: [ app_init ] --START--
INFO: Run Behavior\BuildLiteBehavior [ RunTime:0.000040s ]
INFO: [ app_init ] --END-- [ RunTime:0.005241s ]
ERR: 无法加载模块:Public

[ 2015-10-14T18:28:02+08:00 ] 192.168.1.126 /Public/img/icon-calendar.png
INFO: [ app_init ] --START--
INFO: Run Behavior\BuildLiteBehavior [ RunTime:0.000090s ]
INFO: [ app_init ] --END-- [ RunTime:0.003717s ]
ERR: 无法加载模块:Public

[ 2015-10-14T18:28:02+08:00 ] 192.168.1.126 /Public/img/calendar_arrows.png
INFO: [ app_init ] --START--
INFO: Run Behavior\BuildLiteBehavior [ RunTime:0.000045s ]
INFO: [ app_init ] --END-- [ RunTime:0.003578s ]
ERR: 无法加载模块:Public

[ 2015-10-14T18:28:09+08:00 ] 192.168.1.126 /Public/img/icon-calendar.png
INFO: [ app_init ] --START--
INFO: Run Behavior\BuildLiteBehavior [ RunTime:0.000093s ]
INFO: [ app_init ] --END-- [ RunTime:0.004861s ]
ERR: 无法加载模块:Public

[ 2015-10-14T18:28:09+08:00 ] 192.168.1.126 /Public/img/calendar_arrows.png
INFO: [ app_init ] --START--
INFO: Run Behavior\BuildLiteBehavior [ RunTime:0.000044s ]
INFO: [ app_init ] --END-- [ RunTime:0.001051s ]
ERR: 无法加载模块:Public

[ 2015-10-14T18:28:13+08:00 ] 192.168.1.126 /Public/img/icon-calendar.png
INFO: [ app_init ] --START--
INFO: Run Behavior\BuildLiteBehavior [ RunTime:0.000030s ]
INFO: [ app_init ] --END-- [ RunTime:0.000843s ]
ERR: 无法加载模块:Public

[ 2015-10-14T18:28:13+08:00 ] 192.168.1.126 /Public/img/calendar_arrows.png
INFO: [ app_init ] --START--
INFO: Run Behavior\BuildLiteBehavior [ RunTime:0.000041s ]
INFO: [ app_init ] --END-- [ RunTime:0.001423s ]
ERR: 无法加载模块:Public

[ 2015-10-14T18:28:14+08:00 ] 192.168.1.126 /Public/img/icon-calendar.png
INFO: [ app_init ] --START--
INFO: Run Behavior\BuildLiteBehavior [ RunTime:0.000035s ]
INFO: [ app_init ] --END-- [ RunTime:0.004586s ]
ERR: 无法加载模块:Public

[ 2015-10-14T18:28:14+08:00 ] 192.168.1.126 /Public/img/calendar_arrows.png
INFO: [ app_init ] --START--
INFO: Run Behavior\BuildLiteBehavior [ RunTime:0.000030s ]
INFO: [ app_init ] --END-- [ RunTime:0.000941s ]
ERR: 无法加载模块:Public

