[ 2015-10-09T09:53:41+08:00 ] 192.168.1.126 /Public/img/blueBtn.png
INFO: [ app_init ] --START--
INFO: Run Behavior\BuildLiteBehavior [ RunTime:0.000013s ]
INFO: [ app_init ] --END-- [ RunTime:0.000254s ]
ERR: 无法加载模块:Public

[ 2015-10-09T09:53:41+08:00 ] 192.168.1.126 /Public/img1/bg.png
INFO: [ app_init ] --START--
INFO: Run Behavior\BuildLiteBehavior [ RunTime:0.000014s ]
INFO: [ app_init ] --END-- [ RunTime:0.000299s ]
ERR: 无法加载模块:Public

[ 2015-10-09T09:53:41+08:00 ] 192.168.1.126 /favicon.ico
INFO: [ app_init ] --START--
INFO: Run Behavior\BuildLiteBehavior [ RunTime:0.000042s ]
INFO: [ app_init ] --END-- [ RunTime:0.000357s ]
ERR: 无法加载模块:Favicon

[ 2015-10-09T09:53:41+08:00 ] 192.168.1.126 /favicon.ico
INFO: [ app_init ] --START--
INFO: Run Behavior\BuildLiteBehavior [ RunTime:0.000017s ]
INFO: [ app_init ] --END-- [ RunTime:0.000147s ]
ERR: 无法加载模块:Favicon

[ 2015-10-09T09:54:08+08:00 ] 192.168.1.126 /Public/img/blueBtn.png
INFO: [ app_init ] --START--
INFO: Run Behavior\BuildLiteBehavior [ RunTime:0.000010s ]
INFO: [ app_init ] --END-- [ RunTime:0.000245s ]
ERR: 无法加载模块:Public

[ 2015-10-09T09:54:08+08:00 ] 192.168.1.126 /Public/img1/bg.png
INFO: [ app_init ] --START--
INFO: Run Behavior\BuildLiteBehavior [ RunTime:0.000011s ]
INFO: [ app_init ] --END-- [ RunTime:0.000221s ]
ERR: 无法加载模块:Public

[ 2015-10-09T11:02:18+08:00 ] 192.168.1.126 /Public/img1/bg.png
INFO: [ app_init ] --START--
INFO: Run Behavior\BuildLiteBehavior [ RunTime:0.000009s ]
INFO: [ app_init ] --END-- [ RunTime:0.000196s ]
ERR: 无法加载模块:Public

[ 2015-10-09T11:02:18+08:00 ] 192.168.1.126 /Public/img/blueBtn.png
INFO: [ app_init ] --START--
INFO: Run Behavior\BuildLiteBehavior [ RunTime:0.000016s ]
INFO: [ app_init ] --END-- [ RunTime:0.000464s ]
ERR: 无法加载模块:Public

[ 2015-10-09T11:05:00+08:00 ] 192.168.1.126 /Public/img1/bg.png
INFO: [ app_init ] --START--
INFO: Run Behavior\BuildLiteBehavior [ RunTime:0.000016s ]
INFO: [ app_init ] --END-- [ RunTime:0.000308s ]
ERR: 无法加载模块:Public

[ 2015-10-09T11:05:00+08:00 ] 192.168.1.126 /Public/img/blueBtn.png
INFO: [ app_init ] --START--
INFO: Run Behavior\BuildLiteBehavior [ RunTime:0.000014s ]
INFO: [ app_init ] --END-- [ RunTime:0.000281s ]
ERR: 无法加载模块:Public

[ 2015-10-09T13:23:33+08:00 ] 192.168.1.126 /Public/img1/bg.png
INFO: [ app_init ] --START--
INFO: Run Behavior\BuildLiteBehavior [ RunTime:0.000008s ]
INFO: [ app_init ] --END-- [ RunTime:0.000190s ]
ERR: 无法加载模块:Public

[ 2015-10-09T13:23:33+08:00 ] 192.168.1.126 /Public/img/blueBtn.png
INFO: [ app_init ] --START--
INFO: Run Behavior\BuildLiteBehavior [ RunTime:0.000010s ]
INFO: [ app_init ] --END-- [ RunTime:0.000343s ]
ERR: 无法加载模块:Public

[ 2015-10-09T16:28:03+08:00 ] 192.168.1.126 /static/theme/ifpay/img/yy-icon.png
INFO: [ app_init ] --START--
INFO: Run Behavior\BuildLiteBehavior [ RunTime:0.000009s ]
INFO: [ app_init ] --END-- [ RunTime:0.000192s ]
ERR: 无法加载模块:Static

[ 2015-10-09T16:28:05+08:00 ] 192.168.1.126 /static/theme/ifpay/img/yy-icon.png
INFO: [ app_init ] --START--
INFO: Run Behavior\BuildLiteBehavior [ RunTime:0.000009s ]
INFO: [ app_init ] --END-- [ RunTime:0.000232s ]
ERR: 无法加载模块:Static

[ 2015-10-09T16:29:41+08:00 ] 192.168.1.126 /static/theme/ifpay/img/yy-icon.png
INFO: [ app_init ] --START--
INFO: Run Behavior\BuildLiteBehavior [ RunTime:0.000008s ]
INFO: [ app_init ] --END-- [ RunTime:0.000228s ]
ERR: 无法加载模块:Static

[ 2015-10-09T16:29:42+08:00 ] 192.168.1.126 /static/theme/ifpay/img/yy-icon.png
INFO: [ app_init ] --START--
INFO: Run Behavior\BuildLiteBehavior [ RunTime:0.000010s ]
INFO: [ app_init ] --END-- [ RunTime:0.000215s ]
ERR: 无法加载模块:Static

[ 2015-10-09T16:30:44+08:00 ] 192.168.1.126 /static/theme/ifpay/img/yy-icon.png
INFO: [ app_init ] --START--
INFO: Run Behavior\BuildLiteBehavior [ RunTime:0.000010s ]
INFO: [ app_init ] --END-- [ RunTime:0.000258s ]
ERR: 无法加载模块:Static

[ 2015-10-09T16:33:56+08:00 ] 192.168.1.126 /static/theme/ifpay/img/yy-icon.png
INFO: [ app_init ] --START--
INFO: Run Behavior\BuildLiteBehavior [ RunTime:0.000014s ]
INFO: [ app_init ] --END-- [ RunTime:0.000210s ]
ERR: 无法加载模块:Static

[ 2015-10-09T16:33:57+08:00 ] 192.168.1.126 /static/theme/ifpay/img/yy-icon.png
INFO: [ app_init ] --START--
INFO: Run Behavior\BuildLiteBehavior [ RunTime:0.000009s ]
INFO: [ app_init ] --END-- [ RunTime:0.000239s ]
ERR: 无法加载模块:Static

[ 2015-10-09T16:33:58+08:00 ] 192.168.1.126 /static/theme/ifpay/img/yy-icon.png
INFO: [ app_init ] --START--
INFO: Run Behavior\BuildLiteBehavior [ RunTime:0.000010s ]
INFO: [ app_init ] --END-- [ RunTime:0.000197s ]
ERR: 无法加载模块:Static

[ 2015-10-09T16:33:59+08:00 ] 192.168.1.126 /static/theme/ifpay/img/yy-icon.png
INFO: [ app_init ] --START--
INFO: Run Behavior\BuildLiteBehavior [ RunTime:0.000009s ]
INFO: [ app_init ] --END-- [ RunTime:0.000196s ]
ERR: 无法加载模块:Static

[ 2015-10-09T16:34:01+08:00 ] 192.168.1.126 /static/theme/ifpay/img/yy-icon.png
INFO: [ app_init ] --START--
INFO: Run Behavior\BuildLiteBehavior [ RunTime:0.000011s ]
INFO: [ app_init ] --END-- [ RunTime:0.000232s ]
ERR: 无法加载模块:Static

[ 2015-10-09T16:58:28+08:00 ] 192.168.1.126 /static/theme/ifpay/img/yy-icon.png
INFO: [ app_init ] --START--
INFO: Run Behavior\BuildLiteBehavior [ RunTime:0.000010s ]
INFO: [ app_init ] --END-- [ RunTime:0.000219s ]
ERR: 无法加载模块:Static

[ 2015-10-09T16:58:36+08:00 ] 192.168.1.126 /static/theme/ifpay/img/yy-icon.png
INFO: [ app_init ] --START--
INFO: Run Behavior\BuildLiteBehavior [ RunTime:0.000053s ]
INFO: [ app_init ] --END-- [ RunTime:0.000728s ]
ERR: 无法加载模块:Static

[ 2015-10-09T16:58:38+08:00 ] 192.168.1.126 /static/theme/ifpay/img/yy-icon.png
INFO: [ app_init ] --START--
INFO: Run Behavior\BuildLiteBehavior [ RunTime:0.000010s ]
INFO: [ app_init ] --END-- [ RunTime:0.000194s ]
ERR: 无法加载模块:Static

[ 2015-10-09T16:58:41+08:00 ] 192.168.1.126 /static/theme/ifpay/img/yy-icon.png
INFO: [ app_init ] --START--
INFO: Run Behavior\BuildLiteBehavior [ RunTime:0.000008s ]
INFO: [ app_init ] --END-- [ RunTime:0.000188s ]
ERR: 无法加载模块:Static

[ 2015-10-09T16:58:42+08:00 ] 192.168.1.126 /static/theme/ifpay/img/yy-icon.png
INFO: [ app_init ] --START--
INFO: Run Behavior\BuildLiteBehavior [ RunTime:0.000009s ]
INFO: [ app_init ] --END-- [ RunTime:0.000190s ]
ERR: 无法加载模块:Static

[ 2015-10-09T16:58:43+08:00 ] 192.168.1.126 /static/theme/ifpay/img/yy-icon.png
INFO: [ app_init ] --START--
INFO: Run Behavior\BuildLiteBehavior [ RunTime:0.000010s ]
INFO: [ app_init ] --END-- [ RunTime:0.000318s ]
ERR: 无法加载模块:Static

[ 2015-10-09T16:58:44+08:00 ] 192.168.1.126 /static/theme/ifpay/img/yy-icon.png
INFO: [ app_init ] --START--
INFO: Run Behavior\BuildLiteBehavior [ RunTime:0.000008s ]
INFO: [ app_init ] --END-- [ RunTime:0.000190s ]
ERR: 无法加载模块:Static

[ 2015-10-09T17:00:28+08:00 ] 192.168.1.126 /static/theme/ifpay/img/yy-icon.png
INFO: [ app_init ] --START--
INFO: Run Behavior\BuildLiteBehavior [ RunTime:0.000048s ]
INFO: [ app_init ] --END-- [ RunTime:0.000265s ]
ERR: 无法加载模块:Static

[ 2015-10-09T17:00:31+08:00 ] 192.168.1.126 /static/theme/ifpay/img/yy-icon.png
INFO: [ app_init ] --START--
INFO: Run Behavior\BuildLiteBehavior [ RunTime:0.000015s ]
INFO: [ app_init ] --END-- [ RunTime:0.000398s ]
ERR: 无法加载模块:Static

[ 2015-10-09T17:00:32+08:00 ] 192.168.1.126 /static/theme/ifpay/img/yy-icon.png
INFO: [ app_init ] --START--
INFO: Run Behavior\BuildLiteBehavior [ RunTime:0.000011s ]
INFO: [ app_init ] --END-- [ RunTime:0.000396s ]
ERR: 无法加载模块:Static

[ 2015-10-09T17:00:32+08:00 ] 192.168.1.126 /static/theme/ifpay/img/yy-icon.png
INFO: [ app_init ] --START--
INFO: Run Behavior\BuildLiteBehavior [ RunTime:0.000009s ]
INFO: [ app_init ] --END-- [ RunTime:0.000187s ]
ERR: 无法加载模块:Static

[ 2015-10-09T17:00:33+08:00 ] 192.168.1.126 /static/theme/ifpay/img/yy-icon.png
INFO: [ app_init ] --START--
INFO: Run Behavior\BuildLiteBehavior [ RunTime:0.000010s ]
INFO: [ app_init ] --END-- [ RunTime:0.000214s ]
ERR: 无法加载模块:Static

[ 2015-10-09T17:00:35+08:00 ] 192.168.1.126 /static/theme/ifpay/img/yy-icon.png
INFO: [ app_init ] --START--
INFO: Run Behavior\BuildLiteBehavior [ RunTime:0.000029s ]
INFO: [ app_init ] --END-- [ RunTime:0.000457s ]
ERR: 无法加载模块:Static

[ 2015-10-09T17:02:58+08:00 ] 192.168.1.126 /static/theme/ifpay/img/yy-icon.png
INFO: [ app_init ] --START--
INFO: Run Behavior\BuildLiteBehavior [ RunTime:0.000015s ]
INFO: [ app_init ] --END-- [ RunTime:0.000356s ]
ERR: 无法加载模块:Static

[ 2015-10-09T17:03:00+08:00 ] 192.168.1.126 /static/theme/ifpay/img/yy-icon.png
INFO: [ app_init ] --START--
INFO: Run Behavior\BuildLiteBehavior [ RunTime:0.000009s ]
INFO: [ app_init ] --END-- [ RunTime:0.000201s ]
ERR: 无法加载模块:Static

[ 2015-10-09T17:03:03+08:00 ] 192.168.1.126 /static/theme/ifpay/img/yy-icon.png
INFO: [ app_init ] --START--
INFO: Run Behavior\BuildLiteBehavior [ RunTime:0.000008s ]
INFO: [ app_init ] --END-- [ RunTime:0.000192s ]
ERR: 无法加载模块:Static

[ 2015-10-09T17:03:08+08:00 ] 192.168.1.126 /static/theme/ifpay/img/yy-icon.png
INFO: [ app_init ] --START--
INFO: Run Behavior\BuildLiteBehavior [ RunTime:0.000011s ]
INFO: [ app_init ] --END-- [ RunTime:0.000279s ]
ERR: 无法加载模块:Static

[ 2015-10-09T17:03:10+08:00 ] 192.168.1.126 /static/theme/ifpay/img/yy-icon.png
INFO: [ app_init ] --START--
INFO: Run Behavior\BuildLiteBehavior [ RunTime:0.000010s ]
INFO: [ app_init ] --END-- [ RunTime:0.000204s ]
ERR: 无法加载模块:Static

[ 2015-10-09T17:04:23+08:00 ] 192.168.1.126 /static/theme/ifpay/img/yy-icon.png
INFO: [ app_init ] --START--
INFO: Run Behavior\BuildLiteBehavior [ RunTime:0.000010s ]
INFO: [ app_init ] --END-- [ RunTime:0.000215s ]
ERR: 无法加载模块:Static

[ 2015-10-09T17:04:35+08:00 ] 192.168.1.126 /static/theme/ifpay/img/yy-icon.png
INFO: [ app_init ] --START--
INFO: Run Behavior\BuildLiteBehavior [ RunTime:0.000009s ]
INFO: [ app_init ] --END-- [ RunTime:0.000212s ]
ERR: 无法加载模块:Static

[ 2015-10-09T17:04:37+08:00 ] 192.168.1.126 /static/theme/ifpay/img/yy-icon.png
INFO: [ app_init ] --START--
INFO: Run Behavior\BuildLiteBehavior [ RunTime:0.000009s ]
INFO: [ app_init ] --END-- [ RunTime:0.000195s ]
ERR: 无法加载模块:Static

[ 2015-10-09T17:39:38+08:00 ] 192.168.1.126 /static/theme/ifpay/img/yy-icon.png
INFO: [ app_init ] --START--
INFO: Run Behavior\BuildLiteBehavior [ RunTime:0.000011s ]
INFO: [ app_init ] --END-- [ RunTime:0.000219s ]
ERR: 无法加载模块:Static

[ 2015-10-09T17:39:39+08:00 ] 192.168.1.126 /static/theme/ifpay/img/yy-icon.png
INFO: [ app_init ] --START--
INFO: Run Behavior\BuildLiteBehavior [ RunTime:0.000014s ]
INFO: [ app_init ] --END-- [ RunTime:0.000322s ]
ERR: 无法加载模块:Static

[ 2015-10-09T17:39:41+08:00 ] 192.168.1.126 /static/theme/ifpay/img/yy-icon.png
INFO: [ app_init ] --START--
INFO: Run Behavior\BuildLiteBehavior [ RunTime:0.000009s ]
INFO: [ app_init ] --END-- [ RunTime:0.000192s ]
ERR: 无法加载模块:Static

[ 2015-10-09T17:39:45+08:00 ] 192.168.1.126 /static/theme/ifpay/img/yy-icon.png
INFO: [ app_init ] --START--
INFO: Run Behavior\BuildLiteBehavior [ RunTime:0.000010s ]
INFO: [ app_init ] --END-- [ RunTime:0.000215s ]
ERR: 无法加载模块:Static

[ 2015-10-09T17:39:48+08:00 ] 192.168.1.126 /static/theme/ifpay/img/yy-icon.png
INFO: [ app_init ] --START--
INFO: Run Behavior\BuildLiteBehavior [ RunTime:0.000009s ]
INFO: [ app_init ] --END-- [ RunTime:0.000207s ]
ERR: 无法加载模块:Static

[ 2015-10-09T17:41:46+08:00 ] 192.168.1.126 /static/theme/ifpay/img/yy-icon.png
INFO: [ app_init ] --START--
INFO: Run Behavior\BuildLiteBehavior [ RunTime:0.000009s ]
INFO: [ app_init ] --END-- [ RunTime:0.000194s ]
ERR: 无法加载模块:Static

[ 2015-10-09T17:41:56+08:00 ] 192.168.1.126 /static/theme/ifpay/img/yy-icon.png
INFO: [ app_init ] --START--
INFO: Run Behavior\BuildLiteBehavior [ RunTime:0.000075s ]
INFO: [ app_init ] --END-- [ RunTime:0.000829s ]
ERR: 无法加载模块:Static

[ 2015-10-09T17:42:00+08:00 ] 192.168.1.126 /static/theme/ifpay/img/yy-icon.png
INFO: [ app_init ] --START--
INFO: Run Behavior\BuildLiteBehavior [ RunTime:0.000014s ]
INFO: [ app_init ] --END-- [ RunTime:0.000172s ]
ERR: 无法加载模块:Static

[ 2015-10-09T17:43:42+08:00 ] 192.168.1.126 /static/theme/ifpay/img/yy-icon.png
INFO: [ app_init ] --START--
INFO: Run Behavior\BuildLiteBehavior [ RunTime:0.000015s ]
INFO: [ app_init ] --END-- [ RunTime:0.000260s ]
ERR: 无法加载模块:Static

[ 2015-10-09T17:43:45+08:00 ] 192.168.1.126 /static/theme/ifpay/img/yy-icon.png
INFO: [ app_init ] --START--
INFO: Run Behavior\BuildLiteBehavior [ RunTime:0.000009s ]
INFO: [ app_init ] --END-- [ RunTime:0.000190s ]
ERR: 无法加载模块:Static

[ 2015-10-09T17:43:46+08:00 ] 192.168.1.126 /static/theme/ifpay/img/yy-icon.png
INFO: [ app_init ] --START--
INFO: Run Behavior\BuildLiteBehavior [ RunTime:0.000010s ]
INFO: [ app_init ] --END-- [ RunTime:0.000244s ]
ERR: 无法加载模块:Static

[ 2015-10-09T17:43:48+08:00 ] 192.168.1.126 /static/theme/ifpay/img/yy-icon.png
INFO: [ app_init ] --START--
INFO: Run Behavior\BuildLiteBehavior [ RunTime:0.000010s ]
INFO: [ app_init ] --END-- [ RunTime:0.000227s ]
ERR: 无法加载模块:Static

[ 2015-10-09T17:45:19+08:00 ] 192.168.1.126 /static/theme/ifpay/img/yy-icon.png
INFO: [ app_init ] --START--
INFO: Run Behavior\BuildLiteBehavior [ RunTime:0.000020s ]
INFO: [ app_init ] --END-- [ RunTime:0.000534s ]
ERR: 无法加载模块:Static

[ 2015-10-09T17:46:38+08:00 ] 192.168.1.126 /static/theme/ifpay/img/yy-icon.png
INFO: [ app_init ] --START--
INFO: Run Behavior\BuildLiteBehavior [ RunTime:0.000016s ]
INFO: [ app_init ] --END-- [ RunTime:0.000387s ]
ERR: 无法加载模块:Static

[ 2015-10-09T17:46:47+08:00 ] 192.168.1.126 /static/theme/ifpay/img/yy-icon.png
INFO: [ app_init ] --START--
INFO: Run Behavior\BuildLiteBehavior [ RunTime:0.000024s ]
INFO: [ app_init ] --END-- [ RunTime:0.000482s ]
ERR: 无法加载模块:Static

[ 2015-10-09T17:47:23+08:00 ] 192.168.1.126 /static/theme/ifpay/img/yy-icon.png
INFO: [ app_init ] --START--
INFO: Run Behavior\BuildLiteBehavior [ RunTime:0.000030s ]
INFO: [ app_init ] --END-- [ RunTime:0.001173s ]
ERR: 无法加载模块:Static

[ 2015-10-09T17:47:24+08:00 ] 192.168.1.126 /static/theme/ifpay/img/yy-icon.png
INFO: [ app_init ] --START--
INFO: Run Behavior\BuildLiteBehavior [ RunTime:0.000014s ]
INFO: [ app_init ] --END-- [ RunTime:0.000369s ]
ERR: 无法加载模块:Static

[ 2015-10-09T17:49:33+08:00 ] 192.168.1.126 /static/theme/ifpay/img/yy-icon.png
INFO: [ app_init ] --START--
INFO: Run Behavior\BuildLiteBehavior [ RunTime:0.000052s ]
INFO: [ app_init ] --END-- [ RunTime:0.000782s ]
ERR: 无法加载模块:Static

[ 2015-10-09T17:49:54+08:00 ] 192.168.1.126 /static/theme/ifpay/img/yy-icon.png
INFO: [ app_init ] --START--
INFO: Run Behavior\BuildLiteBehavior [ RunTime:0.000029s ]
INFO: [ app_init ] --END-- [ RunTime:0.000967s ]
ERR: 无法加载模块:Static

[ 2015-10-09T17:50:12+08:00 ] 192.168.1.126 /static/theme/ifpay/img/yy-icon.png
INFO: [ app_init ] --START--
INFO: Run Behavior\BuildLiteBehavior [ RunTime:0.000010s ]
INFO: [ app_init ] --END-- [ RunTime:0.000220s ]
ERR: 无法加载模块:Static

