[ 2015-12-10T13:34:11+08:00 ] 127.0.0.1 /Admin
INFO: [ app_init ] --START--
INFO: Run Behavior\BuildLiteBehavior [ RunTime:0.000017s ]
INFO: [ app_init ] --END-- [ RunTime:0.000652s ]
INFO: [ app_begin ] --START--
INFO: Run Behavior\ReadHtmlCacheBehavior [ RunTime:0.000832s ]
INFO: Run Behavior\CheckLangBehavior [ RunTime:0.002448s ]
INFO: [ app_begin ] --END-- [ RunTime:0.003380s ]
INFO: [ view_filter ] --START--
INFO: Run Behavior\WriteHtmlCacheBehavior [ RunTime:0.000427s ]
INFO: [ view_filter ] --END-- [ RunTime:0.000482s ]
INFO: [ app_end ] --START--
INFO: Run Behavior\ShowPageTraceBehavior [ RunTime:0.000588s ]
INFO: [ app_end ] --END-- [ RunTime:0.000619s ]

[ 2015-12-10T13:34:13+08:00 ] 127.0.0.1 /Admin/Users/loginAdmin
INFO: [ app_init ] --START--
INFO: Run Behavior\BuildLiteBehavior [ RunTime:0.000010s ]
INFO: [ app_init ] --END-- [ RunTime:0.000426s ]
INFO: [ app_begin ] --START--
INFO: Run Behavior\ReadHtmlCacheBehavior [ RunTime:0.000501s ]
INFO: Run Behavior\CheckLangBehavior [ RunTime:0.002077s ]
INFO: [ app_begin ] --END-- [ RunTime:0.002651s ]
ERR: Undefined class constant 'MYSQL_ATTR_INIT_COMMAND'

[ 2015-12-10T14:31:28+08:00 ] 127.0.0.1 /Admin
INFO: [ app_init ] --START--
INFO: Run Behavior\BuildLiteBehavior [ RunTime:0.000012s ]
INFO: [ app_init ] --END-- [ RunTime:0.000625s ]
INFO: [ app_begin ] --START--
INFO: Run Behavior\ReadHtmlCacheBehavior [ RunTime:0.000638s ]
INFO: Run Behavior\CheckLangBehavior [ RunTime:0.002544s ]
INFO: [ app_begin ] --END-- [ RunTime:0.003260s ]
INFO: [ view_filter ] --START--
INFO: Run Behavior\WriteHtmlCacheBehavior [ RunTime:0.000473s ]
INFO: [ view_filter ] --END-- [ RunTime:0.000521s ]
INFO: [ app_end ] --START--
INFO: Run Behavior\ShowPageTraceBehavior [ RunTime:0.000853s ]
INFO: [ app_end ] --END-- [ RunTime:0.000911s ]

[ 2015-12-10T14:31:30+08:00 ] 127.0.0.1 /Admin/Users/loginAdmin
INFO: [ app_init ] --START--
INFO: Run Behavior\BuildLiteBehavior [ RunTime:0.000011s ]
INFO: [ app_init ] --END-- [ RunTime:0.000473s ]
INFO: [ app_begin ] --START--
INFO: Run Behavior\ReadHtmlCacheBehavior [ RunTime:0.000686s ]
INFO: Run Behavior\CheckLangBehavior [ RunTime:0.003731s ]
INFO: [ app_begin ] --END-- [ RunTime:0.004509s ]
SQL: SHOW COLUMNS FROM `users` [ RunTime:0.0874s ]
SQL: SELECT * FROM `users` WHERE `username` = '' LIMIT 1   [ RunTime:0.0130s ]
INFO: [ view_filter ] --START--
INFO: Run Behavior\WriteHtmlCacheBehavior [ RunTime:0.000482s ]
INFO: [ view_filter ] --END-- [ RunTime:0.000529s ]

[ 2015-12-10T14:31:31+08:00 ] 127.0.0.1 /Admin/Users/loginAdmin
INFO: [ app_init ] --START--
INFO: Run Behavior\BuildLiteBehavior [ RunTime:0.000014s ]
INFO: [ app_init ] --END-- [ RunTime:0.000604s ]
INFO: [ app_begin ] --START--
INFO: Run Behavior\ReadHtmlCacheBehavior [ RunTime:0.000953s ]
INFO: Run Behavior\CheckLangBehavior [ RunTime:0.002703s ]
INFO: [ app_begin ] --END-- [ RunTime:0.003798s ]
SQL: SHOW COLUMNS FROM `users` [ RunTime:0.0466s ]
SQL: SELECT * FROM `users` WHERE `username` = '' LIMIT 1   [ RunTime:0.0004s ]
INFO: [ view_filter ] --START--
INFO: Run Behavior\WriteHtmlCacheBehavior [ RunTime:0.000337s ]
INFO: [ view_filter ] --END-- [ RunTime:0.000385s ]

[ 2015-12-10T14:31:37+08:00 ] 127.0.0.1 /Admin/Users/loginAdmin
INFO: [ app_init ] --START--
INFO: Run Behavior\BuildLiteBehavior [ RunTime:0.000013s ]
INFO: [ app_init ] --END-- [ RunTime:0.000524s ]
INFO: [ app_begin ] --START--
INFO: Run Behavior\ReadHtmlCacheBehavior [ RunTime:0.000691s ]
INFO: Run Behavior\CheckLangBehavior [ RunTime:0.002721s ]
INFO: [ app_begin ] --END-- [ RunTime:0.003512s ]
SQL: SHOW COLUMNS FROM `users` [ RunTime:0.0929s ]
SQL: SELECT * FROM `users` WHERE `username` = 'admin' LIMIT 1   [ RunTime:0.0437s ]

[ 2015-12-10T14:31:37+08:00 ] 127.0.0.1 /Admin/Admin/index.html
INFO: [ app_init ] --START--
INFO: Run Behavior\BuildLiteBehavior [ RunTime:0.000009s ]
INFO: [ app_init ] --END-- [ RunTime:0.000375s ]
INFO: [ app_begin ] --START--
INFO: Run Behavior\ReadHtmlCacheBehavior [ RunTime:0.000457s ]
INFO: Run Behavior\CheckLangBehavior [ RunTime:0.002087s ]
INFO: [ app_begin ] --END-- [ RunTime:0.002625s ]
SQL: select version() as version; [ RunTime:0.0046s ]
INFO: [ view_filter ] --START--
INFO: Run Behavior\WriteHtmlCacheBehavior [ RunTime:0.000468s ]
INFO: [ view_filter ] --END-- [ RunTime:0.000526s ]
INFO: [ app_end ] --START--
INFO: Run Behavior\ShowPageTraceBehavior [ RunTime:0.000625s ]
INFO: [ app_end ] --END-- [ RunTime:0.000673s ]

[ 2015-12-10T14:31:39+08:00 ] 127.0.0.1 /Admin/Developers/index.html
INFO: [ app_init ] --START--
INFO: Run Behavior\BuildLiteBehavior [ RunTime:0.000011s ]
INFO: [ app_init ] --END-- [ RunTime:0.000499s ]
INFO: [ app_begin ] --START--
INFO: Run Behavior\ReadHtmlCacheBehavior [ RunTime:0.000590s ]
INFO: Run Behavior\CheckLangBehavior [ RunTime:0.002234s ]
INFO: [ app_begin ] --END-- [ RunTime:0.002908s ]
SQL: SHOW COLUMNS FROM `developers` [ RunTime:0.0359s ]
SQL: SELECT COUNT(D.id) AS tp_count FROM developers D LEFT JOIN users u ON D.user_id=u.id  WHERE `status` > 0 LIMIT 1   [ RunTime:0.0004s ]
NOTIC: [8] Undefined index: p E:\Wnmp\noobird\Application\Admin\Controller\DevelopersController.class.php 第 36 行.
SQL: SELECT `company_name`,`company_license`,D.mobile,D.status,`contact`,D.created,`username`,D.user_id,D.id FROM developers D LEFT JOIN users u ON D.user_id=u.id  WHERE `status` > 0 ORDER BY `status` asc LIMIT 0,10   [ RunTime:0.0331s ]
INFO: [ view_filter ] --START--
INFO: Run Behavior\WriteHtmlCacheBehavior [ RunTime:0.000515s ]
INFO: [ view_filter ] --END-- [ RunTime:0.000575s ]
INFO: [ app_end ] --START--
INFO: Run Behavior\ShowPageTraceBehavior [ RunTime:0.000732s ]
INFO: [ app_end ] --END-- [ RunTime:0.000777s ]

[ 2015-12-10T14:31:40+08:00 ] 127.0.0.1 /Admin/Fees/index.html
INFO: [ app_init ] --START--
INFO: Run Behavior\BuildLiteBehavior [ RunTime:0.000010s ]
INFO: [ app_init ] --END-- [ RunTime:0.000390s ]
INFO: [ app_begin ] --START--
INFO: Run Behavior\ReadHtmlCacheBehavior [ RunTime:0.000569s ]
INFO: Run Behavior\CheckLangBehavior [ RunTime:0.002186s ]
INFO: [ app_begin ] --END-- [ RunTime:0.002827s ]
SQL: SHOW COLUMNS FROM `fees` [ RunTime:0.0395s ]
SQL: SELECT COUNT(id) AS tp_count FROM `fees` WHERE `status` > 0 LIMIT 1   [ RunTime:0.0003s ]
NOTIC: [8] Undefined index: p E:\Wnmp\noobird\Application\Admin\Controller\CController.class.php 第 175 行.
SQL: SELECT * FROM `fees` WHERE `status` > 0 ORDER BY `id` asc LIMIT 0,10   [ RunTime:0.0004s ]
INFO: [ view_filter ] --START--
INFO: Run Behavior\WriteHtmlCacheBehavior [ RunTime:0.000384s ]
INFO: [ view_filter ] --END-- [ RunTime:0.000437s ]
INFO: [ app_end ] --START--
INFO: Run Behavior\ShowPageTraceBehavior [ RunTime:0.000953s ]
INFO: [ app_end ] --END-- [ RunTime:0.001050s ]

[ 2015-12-10T14:31:41+08:00 ] 127.0.0.1 /Admin/Developers/index.html
INFO: [ app_init ] --START--
INFO: Run Behavior\BuildLiteBehavior [ RunTime:0.000016s ]
INFO: [ app_init ] --END-- [ RunTime:0.000673s ]
INFO: [ app_begin ] --START--
INFO: Run Behavior\ReadHtmlCacheBehavior [ RunTime:0.000516s ]
INFO: Run Behavior\CheckLangBehavior [ RunTime:0.002098s ]
INFO: [ app_begin ] --END-- [ RunTime:0.002692s ]
SQL: SHOW COLUMNS FROM `developers` [ RunTime:0.0048s ]
SQL: SELECT COUNT(D.id) AS tp_count FROM developers D LEFT JOIN users u ON D.user_id=u.id  WHERE `status` > 0 LIMIT 1   [ RunTime:0.0001s ]
NOTIC: [8] Undefined index: p E:\Wnmp\noobird\Application\Admin\Controller\DevelopersController.class.php 第 36 行.
SQL: SELECT `company_name`,`company_license`,D.mobile,D.status,`contact`,D.created,`username`,D.user_id,D.id FROM developers D LEFT JOIN users u ON D.user_id=u.id  WHERE `status` > 0 ORDER BY `status` asc LIMIT 0,10   [ RunTime:0.0003s ]
INFO: [ view_filter ] --START--
INFO: Run Behavior\WriteHtmlCacheBehavior [ RunTime:0.000353s ]
INFO: [ view_filter ] --END-- [ RunTime:0.000396s ]
INFO: [ app_end ] --START--
INFO: Run Behavior\ShowPageTraceBehavior [ RunTime:0.000739s ]
INFO: [ app_end ] --END-- [ RunTime:0.000794s ]

[ 2015-12-10T14:31:42+08:00 ] 127.0.0.1 /Admin/Statistics/index
INFO: [ app_init ] --START--
INFO: Run Behavior\BuildLiteBehavior [ RunTime:0.000011s ]
INFO: [ app_init ] --END-- [ RunTime:0.000409s ]
INFO: [ app_begin ] --START--
INFO: Run Behavior\ReadHtmlCacheBehavior [ RunTime:0.000524s ]
INFO: Run Behavior\CheckLangBehavior [ RunTime:0.002176s ]
INFO: [ app_begin ] --END-- [ RunTime:0.002775s ]
SQL: SHOW COLUMNS FROM `statistics` [ RunTime:0.0383s ]
SQL: SELECT COUNT(S.id) AS tp_count FROM statistics S 
            LEFT JOIN developers D ON S.user_id=D.user_id
            LEFT JOIN users u ON S.user_id=u.id
          WHERE S.status = 1 GROUP BY S.user_id LIMIT 1   [ RunTime:0.0212s ]
NOTIC: [8] Undefined index: p E:\Wnmp\noobird\Application\Admin\Controller\StatisticsController.class.php 第 40 行.
SQL: SELECT SUM(fee) as total,u.username,D.company_name,S.user_id,S.status FROM statistics S 
            LEFT JOIN developers D ON S.user_id=D.user_id
            LEFT JOIN users u ON S.user_id=u.id
          WHERE S.status = 1 GROUP BY S.user_id ORDER BY `total` desc LIMIT 0,10   [ RunTime:0.0170s ]
NOTIC: [8] Undefined index: start E:\Wnmp\noobird\Application\Admin\View\Statistics\index.php 第 20 行.
NOTIC: [8] Undefined index: end E:\Wnmp\noobird\Application\Admin\View\Statistics\index.php 第 22 行.
INFO: [ view_filter ] --START--
INFO: Run Behavior\WriteHtmlCacheBehavior [ RunTime:0.000381s ]
INFO: [ view_filter ] --END-- [ RunTime:0.000419s ]
INFO: [ app_end ] --START--
INFO: Run Behavior\ShowPageTraceBehavior [ RunTime:0.000594s ]
INFO: [ app_end ] --END-- [ RunTime:0.000629s ]

[ 2015-12-10T14:31:43+08:00 ] 127.0.0.1 /Admin/Iaps/index
INFO: [ app_init ] --START--
INFO: Run Behavior\BuildLiteBehavior [ RunTime:0.000009s ]
INFO: [ app_init ] --END-- [ RunTime:0.000464s ]
INFO: [ app_begin ] --START--
INFO: Run Behavior\ReadHtmlCacheBehavior [ RunTime:0.000518s ]
INFO: Run Behavior\CheckLangBehavior [ RunTime:0.002190s ]
INFO: [ app_begin ] --END-- [ RunTime:0.002778s ]
NOTIC: [2] Declaration of Admin\Controller\IapsController::_filter() should be compatible with Admin\Controller\CController::_filter($alias = '') E:\Wnmp\noobird\Application\Admin\Controller\IapsController.class.php 第 12 行.
SQL: SHOW COLUMNS FROM `iaps` [ RunTime:0.0470s ]
SQL: SELECT COUNT(I.id) AS tp_count FROM iaps I 
            LEFT JOIN applications A ON I.application_id=A.id
            LEFT JOIN developers D ON I.user_id=D.user_id
            LEFT JOIN users u ON I.user_id=u.id
          LIMIT 1   [ RunTime:0.0394s ]
NOTIC: [8] Undefined index: p E:\Wnmp\noobird\Application\Admin\Controller\IapsController.class.php 第 45 行.
SQL: SELECT I.id,I.name,A.status,I.iap_key,I.pay_code,I.created,I.status,`application_id`,`app_id`,A.name AS app_name,D.company_name,u.username FROM iaps I 
            LEFT JOIN applications A ON I.application_id=A.id
            LEFT JOIN developers D ON I.user_id=D.user_id
            LEFT JOIN users u ON I.user_id=u.id
          ORDER BY A.status asc LIMIT 0,10   [ RunTime:0.0008s ]
SQL: SHOW COLUMNS FROM `developers` [ RunTime:0.0043s ]
SQL: SELECT D.user_id,`username`,`company_name` FROM developers D INNER JOIN users u ON D.user_id=u.id   [ RunTime:0.0004s ]
NOTIC: [8] Undefined index: user_id E:\Wnmp\noobird\Application\Admin\View\Iaps\index.php 第 23 行.
NOTIC: [8] Undefined index: user_id E:\Wnmp\noobird\Application\Admin\View\Iaps\index.php 第 23 行.
NOTIC: [8] Undefined index: user_id E:\Wnmp\noobird\Application\Admin\View\Iaps\index.php 第 23 行.
NOTIC: [8] Undefined index: user_id E:\Wnmp\noobird\Application\Admin\View\Iaps\index.php 第 23 行.
NOTIC: [8] Undefined index: user_id E:\Wnmp\noobird\Application\Admin\View\Iaps\index.php 第 23 行.
NOTIC: [8] Undefined index: user_id E:\Wnmp\noobird\Application\Admin\View\Iaps\index.php 第 23 行.
NOTIC: [8] Undefined index: user_id E:\Wnmp\noobird\Application\Admin\View\Iaps\index.php 第 23 行.
NOTIC: [8] Undefined index: user_id E:\Wnmp\noobird\Application\Admin\View\Iaps\index.php 第 23 行.
NOTIC: [8] Undefined index: user_id E:\Wnmp\noobird\Application\Admin\View\Iaps\index.php 第 23 行.
NOTIC: [8] Undefined index: user_id E:\Wnmp\noobird\Application\Admin\View\Iaps\index.php 第 23 行.
NOTIC: [8] Undefined index: user_id E:\Wnmp\noobird\Application\Admin\View\Iaps\index.php 第 23 行.
NOTIC: [8] Undefined index: user_id E:\Wnmp\noobird\Application\Admin\View\Iaps\index.php 第 23 行.
NOTIC: [8] Undefined index: user_id E:\Wnmp\noobird\Application\Admin\View\Iaps\index.php 第 23 行.
INFO: [ view_filter ] --START--
INFO: Run Behavior\WriteHtmlCacheBehavior [ RunTime:0.000390s ]
INFO: [ view_filter ] --END-- [ RunTime:0.000428s ]
INFO: [ app_end ] --START--
INFO: Run Behavior\ShowPageTraceBehavior [ RunTime:0.000755s ]
INFO: [ app_end ] --END-- [ RunTime:0.000800s ]

[ 2015-12-10T14:31:44+08:00 ] 127.0.0.1 /Admin/Applications/index
INFO: [ app_init ] --START--
INFO: Run Behavior\BuildLiteBehavior [ RunTime:0.000010s ]
INFO: [ app_init ] --END-- [ RunTime:0.000483s ]
INFO: [ app_begin ] --START--
INFO: Run Behavior\ReadHtmlCacheBehavior [ RunTime:0.000536s ]
INFO: Run Behavior\CheckLangBehavior [ RunTime:0.002227s ]
INFO: [ app_begin ] --END-- [ RunTime:0.002839s ]
SQL: SHOW COLUMNS FROM `applications` [ RunTime:0.0040s ]
SQL: SELECT COUNT(A.id) AS tp_count FROM applications A LEFT JOIN users u ON A.user_id=u.id  WHERE `status` > 0 LIMIT 1   [ RunTime:0.0004s ]
SQL: SHOW COLUMNS FROM `developers` [ RunTime:0.0219s ]
SQL: SELECT D.user_id,`username`,`company_name` FROM developers D INNER JOIN users u ON D.user_id=u.id   [ RunTime:0.0002s ]
NOTIC: [8] Undefined index: p E:\Wnmp\noobird\Application\Admin\Controller\ApplicationsController.class.php 第 37 行.
SQL: SELECT A.id,A.name,A.status,`app_key`,`app_id`,`username`,A.user_id,A.created FROM applications A LEFT JOIN users u ON A.user_id=u.id  WHERE `status` > 0 ORDER BY `status` asc LIMIT 0,10   [ RunTime:0.0239s ]
SQL: SELECT `company_name` FROM `developers` WHERE `user_id` = 1 LIMIT 1   [ RunTime:0.0003s ]
SQL: SELECT `company_name` FROM `developers` WHERE `user_id` = 57 LIMIT 1   [ RunTime:0.0003s ]
SQL: SELECT `company_name` FROM `developers` WHERE `user_id` = 57 LIMIT 1   [ RunTime:0.0002s ]
SQL: SELECT `company_name` FROM `developers` WHERE `user_id` = 57 LIMIT 1   [ RunTime:0.0002s ]
SQL: SELECT `company_name` FROM `developers` WHERE `user_id` = 57 LIMIT 1   [ RunTime:0.0002s ]
SQL: SELECT `company_name` FROM `developers` WHERE `user_id` = 57 LIMIT 1   [ RunTime:0.0001s ]
SQL: SELECT `company_name` FROM `developers` WHERE `user_id` = 5 LIMIT 1   [ RunTime:0.0003s ]
SQL: SELECT `company_name` FROM `developers` WHERE `user_id` = 54 LIMIT 1   [ RunTime:0.0002s ]
SQL: SELECT `company_name` FROM `developers` WHERE `user_id` = 54 LIMIT 1   [ RunTime:0.0001s ]
SQL: SELECT `company_name` FROM `developers` WHERE `user_id` = 9720 LIMIT 1   [ RunTime:0.0003s ]
NOTIC: [8] Undefined index: user_id E:\Wnmp\noobird\Application\Admin\View\Applications\index.php 第 23 行.
NOTIC: [8] Undefined index: user_id E:\Wnmp\noobird\Application\Admin\View\Applications\index.php 第 23 行.
NOTIC: [8] Undefined index: user_id E:\Wnmp\noobird\Application\Admin\View\Applications\index.php 第 23 行.
NOTIC: [8] Undefined index: user_id E:\Wnmp\noobird\Application\Admin\View\Applications\index.php 第 23 行.
NOTIC: [8] Undefined index: user_id E:\Wnmp\noobird\Application\Admin\View\Applications\index.php 第 23 行.
NOTIC: [8] Undefined index: user_id E:\Wnmp\noobird\Application\Admin\View\Applications\index.php 第 23 行.
NOTIC: [8] Undefined index: user_id E:\Wnmp\noobird\Application\Admin\View\Applications\index.php 第 23 行.
NOTIC: [8] Undefined index: user_id E:\Wnmp\noobird\Application\Admin\View\Applications\index.php 第 23 行.
NOTIC: [8] Undefined index: user_id E:\Wnmp\noobird\Application\Admin\View\Applications\index.php 第 23 行.
NOTIC: [8] Undefined index: user_id E:\Wnmp\noobird\Application\Admin\View\Applications\index.php 第 23 行.
NOTIC: [8] Undefined index: user_id E:\Wnmp\noobird\Application\Admin\View\Applications\index.php 第 23 行.
NOTIC: [8] Undefined index: user_id E:\Wnmp\noobird\Application\Admin\View\Applications\index.php 第 23 行.
NOTIC: [8] Undefined index: user_id E:\Wnmp\noobird\Application\Admin\View\Applications\index.php 第 23 行.
INFO: [ view_filter ] --START--
INFO: Run Behavior\WriteHtmlCacheBehavior [ RunTime:0.000341s ]
INFO: [ view_filter ] --END-- [ RunTime:0.000380s ]
INFO: [ app_end ] --START--
INFO: Run Behavior\ShowPageTraceBehavior [ RunTime:0.000690s ]
INFO: [ app_end ] --END-- [ RunTime:0.000740s ]

[ 2015-12-10T14:31:45+08:00 ] 127.0.0.1 /Admin/Statistics/statApp
INFO: [ app_init ] --START--
INFO: Run Behavior\BuildLiteBehavior [ RunTime:0.000010s ]
INFO: [ app_init ] --END-- [ RunTime:0.000514s ]
INFO: [ app_begin ] --START--
INFO: Run Behavior\ReadHtmlCacheBehavior [ RunTime:0.000693s ]
INFO: Run Behavior\CheckLangBehavior [ RunTime:0.003164s ]
INFO: [ app_begin ] --END-- [ RunTime:0.003953s ]
SQL: SHOW COLUMNS FROM `statistics` [ RunTime:0.0053s ]
SQL: SELECT COUNT(S.id) AS tp_count FROM statistics S 
            LEFT JOIN users u ON S.user_id=u.id
            LEFT JOIN applications A ON S.application_id=A.id
            LEFT JOIN developers D ON S.user_id=D.user_id
          WHERE S.status = 1 GROUP BY S.application_id LIMIT 1   [ RunTime:0.0221s ]
SQL: SHOW COLUMNS FROM `developers` [ RunTime:0.0057s ]
SQL: SELECT D.user_id,`username`,`company_name` FROM developers D INNER JOIN users u ON D.user_id=u.id   [ RunTime:0.0002s ]
NOTIC: [8] Undefined index: p E:\Wnmp\noobird\Application\Admin\Controller\StatisticsController.class.php 第 198 行.
SQL: SELECT SUM(fee) AS total,S.application_id,A.name,A.app_key,D.company_name,u.username,A.user_id,A.id FROM statistics S 
            LEFT JOIN users u ON S.user_id=u.id
            LEFT JOIN applications A ON S.application_id=A.id
            LEFT JOIN developers D ON S.user_id=D.user_id
          WHERE S.status = 1 GROUP BY S.application_id ORDER BY `total` desc LIMIT 0,10   [ RunTime:0.0015s ]
NOTIC: [8] Undefined index: status E:\Wnmp\noobird\Application\Admin\Model\CModel.class.php 第 24 行.
NOTIC: [8] Undefined index:  E:\Wnmp\noobird\Application\Admin\Model\CModel.class.php 第 24 行.
NOTIC: [8] Undefined index: status E:\Wnmp\noobird\Application\Admin\Model\CModel.class.php 第 24 行.
NOTIC: [8] Undefined index:  E:\Wnmp\noobird\Application\Admin\Model\CModel.class.php 第 24 行.
NOTIC: [8] Undefined index: status E:\Wnmp\noobird\Application\Admin\Model\CModel.class.php 第 24 行.
NOTIC: [8] Undefined index:  E:\Wnmp\noobird\Application\Admin\Model\CModel.class.php 第 24 行.
NOTIC: [8] Undefined index: status E:\Wnmp\noobird\Application\Admin\Model\CModel.class.php 第 24 行.
NOTIC: [8] Undefined index:  E:\Wnmp\noobird\Application\Admin\Model\CModel.class.php 第 24 行.
NOTIC: [8] Undefined index: status E:\Wnmp\noobird\Application\Admin\Model\CModel.class.php 第 24 行.
NOTIC: [8] Undefined index:  E:\Wnmp\noobird\Application\Admin\Model\CModel.class.php 第 24 行.
NOTIC: [8] Undefined index: status E:\Wnmp\noobird\Application\Admin\Model\CModel.class.php 第 24 行.
NOTIC: [8] Undefined index:  E:\Wnmp\noobird\Application\Admin\Model\CModel.class.php 第 24 行.
NOTIC: [8] Undefined index: user_id E:\Wnmp\noobird\Application\Admin\View\Statistics\statApp.php 第 23 行.
NOTIC: [8] Undefined index: user_id E:\Wnmp\noobird\Application\Admin\View\Statistics\statApp.php 第 23 行.
NOTIC: [8] Undefined index: user_id E:\Wnmp\noobird\Application\Admin\View\Statistics\statApp.php 第 23 行.
NOTIC: [8] Undefined index: user_id E:\Wnmp\noobird\Application\Admin\View\Statistics\statApp.php 第 23 行.
NOTIC: [8] Undefined index: user_id E:\Wnmp\noobird\Application\Admin\View\Statistics\statApp.php 第 23 行.
NOTIC: [8] Undefined index: user_id E:\Wnmp\noobird\Application\Admin\View\Statistics\statApp.php 第 23 行.
NOTIC: [8] Undefined index: user_id E:\Wnmp\noobird\Application\Admin\View\Statistics\statApp.php 第 23 行.
NOTIC: [8] Undefined index: user_id E:\Wnmp\noobird\Application\Admin\View\Statistics\statApp.php 第 23 行.
NOTIC: [8] Undefined index: user_id E:\Wnmp\noobird\Application\Admin\View\Statistics\statApp.php 第 23 行.
NOTIC: [8] Undefined index: user_id E:\Wnmp\noobird\Application\Admin\View\Statistics\statApp.php 第 23 行.
NOTIC: [8] Undefined index: user_id E:\Wnmp\noobird\Application\Admin\View\Statistics\statApp.php 第 23 行.
NOTIC: [8] Undefined index: user_id E:\Wnmp\noobird\Application\Admin\View\Statistics\statApp.php 第 23 行.
NOTIC: [8] Undefined index: user_id E:\Wnmp\noobird\Application\Admin\View\Statistics\statApp.php 第 23 行.
NOTIC: [8] Undefined index: start E:\Wnmp\noobird\Application\Admin\View\Statistics\statApp.php 第 27 行.
NOTIC: [8] Undefined index: end E:\Wnmp\noobird\Application\Admin\View\Statistics\statApp.php 第 29 行.
INFO: [ view_filter ] --START--
INFO: Run Behavior\WriteHtmlCacheBehavior [ RunTime:0.000347s ]
INFO: [ view_filter ] --END-- [ RunTime:0.000384s ]
INFO: [ app_end ] --START--
INFO: Run Behavior\ShowPageTraceBehavior [ RunTime:0.001887s ]
INFO: [ app_end ] --END-- [ RunTime:0.001965s ]

[ 2015-12-10T14:31:46+08:00 ] 127.0.0.1 /Admin/Statistics/statDetail
INFO: [ app_init ] --START--
INFO: Run Behavior\BuildLiteBehavior [ RunTime:0.000011s ]
INFO: [ app_init ] --END-- [ RunTime:0.000499s ]
INFO: [ app_begin ] --START--
INFO: Run Behavior\ReadHtmlCacheBehavior [ RunTime:0.000508s ]
INFO: Run Behavior\CheckLangBehavior [ RunTime:0.002013s ]
INFO: [ app_begin ] --END-- [ RunTime:0.002599s ]
SQL: SHOW COLUMNS FROM `statistics` [ RunTime:0.0042s ]
SQL: SELECT COUNT(S.id) AS tp_count FROM statistics S 
            LEFT JOIN users u ON S.user_id=u.id
            LEFT JOIN applications A ON S.application_id=A.id
            LEFT JOIN developers D ON S.user_id=D.user_id
            LEFT JOIN iaps I ON S.iap_id=I.id
          WHERE S.status > 0 LIMIT 1   [ RunTime:0.0009s ]
NOTIC: [8] Undefined index: p E:\Wnmp\noobird\Application\Admin\Controller\StatisticsController.class.php 第 88 行.
SQL: SELECT S.mobile,S.application_id,S.created,S.fee,S.status,S.client_status,S.operator,A.name,D.company_name,u.username,A.app_id,S.user_id,I.name as iap_name,I.iap_key FROM statistics S 
            LEFT JOIN users u ON S.user_id=u.id
            LEFT JOIN applications A ON S.application_id=A.id
            LEFT JOIN developers D ON S.user_id=D.user_id
            LEFT JOIN iaps I ON S.iap_id=I.id
          WHERE S.status > 0 ORDER BY `created` desc LIMIT 0,10   [ RunTime:0.0011s ]
SQL: SHOW COLUMNS FROM `developers` [ RunTime:0.0044s ]
SQL: SELECT D.user_id,`username`,`company_name` FROM developers D INNER JOIN users u ON D.user_id=u.id   [ RunTime:0.0003s ]
SQL: SHOW COLUMNS FROM `applications` [ RunTime:0.0055s ]
SQL: SELECT `id`,`name` FROM `applications`  [ RunTime:0.0004s ]
NOTIC: [8] Undefined index: userId E:\Wnmp\noobird\Application\Admin\View\Statistics\statDetail.php 第 23 行.
NOTIC: [8] Undefined index: userId E:\Wnmp\noobird\Application\Admin\View\Statistics\statDetail.php 第 23 行.
NOTIC: [8] Undefined index: userId E:\Wnmp\noobird\Application\Admin\View\Statistics\statDetail.php 第 23 行.
NOTIC: [8] Undefined index: userId E:\Wnmp\noobird\Application\Admin\View\Statistics\statDetail.php 第 23 行.
NOTIC: [8] Undefined index: userId E:\Wnmp\noobird\Application\Admin\View\Statistics\statDetail.php 第 23 行.
NOTIC: [8] Undefined index: userId E:\Wnmp\noobird\Application\Admin\View\Statistics\statDetail.php 第 23 行.
NOTIC: [8] Undefined index: userId E:\Wnmp\noobird\Application\Admin\View\Statistics\statDetail.php 第 23 行.
NOTIC: [8] Undefined index: userId E:\Wnmp\noobird\Application\Admin\View\Statistics\statDetail.php 第 23 行.
NOTIC: [8] Undefined index: userId E:\Wnmp\noobird\Application\Admin\View\Statistics\statDetail.php 第 23 行.
NOTIC: [8] Undefined index: userId E:\Wnmp\noobird\Application\Admin\View\Statistics\statDetail.php 第 23 行.
NOTIC: [8] Undefined index: userId E:\Wnmp\noobird\Application\Admin\View\Statistics\statDetail.php 第 23 行.
NOTIC: [8] Undefined index: userId E:\Wnmp\noobird\Application\Admin\View\Statistics\statDetail.php 第 23 行.
NOTIC: [8] Undefined index: userId E:\Wnmp\noobird\Application\Admin\View\Statistics\statDetail.php 第 23 行.
NOTIC: [8] Undefined index: appId E:\Wnmp\noobird\Application\Admin\View\Statistics\statDetail.php 第 31 行.
NOTIC: [8] Undefined index: appId E:\Wnmp\noobird\Application\Admin\View\Statistics\statDetail.php 第 31 行.
NOTIC: [8] Undefined index: appId E:\Wnmp\noobird\Application\Admin\View\Statistics\statDetail.php 第 31 行.
NOTIC: [8] Undefined index: appId E:\Wnmp\noobird\Application\Admin\View\Statistics\statDetail.php 第 31 行.
NOTIC: [8] Undefined index: appId E:\Wnmp\noobird\Application\Admin\View\Statistics\statDetail.php 第 31 行.
NOTIC: [8] Undefined index: appId E:\Wnmp\noobird\Application\Admin\View\Statistics\statDetail.php 第 31 行.
NOTIC: [8] Undefined index: appId E:\Wnmp\noobird\Application\Admin\View\Statistics\statDetail.php 第 31 行.
NOTIC: [8] Undefined index: appId E:\Wnmp\noobird\Application\Admin\View\Statistics\statDetail.php 第 31 行.
NOTIC: [8] Undefined index: appId E:\Wnmp\noobird\Application\Admin\View\Statistics\statDetail.php 第 31 行.
NOTIC: [8] Undefined index: appId E:\Wnmp\noobird\Application\Admin\View\Statistics\statDetail.php 第 31 行.
NOTIC: [8] Undefined index: appId E:\Wnmp\noobird\Application\Admin\View\Statistics\statDetail.php 第 31 行.
NOTIC: [8] Undefined index: appId E:\Wnmp\noobird\Application\Admin\View\Statistics\statDetail.php 第 31 行.
NOTIC: [8] Undefined index: appId E:\Wnmp\noobird\Application\Admin\View\Statistics\statDetail.php 第 31 行.
NOTIC: [8] Undefined index: appId E:\Wnmp\noobird\Application\Admin\View\Statistics\statDetail.php 第 31 行.
NOTIC: [8] Undefined index: appId E:\Wnmp\noobird\Application\Admin\View\Statistics\statDetail.php 第 31 行.
NOTIC: [8] Undefined index: appId E:\Wnmp\noobird\Application\Admin\View\Statistics\statDetail.php 第 31 行.
NOTIC: [8] Undefined index: appId E:\Wnmp\noobird\Application\Admin\View\Statistics\statDetail.php 第 31 行.
NOTIC: [8] Undefined index: appId E:\Wnmp\noobird\Application\Admin\View\Statistics\statDetail.php 第 31 行.
NOTIC: [8] Undefined index: appId E:\Wnmp\noobird\Application\Admin\View\Statistics\statDetail.php 第 31 行.
NOTIC: [8] Undefined index: appId E:\Wnmp\noobird\Application\Admin\View\Statistics\statDetail.php 第 31 行.
NOTIC: [8] Undefined index: appId E:\Wnmp\noobird\Application\Admin\View\Statistics\statDetail.php 第 31 行.
NOTIC: [8] Undefined index: appId E:\Wnmp\noobird\Application\Admin\View\Statistics\statDetail.php 第 31 行.
NOTIC: [8] Undefined index: appId E:\Wnmp\noobird\Application\Admin\View\Statistics\statDetail.php 第 31 行.
NOTIC: [8] Undefined index: appId E:\Wnmp\noobird\Application\Admin\View\Statistics\statDetail.php 第 31 行.
NOTIC: [8] Undefined index: start E:\Wnmp\noobird\Application\Admin\View\Statistics\statDetail.php 第 35 行.
NOTIC: [8] Undefined index: end E:\Wnmp\noobird\Application\Admin\View\Statistics\statDetail.php 第 37 行.
INFO: [ view_filter ] --START--
INFO: Run Behavior\WriteHtmlCacheBehavior [ RunTime:0.000288s ]
INFO: [ view_filter ] --END-- [ RunTime:0.000323s ]
INFO: [ app_end ] --START--
INFO: Run Behavior\ShowPageTraceBehavior [ RunTime:0.000955s ]
INFO: [ app_end ] --END-- [ RunTime:0.001044s ]

[ 2015-12-10T14:31:47+08:00 ] 127.0.0.1 /Admin/ClientInfos/index
INFO: [ app_init ] --START--
INFO: Run Behavior\BuildLiteBehavior [ RunTime:0.000014s ]
INFO: [ app_init ] --END-- [ RunTime:0.000472s ]
INFO: [ app_begin ] --START--
INFO: Run Behavior\ReadHtmlCacheBehavior [ RunTime:0.000468s ]
INFO: Run Behavior\CheckLangBehavior [ RunTime:0.002095s ]
INFO: [ app_begin ] --END-- [ RunTime:0.002648s ]
SQL: SHOW COLUMNS FROM `client_infos` [ RunTime:0.0429s ]
SQL: SELECT COUNT(id) AS tp_count FROM `client_infos` LIMIT 1   [ RunTime:0.0010s ]
NOTIC: [8] Undefined index: p E:\Wnmp\noobird\Application\Admin\Controller\CController.class.php 第 175 行.
SQL: SELECT * FROM `client_infos` ORDER BY `id` asc LIMIT 0,10   [ RunTime:0.0004s ]
NOTIC: [8] Undefined index: status E:\Wnmp\noobird\Application\Admin\Model\CModel.class.php 第 24 行.
NOTIC: [8] Undefined index:  E:\Wnmp\noobird\Application\Admin\Model\CModel.class.php 第 24 行.
NOTIC: [8] Undefined index: status E:\Wnmp\noobird\Application\Admin\Model\CModel.class.php 第 24 行.
NOTIC: [8] Undefined index:  E:\Wnmp\noobird\Application\Admin\Model\CModel.class.php 第 24 行.
NOTIC: [8] Undefined index: status E:\Wnmp\noobird\Application\Admin\Model\CModel.class.php 第 24 行.
NOTIC: [8] Undefined index:  E:\Wnmp\noobird\Application\Admin\Model\CModel.class.php 第 24 行.
NOTIC: [8] Undefined index: status E:\Wnmp\noobird\Application\Admin\Model\CModel.class.php 第 24 行.
NOTIC: [8] Undefined index:  E:\Wnmp\noobird\Application\Admin\Model\CModel.class.php 第 24 行.
NOTIC: [8] Undefined index: status E:\Wnmp\noobird\Application\Admin\Model\CModel.class.php 第 24 行.
NOTIC: [8] Undefined index:  E:\Wnmp\noobird\Application\Admin\Model\CModel.class.php 第 24 行.
NOTIC: [8] Undefined index: status E:\Wnmp\noobird\Application\Admin\Model\CModel.class.php 第 24 行.
NOTIC: [8] Undefined index:  E:\Wnmp\noobird\Application\Admin\Model\CModel.class.php 第 24 行.
NOTIC: [8] Undefined index: status E:\Wnmp\noobird\Application\Admin\Model\CModel.class.php 第 24 行.
NOTIC: [8] Undefined index:  E:\Wnmp\noobird\Application\Admin\Model\CModel.class.php 第 24 行.
NOTIC: [8] Undefined index: status E:\Wnmp\noobird\Application\Admin\Model\CModel.class.php 第 24 行.
NOTIC: [8] Undefined index:  E:\Wnmp\noobird\Application\Admin\Model\CModel.class.php 第 24 行.
NOTIC: [8] Undefined index: status E:\Wnmp\noobird\Application\Admin\Model\CModel.class.php 第 24 行.
NOTIC: [8] Undefined index:  E:\Wnmp\noobird\Application\Admin\Model\CModel.class.php 第 24 行.
NOTIC: [8] Undefined index: status E:\Wnmp\noobird\Application\Admin\Model\CModel.class.php 第 24 行.
NOTIC: [8] Undefined index:  E:\Wnmp\noobird\Application\Admin\Model\CModel.class.php 第 24 行.
NOTIC: [8] A non well formed numeric value encountered E:\Wnmp\noobird\Application\Admin\View\ClientInfos\index.php 第 45 行.
NOTIC: [8] A non well formed numeric value encountered E:\Wnmp\noobird\Application\Admin\View\ClientInfos\index.php 第 45 行.
NOTIC: [8] A non well formed numeric value encountered E:\Wnmp\noobird\Application\Admin\View\ClientInfos\index.php 第 45 行.
NOTIC: [8] A non well formed numeric value encountered E:\Wnmp\noobird\Application\Admin\View\ClientInfos\index.php 第 45 行.
NOTIC: [8] A non well formed numeric value encountered E:\Wnmp\noobird\Application\Admin\View\ClientInfos\index.php 第 45 行.
NOTIC: [8] A non well formed numeric value encountered E:\Wnmp\noobird\Application\Admin\View\ClientInfos\index.php 第 45 行.
NOTIC: [8] A non well formed numeric value encountered E:\Wnmp\noobird\Application\Admin\View\ClientInfos\index.php 第 45 行.
NOTIC: [8] A non well formed numeric value encountered E:\Wnmp\noobird\Application\Admin\View\ClientInfos\index.php 第 45 行.
INFO: [ view_filter ] --START--
INFO: Run Behavior\WriteHtmlCacheBehavior [ RunTime:0.000313s ]
INFO: [ view_filter ] --END-- [ RunTime:0.000346s ]
INFO: [ app_end ] --START--
INFO: Run Behavior\ShowPageTraceBehavior [ RunTime:0.000656s ]
INFO: [ app_end ] --END-- [ RunTime:0.000714s ]

[ 2015-12-10T14:31:48+08:00 ] 127.0.0.1 /Admin/Fees/index.html
INFO: [ app_init ] --START--
INFO: Run Behavior\BuildLiteBehavior [ RunTime:0.000012s ]
INFO: [ app_init ] --END-- [ RunTime:0.000400s ]
INFO: [ app_begin ] --START--
INFO: Run Behavior\ReadHtmlCacheBehavior [ RunTime:0.000637s ]
INFO: Run Behavior\CheckLangBehavior [ RunTime:0.003493s ]
INFO: [ app_begin ] --END-- [ RunTime:0.004247s ]
SQL: SHOW COLUMNS FROM `fees` [ RunTime:0.0041s ]
SQL: SELECT COUNT(id) AS tp_count FROM `fees` WHERE `status` > 0 LIMIT 1   [ RunTime:0.0002s ]
NOTIC: [8] Undefined index: p E:\Wnmp\noobird\Application\Admin\Controller\CController.class.php 第 175 行.
SQL: SELECT * FROM `fees` WHERE `status` > 0 ORDER BY `id` asc LIMIT 0,10   [ RunTime:0.0002s ]
INFO: [ view_filter ] --START--
INFO: Run Behavior\WriteHtmlCacheBehavior [ RunTime:0.000370s ]
INFO: [ view_filter ] --END-- [ RunTime:0.000413s ]
INFO: [ app_end ] --START--
INFO: Run Behavior\ShowPageTraceBehavior [ RunTime:0.000536s ]
INFO: [ app_end ] --END-- [ RunTime:0.000574s ]

[ 2015-12-10T14:31:49+08:00 ] 127.0.0.1 /Admin/Telcos/manage
INFO: [ app_init ] --START--
INFO: Run Behavior\BuildLiteBehavior [ RunTime:0.000010s ]
INFO: [ app_init ] --END-- [ RunTime:0.000431s ]
INFO: [ app_begin ] --START--
INFO: Run Behavior\ReadHtmlCacheBehavior [ RunTime:0.000767s ]
INFO: Run Behavior\CheckLangBehavior [ RunTime:0.003088s ]
INFO: [ app_begin ] --END-- [ RunTime:0.003969s ]
SQL: SHOW COLUMNS FROM `telcos` [ RunTime:0.0588s ]
SQL: SELECT COUNT(id) AS tp_count FROM `telcos` LIMIT 1   [ RunTime:0.0058s ]
NOTIC: [8] Undefined index: p E:\Wnmp\noobird\Application\Admin\Controller\CController.class.php 第 175 行.
SQL: SELECT * FROM `telcos` ORDER BY `id` asc LIMIT 0,10   [ RunTime:0.0005s ]
INFO: [ view_filter ] --START--
INFO: Run Behavior\WriteHtmlCacheBehavior [ RunTime:0.000371s ]
INFO: [ view_filter ] --END-- [ RunTime:0.000417s ]
INFO: [ app_end ] --START--
INFO: Run Behavior\ShowPageTraceBehavior [ RunTime:0.000704s ]
INFO: [ app_end ] --END-- [ RunTime:0.000740s ]

[ 2015-12-10T14:31:50+08:00 ] 127.0.0.1 /Admin/PayCode/manage
INFO: [ app_init ] --START--
INFO: Run Behavior\BuildLiteBehavior [ RunTime:0.000008s ]
INFO: [ app_init ] --END-- [ RunTime:0.000438s ]
INFO: [ app_begin ] --START--
INFO: Run Behavior\ReadHtmlCacheBehavior [ RunTime:0.000556s ]
INFO: Run Behavior\CheckLangBehavior [ RunTime:0.001811s ]
INFO: [ app_begin ] --END-- [ RunTime:0.002432s ]
SQL: SHOW COLUMNS FROM `pay_code` [ RunTime:0.0059s ]
SQL: SELECT COUNT(id) AS tp_count FROM `pay_code` WHERE `status` > 0 LIMIT 1   [ RunTime:0.0004s ]
NOTIC: [8] Undefined index: p E:\Wnmp\noobird\Application\Admin\Controller\CController.class.php 第 175 行.
SQL: SELECT * FROM `pay_code` WHERE `status` > 0 ORDER BY `id` asc LIMIT 0,10   [ RunTime:0.0006s ]
INFO: [ view_filter ] --START--
INFO: Run Behavior\WriteHtmlCacheBehavior [ RunTime:0.000294s ]
INFO: [ view_filter ] --END-- [ RunTime:0.000334s ]
INFO: [ app_end ] --START--
INFO: Run Behavior\ShowPageTraceBehavior [ RunTime:0.000577s ]
INFO: [ app_end ] --END-- [ RunTime:0.000626s ]

[ 2015-12-10T14:31:51+08:00 ] 127.0.0.1 /Admin/Mncs/manage
INFO: [ app_init ] --START--
INFO: Run Behavior\BuildLiteBehavior [ RunTime:0.000010s ]
INFO: [ app_init ] --END-- [ RunTime:0.000498s ]
INFO: [ app_begin ] --START--
INFO: Run Behavior\ReadHtmlCacheBehavior [ RunTime:0.000469s ]
INFO: Run Behavior\CheckLangBehavior [ RunTime:0.002152s ]
INFO: [ app_begin ] --END-- [ RunTime:0.002702s ]
SQL: SHOW COLUMNS FROM `mncs` [ RunTime:0.0335s ]
SQL: SELECT COUNT(id) AS tp_count FROM `mncs` LIMIT 1   [ RunTime:0.0004s ]
NOTIC: [8] Undefined index: p E:\Wnmp\noobird\Application\Admin\Controller\CController.class.php 第 175 行.
SQL: SELECT * FROM `mncs` ORDER BY `id` asc LIMIT 0,10   [ RunTime:0.0004s ]
INFO: [ view_filter ] --START--
INFO: Run Behavior\WriteHtmlCacheBehavior [ RunTime:0.000310s ]
INFO: [ view_filter ] --END-- [ RunTime:0.000351s ]
INFO: [ app_end ] --START--
INFO: Run Behavior\ShowPageTraceBehavior [ RunTime:0.000731s ]
INFO: [ app_end ] --END-- [ RunTime:0.000761s ]

[ 2015-12-10T14:31:52+08:00 ] 127.0.0.1 /Admin/PayCode/manage
INFO: [ app_init ] --START--
INFO: Run Behavior\BuildLiteBehavior [ RunTime:0.000010s ]
INFO: [ app_init ] --END-- [ RunTime:0.000486s ]
INFO: [ app_begin ] --START--
INFO: Run Behavior\ReadHtmlCacheBehavior [ RunTime:0.000549s ]
INFO: Run Behavior\CheckLangBehavior [ RunTime:0.002713s ]
INFO: [ app_begin ] --END-- [ RunTime:0.003341s ]
SQL: SHOW COLUMNS FROM `pay_code` [ RunTime:0.0042s ]
SQL: SELECT COUNT(id) AS tp_count FROM `pay_code` WHERE `status` > 0 LIMIT 1   [ RunTime:0.0003s ]
NOTIC: [8] Undefined index: p E:\Wnmp\noobird\Application\Admin\Controller\CController.class.php 第 175 行.
SQL: SELECT * FROM `pay_code` WHERE `status` > 0 ORDER BY `id` asc LIMIT 0,10   [ RunTime:0.0004s ]
INFO: [ view_filter ] --START--
INFO: Run Behavior\WriteHtmlCacheBehavior [ RunTime:0.000413s ]
INFO: [ view_filter ] --END-- [ RunTime:0.000461s ]
INFO: [ app_end ] --START--
INFO: Run Behavior\ShowPageTraceBehavior [ RunTime:0.000639s ]
INFO: [ app_end ] --END-- [ RunTime:0.000682s ]

[ 2015-12-10T14:31:53+08:00 ] 127.0.0.1 /Admin/PayCode/manage/p/2.html
INFO: [ app_init ] --START--
INFO: Run Behavior\BuildLiteBehavior [ RunTime:0.000039s ]
INFO: [ app_init ] --END-- [ RunTime:0.000949s ]
INFO: [ app_begin ] --START--
INFO: Run Behavior\ReadHtmlCacheBehavior [ RunTime:0.000791s ]
INFO: Run Behavior\CheckLangBehavior [ RunTime:0.002640s ]
INFO: [ app_begin ] --END-- [ RunTime:0.003532s ]
SQL: SHOW COLUMNS FROM `pay_code` [ RunTime:0.0053s ]
SQL: SELECT COUNT(id) AS tp_count FROM `pay_code` WHERE `status` > 0 LIMIT 1   [ RunTime:0.0002s ]
SQL: SELECT * FROM `pay_code` WHERE `status` > 0 ORDER BY `id` asc LIMIT 10,10   [ RunTime:0.0006s ]
INFO: [ view_filter ] --START--
INFO: Run Behavior\WriteHtmlCacheBehavior [ RunTime:0.000395s ]
INFO: [ view_filter ] --END-- [ RunTime:0.000441s ]
INFO: [ app_end ] --START--
INFO: Run Behavior\ShowPageTraceBehavior [ RunTime:0.000784s ]
INFO: [ app_end ] --END-- [ RunTime:0.000843s ]

[ 2015-12-10T14:31:54+08:00 ] 127.0.0.1 /Admin/PayCode/manage/p/1.html
INFO: [ app_init ] --START--
INFO: Run Behavior\BuildLiteBehavior [ RunTime:0.000009s ]
INFO: [ app_init ] --END-- [ RunTime:0.000411s ]
INFO: [ app_begin ] --START--
INFO: Run Behavior\ReadHtmlCacheBehavior [ RunTime:0.000537s ]
INFO: Run Behavior\CheckLangBehavior [ RunTime:0.001841s ]
INFO: [ app_begin ] --END-- [ RunTime:0.002433s ]
SQL: SHOW COLUMNS FROM `pay_code` [ RunTime:0.0053s ]
SQL: SELECT COUNT(id) AS tp_count FROM `pay_code` WHERE `status` > 0 LIMIT 1   [ RunTime:0.0002s ]
SQL: SELECT * FROM `pay_code` WHERE `status` > 0 ORDER BY `id` asc LIMIT 0,10   [ RunTime:0.0004s ]
INFO: [ view_filter ] --START--
INFO: Run Behavior\WriteHtmlCacheBehavior [ RunTime:0.000318s ]
INFO: [ view_filter ] --END-- [ RunTime:0.000362s ]
INFO: [ app_end ] --START--
INFO: Run Behavior\ShowPageTraceBehavior [ RunTime:0.000666s ]
INFO: [ app_end ] --END-- [ RunTime:0.000734s ]

[ 2015-12-10T14:31:55+08:00 ] 127.0.0.1 /Admin/PayCode/manage/p/2.html
INFO: [ app_init ] --START--
INFO: Run Behavior\BuildLiteBehavior [ RunTime:0.000017s ]
INFO: [ app_init ] --END-- [ RunTime:0.000563s ]
INFO: [ app_begin ] --START--
INFO: Run Behavior\ReadHtmlCacheBehavior [ RunTime:0.000524s ]
INFO: Run Behavior\CheckLangBehavior [ RunTime:0.002114s ]
INFO: [ app_begin ] --END-- [ RunTime:0.002716s ]
SQL: SHOW COLUMNS FROM `pay_code` [ RunTime:0.0042s ]
SQL: SELECT COUNT(id) AS tp_count FROM `pay_code` WHERE `status` > 0 LIMIT 1   [ RunTime:0.0002s ]
SQL: SELECT * FROM `pay_code` WHERE `status` > 0 ORDER BY `id` asc LIMIT 10,10   [ RunTime:0.0003s ]
INFO: [ view_filter ] --START--
INFO: Run Behavior\WriteHtmlCacheBehavior [ RunTime:0.000322s ]
INFO: [ view_filter ] --END-- [ RunTime:0.000366s ]
INFO: [ app_end ] --START--
INFO: Run Behavior\ShowPageTraceBehavior [ RunTime:0.000773s ]
INFO: [ app_end ] --END-- [ RunTime:0.000829s ]

[ 2015-12-10T14:31:56+08:00 ] 127.0.0.1 /Admin/PayCode/manage/p/3.html
INFO: [ app_init ] --START--
INFO: Run Behavior\BuildLiteBehavior [ RunTime:0.000012s ]
INFO: [ app_init ] --END-- [ RunTime:0.000458s ]
INFO: [ app_begin ] --START--
INFO: Run Behavior\ReadHtmlCacheBehavior [ RunTime:0.000704s ]
INFO: Run Behavior\CheckLangBehavior [ RunTime:0.002538s ]
INFO: [ app_begin ] --END-- [ RunTime:0.003341s ]
SQL: SHOW COLUMNS FROM `pay_code` [ RunTime:0.0040s ]
SQL: SELECT COUNT(id) AS tp_count FROM `pay_code` WHERE `status` > 0 LIMIT 1   [ RunTime:0.0002s ]
SQL: SELECT * FROM `pay_code` WHERE `status` > 0 ORDER BY `id` asc LIMIT 20,10   [ RunTime:0.0005s ]
INFO: [ view_filter ] --START--
INFO: Run Behavior\WriteHtmlCacheBehavior [ RunTime:0.000326s ]
INFO: [ view_filter ] --END-- [ RunTime:0.000366s ]
INFO: [ app_end ] --START--
INFO: Run Behavior\ShowPageTraceBehavior [ RunTime:0.000564s ]
INFO: [ app_end ] --END-- [ RunTime:0.000594s ]

[ 2015-12-10T14:31:57+08:00 ] 127.0.0.1 /Admin/Telcos/manage
INFO: [ app_init ] --START--
INFO: Run Behavior\BuildLiteBehavior [ RunTime:0.000010s ]
INFO: [ app_init ] --END-- [ RunTime:0.000452s ]
INFO: [ app_begin ] --START--
INFO: Run Behavior\ReadHtmlCacheBehavior [ RunTime:0.000528s ]
INFO: Run Behavior\CheckLangBehavior [ RunTime:0.003424s ]
INFO: [ app_begin ] --END-- [ RunTime:0.004040s ]
SQL: SHOW COLUMNS FROM `telcos` [ RunTime:0.0043s ]
SQL: SELECT COUNT(id) AS tp_count FROM `telcos` LIMIT 1   [ RunTime:0.0002s ]
NOTIC: [8] Undefined index: p E:\Wnmp\noobird\Application\Admin\Controller\CController.class.php 第 175 行.
SQL: SELECT * FROM `telcos` ORDER BY `id` asc LIMIT 0,10   [ RunTime:0.0003s ]
INFO: [ view_filter ] --START--
INFO: Run Behavior\WriteHtmlCacheBehavior [ RunTime:0.000382s ]
INFO: [ view_filter ] --END-- [ RunTime:0.000424s ]
INFO: [ app_end ] --START--
INFO: Run Behavior\ShowPageTraceBehavior [ RunTime:0.000629s ]
INFO: [ app_end ] --END-- [ RunTime:0.000659s ]

[ 2015-12-10T14:31:58+08:00 ] 127.0.0.1 /Admin/PayCode/manage
INFO: [ app_init ] --START--
INFO: Run Behavior\BuildLiteBehavior [ RunTime:0.000012s ]
INFO: [ app_init ] --END-- [ RunTime:0.000458s ]
INFO: [ app_begin ] --START--
INFO: Run Behavior\ReadHtmlCacheBehavior [ RunTime:0.000607s ]
INFO: Run Behavior\CheckLangBehavior [ RunTime:0.002448s ]
INFO: [ app_begin ] --END-- [ RunTime:0.003146s ]
SQL: SHOW COLUMNS FROM `pay_code` [ RunTime:0.0060s ]
SQL: SELECT COUNT(id) AS tp_count FROM `pay_code` WHERE `status` > 0 LIMIT 1   [ RunTime:0.0002s ]
NOTIC: [8] Undefined index: p E:\Wnmp\noobird\Application\Admin\Controller\CController.class.php 第 175 行.
SQL: SELECT * FROM `pay_code` WHERE `status` > 0 ORDER BY `id` asc LIMIT 0,10   [ RunTime:0.0003s ]
INFO: [ view_filter ] --START--
INFO: Run Behavior\WriteHtmlCacheBehavior [ RunTime:0.000307s ]
INFO: [ view_filter ] --END-- [ RunTime:0.000349s ]
INFO: [ app_end ] --START--
INFO: Run Behavior\ShowPageTraceBehavior [ RunTime:0.000614s ]
INFO: [ app_end ] --END-- [ RunTime:0.000660s ]

[ 2015-12-10T14:31:59+08:00 ] 127.0.0.1 /Admin/Developers/index.html
INFO: [ app_init ] --START--
INFO: Run Behavior\BuildLiteBehavior [ RunTime:0.000011s ]
INFO: [ app_init ] --END-- [ RunTime:0.000470s ]
INFO: [ app_begin ] --START--
INFO: Run Behavior\ReadHtmlCacheBehavior [ RunTime:0.000511s ]
INFO: Run Behavior\CheckLangBehavior [ RunTime:0.001968s ]
INFO: [ app_begin ] --END-- [ RunTime:0.002549s ]
SQL: SHOW COLUMNS FROM `developers` [ RunTime:0.0039s ]
SQL: SELECT COUNT(D.id) AS tp_count FROM developers D LEFT JOIN users u ON D.user_id=u.id  WHERE `status` > 0 LIMIT 1   [ RunTime:0.0002s ]
NOTIC: [8] Undefined index: p E:\Wnmp\noobird\Application\Admin\Controller\DevelopersController.class.php 第 36 行.
SQL: SELECT `company_name`,`company_license`,D.mobile,D.status,`contact`,D.created,`username`,D.user_id,D.id FROM developers D LEFT JOIN users u ON D.user_id=u.id  WHERE `status` > 0 ORDER BY `status` asc LIMIT 0,10   [ RunTime:0.0003s ]
INFO: [ view_filter ] --START--
INFO: Run Behavior\WriteHtmlCacheBehavior [ RunTime:0.000354s ]
INFO: [ view_filter ] --END-- [ RunTime:0.000392s ]
INFO: [ app_end ] --START--
INFO: Run Behavior\ShowPageTraceBehavior [ RunTime:0.000747s ]
INFO: [ app_end ] --END-- [ RunTime:0.000794s ]

[ 2015-12-10T14:32:01+08:00 ] 127.0.0.1 /Admin/Fees/index.html
INFO: [ app_init ] --START--
INFO: Run Behavior\BuildLiteBehavior [ RunTime:0.000010s ]
INFO: [ app_init ] --END-- [ RunTime:0.000379s ]
INFO: [ app_begin ] --START--
INFO: Run Behavior\ReadHtmlCacheBehavior [ RunTime:0.000595s ]
INFO: Run Behavior\CheckLangBehavior [ RunTime:0.002622s ]
INFO: [ app_begin ] --END-- [ RunTime:0.003312s ]
SQL: SHOW COLUMNS FROM `fees` [ RunTime:0.0048s ]
SQL: SELECT COUNT(id) AS tp_count FROM `fees` WHERE `status` > 0 LIMIT 1   [ RunTime:0.0002s ]
NOTIC: [8] Undefined index: p E:\Wnmp\noobird\Application\Admin\Controller\CController.class.php 第 175 行.
SQL: SELECT * FROM `fees` WHERE `status` > 0 ORDER BY `id` asc LIMIT 0,10   [ RunTime:0.0002s ]
INFO: [ view_filter ] --START--
INFO: Run Behavior\WriteHtmlCacheBehavior [ RunTime:0.000365s ]
INFO: [ view_filter ] --END-- [ RunTime:0.000407s ]
INFO: [ app_end ] --START--
INFO: Run Behavior\ShowPageTraceBehavior [ RunTime:0.000632s ]
INFO: [ app_end ] --END-- [ RunTime:0.000686s ]

[ 2015-12-10T14:32:03+08:00 ] 127.0.0.1 /Admin/Fees/add
INFO: [ app_init ] --START--
INFO: Run Behavior\BuildLiteBehavior [ RunTime:0.000009s ]
INFO: [ app_init ] --END-- [ RunTime:0.000464s ]
INFO: [ app_begin ] --START--
INFO: Run Behavior\ReadHtmlCacheBehavior [ RunTime:0.000633s ]
INFO: Run Behavior\CheckLangBehavior [ RunTime:0.001897s ]
INFO: [ app_begin ] --END-- [ RunTime:0.002607s ]
INFO: [ view_filter ] --START--
INFO: Run Behavior\WriteHtmlCacheBehavior [ RunTime:0.000325s ]
INFO: [ view_filter ] --END-- [ RunTime:0.000367s ]
INFO: [ app_end ] --START--
INFO: Run Behavior\ShowPageTraceBehavior [ RunTime:0.001099s ]
INFO: [ app_end ] --END-- [ RunTime:0.001158s ]

[ 2015-12-10T14:32:04+08:00 ] 127.0.0.1 /Admin/PayCode/manage
INFO: [ app_init ] --START--
INFO: Run Behavior\BuildLiteBehavior [ RunTime:0.000016s ]
INFO: [ app_init ] --END-- [ RunTime:0.000640s ]
INFO: [ app_begin ] --START--
INFO: Run Behavior\ReadHtmlCacheBehavior [ RunTime:0.000690s ]
INFO: Run Behavior\CheckLangBehavior [ RunTime:0.002907s ]
INFO: [ app_begin ] --END-- [ RunTime:0.003711s ]
SQL: SHOW COLUMNS FROM `pay_code` [ RunTime:0.0040s ]
SQL: SELECT COUNT(id) AS tp_count FROM `pay_code` WHERE `status` > 0 LIMIT 1   [ RunTime:0.0001s ]
NOTIC: [8] Undefined index: p E:\Wnmp\noobird\Application\Admin\Controller\CController.class.php 第 175 行.
SQL: SELECT * FROM `pay_code` WHERE `status` > 0 ORDER BY `id` asc LIMIT 0,10   [ RunTime:0.0003s ]
INFO: [ view_filter ] --START--
INFO: Run Behavior\WriteHtmlCacheBehavior [ RunTime:0.000359s ]
INFO: [ view_filter ] --END-- [ RunTime:0.000410s ]
INFO: [ app_end ] --START--
INFO: Run Behavior\ShowPageTraceBehavior [ RunTime:0.000539s ]
INFO: [ app_end ] --END-- [ RunTime:0.000577s ]

[ 2015-12-10T14:32:05+08:00 ] 127.0.0.1 /Admin/PayCode/add.html
INFO: [ app_init ] --START--
INFO: Run Behavior\BuildLiteBehavior [ RunTime:0.000014s ]
INFO: [ app_init ] --END-- [ RunTime:0.000579s ]
INFO: [ app_begin ] --START--
INFO: Run Behavior\ReadHtmlCacheBehavior [ RunTime:0.000621s ]
INFO: Run Behavior\CheckLangBehavior [ RunTime:0.002621s ]
INFO: [ app_begin ] --END-- [ RunTime:0.003327s ]
SQL: SHOW COLUMNS FROM `fees` [ RunTime:0.0050s ]
SQL: SELECT `pay_code` FROM `fees`  [ RunTime:0.0004s ]
SQL: SHOW COLUMNS FROM `telcos` [ RunTime:0.0055s ]
SQL: SELECT `operator`,`name` FROM `telcos`  [ RunTime:0.0003s ]
INFO: [ view_filter ] --START--
INFO: Run Behavior\WriteHtmlCacheBehavior [ RunTime:0.000422s ]
INFO: [ view_filter ] --END-- [ RunTime:0.000483s ]
INFO: [ app_end ] --START--
INFO: Run Behavior\ShowPageTraceBehavior [ RunTime:0.000692s ]
INFO: [ app_end ] --END-- [ RunTime:0.000729s ]

[ 2015-12-10T14:32:07+08:00 ] 127.0.0.1 /Admin/Telcos/manage
INFO: [ app_init ] --START--
INFO: Run Behavior\BuildLiteBehavior [ RunTime:0.000010s ]
INFO: [ app_init ] --END-- [ RunTime:0.000365s ]
INFO: [ app_begin ] --START--
INFO: Run Behavior\ReadHtmlCacheBehavior [ RunTime:0.000469s ]
INFO: Run Behavior\CheckLangBehavior [ RunTime:0.002432s ]
INFO: [ app_begin ] --END-- [ RunTime:0.002989s ]
SQL: SHOW COLUMNS FROM `telcos` [ RunTime:0.0060s ]
SQL: SELECT COUNT(id) AS tp_count FROM `telcos` LIMIT 1   [ RunTime:0.0002s ]
NOTIC: [8] Undefined index: p E:\Wnmp\noobird\Application\Admin\Controller\CController.class.php 第 175 行.
SQL: SELECT * FROM `telcos` ORDER BY `id` asc LIMIT 0,10   [ RunTime:0.0002s ]
INFO: [ view_filter ] --START--
INFO: Run Behavior\WriteHtmlCacheBehavior [ RunTime:0.000333s ]
INFO: [ view_filter ] --END-- [ RunTime:0.000385s ]
INFO: [ app_end ] --START--
INFO: Run Behavior\ShowPageTraceBehavior [ RunTime:0.000473s ]
INFO: [ app_end ] --END-- [ RunTime:0.000515s ]

[ 2015-12-10T14:55:41+08:00 ] 127.0.0.1 /Admin/Admin/index.html
INFO: [ app_init ] --START--
INFO: Run Behavior\BuildLiteBehavior [ RunTime:0.000013s ]
INFO: [ app_init ] --END-- [ RunTime:0.000510s ]
INFO: [ app_begin ] --START--
INFO: Run Behavior\ReadHtmlCacheBehavior [ RunTime:0.000983s ]
INFO: Run Behavior\CheckLangBehavior [ RunTime:0.003068s ]
INFO: [ app_begin ] --END-- [ RunTime:0.004136s ]
SQL: select version() as version; [ RunTime:0.0003s ]
INFO: [ view_filter ] --START--
INFO: Run Behavior\WriteHtmlCacheBehavior [ RunTime:0.001564s ]
INFO: [ view_filter ] --END-- [ RunTime:0.001629s ]
INFO: [ app_end ] --START--
INFO: Run Behavior\ShowPageTraceBehavior [ RunTime:0.001055s ]
INFO: [ app_end ] --END-- [ RunTime:0.001110s ]

[ 2015-12-10T14:55:42+08:00 ] 127.0.0.1 /Admin/Developers/index.html
INFO: [ app_init ] --START--
INFO: Run Behavior\BuildLiteBehavior [ RunTime:0.000018s ]
INFO: [ app_init ] --END-- [ RunTime:0.000623s ]
INFO: [ app_begin ] --START--
INFO: Run Behavior\ReadHtmlCacheBehavior [ RunTime:0.001458s ]
INFO: Run Behavior\CheckLangBehavior [ RunTime:0.003222s ]
INFO: [ app_begin ] --END-- [ RunTime:0.004770s ]
SQL: SHOW COLUMNS FROM `developers` [ RunTime:0.0931s ]
SQL: SELECT COUNT(D.id) AS tp_count FROM developers D LEFT JOIN users u ON D.user_id=u.id  WHERE `status` > 0 LIMIT 1   [ RunTime:0.0250s ]
NOTIC: [8] Undefined index: p E:\Wnmp\noobird\Application\Admin\Controller\DevelopersController.class.php 第 36 行.
SQL: SELECT `company_name`,`company_license`,D.mobile,D.status,`contact`,D.created,`username`,D.user_id,D.id FROM developers D LEFT JOIN users u ON D.user_id=u.id  WHERE `status` > 0 ORDER BY `status` asc LIMIT 0,10   [ RunTime:0.0126s ]
INFO: [ view_filter ] --START--
INFO: Run Behavior\WriteHtmlCacheBehavior [ RunTime:0.000833s ]
INFO: [ view_filter ] --END-- [ RunTime:0.000871s ]
INFO: [ app_end ] --START--
INFO: Run Behavior\ShowPageTraceBehavior [ RunTime:0.001086s ]
INFO: [ app_end ] --END-- [ RunTime:0.001129s ]

[ 2015-12-10T14:55:44+08:00 ] 127.0.0.1 /Admin/Statistics/index
INFO: [ app_init ] --START--
INFO: Run Behavior\BuildLiteBehavior [ RunTime:0.000009s ]
INFO: [ app_init ] --END-- [ RunTime:0.000564s ]
INFO: [ app_begin ] --START--
INFO: Run Behavior\ReadHtmlCacheBehavior [ RunTime:0.000961s ]
INFO: Run Behavior\CheckLangBehavior [ RunTime:0.002621s ]
INFO: [ app_begin ] --END-- [ RunTime:0.003661s ]
SQL: SHOW COLUMNS FROM `statistics` [ RunTime:0.0291s ]
SQL: SELECT COUNT(S.id) AS tp_count FROM statistics S 
            LEFT JOIN developers D ON S.user_id=D.user_id
            LEFT JOIN users u ON S.user_id=u.id
          WHERE S.status = 1 GROUP BY S.user_id LIMIT 1   [ RunTime:0.0210s ]
NOTIC: [8] Undefined index: p E:\Wnmp\noobird\Application\Admin\Controller\StatisticsController.class.php 第 40 行.
SQL: SELECT SUM(fee) as total,u.username,D.company_name,S.user_id,S.status FROM statistics S 
            LEFT JOIN developers D ON S.user_id=D.user_id
            LEFT JOIN users u ON S.user_id=u.id
          WHERE S.status = 1 GROUP BY S.user_id ORDER BY `total` desc LIMIT 0,10   [ RunTime:0.0250s ]
NOTIC: [8] Undefined index: start E:\Wnmp\noobird\Application\Admin\View\Statistics\index.php 第 20 行.
NOTIC: [8] Undefined index: end E:\Wnmp\noobird\Application\Admin\View\Statistics\index.php 第 22 行.
INFO: [ view_filter ] --START--
INFO: Run Behavior\WriteHtmlCacheBehavior [ RunTime:0.000787s ]
INFO: [ view_filter ] --END-- [ RunTime:0.000839s ]
INFO: [ app_end ] --START--
INFO: Run Behavior\ShowPageTraceBehavior [ RunTime:0.001007s ]
INFO: [ app_end ] --END-- [ RunTime:0.001040s ]

[ 2015-12-10T15:24:48+08:00 ] 127.0.0.1 /Admin/Developers/index.html
INFO: [ app_init ] --START--
INFO: Run Behavior\BuildLiteBehavior [ RunTime:0.000014s ]
INFO: [ app_init ] --END-- [ RunTime:0.000750s ]
INFO: [ app_begin ] --START--
INFO: Run Behavior\ReadHtmlCacheBehavior [ RunTime:0.000723s ]
INFO: Run Behavior\CheckLangBehavior [ RunTime:0.003261s ]
INFO: [ app_begin ] --END-- [ RunTime:0.004068s ]
SQL: SHOW COLUMNS FROM `developers` [ RunTime:0.0236s ]
SQL: SELECT COUNT(D.id) AS tp_count FROM developers D LEFT JOIN users u ON D.user_id=u.id  WHERE `status` > 0 LIMIT 1   [ RunTime:0.0002s ]
NOTIC: [8] Undefined index: p E:\Wnmp\noobird\Application\Admin\Controller\DevelopersController.class.php 第 36 行.
SQL: SELECT `company_name`,`company_license`,D.mobile,D.status,`contact`,D.created,`username`,D.user_id,D.id FROM developers D LEFT JOIN users u ON D.user_id=u.id  WHERE `status` > 0 ORDER BY `status` asc LIMIT 0,10   [ RunTime:0.0003s ]
INFO: [ view_filter ] --START--
INFO: Run Behavior\WriteHtmlCacheBehavior [ RunTime:0.000524s ]
INFO: [ view_filter ] --END-- [ RunTime:0.000564s ]
INFO: [ app_end ] --START--
INFO: Run Behavior\ShowPageTraceBehavior [ RunTime:0.000662s ]
INFO: [ app_end ] --END-- [ RunTime:0.000701s ]

[ 2015-12-10T15:24:49+08:00 ] 127.0.0.1 /Admin/Fees/index.html
INFO: [ app_init ] --START--
INFO: Run Behavior\BuildLiteBehavior [ RunTime:0.000011s ]
INFO: [ app_init ] --END-- [ RunTime:0.000447s ]
INFO: [ app_begin ] --START--
INFO: Run Behavior\ReadHtmlCacheBehavior [ RunTime:0.000725s ]
INFO: Run Behavior\CheckLangBehavior [ RunTime:0.002720s ]
INFO: [ app_begin ] --END-- [ RunTime:0.003526s ]
SQL: SHOW COLUMNS FROM `fees` [ RunTime:0.0637s ]
SQL: SELECT COUNT(id) AS tp_count FROM `fees` WHERE `status` > 0 LIMIT 1   [ RunTime:0.0003s ]
NOTIC: [8] Undefined index: p E:\Wnmp\noobird\Application\Admin\Controller\CController.class.php 第 175 行.
SQL: SELECT * FROM `fees` WHERE `status` > 0 ORDER BY `id` asc LIMIT 0,10   [ RunTime:0.0004s ]
INFO: [ view_filter ] --START--
INFO: Run Behavior\WriteHtmlCacheBehavior [ RunTime:0.000528s ]
INFO: [ view_filter ] --END-- [ RunTime:0.000575s ]
INFO: [ app_end ] --START--
INFO: Run Behavior\ShowPageTraceBehavior [ RunTime:0.000779s ]
INFO: [ app_end ] --END-- [ RunTime:0.000823s ]

[ 2015-12-10T15:24:50+08:00 ] 127.0.0.1 /Admin/Telcos/manage
INFO: [ app_init ] --START--
INFO: Run Behavior\BuildLiteBehavior [ RunTime:0.000020s ]
INFO: [ app_init ] --END-- [ RunTime:0.000535s ]
INFO: [ app_begin ] --START--
INFO: Run Behavior\ReadHtmlCacheBehavior [ RunTime:0.000711s ]
INFO: Run Behavior\CheckLangBehavior [ RunTime:0.003242s ]
INFO: [ app_begin ] --END-- [ RunTime:0.004057s ]
SQL: SHOW COLUMNS FROM `telcos` [ RunTime:0.0899s ]
SQL: SELECT COUNT(id) AS tp_count FROM `telcos` LIMIT 1   [ RunTime:0.0044s ]
NOTIC: [8] Undefined index: p E:\Wnmp\noobird\Application\Admin\Controller\CController.class.php 第 175 行.
SQL: SELECT * FROM `telcos` ORDER BY `id` asc LIMIT 0,10   [ RunTime:0.0004s ]
INFO: [ view_filter ] --START--
INFO: Run Behavior\WriteHtmlCacheBehavior [ RunTime:0.000518s ]
INFO: [ view_filter ] --END-- [ RunTime:0.000562s ]
INFO: [ app_end ] --START--
INFO: Run Behavior\ShowPageTraceBehavior [ RunTime:0.000660s ]
INFO: [ app_end ] --END-- [ RunTime:0.000698s ]

[ 2015-12-10T15:24:52+08:00 ] 127.0.0.1 /Admin/PayCode/manage
INFO: [ app_init ] --START--
INFO: Run Behavior\BuildLiteBehavior [ RunTime:0.000014s ]
INFO: [ app_init ] --END-- [ RunTime:0.000609s ]
INFO: [ app_begin ] --START--
INFO: Run Behavior\ReadHtmlCacheBehavior [ RunTime:0.000627s ]
INFO: Run Behavior\CheckLangBehavior [ RunTime:0.002274s ]
INFO: [ app_begin ] --END-- [ RunTime:0.002971s ]
SQL: SHOW COLUMNS FROM `pay_code` [ RunTime:0.0519s ]
SQL: SELECT COUNT(id) AS tp_count FROM `pay_code` WHERE `status` > 0 LIMIT 1   [ RunTime:0.0006s ]
NOTIC: [8] Undefined index: p E:\Wnmp\noobird\Application\Admin\Controller\CController.class.php 第 175 行.
SQL: SELECT * FROM `pay_code` WHERE `status` > 0 ORDER BY `id` asc LIMIT 0,10   [ RunTime:0.0005s ]
INFO: [ view_filter ] --START--
INFO: Run Behavior\WriteHtmlCacheBehavior [ RunTime:0.000382s ]
INFO: [ view_filter ] --END-- [ RunTime:0.000419s ]
INFO: [ app_end ] --START--
INFO: Run Behavior\ShowPageTraceBehavior [ RunTime:0.000668s ]
INFO: [ app_end ] --END-- [ RunTime:0.000706s ]

[ 2015-12-10T15:24:52+08:00 ] 127.0.0.1 /Admin/Fees/manage
INFO: [ app_init ] --START--
INFO: Run Behavior\BuildLiteBehavior [ RunTime:0.000009s ]
INFO: [ app_init ] --END-- [ RunTime:0.000521s ]
INFO: [ app_begin ] --START--
INFO: Run Behavior\ReadHtmlCacheBehavior [ RunTime:0.000596s ]
INFO: Run Behavior\CheckLangBehavior [ RunTime:0.002181s ]
INFO: [ app_begin ] --END-- [ RunTime:0.002849s ]
SQL: SHOW COLUMNS FROM `fees` [ RunTime:0.0049s ]
SQL: SELECT COUNT(id) AS tp_count FROM `fees` WHERE `status` > 0 LIMIT 1   [ RunTime:0.0002s ]
NOTIC: [8] Undefined index: p E:\Wnmp\noobird\Application\Admin\Controller\CController.class.php 第 175 行.
SQL: SELECT * FROM `fees` WHERE `status` > 0 ORDER BY `id` asc LIMIT 0,10   [ RunTime:0.0003s ]
INFO: [ view_filter ] --START--
INFO: Run Behavior\WriteHtmlCacheBehavior [ RunTime:0.000450s ]
INFO: [ view_filter ] --END-- [ RunTime:0.000497s ]
INFO: [ app_end ] --START--
INFO: Run Behavior\ShowPageTraceBehavior [ RunTime:0.000843s ]
INFO: [ app_end ] --END-- [ RunTime:0.000926s ]

[ 2015-12-10T15:24:54+08:00 ] 127.0.0.1 /Admin/Developers/index.html
INFO: [ app_init ] --START--
INFO: Run Behavior\BuildLiteBehavior [ RunTime:0.000017s ]
INFO: [ app_init ] --END-- [ RunTime:0.000693s ]
INFO: [ app_begin ] --START--
INFO: Run Behavior\ReadHtmlCacheBehavior [ RunTime:0.000878s ]
INFO: Run Behavior\CheckLangBehavior [ RunTime:0.002472s ]
INFO: [ app_begin ] --END-- [ RunTime:0.003472s ]
SQL: SHOW COLUMNS FROM `developers` [ RunTime:0.0042s ]
SQL: SELECT COUNT(D.id) AS tp_count FROM developers D LEFT JOIN users u ON D.user_id=u.id  WHERE `status` > 0 LIMIT 1   [ RunTime:0.0002s ]
NOTIC: [8] Undefined index: p E:\Wnmp\noobird\Application\Admin\Controller\DevelopersController.class.php 第 36 行.
SQL: SELECT `company_name`,`company_license`,D.mobile,D.status,`contact`,D.created,`username`,D.user_id,D.id FROM developers D LEFT JOIN users u ON D.user_id=u.id  WHERE `status` > 0 ORDER BY `status` asc LIMIT 0,10   [ RunTime:0.0002s ]
INFO: [ view_filter ] --START--
INFO: Run Behavior\WriteHtmlCacheBehavior [ RunTime:0.000521s ]
INFO: [ view_filter ] --END-- [ RunTime:0.000564s ]
INFO: [ app_end ] --START--
INFO: Run Behavior\ShowPageTraceBehavior [ RunTime:0.000708s ]
INFO: [ app_end ] --END-- [ RunTime:0.000752s ]

[ 2015-12-10T15:24:55+08:00 ] 127.0.0.1 /Admin/Developers/index/p/2.html
INFO: [ app_init ] --START--
INFO: Run Behavior\BuildLiteBehavior [ RunTime:0.000019s ]
INFO: [ app_init ] --END-- [ RunTime:0.000840s ]
INFO: [ app_begin ] --START--
INFO: Run Behavior\ReadHtmlCacheBehavior [ RunTime:0.000702s ]
INFO: Run Behavior\CheckLangBehavior [ RunTime:0.002455s ]
INFO: [ app_begin ] --END-- [ RunTime:0.003226s ]
SQL: SHOW COLUMNS FROM `developers` [ RunTime:0.0051s ]
SQL: SELECT COUNT(D.id) AS tp_count FROM developers D LEFT JOIN users u ON D.user_id=u.id  WHERE `status` > 0 LIMIT 1   [ RunTime:0.0002s ]
SQL: SELECT `company_name`,`company_license`,D.mobile,D.status,`contact`,D.created,`username`,D.user_id,D.id FROM developers D LEFT JOIN users u ON D.user_id=u.id  WHERE `status` > 0 ORDER BY `status` asc LIMIT 10,10   [ RunTime:0.0005s ]
INFO: [ view_filter ] --START--
INFO: Run Behavior\WriteHtmlCacheBehavior [ RunTime:0.000489s ]
INFO: [ view_filter ] --END-- [ RunTime:0.000528s ]
INFO: [ app_end ] --START--
INFO: Run Behavior\ShowPageTraceBehavior [ RunTime:0.000642s ]
INFO: [ app_end ] --END-- [ RunTime:0.000688s ]

[ 2015-12-10T15:24:56+08:00 ] 127.0.0.1 /Admin/Developers/index/p/1.html
INFO: [ app_init ] --START--
INFO: Run Behavior\BuildLiteBehavior [ RunTime:0.000016s ]
INFO: [ app_init ] --END-- [ RunTime:0.000608s ]
INFO: [ app_begin ] --START--
INFO: Run Behavior\ReadHtmlCacheBehavior [ RunTime:0.000696s ]
INFO: Run Behavior\CheckLangBehavior [ RunTime:0.002479s ]
INFO: [ app_begin ] --END-- [ RunTime:0.003252s ]
SQL: SHOW COLUMNS FROM `developers` [ RunTime:0.0050s ]
SQL: SELECT COUNT(D.id) AS tp_count FROM developers D LEFT JOIN users u ON D.user_id=u.id  WHERE `status` > 0 LIMIT 1   [ RunTime:0.0002s ]
SQL: SELECT `company_name`,`company_license`,D.mobile,D.status,`contact`,D.created,`username`,D.user_id,D.id FROM developers D LEFT JOIN users u ON D.user_id=u.id  WHERE `status` > 0 ORDER BY `status` asc LIMIT 0,10   [ RunTime:0.0002s ]
INFO: [ view_filter ] --START--
INFO: Run Behavior\WriteHtmlCacheBehavior [ RunTime:0.000531s ]
INFO: [ view_filter ] --END-- [ RunTime:0.000574s ]
INFO: [ app_end ] --START--
INFO: Run Behavior\ShowPageTraceBehavior [ RunTime:0.000783s ]
INFO: [ app_end ] --END-- [ RunTime:0.000825s ]

[ 2015-12-10T15:24:58+08:00 ] 127.0.0.1 /Admin/Statistics/statApp
INFO: [ app_init ] --START--
INFO: Run Behavior\BuildLiteBehavior [ RunTime:0.000015s ]
INFO: [ app_init ] --END-- [ RunTime:0.000621s ]
INFO: [ app_begin ] --START--
INFO: Run Behavior\ReadHtmlCacheBehavior [ RunTime:0.000706s ]
INFO: Run Behavior\CheckLangBehavior [ RunTime:0.002870s ]
INFO: [ app_begin ] --END-- [ RunTime:0.003684s ]
SQL: SHOW COLUMNS FROM `statistics` [ RunTime:0.0043s ]
SQL: SELECT COUNT(S.id) AS tp_count FROM statistics S 
            LEFT JOIN users u ON S.user_id=u.id
            LEFT JOIN applications A ON S.application_id=A.id
            LEFT JOIN developers D ON S.user_id=D.user_id
          WHERE S.status = 1 GROUP BY S.application_id LIMIT 1   [ RunTime:0.0593s ]
SQL: SHOW COLUMNS FROM `developers` [ RunTime:0.0042s ]
SQL: SELECT D.user_id,`username`,`company_name` FROM developers D INNER JOIN users u ON D.user_id=u.id   [ RunTime:0.0004s ]
NOTIC: [8] Undefined index: p E:\Wnmp\noobird\Application\Admin\Controller\StatisticsController.class.php 第 198 行.
SQL: SELECT SUM(fee) AS total,S.application_id,A.name,A.app_key,D.company_name,u.username,A.user_id,A.id FROM statistics S 
            LEFT JOIN users u ON S.user_id=u.id
            LEFT JOIN applications A ON S.application_id=A.id
            LEFT JOIN developers D ON S.user_id=D.user_id
          WHERE S.status = 1 GROUP BY S.application_id ORDER BY `total` desc LIMIT 0,10   [ RunTime:0.0011s ]
NOTIC: [8] Undefined index: status E:\Wnmp\noobird\Application\Admin\Model\CModel.class.php 第 24 行.
NOTIC: [8] Undefined index:  E:\Wnmp\noobird\Application\Admin\Model\CModel.class.php 第 24 行.
NOTIC: [8] Undefined index: status E:\Wnmp\noobird\Application\Admin\Model\CModel.class.php 第 24 行.
NOTIC: [8] Undefined index:  E:\Wnmp\noobird\Application\Admin\Model\CModel.class.php 第 24 行.
NOTIC: [8] Undefined index: status E:\Wnmp\noobird\Application\Admin\Model\CModel.class.php 第 24 行.
NOTIC: [8] Undefined index:  E:\Wnmp\noobird\Application\Admin\Model\CModel.class.php 第 24 行.
NOTIC: [8] Undefined index: status E:\Wnmp\noobird\Application\Admin\Model\CModel.class.php 第 24 行.
NOTIC: [8] Undefined index:  E:\Wnmp\noobird\Application\Admin\Model\CModel.class.php 第 24 行.
NOTIC: [8] Undefined index: status E:\Wnmp\noobird\Application\Admin\Model\CModel.class.php 第 24 行.
NOTIC: [8] Undefined index:  E:\Wnmp\noobird\Application\Admin\Model\CModel.class.php 第 24 行.
NOTIC: [8] Undefined index: status E:\Wnmp\noobird\Application\Admin\Model\CModel.class.php 第 24 行.
NOTIC: [8] Undefined index:  E:\Wnmp\noobird\Application\Admin\Model\CModel.class.php 第 24 行.
NOTIC: [8] Undefined index: user_id E:\Wnmp\noobird\Application\Admin\View\Statistics\statApp.php 第 23 行.
NOTIC: [8] Undefined index: user_id E:\Wnmp\noobird\Application\Admin\View\Statistics\statApp.php 第 23 行.
NOTIC: [8] Undefined index: user_id E:\Wnmp\noobird\Application\Admin\View\Statistics\statApp.php 第 23 行.
NOTIC: [8] Undefined index: user_id E:\Wnmp\noobird\Application\Admin\View\Statistics\statApp.php 第 23 行.
NOTIC: [8] Undefined index: user_id E:\Wnmp\noobird\Application\Admin\View\Statistics\statApp.php 第 23 行.
NOTIC: [8] Undefined index: user_id E:\Wnmp\noobird\Application\Admin\View\Statistics\statApp.php 第 23 行.
NOTIC: [8] Undefined index: user_id E:\Wnmp\noobird\Application\Admin\View\Statistics\statApp.php 第 23 行.
NOTIC: [8] Undefined index: user_id E:\Wnmp\noobird\Application\Admin\View\Statistics\statApp.php 第 23 行.
NOTIC: [8] Undefined index: user_id E:\Wnmp\noobird\Application\Admin\View\Statistics\statApp.php 第 23 行.
NOTIC: [8] Undefined index: user_id E:\Wnmp\noobird\Application\Admin\View\Statistics\statApp.php 第 23 行.
NOTIC: [8] Undefined index: user_id E:\Wnmp\noobird\Application\Admin\View\Statistics\statApp.php 第 23 行.
NOTIC: [8] Undefined index: user_id E:\Wnmp\noobird\Application\Admin\View\Statistics\statApp.php 第 23 行.
NOTIC: [8] Undefined index: user_id E:\Wnmp\noobird\Application\Admin\View\Statistics\statApp.php 第 23 行.
NOTIC: [8] Undefined index: start E:\Wnmp\noobird\Application\Admin\View\Statistics\statApp.php 第 27 行.
NOTIC: [8] Undefined index: end E:\Wnmp\noobird\Application\Admin\View\Statistics\statApp.php 第 29 行.
INFO: [ view_filter ] --START--
INFO: Run Behavior\WriteHtmlCacheBehavior [ RunTime:0.000516s ]
INFO: [ view_filter ] --END-- [ RunTime:0.000556s ]
INFO: [ app_end ] --START--
INFO: Run Behavior\ShowPageTraceBehavior [ RunTime:0.000733s ]
INFO: [ app_end ] --END-- [ RunTime:0.000778s ]

[ 2015-12-10T15:25:00+08:00 ] 127.0.0.1 /Admin/Statistics/statIap
INFO: [ app_init ] --START--
INFO: Run Behavior\BuildLiteBehavior [ RunTime:0.000025s ]
INFO: [ app_init ] --END-- [ RunTime:0.001325s ]
INFO: [ app_begin ] --START--
INFO: Run Behavior\ReadHtmlCacheBehavior [ RunTime:0.001802s ]
INFO: Run Behavior\CheckLangBehavior [ RunTime:0.005124s ]
INFO: [ app_begin ] --END-- [ RunTime:0.007087s ]
SQL: SHOW COLUMNS FROM `statistics` [ RunTime:0.0071s ]
SQL: SELECT COUNT(S.id) AS tp_count FROM statistics S 
            LEFT JOIN users u ON S.user_id=u.id
            LEFT JOIN applications A ON S.application_id=A.id
            LEFT JOIN developers D ON S.user_id=D.user_id
            LEFT JOIN iaps I ON S.iap_id=I.id
          WHERE S.status = 1 GROUP BY S.iap_id LIMIT 1   [ RunTime:0.0290s ]
NOTIC: [8] Undefined index: p E:\Wnmp\noobird\Application\Admin\Controller\StatisticsController.class.php 第 139 行.
SQL: SELECT SUM(S.fee) as total,S.application_id,A.name,A.app_id,D.company_name,u.username,A.user_id,I.name as iap_name,I.iap_key FROM statistics S 
            LEFT JOIN users u ON S.user_id=u.id
            LEFT JOIN applications A ON S.application_id=A.id
            LEFT JOIN developers D ON S.user_id=D.user_id
            LEFT JOIN iaps I ON S.iap_id=I.id
          WHERE S.status = 1 GROUP BY S.iap_id ORDER BY `total` desc LIMIT 0,10   [ RunTime:0.0013s ]
NOTIC: [8] Undefined index: status E:\Wnmp\noobird\Application\Admin\Model\CModel.class.php 第 24 行.
NOTIC: [8] Undefined index:  E:\Wnmp\noobird\Application\Admin\Model\CModel.class.php 第 24 行.
NOTIC: [8] Undefined index: status E:\Wnmp\noobird\Application\Admin\Model\CModel.class.php 第 24 行.
NOTIC: [8] Undefined index:  E:\Wnmp\noobird\Application\Admin\Model\CModel.class.php 第 24 行.
NOTIC: [8] Undefined index: status E:\Wnmp\noobird\Application\Admin\Model\CModel.class.php 第 24 行.
NOTIC: [8] Undefined index:  E:\Wnmp\noobird\Application\Admin\Model\CModel.class.php 第 24 行.
NOTIC: [8] Undefined index: status E:\Wnmp\noobird\Application\Admin\Model\CModel.class.php 第 24 行.
NOTIC: [8] Undefined index:  E:\Wnmp\noobird\Application\Admin\Model\CModel.class.php 第 24 行.
NOTIC: [8] Undefined index: status E:\Wnmp\noobird\Application\Admin\Model\CModel.class.php 第 24 行.
NOTIC: [8] Undefined index:  E:\Wnmp\noobird\Application\Admin\Model\CModel.class.php 第 24 行.
NOTIC: [8] Undefined index: status E:\Wnmp\noobird\Application\Admin\Model\CModel.class.php 第 24 行.
NOTIC: [8] Undefined index:  E:\Wnmp\noobird\Application\Admin\Model\CModel.class.php 第 24 行.
NOTIC: [8] Undefined index: status E:\Wnmp\noobird\Application\Admin\Model\CModel.class.php 第 24 行.
NOTIC: [8] Undefined index:  E:\Wnmp\noobird\Application\Admin\Model\CModel.class.php 第 24 行.
NOTIC: [8] Undefined index: status E:\Wnmp\noobird\Application\Admin\Model\CModel.class.php 第 24 行.
NOTIC: [8] Undefined index:  E:\Wnmp\noobird\Application\Admin\Model\CModel.class.php 第 24 行.
NOTIC: [8] Undefined index: status E:\Wnmp\noobird\Application\Admin\Model\CModel.class.php 第 24 行.
NOTIC: [8] Undefined index:  E:\Wnmp\noobird\Application\Admin\Model\CModel.class.php 第 24 行.
NOTIC: [8] Undefined index: status E:\Wnmp\noobird\Application\Admin\Model\CModel.class.php 第 24 行.
NOTIC: [8] Undefined index:  E:\Wnmp\noobird\Application\Admin\Model\CModel.class.php 第 24 行.
SQL: SHOW COLUMNS FROM `developers` [ RunTime:0.0039s ]
SQL: SELECT D.user_id,`username`,`company_name` FROM developers D INNER JOIN users u ON D.user_id=u.id   [ RunTime:0.0002s ]
SQL: SHOW COLUMNS FROM `applications` [ RunTime:0.0039s ]
SQL: SELECT `id`,`name` FROM `applications`  [ RunTime:0.0004s ]
NOTIC: [8] Undefined index: user_id E:\Wnmp\noobird\Application\Admin\View\Statistics\statIap.php 第 24 行.
NOTIC: [8] Undefined index: user_id E:\Wnmp\noobird\Application\Admin\View\Statistics\statIap.php 第 24 行.
NOTIC: [8] Undefined index: user_id E:\Wnmp\noobird\Application\Admin\View\Statistics\statIap.php 第 24 行.
NOTIC: [8] Undefined index: user_id E:\Wnmp\noobird\Application\Admin\View\Statistics\statIap.php 第 24 行.
NOTIC: [8] Undefined index: user_id E:\Wnmp\noobird\Application\Admin\View\Statistics\statIap.php 第 24 行.
NOTIC: [8] Undefined index: user_id E:\Wnmp\noobird\Application\Admin\View\Statistics\statIap.php 第 24 行.
NOTIC: [8] Undefined index: user_id E:\Wnmp\noobird\Application\Admin\View\Statistics\statIap.php 第 24 行.
NOTIC: [8] Undefined index: user_id E:\Wnmp\noobird\Application\Admin\View\Statistics\statIap.php 第 24 行.
NOTIC: [8] Undefined index: user_id E:\Wnmp\noobird\Application\Admin\View\Statistics\statIap.php 第 24 行.
NOTIC: [8] Undefined index: user_id E:\Wnmp\noobird\Application\Admin\View\Statistics\statIap.php 第 24 行.
NOTIC: [8] Undefined index: user_id E:\Wnmp\noobird\Application\Admin\View\Statistics\statIap.php 第 24 行.
NOTIC: [8] Undefined index: user_id E:\Wnmp\noobird\Application\Admin\View\Statistics\statIap.php 第 24 行.
NOTIC: [8] Undefined index: user_id E:\Wnmp\noobird\Application\Admin\View\Statistics\statIap.php 第 24 行.
NOTIC: [8] Undefined index: start E:\Wnmp\noobird\Application\Admin\View\Statistics\statIap.php 第 33 行.
NOTIC: [8] Undefined index: end E:\Wnmp\noobird\Application\Admin\View\Statistics\statIap.php 第 35 行.
INFO: [ view_filter ] --START--
INFO: Run Behavior\WriteHtmlCacheBehavior [ RunTime:0.000495s ]
INFO: [ view_filter ] --END-- [ RunTime:0.000527s ]
INFO: [ app_end ] --START--
INFO: Run Behavior\ShowPageTraceBehavior [ RunTime:0.001335s ]
INFO: [ app_end ] --END-- [ RunTime:0.001374s ]

[ 2015-12-10T15:25:01+08:00 ] 127.0.0.1 /Admin/Statistics/index
INFO: [ app_init ] --START--
INFO: Run Behavior\BuildLiteBehavior [ RunTime:0.000010s ]
INFO: [ app_init ] --END-- [ RunTime:0.000444s ]
INFO: [ app_begin ] --START--
INFO: Run Behavior\ReadHtmlCacheBehavior [ RunTime:0.000767s ]
INFO: Run Behavior\CheckLangBehavior [ RunTime:0.002991s ]
INFO: [ app_begin ] --END-- [ RunTime:0.003859s ]
SQL: SHOW COLUMNS FROM `statistics` [ RunTime:0.0046s ]
SQL: SELECT COUNT(S.id) AS tp_count FROM statistics S 
            LEFT JOIN developers D ON S.user_id=D.user_id
            LEFT JOIN users u ON S.user_id=u.id
          WHERE S.status = 1 GROUP BY S.user_id LIMIT 1   [ RunTime:0.0002s ]
NOTIC: [8] Undefined index: p E:\Wnmp\noobird\Application\Admin\Controller\StatisticsController.class.php 第 40 行.
SQL: SELECT SUM(fee) as total,u.username,D.company_name,S.user_id,S.status FROM statistics S 
            LEFT JOIN developers D ON S.user_id=D.user_id
            LEFT JOIN users u ON S.user_id=u.id
          WHERE S.status = 1 GROUP BY S.user_id ORDER BY `total` desc LIMIT 0,10   [ RunTime:0.0003s ]
NOTIC: [8] Undefined index: start E:\Wnmp\noobird\Application\Admin\View\Statistics\index.php 第 20 行.
NOTIC: [8] Undefined index: end E:\Wnmp\noobird\Application\Admin\View\Statistics\index.php 第 22 行.
INFO: [ view_filter ] --START--
INFO: Run Behavior\WriteHtmlCacheBehavior [ RunTime:0.000476s ]
INFO: [ view_filter ] --END-- [ RunTime:0.000519s ]
INFO: [ app_end ] --START--
INFO: Run Behavior\ShowPageTraceBehavior [ RunTime:0.000541s ]
INFO: [ app_end ] --END-- [ RunTime:0.000570s ]

[ 2015-12-10T15:25:02+08:00 ] 127.0.0.1 /Admin/Statistics/statDetail
INFO: [ app_init ] --START--
INFO: Run Behavior\BuildLiteBehavior [ RunTime:0.000010s ]
INFO: [ app_init ] --END-- [ RunTime:0.000481s ]
INFO: [ app_begin ] --START--
INFO: Run Behavior\ReadHtmlCacheBehavior [ RunTime:0.000653s ]
INFO: Run Behavior\CheckLangBehavior [ RunTime:0.002940s ]
INFO: [ app_begin ] --END-- [ RunTime:0.003677s ]
SQL: SHOW COLUMNS FROM `statistics` [ RunTime:0.0046s ]
SQL: SELECT COUNT(S.id) AS tp_count FROM statistics S 
            LEFT JOIN users u ON S.user_id=u.id
            LEFT JOIN applications A ON S.application_id=A.id
            LEFT JOIN developers D ON S.user_id=D.user_id
            LEFT JOIN iaps I ON S.iap_id=I.id
          WHERE S.status > 0 LIMIT 1   [ RunTime:0.0008s ]
NOTIC: [8] Undefined index: p E:\Wnmp\noobird\Application\Admin\Controller\StatisticsController.class.php 第 88 行.
SQL: SELECT S.mobile,S.application_id,S.created,S.fee,S.status,S.client_status,S.operator,A.name,D.company_name,u.username,A.app_id,S.user_id,I.name as iap_name,I.iap_key FROM statistics S 
            LEFT JOIN users u ON S.user_id=u.id
            LEFT JOIN applications A ON S.application_id=A.id
            LEFT JOIN developers D ON S.user_id=D.user_id
            LEFT JOIN iaps I ON S.iap_id=I.id
          WHERE S.status > 0 ORDER BY `created` desc LIMIT 0,10   [ RunTime:0.0010s ]
SQL: SHOW COLUMNS FROM `developers` [ RunTime:0.0040s ]
SQL: SELECT D.user_id,`username`,`company_name` FROM developers D INNER JOIN users u ON D.user_id=u.id   [ RunTime:0.0002s ]
SQL: SHOW COLUMNS FROM `applications` [ RunTime:0.0039s ]
SQL: SELECT `id`,`name` FROM `applications`  [ RunTime:0.0002s ]
NOTIC: [8] Undefined index: userId E:\Wnmp\noobird\Application\Admin\View\Statistics\statDetail.php 第 23 行.
NOTIC: [8] Undefined index: userId E:\Wnmp\noobird\Application\Admin\View\Statistics\statDetail.php 第 23 行.
NOTIC: [8] Undefined index: userId E:\Wnmp\noobird\Application\Admin\View\Statistics\statDetail.php 第 23 行.
NOTIC: [8] Undefined index: userId E:\Wnmp\noobird\Application\Admin\View\Statistics\statDetail.php 第 23 行.
NOTIC: [8] Undefined index: userId E:\Wnmp\noobird\Application\Admin\View\Statistics\statDetail.php 第 23 行.
NOTIC: [8] Undefined index: userId E:\Wnmp\noobird\Application\Admin\View\Statistics\statDetail.php 第 23 行.
NOTIC: [8] Undefined index: userId E:\Wnmp\noobird\Application\Admin\View\Statistics\statDetail.php 第 23 行.
NOTIC: [8] Undefined index: userId E:\Wnmp\noobird\Application\Admin\View\Statistics\statDetail.php 第 23 行.
NOTIC: [8] Undefined index: userId E:\Wnmp\noobird\Application\Admin\View\Statistics\statDetail.php 第 23 行.
NOTIC: [8] Undefined index: userId E:\Wnmp\noobird\Application\Admin\View\Statistics\statDetail.php 第 23 行.
NOTIC: [8] Undefined index: userId E:\Wnmp\noobird\Application\Admin\View\Statistics\statDetail.php 第 23 行.
NOTIC: [8] Undefined index: userId E:\Wnmp\noobird\Application\Admin\View\Statistics\statDetail.php 第 23 行.
NOTIC: [8] Undefined index: userId E:\Wnmp\noobird\Application\Admin\View\Statistics\statDetail.php 第 23 行.
NOTIC: [8] Undefined index: appId E:\Wnmp\noobird\Application\Admin\View\Statistics\statDetail.php 第 31 行.
NOTIC: [8] Undefined index: appId E:\Wnmp\noobird\Application\Admin\View\Statistics\statDetail.php 第 31 行.
NOTIC: [8] Undefined index: appId E:\Wnmp\noobird\Application\Admin\View\Statistics\statDetail.php 第 31 行.
NOTIC: [8] Undefined index: appId E:\Wnmp\noobird\Application\Admin\View\Statistics\statDetail.php 第 31 行.
NOTIC: [8] Undefined index: appId E:\Wnmp\noobird\Application\Admin\View\Statistics\statDetail.php 第 31 行.
NOTIC: [8] Undefined index: appId E:\Wnmp\noobird\Application\Admin\View\Statistics\statDetail.php 第 31 行.
NOTIC: [8] Undefined index: appId E:\Wnmp\noobird\Application\Admin\View\Statistics\statDetail.php 第 31 行.
NOTIC: [8] Undefined index: appId E:\Wnmp\noobird\Application\Admin\View\Statistics\statDetail.php 第 31 行.
NOTIC: [8] Undefined index: appId E:\Wnmp\noobird\Application\Admin\View\Statistics\statDetail.php 第 31 行.
NOTIC: [8] Undefined index: appId E:\Wnmp\noobird\Application\Admin\View\Statistics\statDetail.php 第 31 行.
NOTIC: [8] Undefined index: appId E:\Wnmp\noobird\Application\Admin\View\Statistics\statDetail.php 第 31 行.
NOTIC: [8] Undefined index: appId E:\Wnmp\noobird\Application\Admin\View\Statistics\statDetail.php 第 31 行.
NOTIC: [8] Undefined index: appId E:\Wnmp\noobird\Application\Admin\View\Statistics\statDetail.php 第 31 行.
NOTIC: [8] Undefined index: appId E:\Wnmp\noobird\Application\Admin\View\Statistics\statDetail.php 第 31 行.
NOTIC: [8] Undefined index: appId E:\Wnmp\noobird\Application\Admin\View\Statistics\statDetail.php 第 31 行.
NOTIC: [8] Undefined index: appId E:\Wnmp\noobird\Application\Admin\View\Statistics\statDetail.php 第 31 行.
NOTIC: [8] Undefined index: appId E:\Wnmp\noobird\Application\Admin\View\Statistics\statDetail.php 第 31 行.
NOTIC: [8] Undefined index: appId E:\Wnmp\noobird\Application\Admin\View\Statistics\statDetail.php 第 31 行.
NOTIC: [8] Undefined index: appId E:\Wnmp\noobird\Application\Admin\View\Statistics\statDetail.php 第 31 行.
NOTIC: [8] Undefined index: appId E:\Wnmp\noobird\Application\Admin\View\Statistics\statDetail.php 第 31 行.
NOTIC: [8] Undefined index: appId E:\Wnmp\noobird\Application\Admin\View\Statistics\statDetail.php 第 31 行.
NOTIC: [8] Undefined index: appId E:\Wnmp\noobird\Application\Admin\View\Statistics\statDetail.php 第 31 行.
NOTIC: [8] Undefined index: appId E:\Wnmp\noobird\Application\Admin\View\Statistics\statDetail.php 第 31 行.
NOTIC: [8] Undefined index: appId E:\Wnmp\noobird\Application\Admin\View\Statistics\statDetail.php 第 31 行.
NOTIC: [8] Undefined index: start E:\Wnmp\noobird\Application\Admin\View\Statistics\statDetail.php 第 35 行.
NOTIC: [8] Undefined index: end E:\Wnmp\noobird\Application\Admin\View\Statistics\statDetail.php 第 37 行.
INFO: [ view_filter ] --START--
INFO: Run Behavior\WriteHtmlCacheBehavior [ RunTime:0.000680s ]
INFO: [ view_filter ] --END-- [ RunTime:0.000727s ]
INFO: [ app_end ] --START--
INFO: Run Behavior\ShowPageTraceBehavior [ RunTime:0.000733s ]
INFO: [ app_end ] --END-- [ RunTime:0.000770s ]

[ 2015-12-10T15:25:03+08:00 ] 127.0.0.1 /Admin/ClientInfos/index
INFO: [ app_init ] --START--
INFO: Run Behavior\BuildLiteBehavior [ RunTime:0.000023s ]
INFO: [ app_init ] --END-- [ RunTime:0.000951s ]
INFO: [ app_begin ] --START--
INFO: Run Behavior\ReadHtmlCacheBehavior [ RunTime:0.000743s ]
INFO: Run Behavior\CheckLangBehavior [ RunTime:0.002500s ]
INFO: [ app_begin ] --END-- [ RunTime:0.003316s ]
SQL: SHOW COLUMNS FROM `client_infos` [ RunTime:0.0722s ]
SQL: SELECT COUNT(id) AS tp_count FROM `client_infos` LIMIT 1   [ RunTime:0.0007s ]
NOTIC: [8] Undefined index: p E:\Wnmp\noobird\Application\Admin\Controller\CController.class.php 第 175 行.
SQL: SELECT * FROM `client_infos` ORDER BY `id` asc LIMIT 0,10   [ RunTime:0.0004s ]
NOTIC: [8] Undefined index: status E:\Wnmp\noobird\Application\Admin\Model\CModel.class.php 第 24 行.
NOTIC: [8] Undefined index:  E:\Wnmp\noobird\Application\Admin\Model\CModel.class.php 第 24 行.
NOTIC: [8] Undefined index: status E:\Wnmp\noobird\Application\Admin\Model\CModel.class.php 第 24 行.
NOTIC: [8] Undefined index:  E:\Wnmp\noobird\Application\Admin\Model\CModel.class.php 第 24 行.
NOTIC: [8] Undefined index: status E:\Wnmp\noobird\Application\Admin\Model\CModel.class.php 第 24 行.
NOTIC: [8] Undefined index:  E:\Wnmp\noobird\Application\Admin\Model\CModel.class.php 第 24 行.
NOTIC: [8] Undefined index: status E:\Wnmp\noobird\Application\Admin\Model\CModel.class.php 第 24 行.
NOTIC: [8] Undefined index:  E:\Wnmp\noobird\Application\Admin\Model\CModel.class.php 第 24 行.
NOTIC: [8] Undefined index: status E:\Wnmp\noobird\Application\Admin\Model\CModel.class.php 第 24 行.
NOTIC: [8] Undefined index:  E:\Wnmp\noobird\Application\Admin\Model\CModel.class.php 第 24 行.
NOTIC: [8] Undefined index: status E:\Wnmp\noobird\Application\Admin\Model\CModel.class.php 第 24 行.
NOTIC: [8] Undefined index:  E:\Wnmp\noobird\Application\Admin\Model\CModel.class.php 第 24 行.
NOTIC: [8] Undefined index: status E:\Wnmp\noobird\Application\Admin\Model\CModel.class.php 第 24 行.
NOTIC: [8] Undefined index:  E:\Wnmp\noobird\Application\Admin\Model\CModel.class.php 第 24 行.
NOTIC: [8] Undefined index: status E:\Wnmp\noobird\Application\Admin\Model\CModel.class.php 第 24 行.
NOTIC: [8] Undefined index:  E:\Wnmp\noobird\Application\Admin\Model\CModel.class.php 第 24 行.
NOTIC: [8] Undefined index: status E:\Wnmp\noobird\Application\Admin\Model\CModel.class.php 第 24 行.
NOTIC: [8] Undefined index:  E:\Wnmp\noobird\Application\Admin\Model\CModel.class.php 第 24 行.
NOTIC: [8] Undefined index: status E:\Wnmp\noobird\Application\Admin\Model\CModel.class.php 第 24 行.
NOTIC: [8] Undefined index:  E:\Wnmp\noobird\Application\Admin\Model\CModel.class.php 第 24 行.
NOTIC: [8] A non well formed numeric value encountered E:\Wnmp\noobird\Application\Admin\View\ClientInfos\index.php 第 45 行.
NOTIC: [8] A non well formed numeric value encountered E:\Wnmp\noobird\Application\Admin\View\ClientInfos\index.php 第 45 行.
NOTIC: [8] A non well formed numeric value encountered E:\Wnmp\noobird\Application\Admin\View\ClientInfos\index.php 第 45 行.
NOTIC: [8] A non well formed numeric value encountered E:\Wnmp\noobird\Application\Admin\View\ClientInfos\index.php 第 45 行.
NOTIC: [8] A non well formed numeric value encountered E:\Wnmp\noobird\Application\Admin\View\ClientInfos\index.php 第 45 行.
NOTIC: [8] A non well formed numeric value encountered E:\Wnmp\noobird\Application\Admin\View\ClientInfos\index.php 第 45 行.
NOTIC: [8] A non well formed numeric value encountered E:\Wnmp\noobird\Application\Admin\View\ClientInfos\index.php 第 45 行.
NOTIC: [8] A non well formed numeric value encountered E:\Wnmp\noobird\Application\Admin\View\ClientInfos\index.php 第 45 行.
INFO: [ view_filter ] --START--
INFO: Run Behavior\WriteHtmlCacheBehavior [ RunTime:0.000521s ]
INFO: [ view_filter ] --END-- [ RunTime:0.000559s ]
INFO: [ app_end ] --START--
INFO: Run Behavior\ShowPageTraceBehavior [ RunTime:0.000689s ]
INFO: [ app_end ] --END-- [ RunTime:0.000733s ]

[ 2015-12-10T15:25:03+08:00 ] 127.0.0.1 /Admin/Applications/index
INFO: [ app_init ] --START--
INFO: Run Behavior\BuildLiteBehavior [ RunTime:0.000010s ]
INFO: [ app_init ] --END-- [ RunTime:0.000518s ]
INFO: [ app_begin ] --START--
INFO: Run Behavior\ReadHtmlCacheBehavior [ RunTime:0.000723s ]
INFO: Run Behavior\CheckLangBehavior [ RunTime:0.002460s ]
INFO: [ app_begin ] --END-- [ RunTime:0.003259s ]
SQL: SHOW COLUMNS FROM `applications` [ RunTime:0.0042s ]
SQL: SELECT COUNT(A.id) AS tp_count FROM applications A LEFT JOIN users u ON A.user_id=u.id  WHERE `status` > 0 LIMIT 1   [ RunTime:0.0004s ]
SQL: SHOW COLUMNS FROM `developers` [ RunTime:0.0058s ]
SQL: SELECT D.user_id,`username`,`company_name` FROM developers D INNER JOIN users u ON D.user_id=u.id   [ RunTime:0.0002s ]
NOTIC: [8] Undefined index: p E:\Wnmp\noobird\Application\Admin\Controller\ApplicationsController.class.php 第 37 行.
SQL: SELECT A.id,A.name,A.status,`app_key`,`app_id`,`username`,A.user_id,A.created FROM applications A LEFT JOIN users u ON A.user_id=u.id  WHERE `status` > 0 ORDER BY `status` asc LIMIT 0,10   [ RunTime:0.0419s ]
SQL: SELECT `company_name` FROM `developers` WHERE `user_id` = 1 LIMIT 1   [ RunTime:0.0006s ]
SQL: SELECT `company_name` FROM `developers` WHERE `user_id` = 57 LIMIT 1   [ RunTime:0.0004s ]
SQL: SELECT `company_name` FROM `developers` WHERE `user_id` = 57 LIMIT 1   [ RunTime:0.0002s ]
SQL: SELECT `company_name` FROM `developers` WHERE `user_id` = 57 LIMIT 1   [ RunTime:0.0002s ]
SQL: SELECT `company_name` FROM `developers` WHERE `user_id` = 57 LIMIT 1   [ RunTime:0.0002s ]
SQL: SELECT `company_name` FROM `developers` WHERE `user_id` = 57 LIMIT 1   [ RunTime:0.0002s ]
SQL: SELECT `company_name` FROM `developers` WHERE `user_id` = 5 LIMIT 1   [ RunTime:0.0003s ]
SQL: SELECT `company_name` FROM `developers` WHERE `user_id` = 54 LIMIT 1   [ RunTime:0.0003s ]
SQL: SELECT `company_name` FROM `developers` WHERE `user_id` = 54 LIMIT 1   [ RunTime:0.0002s ]
SQL: SELECT `company_name` FROM `developers` WHERE `user_id` = 9720 LIMIT 1   [ RunTime:0.0003s ]
NOTIC: [8] Undefined index: user_id E:\Wnmp\noobird\Application\Admin\View\Applications\index.php 第 23 行.
NOTIC: [8] Undefined index: user_id E:\Wnmp\noobird\Application\Admin\View\Applications\index.php 第 23 行.
NOTIC: [8] Undefined index: user_id E:\Wnmp\noobird\Application\Admin\View\Applications\index.php 第 23 行.
NOTIC: [8] Undefined index: user_id E:\Wnmp\noobird\Application\Admin\View\Applications\index.php 第 23 行.
NOTIC: [8] Undefined index: user_id E:\Wnmp\noobird\Application\Admin\View\Applications\index.php 第 23 行.
NOTIC: [8] Undefined index: user_id E:\Wnmp\noobird\Application\Admin\View\Applications\index.php 第 23 行.
NOTIC: [8] Undefined index: user_id E:\Wnmp\noobird\Application\Admin\View\Applications\index.php 第 23 行.
NOTIC: [8] Undefined index: user_id E:\Wnmp\noobird\Application\Admin\View\Applications\index.php 第 23 行.
NOTIC: [8] Undefined index: user_id E:\Wnmp\noobird\Application\Admin\View\Applications\index.php 第 23 行.
NOTIC: [8] Undefined index: user_id E:\Wnmp\noobird\Application\Admin\View\Applications\index.php 第 23 行.
NOTIC: [8] Undefined index: user_id E:\Wnmp\noobird\Application\Admin\View\Applications\index.php 第 23 行.
NOTIC: [8] Undefined index: user_id E:\Wnmp\noobird\Application\Admin\View\Applications\index.php 第 23 行.
NOTIC: [8] Undefined index: user_id E:\Wnmp\noobird\Application\Admin\View\Applications\index.php 第 23 行.
INFO: [ view_filter ] --START--
INFO: Run Behavior\WriteHtmlCacheBehavior [ RunTime:0.000523s ]
INFO: [ view_filter ] --END-- [ RunTime:0.000562s ]
INFO: [ app_end ] --START--
INFO: Run Behavior\ShowPageTraceBehavior [ RunTime:0.000795s ]
INFO: [ app_end ] --END-- [ RunTime:0.000841s ]

[ 2015-12-10T16:14:19+08:00 ] 127.0.0.1 /Admin/Statistics/statApp
INFO: [ app_init ] --START--
INFO: Run Behavior\BuildLiteBehavior [ RunTime:0.000011s ]
INFO: [ app_init ] --END-- [ RunTime:0.000535s ]
INFO: [ app_begin ] --START--
INFO: Run Behavior\ReadHtmlCacheBehavior [ RunTime:0.000830s ]
INFO: Run Behavior\CheckLangBehavior [ RunTime:0.002627s ]
INFO: [ app_begin ] --END-- [ RunTime:0.003548s ]
SQL: SHOW COLUMNS FROM `statistics` [ RunTime:0.0053s ]
SQL: SELECT COUNT(S.id) AS tp_count FROM statistics S 
            LEFT JOIN users u ON S.user_id=u.id
            LEFT JOIN applications A ON S.application_id=A.id
            LEFT JOIN developers D ON S.user_id=D.user_id
          WHERE S.status = 1 GROUP BY S.application_id LIMIT 1   [ RunTime:0.0002s ]
SQL: SHOW COLUMNS FROM `developers` [ RunTime:0.0044s ]
SQL: SELECT D.user_id,`username`,`company_name` FROM developers D INNER JOIN users u ON D.user_id=u.id   [ RunTime:0.0002s ]
NOTIC: [8] Undefined index: p E:\Wnmp\noobird\Application\Admin\Controller\StatisticsController.class.php 第 198 行.
SQL: SELECT SUM(fee) AS total,S.application_id,A.name,A.app_key,D.company_name,u.username,A.user_id,A.id FROM statistics S 
            LEFT JOIN users u ON S.user_id=u.id
            LEFT JOIN applications A ON S.application_id=A.id
            LEFT JOIN developers D ON S.user_id=D.user_id
          WHERE S.status = 1 GROUP BY S.application_id ORDER BY `total` desc LIMIT 0,10   [ RunTime:0.0002s ]
NOTIC: [8] Undefined index: status E:\Wnmp\noobird\Application\Admin\Model\CModel.class.php 第 24 行.
NOTIC: [8] Undefined index:  E:\Wnmp\noobird\Application\Admin\Model\CModel.class.php 第 24 行.
NOTIC: [8] Undefined index: status E:\Wnmp\noobird\Application\Admin\Model\CModel.class.php 第 24 行.
NOTIC: [8] Undefined index:  E:\Wnmp\noobird\Application\Admin\Model\CModel.class.php 第 24 行.
NOTIC: [8] Undefined index: status E:\Wnmp\noobird\Application\Admin\Model\CModel.class.php 第 24 行.
NOTIC: [8] Undefined index:  E:\Wnmp\noobird\Application\Admin\Model\CModel.class.php 第 24 行.
NOTIC: [8] Undefined index: status E:\Wnmp\noobird\Application\Admin\Model\CModel.class.php 第 24 行.
NOTIC: [8] Undefined index:  E:\Wnmp\noobird\Application\Admin\Model\CModel.class.php 第 24 行.
NOTIC: [8] Undefined index: status E:\Wnmp\noobird\Application\Admin\Model\CModel.class.php 第 24 行.
NOTIC: [8] Undefined index:  E:\Wnmp\noobird\Application\Admin\Model\CModel.class.php 第 24 行.
NOTIC: [8] Undefined index: status E:\Wnmp\noobird\Application\Admin\Model\CModel.class.php 第 24 行.
NOTIC: [8] Undefined index:  E:\Wnmp\noobird\Application\Admin\Model\CModel.class.php 第 24 行.
NOTIC: [8] Undefined index: user_id E:\Wnmp\noobird\Application\Admin\View\Statistics\statApp.php 第 23 行.
NOTIC: [8] Undefined index: user_id E:\Wnmp\noobird\Application\Admin\View\Statistics\statApp.php 第 23 行.
NOTIC: [8] Undefined index: user_id E:\Wnmp\noobird\Application\Admin\View\Statistics\statApp.php 第 23 行.
NOTIC: [8] Undefined index: user_id E:\Wnmp\noobird\Application\Admin\View\Statistics\statApp.php 第 23 行.
NOTIC: [8] Undefined index: user_id E:\Wnmp\noobird\Application\Admin\View\Statistics\statApp.php 第 23 行.
NOTIC: [8] Undefined index: user_id E:\Wnmp\noobird\Application\Admin\View\Statistics\statApp.php 第 23 行.
NOTIC: [8] Undefined index: user_id E:\Wnmp\noobird\Application\Admin\View\Statistics\statApp.php 第 23 行.
NOTIC: [8] Undefined index: user_id E:\Wnmp\noobird\Application\Admin\View\Statistics\statApp.php 第 23 行.
NOTIC: [8] Undefined index: user_id E:\Wnmp\noobird\Application\Admin\View\Statistics\statApp.php 第 23 行.
NOTIC: [8] Undefined index: user_id E:\Wnmp\noobird\Application\Admin\View\Statistics\statApp.php 第 23 行.
NOTIC: [8] Undefined index: user_id E:\Wnmp\noobird\Application\Admin\View\Statistics\statApp.php 第 23 行.
NOTIC: [8] Undefined index: user_id E:\Wnmp\noobird\Application\Admin\View\Statistics\statApp.php 第 23 行.
NOTIC: [8] Undefined index: user_id E:\Wnmp\noobird\Application\Admin\View\Statistics\statApp.php 第 23 行.
NOTIC: [8] Undefined index: start E:\Wnmp\noobird\Application\Admin\View\Statistics\statApp.php 第 27 行.
NOTIC: [8] Undefined index: end E:\Wnmp\noobird\Application\Admin\View\Statistics\statApp.php 第 29 行.
INFO: [ view_filter ] --START--
INFO: Run Behavior\WriteHtmlCacheBehavior [ RunTime:0.000487s ]
INFO: [ view_filter ] --END-- [ RunTime:0.000520s ]
INFO: [ app_end ] --START--
INFO: Run Behavior\ShowPageTraceBehavior [ RunTime:0.000689s ]
INFO: [ app_end ] --END-- [ RunTime:0.000729s ]

[ 2015-12-10T16:14:20+08:00 ] 127.0.0.1 /Admin/Statistics/index
INFO: [ app_init ] --START--
INFO: Run Behavior\BuildLiteBehavior [ RunTime:0.000012s ]
INFO: [ app_init ] --END-- [ RunTime:0.000470s ]
INFO: [ app_begin ] --START--
INFO: Run Behavior\ReadHtmlCacheBehavior [ RunTime:0.000679s ]
INFO: Run Behavior\CheckLangBehavior [ RunTime:0.002439s ]
INFO: [ app_begin ] --END-- [ RunTime:0.003200s ]
SQL: SHOW COLUMNS FROM `statistics` [ RunTime:0.0041s ]
SQL: SELECT COUNT(S.id) AS tp_count FROM statistics S 
            LEFT JOIN developers D ON S.user_id=D.user_id
            LEFT JOIN users u ON S.user_id=u.id
          WHERE S.status = 1 GROUP BY S.user_id LIMIT 1   [ RunTime:0.0002s ]
NOTIC: [8] Undefined index: p E:\Wnmp\noobird\Application\Admin\Controller\StatisticsController.class.php 第 40 行.
SQL: SELECT SUM(fee) as total,u.username,D.company_name,S.user_id,S.status FROM statistics S 
            LEFT JOIN developers D ON S.user_id=D.user_id
            LEFT JOIN users u ON S.user_id=u.id
          WHERE S.status = 1 GROUP BY S.user_id ORDER BY `total` desc LIMIT 0,10   [ RunTime:0.0002s ]
NOTIC: [8] Undefined index: start E:\Wnmp\noobird\Application\Admin\View\Statistics\index.php 第 20 行.
NOTIC: [8] Undefined index: end E:\Wnmp\noobird\Application\Admin\View\Statistics\index.php 第 22 行.
INFO: [ view_filter ] --START--
INFO: Run Behavior\WriteHtmlCacheBehavior [ RunTime:0.000478s ]
INFO: [ view_filter ] --END-- [ RunTime:0.000511s ]
INFO: [ app_end ] --START--
INFO: Run Behavior\ShowPageTraceBehavior [ RunTime:0.000738s ]
INFO: [ app_end ] --END-- [ RunTime:0.000789s ]

