[ 2015-12-09T14:04:08+08:00 ] 127.0.0.1 /Admin
INFO: [ app_init ] --START--
INFO: Run Behavior\BuildLiteBehavior [ RunTime:0.000033s ]
INFO: [ app_init ] --END-- [ RunTime:0.000832s ]
INFO: [ app_begin ] --START--
INFO: Run Behavior\ReadHtmlCacheBehavior [ RunTime:0.000871s ]
INFO: Run Behavior\CheckLangBehavior [ RunTime:0.002864s ]
INFO: [ app_begin ] --END-- [ RunTime:0.003989s ]
INFO: [ view_filter ] --START--
INFO: Run Behavior\WriteHtmlCacheBehavior [ RunTime:0.000722s ]
INFO: [ view_filter ] --END-- [ RunTime:0.000876s ]
INFO: [ app_end ] --START--
INFO: Run Behavior\ShowPageTraceBehavior [ RunTime:0.000834s ]
INFO: [ app_end ] --END-- [ RunTime:0.000956s ]

[ 2015-12-09T14:04:10+08:00 ] 127.0.0.1 /Admin/Users/loginAdmin
INFO: [ app_init ] --START--
INFO: Run Behavior\BuildLiteBehavior [ RunTime:0.000030s ]
INFO: [ app_init ] --END-- [ RunTime:0.000690s ]
INFO: [ app_begin ] --START--
INFO: Run Behavior\ReadHtmlCacheBehavior [ RunTime:0.001012s ]
INFO: Run Behavior\CheckLangBehavior [ RunTime:0.003130s ]
INFO: [ app_begin ] --END-- [ RunTime:0.004409s ]
SQL: SHOW COLUMNS FROM `users` [ RunTime:0.0044s ]
SQL: SELECT * FROM `users` WHERE `username` = '' LIMIT 1   [ RunTime:0.0003s ]
INFO: [ view_filter ] --START--
INFO: Run Behavior\WriteHtmlCacheBehavior [ RunTime:0.000579s ]
INFO: [ view_filter ] --END-- [ RunTime:0.000719s ]

[ 2015-12-09T14:04:11+08:00 ] 127.0.0.1 /Admin/Users/loginAdmin
INFO: [ app_init ] --START--
INFO: Run Behavior\BuildLiteBehavior [ RunTime:0.000031s ]
INFO: [ app_init ] --END-- [ RunTime:0.000624s ]
INFO: [ app_begin ] --START--
INFO: Run Behavior\ReadHtmlCacheBehavior [ RunTime:0.000941s ]
INFO: Run Behavior\CheckLangBehavior [ RunTime:0.003420s ]
INFO: [ app_begin ] --END-- [ RunTime:0.004665s ]
SQL: SHOW COLUMNS FROM `users` [ RunTime:0.0051s ]
SQL: SELECT * FROM `users` WHERE `username` = '' LIMIT 1   [ RunTime:0.0003s ]
INFO: [ view_filter ] --START--
INFO: Run Behavior\WriteHtmlCacheBehavior [ RunTime:0.000739s ]
INFO: [ view_filter ] --END-- [ RunTime:0.000972s ]

[ 2015-12-09T14:06:44+08:00 ] 127.0.0.1 /Admin/Users/loginAdmin
INFO: [ app_init ] --START--
INFO: Run Behavior\BuildLiteBehavior [ RunTime:0.000031s ]
INFO: [ app_init ] --END-- [ RunTime:0.000913s ]
INFO: [ app_begin ] --START--
INFO: Run Behavior\ReadHtmlCacheBehavior [ RunTime:0.001078s ]
INFO: Run Behavior\CheckLangBehavior [ RunTime:0.002503s ]
INFO: [ app_begin ] --END-- [ RunTime:0.003800s ]
INFO: [ view_filter ] --START--
INFO: Run Behavior\WriteHtmlCacheBehavior [ RunTime:0.000577s ]
INFO: [ view_filter ] --END-- [ RunTime:0.000710s ]
INFO: [ app_end ] --START--
INFO: Run Behavior\ShowPageTraceBehavior [ RunTime:0.000979s ]
INFO: [ app_end ] --END-- [ RunTime:0.001186s ]

[ 2015-12-09T14:06:47+08:00 ] 127.0.0.1 /Admin
INFO: [ app_init ] --START--
INFO: Run Behavior\BuildLiteBehavior [ RunTime:0.000027s ]
INFO: [ app_init ] --END-- [ RunTime:0.000495s ]
INFO: [ app_begin ] --START--
INFO: Run Behavior\ReadHtmlCacheBehavior [ RunTime:0.000700s ]
INFO: Run Behavior\CheckLangBehavior [ RunTime:0.004095s ]
INFO: [ app_begin ] --END-- [ RunTime:0.005055s ]
INFO: [ view_filter ] --START--
INFO: Run Behavior\WriteHtmlCacheBehavior [ RunTime:0.000970s ]
INFO: [ view_filter ] --END-- [ RunTime:0.001213s ]
INFO: [ app_end ] --START--
INFO: Run Behavior\ShowPageTraceBehavior [ RunTime:0.001140s ]
INFO: [ app_end ] --END-- [ RunTime:0.001424s ]

